******模拟网络环境******：模拟网络环境启动...
发送方：发送前的滑动窗口：
(0| 1 2 3 4) 5 6 7 
******模拟网络环境******：启动定时器, 当前时间 = 2, 定时器报文序号 = 0, 定时器Timeout时间 = 22
******模拟网络环境******：发送方的数据包将在7.88到达对方, 数据包为-->seqnum = 0, acknum = -1,checksum = 29556,payload = AAAAAAAAAAAAAAAAAAAA
发送方：发送后的滑动窗口：
(0 1| 2 3 4) 5 6 7 
******模拟网络环境******：向上递交给应用层数据：AAAAAAAAAAAAAAAAAAAA
******模拟网络环境******：接收方的确认包将在13.16到达对方, 确认包为-->seqnum = -1, acknum = 0,checksum = 12851,payload = .....................
接收方：目前返回的ack序号为: 0
发送方：接收到ACK：0
******模拟网络环境******：关闭定时器, 当前时间 = 13.16, 定时器报文序号 = 0
发送方：接受ACK后的滑动窗口：
0 (1| 2 3 4 5) 6 7 
发送方：发送前的滑动窗口：
0 (1| 2 3 4 5) 6 7 
******模拟网络环境******：启动定时器, 当前时间 = 13.4675, 定时器报文序号 = 0, 定时器Timeout时间 = 33.4675
******模拟网络环境******：发送方的数据包将在22.6975到达对方, 数据包为-->seqnum = 1, acknum = -1,checksum = 26985,payload = BBBBBBBBBBBBBBBBBBBB
发送方：发送后的滑动窗口：
0 (1 2| 3 4 5) 6 7 
发送方：发送前的滑动窗口：
0 (1 2| 3 4 5) 6 7 
******模拟网络环境******：发送方的数据包将在31.9275到达对方, 数据包为-->seqnum = 2, acknum = -1,checksum = 24414,payload = CCCCCCCCCCCCCCCCCCCC
发送方：发送后的滑动窗口：
0 (1 2 3| 4 5) 6 7 
发送方：发送前的滑动窗口：
0 (1 2 3| 4 5) 6 7 
******模拟网络环境******：发送方的数据包将在41.9175到达对方, 数据包为-->seqnum = 3, acknum = -1,checksum = 21843,payload = DDDDDDDDDDDDDDDDDDDD
发送方：发送后的滑动窗口：
0 (1 2 3 4| 5) 6 7 
发送方：发送前的滑动窗口：
0 (1 2 3 4| 5) 6 7 
******模拟网络环境******：发送方的数据包将在44.9775到达对方, 数据包为-->seqnum = 4, acknum = -1,checksum = 19272,payload = EEEEEEEEEEEEEEEEEEEE
发送方：发送后的滑动窗口：
0 (1 2 3 4 5|) 6 7 
******模拟网络环境******：向上递交给应用层数据：BBBBBBBBBBBBBBBBBBBB
******模拟网络环境******：接收方的确认包将在26.2475到达对方, 确认包为-->seqnum = -1, acknum = 1,checksum = 12850,payload = .....................
接收方：目前返回的ack序号为: 1
发送方：接收到ACK：1
******模拟网络环境******：关闭定时器, 当前时间 = 26.2475, 定时器报文序号 = 0
******模拟网络环境******：启动定时器, 当前时间 = 26.2475, 定时器报文序号 = 0, 定时器Timeout时间 = 46.2475
发送方：接受ACK后的滑动窗口：
0 1 (2 3 4 5| 6) 7 
******模拟网络环境******：向上递交给应用层数据：CCCCCCCCCCCCCCCCCCCC
******模拟网络环境******：接收方的确认包将在35.8875到达对方, 确认包为-->seqnum = -1, acknum = 2,checksum = 12849,payload = .....................
接收方：目前返回的ack序号为: 2
发送方：接收到ACK：2
******模拟网络环境******：关闭定时器, 当前时间 = 35.8875, 定时器报文序号 = 0
******模拟网络环境******：启动定时器, 当前时间 = 35.8875, 定时器报文序号 = 0, 定时器Timeout时间 = 55.8875
发送方：接受ACK后的滑动窗口：
0 1 2 (3 4 5| 6 7) 
******模拟网络环境******：向上递交给应用层数据：DDDDDDDDDDDDDDDDDDDD
******模拟网络环境******：接收方的确认包将在46.3075到达对方, 确认包为-->seqnum = -1, acknum = 3,checksum = 12848,payload = .....................
接收方：目前返回的ack序号为: 3
******模拟网络环境******：向上递交给应用层数据：EEEEEEEEEEEEEEEEEEEE
******模拟网络环境******：接收方的确认包将在49.1675到达对方, 确认包为-->seqnum = -1, acknum = 4,checksum = 12847,payload = .....................
接收方：目前返回的ack序号为: 4
发送方：接收到ACK：3
******模拟网络环境******：关闭定时器, 当前时间 = 46.3075, 定时器报文序号 = 0
******模拟网络环境******：启动定时器, 当前时间 = 46.3075, 定时器报文序号 = 0, 定时器Timeout时间 = 66.3075
发送方：接受ACK后的滑动窗口：
0) 1 2 3 (4 5| 6 7 
发送方：接收到ACK：4
******模拟网络环境******：关闭定时器, 当前时间 = 49.1675, 定时器报文序号 = 0
发送方：接受ACK后的滑动窗口：
0 1) 2 3 4 (5| 6 7 
发送方：发送前的滑动窗口：
0 1) 2 3 4 (5| 6 7 
******模拟网络环境******：启动定时器, 当前时间 = 49.69, 定时器报文序号 = 0, 定时器Timeout时间 = 69.69
******模拟网络环境******：发送方的数据包将在57.47到达对方, 数据包为-->seqnum = 5, acknum = -1,checksum = 16701,payload = FFFFFFFFFFFFFFFFFFFF
发送方：发送后的滑动窗口：
0 1) 2 3 4 (5 6| 7 
发送方：发送前的滑动窗口：
0 1) 2 3 4 (5 6| 7 
******模拟网络环境******：发送方发送的数据包丢失：seqnum = 6, acknum = -1,checksum = 14130,payload = GGGGGGGGGGGGGGGGGGGG
发送方：发送后的滑动窗口：
0 1) 2 3 4 (5 6 7| 
发送方：发送前的滑动窗口：
0 1) 2 3 4 (5 6 7| 
******模拟网络环境******：发送方的数据包将在61.96到达对方, 数据包为-->seqnum = 7, acknum = -1,checksum = 11559,payload = HHHHHHHHHHHHHHHHHHHH
发送方：发送后的滑动窗口：
0| 1) 2 3 4 (5 6 7 
发送方：发送前的滑动窗口：
0| 1) 2 3 4 (5 6 7 
******模拟网络环境******：发送方的数据包将在63.84到达对方, 数据包为-->seqnum = 0, acknum = -1,checksum = 8996,payload = IIIIIIIIIIIIIIIIIIII
发送方：发送后的滑动窗口：
0 1|) 2 3 4 (5 6 7 
******模拟网络环境******：向上递交给应用层数据：FFFFFFFFFFFFFFFFFFFF
******模拟网络环境******：接收方的确认包将在61.07到达对方, 确认包为-->seqnum = -1, acknum = 5,checksum = 12846,payload = .....................
接收方：目前返回的ack序号为: 5
发送方：接收到ACK：5
******模拟网络环境******：关闭定时器, 当前时间 = 61.07, 定时器报文序号 = 0
******模拟网络环境******：启动定时器, 当前时间 = 61.07, 定时器报文序号 = 0, 定时器Timeout时间 = 81.07
发送方：接受ACK后的滑动窗口：
0 1| 2) 3 4 5 (6 7 
******模拟网络环境******：接收方的确认包将在70.52到达对方, 确认包为-->seqnum = -1, acknum = 5,checksum = 12846,payload = .....................
******模拟网络环境******：接收方的确认包将在75.13到达对方, 确认包为-->seqnum = -1, acknum = 5,checksum = 12846,payload = .....................
******模拟网络环境******：发送方的数据包将在82.95到达对方, 数据包为-->seqnum = 6, acknum = -1,checksum = 14130,payload = GGGGGGGGGGGGGGGGGGGG
******模拟网络环境******：关闭定时器, 当前时间 = 81.07, 定时器报文序号 = 0
******模拟网络环境******：启动定时器, 当前时间 = 81.07, 定时器报文序号 = 0, 定时器Timeout时间 = 101.07
******模拟网络环境******：向上递交给应用层数据：GGGGGGGGGGGGGGGGGGGG
******模拟网络环境******：网络层数据包损坏,损坏的包为-->seqnum = -1, acknum = 6,checksum = 12845,payload = /....................
******模拟网络环境******：接收方的确认包将在90.66到达对方, 确认包为-->seqnum = -1, acknum = 6,checksum = 12845,payload = /....................
接收方：目前返回的ack序号为: 6
******模拟网络环境******：网络层数据包损坏,损坏的包为-->seqnum = 6, acknum = -1,checksum = 14130,payload = HGGGGGGGGGGGGGGGGGGG
******模拟网络环境******：发送方的数据包将在105.5到达对方, 数据包为-->seqnum = 6, acknum = -1,checksum = 14130,payload = HGGGGGGGGGGGGGGGGGGG
******模拟网络环境******：关闭定时器, 当前时间 = 101.07, 定时器报文序号 = 0
******模拟网络环境******：启动定时器, 当前时间 = 101.07, 定时器报文序号 = 0, 定时器Timeout时间 = 121.07
******模拟网络环境******：接收方的确认包将在106.78到达对方, 确认包为-->seqnum = -1, acknum = 6,checksum = 12845,payload = .....................
发送方：接收到ACK：6
******模拟网络环境******：关闭定时器, 当前时间 = 106.78, 定时器报文序号 = 0
******模拟网络环境******：启动定时器, 当前时间 = 106.78, 定时器报文序号 = 0, 定时器Timeout时间 = 126.78
发送方：接受ACK后的滑动窗口：
0 1| 2 3) 4 5 6 (7 
******模拟网络环境******：发送方的数据包将在136.87到达对方, 数据包为-->seqnum = 7, acknum = -1,checksum = 11559,payload = HHHHHHHHHHHHHHHHHHHH
******模拟网络环境******：关闭定时器, 当前时间 = 126.78, 定时器报文序号 = 0
******模拟网络环境******：启动定时器, 当前时间 = 126.78, 定时器报文序号 = 0, 定时器Timeout时间 = 146.78
******模拟网络环境******：向上递交给应用层数据：HHHHHHHHHHHHHHHHHHHH
******模拟网络环境******：接收方的确认包将在139.52到达对方, 确认包为-->seqnum = -1, acknum = 7,checksum = 12844,payload = .....................
接收方：目前返回的ack序号为: 7
发送方：接收到ACK：7
******模拟网络环境******：关闭定时器, 当前时间 = 139.52, 定时器报文序号 = 0
******模拟网络环境******：启动定时器, 当前时间 = 139.52, 定时器报文序号 = 0, 定时器Timeout时间 = 159.52
发送方：接受ACK后的滑动窗口：
(0 1| 2 3 4) 5 6 7 
******模拟网络环境******：发送方的数据包将在161.47到达对方, 数据包为-->seqnum = 0, acknum = -1,checksum = 8996,payload = IIIIIIIIIIIIIIIIIIII
******模拟网络环境******：关闭定时器, 当前时间 = 159.52, 定时器报文序号 = 0
******模拟网络环境******：启动定时器, 当前时间 = 159.52, 定时器报文序号 = 0, 定时器Timeout时间 = 179.52
******模拟网络环境******：向上递交给应用层数据：IIIIIIIIIIIIIIIIIIII
******模拟网络环境******：接收方的确认包将在170.01到达对方, 确认包为-->seqnum = -1, acknum = 0,checksum = 12851,payload = .....................
接收方：目前返回的ack序号为: 0
发送方：接收到ACK：0
******模拟网络环境******：关闭定时器, 当前时间 = 170.01, 定时器报文序号 = 0
发送方：接受ACK后的滑动窗口：
0 (1| 2 3 4 5) 6 7 
发送方：发送前的滑动窗口：
0 (1| 2 3 4 5) 6 7 
******模拟网络环境******：启动定时器, 当前时间 = 170.06, 定时器报文序号 = 0, 定时器Timeout时间 = 190.06
******模拟网络环境******：发送方的数据包将在177.66到达对方, 数据包为-->seqnum = 1, acknum = -1,checksum = 6425,payload = JJJJJJJJJJJJJJJJJJJJ
发送方：发送后的滑动窗口：
0 (1 2| 3 4 5) 6 7 
发送方：发送前的滑动窗口：
0 (1 2| 3 4 5) 6 7 
******模拟网络环境******：发送方的数据包将在188.59到达对方, 数据包为-->seqnum = 2, acknum = -1,checksum = 3854,payload = KKKKKKKKKKKKKKKKKKKK
发送方：发送后的滑动窗口：
0 (1 2 3| 4 5) 6 7 
发送方：发送前的滑动窗口：
0 (1 2 3| 4 5) 6 7 
******模拟网络环境******：发送方的数据包将在195.05到达对方, 数据包为-->seqnum = 3, acknum = -1,checksum = 1283,payload = LLLLLLLLLLLLLLLLLLLL
发送方：发送后的滑动窗口：
0 (1 2 3 4| 5) 6 7 
发送方：发送前的滑动窗口：
0 (1 2 3 4| 5) 6 7 
******模拟网络环境******：发送方的数据包将在196.12到达对方, 数据包为-->seqnum = 4, acknum = -1,checksum = 64247,payload = MMMMMMMMMMMMMMMMMMMM
发送方：发送后的滑动窗口：
0 (1 2 3 4 5|) 6 7 
******模拟网络环境******：向上递交给应用层数据：JJJJJJJJJJJJJJJJJJJJ
******模拟网络环境******：接收方的确认包将在180.95到达对方, 确认包为-->seqnum = -1, acknum = 1,checksum = 12850,payload = .....................
接收方：目前返回的ack序号为: 1
发送方：接收到ACK：1
******模拟网络环境******：关闭定时器, 当前时间 = 180.95, 定时器报文序号 = 0
******模拟网络环境******：启动定时器, 当前时间 = 180.95, 定时器报文序号 = 0, 定时器Timeout时间 = 200.95
发送方：接受ACK后的滑动窗口：
0 1 (2 3 4 5| 6) 7 
******模拟网络环境******：向上递交给应用层数据：KKKKKKKKKKKKKKKKKKKK
******模拟网络环境******：接收方发送的确认包丢失：seqnum = -1, acknum = 2,checksum = 12849,payload = .....................
接收方：目前返回的ack序号为: 2
******模拟网络环境******：向上递交给应用层数据：LLLLLLLLLLLLLLLLLLLL
******模拟网络环境******：网络层数据包损坏,损坏的包为-->seqnum = -1, acknum = 3,checksum = 12848,payload = /....................
******模拟网络环境******：接收方的确认包将在205.12到达对方, 确认包为-->seqnum = -1, acknum = 3,checksum = 12848,payload = /....................
接收方：目前返回的ack序号为: 3
******模拟网络环境******：向上递交给应用层数据：MMMMMMMMMMMMMMMMMMMM
******模拟网络环境******：接收方的确认包将在211.22到达对方, 确认包为-->seqnum = -1, acknum = 4,checksum = 12847,payload = .....................
接收方：目前返回的ack序号为: 4
******模拟网络环境******：发送方的数据包将在208.88到达对方, 数据包为-->seqnum = 2, acknum = -1,checksum = 3854,payload = KKKKKKKKKKKKKKKKKKKK
******模拟网络环境******：关闭定时器, 当前时间 = 200.95, 定时器报文序号 = 0
******模拟网络环境******：启动定时器, 当前时间 = 200.95, 定时器报文序号 = 0, 定时器Timeout时间 = 220.95
******模拟网络环境******：接收方的确认包将在217.96到达对方, 确认包为-->seqnum = -1, acknum = 4,checksum = 12847,payload = .....................
发送方：接收到ACK：4
******模拟网络环境******：关闭定时器, 当前时间 = 211.22, 定时器报文序号 = 0
发送方：接受ACK后的滑动窗口：
0 1) 2 3 4 (5| 6 7 
发送方：发送前的滑动窗口：
0 1) 2 3 4 (5| 6 7 
******模拟网络环境******：启动定时器, 当前时间 = 218.008, 定时器报文序号 = 0, 定时器Timeout时间 = 238.008
******模拟网络环境******：发送方的数据包将在219.418到达对方, 数据包为-->seqnum = 5, acknum = -1,checksum = 61676,payload = NNNNNNNNNNNNNNNNNNNN
发送方：发送后的滑动窗口：
0 1) 2 3 4 (5 6| 7 
发送方：发送前的滑动窗口：
0 1) 2 3 4 (5 6| 7 
******模拟网络环境******：发送方发送的数据包丢失：seqnum = 6, acknum = -1,checksum = 59105,payload = OOOOOOOOOOOOOOOOOOOO
发送方：发送后的滑动窗口：
0 1) 2 3 4 (5 6 7| 
******模拟网络环境******：向上递交给应用层数据：NNNNNNNNNNNNNNNNNNNN
******模拟网络环境******：网络层数据包损坏,损坏的包为-->seqnum = -999999, acknum = 5,checksum = 12846,payload = .....................
******模拟网络环境******：接收方的确认包将在223.058到达对方, 确认包为-->seqnum = -999999, acknum = 5,checksum = 12846,payload = .....................
接收方：目前返回的ack序号为: 5
发送方：发送前的滑动窗口：
0 1) 2 3 4 (5 6 7| 
******模拟网络环境******：发送方的数据包将在222.26到达对方, 数据包为-->seqnum = 7, acknum = -1,checksum = 56534,payload = PPPPPPPPPPPPPPPPPPPP
发送方：发送后的滑动窗口：
0| 1) 2 3 4 (5 6 7 
发送方：发送前的滑动窗口：
0| 1) 2 3 4 (5 6 7 
******模拟网络环境******：发送方的数据包将在230.52到达对方, 数据包为-->seqnum = 0, acknum = -1,checksum = 53971,payload = QQQQQQQQQQQQQQQQQQQQ
发送方：发送后的滑动窗口：
0 1|) 2 3 4 (5 6 7 
******模拟网络环境******：网络层数据包损坏,损坏的包为-->seqnum = -1, acknum = 5,checksum = 12846,payload = /....................
******模拟网络环境******：接收方的确认包将在233.328到达对方, 确认包为-->seqnum = -1, acknum = 5,checksum = 12846,payload = /....................
******模拟网络环境******：接收方发送的确认包丢失：seqnum = -1, acknum = 5,checksum = 12846,payload = .....................
******模拟网络环境******：发送方的数据包将在242.938到达对方, 数据包为-->seqnum = 5, acknum = -1,checksum = 61676,payload = NNNNNNNNNNNNNNNNNNNN
******模拟网络环境******：关闭定时器, 当前时间 = 238.008, 定时器报文序号 = 0
******模拟网络环境******：启动定时器, 当前时间 = 238.008, 定时器报文序号 = 0, 定时器Timeout时间 = 258.008
******模拟网络环境******：接收方的确认包将在247.948到达对方, 确认包为-->seqnum = -1, acknum = 5,checksum = 12846,payload = .....................
发送方：接收到ACK：5
******模拟网络环境******：关闭定时器, 当前时间 = 247.948, 定时器报文序号 = 0
******模拟网络环境******：启动定时器, 当前时间 = 247.948, 定时器报文序号 = 0, 定时器Timeout时间 = 267.947
发送方：接受ACK后的滑动窗口：
0 1| 2) 3 4 5 (6 7 
******模拟网络环境******：发送方的数据包将在269.277到达对方, 数据包为-->seqnum = 6, acknum = -1,checksum = 59105,payload = OOOOOOOOOOOOOOOOOOOO
******模拟网络环境******：关闭定时器, 当前时间 = 267.947, 定时器报文序号 = 0
******模拟网络环境******：启动定时器, 当前时间 = 267.947, 定时器报文序号 = 0, 定时器Timeout时间 = 287.947
******模拟网络环境******：向上递交给应用层数据：OOOOOOOOOOOOOOOOOOOO
******模拟网络环境******：接收方的确认包将在277.057到达对方, 确认包为-->seqnum = -1, acknum = 6,checksum = 12845,payload = .....................
接收方：目前返回的ack序号为: 6
发送方：接收到ACK：6
******模拟网络环境******：关闭定时器, 当前时间 = 277.057, 定时器报文序号 = 0
******模拟网络环境******：启动定时器, 当前时间 = 277.057, 定时器报文序号 = 0, 定时器Timeout时间 = 297.057
发送方：接受ACK后的滑动窗口：
0 1| 2 3) 4 5 6 (7 
******模拟网络环境******：发送方的数据包将在299.487到达对方, 数据包为-->seqnum = 7, acknum = -1,checksum = 56534,payload = PPPPPPPPPPPPPPPPPPPP
******模拟网络环境******：关闭定时器, 当前时间 = 297.057, 定时器报文序号 = 0
******模拟网络环境******：启动定时器, 当前时间 = 297.057, 定时器报文序号 = 0, 定时器Timeout时间 = 317.057
******模拟网络环境******：向上递交给应用层数据：PPPPPPPPPPPPPPPPPPPP
******模拟网络环境******：接收方发送的确认包丢失：seqnum = -1, acknum = 7,checksum = 12844,payload = .....................
接收方：目前返回的ack序号为: 7
******模拟网络环境******：发送方的数据包将在323.277到达对方, 数据包为-->seqnum = 7, acknum = -1,checksum = 56534,payload = PPPPPPPPPPPPPPPPPPPP
******模拟网络环境******：关闭定时器, 当前时间 = 317.057, 定时器报文序号 = 0
******模拟网络环境******：启动定时器, 当前时间 = 317.057, 定时器报文序号 = 0, 定时器Timeout时间 = 337.057
******模拟网络环境******：接收方的确认包将在329.307到达对方, 确认包为-->seqnum = -1, acknum = 7,checksum = 12844,payload = .....................
发送方：接收到ACK：7
******模拟网络环境******：关闭定时器, 当前时间 = 329.307, 定时器报文序号 = 0
******模拟网络环境******：启动定时器, 当前时间 = 329.307, 定时器报文序号 = 0, 定时器Timeout时间 = 349.307
发送方：接受ACK后的滑动窗口：
(0 1| 2 3 4) 5 6 7 
******模拟网络环境******：发送方的数据包将在357.237到达对方, 数据包为-->seqnum = 0, acknum = -1,checksum = 53971,payload = QQQQQQQQQQQQQQQQQQQQ
******模拟网络环境******：关闭定时器, 当前时间 = 349.307, 定时器报文序号 = 0
******模拟网络环境******：启动定时器, 当前时间 = 349.307, 定时器报文序号 = 0, 定时器Timeout时间 = 369.307
******模拟网络环境******：向上递交给应用层数据：QQQQQQQQQQQQQQQQQQQQ
******模拟网络环境******：接收方的确认包将在362.797到达对方, 确认包为-->seqnum = -1, acknum = 0,checksum = 12851,payload = .....................
接收方：目前返回的ack序号为: 0
发送方：接收到ACK：0
******模拟网络环境******：关闭定时器, 当前时间 = 362.797, 定时器报文序号 = 0
发送方：接受ACK后的滑动窗口：
0 (1| 2 3 4 5) 6 7 
发送方：发送前的滑动窗口：
0 (1| 2 3 4 5) 6 7 
******模拟网络环境******：启动定时器, 当前时间 = 363, 定时器报文序号 = 0, 定时器Timeout时间 = 383
******模拟网络环境******：发送方的数据包将在373.52到达对方, 数据包为-->seqnum = 1, acknum = -1,checksum = 51400,payload = RRRRRRRRRRRRRRRRRRRR
发送方：发送后的滑动窗口：
0 (1 2| 3 4 5) 6 7 
发送方：发送前的滑动窗口：
0 (1 2| 3 4 5) 6 7 
******模拟网络环境******：发送方的数据包将在384.46到达对方, 数据包为-->seqnum = 2, acknum = -1,checksum = 48829,payload = SSSSSSSSSSSSSSSSSSSS
发送方：发送后的滑动窗口：
0 (1 2 3| 4 5) 6 7 
发送方：发送前的滑动窗口：
0 (1 2 3| 4 5) 6 7 
******模拟网络环境******：发送方的数据包将在394.12到达对方, 数据包为-->seqnum = 3, acknum = -1,checksum = 46258,payload = TTTTTTTTTTTTTTTTTTTT
发送方：发送后的滑动窗口：
0 (1 2 3 4| 5) 6 7 
发送方：发送前的滑动窗口：
0 (1 2 3 4| 5) 6 7 
******模拟网络环境******：发送方的数据包将在403.44到达对方, 数据包为-->seqnum = 4, acknum = -1,checksum = 43687,payload = UUUUUUUUUUUUUUUUUUUU
发送方：发送后的滑动窗口：
0 (1 2 3 4 5|) 6 7 
******模拟网络环境******：向上递交给应用层数据：RRRRRRRRRRRRRRRRRRRR
******模拟网络环境******：接收方的确认包将在378.23到达对方, 确认包为-->seqnum = -1, acknum = 1,checksum = 12850,payload = .....................
接收方：目前返回的ack序号为: 1
发送方：接收到ACK：1
******模拟网络环境******：关闭定时器, 当前时间 = 378.23, 定时器报文序号 = 0
******模拟网络环境******：启动定时器, 当前时间 = 378.23, 定时器报文序号 = 0, 定时器Timeout时间 = 398.23
发送方：接受ACK后的滑动窗口：
0 1 (2 3 4 5| 6) 7 
******模拟网络环境******：向上递交给应用层数据：SSSSSSSSSSSSSSSSSSSS
******模拟网络环境******：接收方的确认包将在395.38到达对方, 确认包为-->seqnum = -1, acknum = 2,checksum = 12849,payload = .....................
接收方：目前返回的ack序号为: 2
******模拟网络环境******：向上递交给应用层数据：TTTTTTTTTTTTTTTTTTTT
******模拟网络环境******：网络层数据包损坏,损坏的包为-->seqnum = -1, acknum = 3,checksum = 12848,payload = /....................
******模拟网络环境******：接收方的确认包将在402.2到达对方, 确认包为-->seqnum = -1, acknum = 3,checksum = 12848,payload = /....................
接收方：目前返回的ack序号为: 3
发送方：接收到ACK：2
******模拟网络环境******：关闭定时器, 当前时间 = 395.38, 定时器报文序号 = 0
******模拟网络环境******：启动定时器, 当前时间 = 395.38, 定时器报文序号 = 0, 定时器Timeout时间 = 415.38
发送方：接受ACK后的滑动窗口：
0 1 2 (3 4 5| 6 7) 
******模拟网络环境******：向上递交给应用层数据：UUUUUUUUUUUUUUUUUUUU
******模拟网络环境******：接收方的确认包将在404.56到达对方, 确认包为-->seqnum = -1, acknum = 4,checksum = 12847,payload = .....................
接收方：目前返回的ack序号为: 4
发送方：接收到ACK：4
******模拟网络环境******：关闭定时器, 当前时间 = 404.56, 定时器报文序号 = 0
发送方：接受ACK后的滑动窗口：
0 1) 2 3 4 (5| 6 7 
发送方：发送前的滑动窗口：
0 1) 2 3 4 (5| 6 7 
******模拟网络环境******：启动定时器, 当前时间 = 404.85, 定时器报文序号 = 0, 定时器Timeout时间 = 424.85
******模拟网络环境******：发送方发送的数据包丢失：seqnum = 5, acknum = -1,checksum = 41116,payload = VVVVVVVVVVVVVVVVVVVV
发送方：发送后的滑动窗口：
0 1) 2 3 4 (5 6| 7 
发送方：发送前的滑动窗口：
0 1) 2 3 4 (5 6| 7 
******模拟网络环境******：发送方的数据包将在410.24到达对方, 数据包为-->seqnum = 6, acknum = -1,checksum = 38545,payload = WWWWWWWWWWWWWWWWWWWW
发送方：发送后的滑动窗口：
0 1) 2 3 4 (5 6 7| 
发送方：发送前的滑动窗口：
0 1) 2 3 4 (5 6 7| 
******模拟网络环境******：发送方发送的数据包丢失：seqnum = 7, acknum = -1,checksum = 35974,payload = XXXXXXXXXXXXXXXXXXXX
发送方：发送后的滑动窗口：
0| 1) 2 3 4 (5 6 7 
发送方：发送前的滑动窗口：
0| 1) 2 3 4 (5 6 7 
******模拟网络环境******：发送方的数据包将在416.39到达对方, 数据包为-->seqnum = 0, acknum = -1,checksum = 33411,payload = YYYYYYYYYYYYYYYYYYYY
发送方：发送后的滑动窗口：
0 1|) 2 3 4 (5 6 7 
******模拟网络环境******：接收方的确认包将在417.39到达对方, 确认包为-->seqnum = -1, acknum = 4,checksum = 12847,payload = .....................
******模拟网络环境******：接收方的确认包将在420.8到达对方, 确认包为-->seqnum = -1, acknum = 4,checksum = 12847,payload = .....................
******模拟网络环境******：发送方的数据包将在431.04到达对方, 数据包为-->seqnum = 5, acknum = -1,checksum = 41116,payload = VVVVVVVVVVVVVVVVVVVV
******模拟网络环境******：关闭定时器, 当前时间 = 424.85, 定时器报文序号 = 0
******模拟网络环境******：启动定时器, 当前时间 = 424.85, 定时器报文序号 = 0, 定时器Timeout时间 = 444.85
******模拟网络环境******：向上递交给应用层数据：VVVVVVVVVVVVVVVVVVVV
******模拟网络环境******：接收方发送的确认包丢失：seqnum = -1, acknum = 5,checksum = 12846,payload = .....................
接收方：目前返回的ack序号为: 5
******模拟网络环境******：网络层数据包损坏,损坏的包为-->seqnum = 5, acknum = -1,checksum = 41116,payload = WVVVVVVVVVVVVVVVVVVV
******模拟网络环境******：发送方的数据包将在448.4到达对方, 数据包为-->seqnum = 5, acknum = -1,checksum = 41116,payload = WVVVVVVVVVVVVVVVVVVV
******模拟网络环境******：关闭定时器, 当前时间 = 444.85, 定时器报文序号 = 0
******模拟网络环境******：启动定时器, 当前时间 = 444.85, 定时器报文序号 = 0, 定时器Timeout时间 = 464.85
******模拟网络环境******：接收方的确认包将在452.14到达对方, 确认包为-->seqnum = -1, acknum = 5,checksum = 12846,payload = .....................
发送方：接收到ACK：5
******模拟网络环境******：关闭定时器, 当前时间 = 452.14, 定时器报文序号 = 0
******模拟网络环境******：启动定时器, 当前时间 = 452.14, 定时器报文序号 = 0, 定时器Timeout时间 = 472.14
发送方：接受ACK后的滑动窗口：
0 1| 2) 3 4 5 (6 7 
******模拟网络环境******：发送方的数据包将在481.5到达对方, 数据包为-->seqnum = 6, acknum = -1,checksum = 38545,payload = WWWWWWWWWWWWWWWWWWWW
******模拟网络环境******：关闭定时器, 当前时间 = 472.14, 定时器报文序号 = 0
******模拟网络环境******：启动定时器, 当前时间 = 472.14, 定时器报文序号 = 0, 定时器Timeout时间 = 492.14
******模拟网络环境******：向上递交给应用层数据：WWWWWWWWWWWWWWWWWWWW
******模拟网络环境******：接收方的确认包将在484.42到达对方, 确认包为-->seqnum = -1, acknum = 6,checksum = 12845,payload = .....................
接收方：目前返回的ack序号为: 6
发送方：接收到ACK：6
******模拟网络环境******：关闭定时器, 当前时间 = 484.42, 定时器报文序号 = 0
******模拟网络环境******：启动定时器, 当前时间 = 484.42, 定时器报文序号 = 0, 定时器Timeout时间 = 504.42
发送方：接受ACK后的滑动窗口：
0 1| 2 3) 4 5 6 (7 
******模拟网络环境******：发送方的数据包将在511.44到达对方, 数据包为-->seqnum = 7, acknum = -1,checksum = 35974,payload = XXXXXXXXXXXXXXXXXXXX
******模拟网络环境******：关闭定时器, 当前时间 = 504.42, 定时器报文序号 = 0
******模拟网络环境******：启动定时器, 当前时间 = 504.42, 定时器报文序号 = 0, 定时器Timeout时间 = 524.42
******模拟网络环境******：向上递交给应用层数据：XXXXXXXXXXXXXXXXXXXX
******模拟网络环境******：接收方的确认包将在516.54到达对方, 确认包为-->seqnum = -1, acknum = 7,checksum = 12844,payload = .....................
接收方：目前返回的ack序号为: 7
发送方：接收到ACK：7
******模拟网络环境******：关闭定时器, 当前时间 = 516.54, 定时器报文序号 = 0
******模拟网络环境******：启动定时器, 当前时间 = 516.54, 定时器报文序号 = 0, 定时器Timeout时间 = 536.54
发送方：接受ACK后的滑动窗口：
(0 1| 2 3 4) 5 6 7 
******模拟网络环境******：发送方发送的数据包丢失：seqnum = 0, acknum = -1,checksum = 33411,payload = YYYYYYYYYYYYYYYYYYYY
******模拟网络环境******：关闭定时器, 当前时间 = 536.54, 定时器报文序号 = 0
******模拟网络环境******：启动定时器, 当前时间 = 536.54, 定时器报文序号 = 0, 定时器Timeout时间 = 556.54
******模拟网络环境******：发送方的数据包将在561.17到达对方, 数据包为-->seqnum = 0, acknum = -1,checksum = 33411,payload = YYYYYYYYYYYYYYYYYYYY
******模拟网络环境******：关闭定时器, 当前时间 = 556.54, 定时器报文序号 = 0
******模拟网络环境******：启动定时器, 当前时间 = 556.54, 定时器报文序号 = 0, 定时器Timeout时间 = 576.54
******模拟网络环境******：向上递交给应用层数据：YYYYYYYYYYYYYYYYYYYY
******模拟网络环境******：接收方的确认包将在564.64到达对方, 确认包为-->seqnum = -1, acknum = 0,checksum = 12851,payload = .....................
接收方：目前返回的ack序号为: 0
发送方：接收到ACK：0
******模拟网络环境******：关闭定时器, 当前时间 = 564.64, 定时器报文序号 = 0
发送方：接受ACK后的滑动窗口：
0 (1| 2 3 4 5) 6 7 
发送方：发送前的滑动窗口：
0 (1| 2 3 4 5) 6 7 
******模拟网络环境******：启动定时器, 当前时间 = 565.23, 定时器报文序号 = 0, 定时器Timeout时间 = 585.23
******模拟网络环境******：发送方发送的数据包丢失：seqnum = 1, acknum = -1,checksum = 30840,payload = ZZZZZZZZZZZZZZZZZZZZ
发送方：发送后的滑动窗口：
0 (1 2| 3 4 5) 6 7 
发送方：发送前的滑动窗口：
0 (1 2| 3 4 5) 6 7 
******模拟网络环境******：发送方的数据包将在571.465到达对方, 数据包为-->seqnum = 2, acknum = -1,checksum = 29554,payload = AAAAAAAAAAAAAAAAAAAA
发送方：发送后的滑动窗口：
0 (1 2 3| 4 5) 6 7 
发送方：发送前的滑动窗口：
0 (1 2 3| 4 5) 6 7 
******模拟网络环境******：发送方的数据包将在572.595到达对方, 数据包为-->seqnum = 3, acknum = -1,checksum = 26983,payload = BBBBBBBBBBBBBBBBBBBB
发送方：发送后的滑动窗口：
0 (1 2 3 4| 5) 6 7 
发送方：发送前的滑动窗口：
0 (1 2 3 4| 5) 6 7 
******模拟网络环境******：发送方的数据包将在574.305到达对方, 数据包为-->seqnum = 4, acknum = -1,checksum = 24412,payload = CCCCCCCCCCCCCCCCCCCC
发送方：发送后的滑动窗口：
0 (1 2 3 4 5|) 6 7 
******模拟网络环境******：接收方的确认包将在578.045到达对方, 确认包为-->seqnum = -1, acknum = 0,checksum = 12851,payload = .....................
******模拟网络环境******：接收方的确认包将在587.065到达对方, 确认包为-->seqnum = -1, acknum = 0,checksum = 12851,payload = .....................
******模拟网络环境******：接收方的确认包将在590.755到达对方, 确认包为-->seqnum = -1, acknum = 0,checksum = 12851,payload = .....................
******模拟网络环境******：发送方的数据包将在595.55到达对方, 数据包为-->seqnum = 1, acknum = -1,checksum = 30840,payload = ZZZZZZZZZZZZZZZZZZZZ
******模拟网络环境******：关闭定时器, 当前时间 = 585.23, 定时器报文序号 = 0
******模拟网络环境******：启动定时器, 当前时间 = 585.23, 定时器报文序号 = 0, 定时器Timeout时间 = 605.23
******模拟网络环境******：向上递交给应用层数据：ZZZZZZZZZZZZZZZZZZZZ
******模拟网络环境******：接收方的确认包将在603.78到达对方, 确认包为-->seqnum = -1, acknum = 1,checksum = 12850,payload = .....................
接收方：目前返回的ack序号为: 1
发送方：接收到ACK：1
******模拟网络环境******：关闭定时器, 当前时间 = 603.78, 定时器报文序号 = 0
******模拟网络环境******：启动定时器, 当前时间 = 603.78, 定时器报文序号 = 0, 定时器Timeout时间 = 623.78
发送方：接受ACK后的滑动窗口：
0 1 (2 3 4 5| 6) 7 
******模拟网络环境******：发送方的数据包将在634.58到达对方, 数据包为-->seqnum = 2, acknum = -1,checksum = 29554,payload = AAAAAAAAAAAAAAAAAAAA
******模拟网络环境******：关闭定时器, 当前时间 = 623.78, 定时器报文序号 = 0
******模拟网络环境******：启动定时器, 当前时间 = 623.78, 定时器报文序号 = 0, 定时器Timeout时间 = 643.78
******模拟网络环境******：向上递交给应用层数据：AAAAAAAAAAAAAAAAAAAA
******模拟网络环境******：网络层数据包损坏,损坏的包为-->seqnum = -1, acknum = 2,checksum = 12849,payload = /....................
******模拟网络环境******：接收方的确认包将在636.29到达对方, 确认包为-->seqnum = -1, acknum = 2,checksum = 12849,payload = /....................
接收方：目前返回的ack序号为: 2
******模拟网络环境******：发送方的数据包将在649.52到达对方, 数据包为-->seqnum = 2, acknum = -1,checksum = 29554,payload = AAAAAAAAAAAAAAAAAAAA
******模拟网络环境******：关闭定时器, 当前时间 = 643.78, 定时器报文序号 = 0
******模拟网络环境******：启动定时器, 当前时间 = 643.78, 定时器报文序号 = 0, 定时器Timeout时间 = 663.78
******模拟网络环境******：接收方的确认包将在660.39到达对方, 确认包为-->seqnum = -1, acknum = 2,checksum = 12849,payload = .....................
发送方：接收到ACK：2
******模拟网络环境******：关闭定时器, 当前时间 = 660.39, 定时器报文序号 = 0
******模拟网络环境******：启动定时器, 当前时间 = 660.39, 定时器报文序号 = 0, 定时器Timeout时间 = 680.39
发送方：接受ACK后的滑动窗口：
0 1 2 (3 4 5| 6 7) 
******模拟网络环境******：发送方发送的数据包丢失：seqnum = 3, acknum = -1,checksum = 26983,payload = BBBBBBBBBBBBBBBBBBBB
******模拟网络环境******：关闭定时器, 当前时间 = 680.39, 定时器报文序号 = 0
******模拟网络环境******：启动定时器, 当前时间 = 680.39, 定时器报文序号 = 0, 定时器Timeout时间 = 700.39
******模拟网络环境******：发送方的数据包将在709.28到达对方, 数据包为-->seqnum = 3, acknum = -1,checksum = 26983,payload = BBBBBBBBBBBBBBBBBBBB
******模拟网络环境******：关闭定时器, 当前时间 = 700.39, 定时器报文序号 = 0
******模拟网络环境******：启动定时器, 当前时间 = 700.39, 定时器报文序号 = 0, 定时器Timeout时间 = 720.39
******模拟网络环境******：向上递交给应用层数据：BBBBBBBBBBBBBBBBBBBB
******模拟网络环境******：接收方的确认包将在714.81到达对方, 确认包为-->seqnum = -1, acknum = 3,checksum = 12848,payload = .....................
接收方：目前返回的ack序号为: 3
发送方：接收到ACK：3
******模拟网络环境******：关闭定时器, 当前时间 = 714.81, 定时器报文序号 = 0
******模拟网络环境******：启动定时器, 当前时间 = 714.81, 定时器报文序号 = 0, 定时器Timeout时间 = 734.81
发送方：接受ACK后的滑动窗口：
0) 1 2 3 (4 5| 6 7 
******模拟网络环境******：发送方发送的数据包丢失：seqnum = 4, acknum = -1,checksum = 24412,payload = CCCCCCCCCCCCCCCCCCCC
******模拟网络环境******：关闭定时器, 当前时间 = 734.81, 定时器报文序号 = 0
******模拟网络环境******：启动定时器, 当前时间 = 734.81, 定时器报文序号 = 0, 定时器Timeout时间 = 754.81
******模拟网络环境******：发送方的数据包将在762.82到达对方, 数据包为-->seqnum = 4, acknum = -1,checksum = 24412,payload = CCCCCCCCCCCCCCCCCCCC
******模拟网络环境******：关闭定时器, 当前时间 = 754.81, 定时器报文序号 = 0
******模拟网络环境******：启动定时器, 当前时间 = 754.81, 定时器报文序号 = 0, 定时器Timeout时间 = 774.81
******模拟网络环境******：向上递交给应用层数据：CCCCCCCCCCCCCCCCCCCC
******模拟网络环境******：接收方的确认包将在767.37到达对方, 确认包为-->seqnum = -1, acknum = 4,checksum = 12847,payload = .....................
接收方：目前返回的ack序号为: 4
发送方：接收到ACK：4
******模拟网络环境******：关闭定时器, 当前时间 = 767.37, 定时器报文序号 = 0
发送方：接受ACK后的滑动窗口：
0 1) 2 3 4 (5| 6 7 
发送方：发送前的滑动窗口：
0 1) 2 3 4 (5| 6 7 
******模拟网络环境******：启动定时器, 当前时间 = 767.438, 定时器报文序号 = 0, 定时器Timeout时间 = 787.438
******模拟网络环境******：发送方的数据包将在777.028到达对方, 数据包为-->seqnum = 5, acknum = -1,checksum = 21841,payload = DDDDDDDDDDDDDDDDDDDD
发送方：发送后的滑动窗口：
0 1) 2 3 4 (5 6| 7 
发送方：发送前的滑动窗口：
0 1) 2 3 4 (5 6| 7 
******模拟网络环境******：发送方的数据包将在783.818到达对方, 数据包为-->seqnum = 6, acknum = -1,checksum = 19270,payload = EEEEEEEEEEEEEEEEEEEE
发送方：发送后的滑动窗口：
0 1) 2 3 4 (5 6 7| 
发送方：发送前的滑动窗口：
0 1) 2 3 4 (5 6 7| 
******模拟网络环境******：发送方发送的数据包丢失：seqnum = 7, acknum = -1,checksum = 16699,payload = FFFFFFFFFFFFFFFFFFFF
发送方：发送后的滑动窗口：
0| 1) 2 3 4 (5 6 7 
发送方：发送前的滑动窗口：
0| 1) 2 3 4 (5 6 7 
******模拟网络环境******：发送方的数据包将在788.988到达对方, 数据包为-->seqnum = 0, acknum = -1,checksum = 14136,payload = GGGGGGGGGGGGGGGGGGGG
发送方：发送后的滑动窗口：
0 1|) 2 3 4 (5 6 7 
******模拟网络环境******：向上递交给应用层数据：DDDDDDDDDDDDDDDDDDDD
******模拟网络环境******：接收方的确认包将在785.508到达对方, 确认包为-->seqnum = -1, acknum = 5,checksum = 12846,payload = .....................
接收方：目前返回的ack序号为: 5
******模拟网络环境******：向上递交给应用层数据：EEEEEEEEEEEEEEEEEEEE
******模拟网络环境******：接收方的确认包将在788.048到达对方, 确认包为-->seqnum = -1, acknum = 6,checksum = 12845,payload = .....................
接收方：目前返回的ack序号为: 6
发送方：接收到ACK：5
******模拟网络环境******：关闭定时器, 当前时间 = 785.508, 定时器报文序号 = 0
******模拟网络环境******：启动定时器, 当前时间 = 785.508, 定时器报文序号 = 0, 定时器Timeout时间 = 805.508
发送方：接受ACK后的滑动窗口：
0 1| 2) 3 4 5 (6 7 
发送方：接收到ACK：6
******模拟网络环境******：关闭定时器, 当前时间 = 788.048, 定时器报文序号 = 0
******模拟网络环境******：启动定时器, 当前时间 = 788.048, 定时器报文序号 = 0, 定时器Timeout时间 = 808.048
发送方：接受ACK后的滑动窗口：
0 1| 2 3) 4 5 6 (7 
******模拟网络环境******：接收方的确认包将在799.038到达对方, 确认包为-->seqnum = -1, acknum = 6,checksum = 12845,payload = .....................
******模拟网络环境******：发送方发送的数据包丢失：seqnum = 7, acknum = -1,checksum = 16699,payload = FFFFFFFFFFFFFFFFFFFF
******模拟网络环境******：关闭定时器, 当前时间 = 808.048, 定时器报文序号 = 0
******模拟网络环境******：启动定时器, 当前时间 = 808.048, 定时器报文序号 = 0, 定时器Timeout时间 = 828.048
******模拟网络环境******：发送方发送的数据包丢失：seqnum = 7, acknum = -1,checksum = 16699,payload = FFFFFFFFFFFFFFFFFFFF
******模拟网络环境******：关闭定时器, 当前时间 = 828.048, 定时器报文序号 = 0
******模拟网络环境******：启动定时器, 当前时间 = 828.048, 定时器报文序号 = 0, 定时器Timeout时间 = 848.048
******模拟网络环境******：发送方的数据包将在852.688到达对方, 数据包为-->seqnum = 7, acknum = -1,checksum = 16699,payload = FFFFFFFFFFFFFFFFFFFF
******模拟网络环境******：关闭定时器, 当前时间 = 848.048, 定时器报文序号 = 0
******模拟网络环境******：启动定时器, 当前时间 = 848.048, 定时器报文序号 = 0, 定时器Timeout时间 = 868.048
******模拟网络环境******：向上递交给应用层数据：FFFFFFFFFFFFFFFFFFFF
******模拟网络环境******：接收方的确认包将在854.568到达对方, 确认包为-->seqnum = -1, acknum = 7,checksum = 12844,payload = .....................
接收方：目前返回的ack序号为: 7
发送方：接收到ACK：7
******模拟网络环境******：关闭定时器, 当前时间 = 854.568, 定时器报文序号 = 0
******模拟网络环境******：启动定时器, 当前时间 = 854.568, 定时器报文序号 = 0, 定时器Timeout时间 = 874.568
发送方：接受ACK后的滑动窗口：
(0 1| 2 3 4) 5 6 7 
******模拟网络环境******：发送方的数据包将在877.358到达对方, 数据包为-->seqnum = 0, acknum = -1,checksum = 14136,payload = GGGGGGGGGGGGGGGGGGGG
******模拟网络环境******：关闭定时器, 当前时间 = 874.568, 定时器报文序号 = 0
******模拟网络环境******：启动定时器, 当前时间 = 874.568, 定时器报文序号 = 0, 定时器Timeout时间 = 894.568
******模拟网络环境******：向上递交给应用层数据：GGGGGGGGGGGGGGGGGGGG
******模拟网络环境******：接收方的确认包将在884.158到达对方, 确认包为-->seqnum = -1, acknum = 0,checksum = 12851,payload = .....................
接收方：目前返回的ack序号为: 0
发送方：接收到ACK：0
******模拟网络环境******：关闭定时器, 当前时间 = 884.158, 定时器报文序号 = 0
发送方：接受ACK后的滑动窗口：
0 (1| 2 3 4 5) 6 7 
发送方：发送前的滑动窗口：
0 (1| 2 3 4 5) 6 7 
******模拟网络环境******：启动定时器, 当前时间 = 884.17, 定时器报文序号 = 0, 定时器Timeout时间 = 904.17
******模拟网络环境******：发送方的数据包将在892.51到达对方, 数据包为-->seqnum = 1, acknum = -1,checksum = 11565,payload = HHHHHHHHHHHHHHHHHHHH
发送方：发送后的滑动窗口：
0 (1 2| 3 4 5) 6 7 
发送方：发送前的滑动窗口：
0 (1 2| 3 4 5) 6 7 
******模拟网络环境******：发送方的数据包将在902.92到达对方, 数据包为-->seqnum = 2, acknum = -1,checksum = 8994,payload = IIIIIIIIIIIIIIIIIIII
发送方：发送后的滑动窗口：
0 (1 2 3| 4 5) 6 7 
发送方：发送前的滑动窗口：
0 (1 2 3| 4 5) 6 7 
******模拟网络环境******：发送方的数据包将在907.53到达对方, 数据包为-->seqnum = 3, acknum = -1,checksum = 6423,payload = JJJJJJJJJJJJJJJJJJJJ
发送方：发送后的滑动窗口：
0 (1 2 3 4| 5) 6 7 
发送方：发送前的滑动窗口：
0 (1 2 3 4| 5) 6 7 
******模拟网络环境******：发送方的数据包将在913.23到达对方, 数据包为-->seqnum = 4, acknum = -1,checksum = 3852,payload = KKKKKKKKKKKKKKKKKKKK
发送方：发送后的滑动窗口：
0 (1 2 3 4 5|) 6 7 
******模拟网络环境******：向上递交给应用层数据：HHHHHHHHHHHHHHHHHHHH
******模拟网络环境******：网络层数据包损坏,损坏的包为-->seqnum = -1, acknum = 1,checksum = 12850,payload = /....................
******模拟网络环境******：接收方的确认包将在902.55到达对方, 确认包为-->seqnum = -1, acknum = 1,checksum = 12850,payload = /....................
接收方：目前返回的ack序号为: 1
******模拟网络环境******：向上递交给应用层数据：IIIIIIIIIIIIIIIIIIII
******模拟网络环境******：接收方的确认包将在905.59到达对方, 确认包为-->seqnum = -1, acknum = 2,checksum = 12849,payload = .....................
接收方：目前返回的ack序号为: 2
******模拟网络环境******：发送方的数据包将在916.23到达对方, 数据包为-->seqnum = 1, acknum = -1,checksum = 11565,payload = HHHHHHHHHHHHHHHHHHHH
******模拟网络环境******：关闭定时器, 当前时间 = 904.17, 定时器报文序号 = 0
******模拟网络环境******：启动定时器, 当前时间 = 904.17, 定时器报文序号 = 0, 定时器Timeout时间 = 924.17
发送方：接收到ACK：2
******模拟网络环境******：关闭定时器, 当前时间 = 905.59, 定时器报文序号 = 0
******模拟网络环境******：启动定时器, 当前时间 = 905.59, 定时器报文序号 = 0, 定时器Timeout时间 = 925.59
发送方：接受ACK后的滑动窗口：
0 1 2 (3 4 5| 6 7) 
******模拟网络环境******：向上递交给应用层数据：JJJJJJJJJJJJJJJJJJJJ
******模拟网络环境******：接收方的确认包将在917到达对方, 确认包为-->seqnum = -1, acknum = 3,checksum = 12848,payload = .....................
接收方：目前返回的ack序号为: 3
******模拟网络环境******：向上递交给应用层数据：KKKKKKKKKKKKKKKKKKKK
******模拟网络环境******：接收方的确认包将在922.17到达对方, 确认包为-->seqnum = -1, acknum = 4,checksum = 12847,payload = .....................
接收方：目前返回的ack序号为: 4
******模拟网络环境******：接收方的确认包将在928.8到达对方, 确认包为-->seqnum = -1, acknum = 4,checksum = 12847,payload = .....................
发送方：接收到ACK：3
******模拟网络环境******：关闭定时器, 当前时间 = 917, 定时器报文序号 = 0
******模拟网络环境******：启动定时器, 当前时间 = 917, 定时器报文序号 = 0, 定时器Timeout时间 = 937
发送方：接受ACK后的滑动窗口：
0) 1 2 3 (4 5| 6 7 
发送方：接收到ACK：4
******模拟网络环境******：关闭定时器, 当前时间 = 922.17, 定时器报文序号 = 0
发送方：接受ACK后的滑动窗口：
0 1) 2 3 4 (5| 6 7 
发送方：发送前的滑动窗口：
0 1) 2 3 4 (5| 6 7 
******模拟网络环境******：启动定时器, 当前时间 = 928.825, 定时器报文序号 = 0, 定时器Timeout时间 = 948.825
******模拟网络环境******：发送方的数据包将在931.715到达对方, 数据包为-->seqnum = 5, acknum = -1,checksum = 1281,payload = LLLLLLLLLLLLLLLLLLLL
发送方：发送后的滑动窗口：
0 1) 2 3 4 (5 6| 7 
发送方：发送前的滑动窗口：
0 1) 2 3 4 (5 6| 7 
******模拟网络环境******：发送方发送的数据包丢失：seqnum = 6, acknum = -1,checksum = 64245,payload = MMMMMMMMMMMMMMMMMMMM
发送方：发送后的滑动窗口：
0 1) 2 3 4 (5 6 7| 
发送方：发送前的滑动窗口：
0 1) 2 3 4 (5 6 7| 
******模拟网络环境******：发送方的数据包将在937.795到达对方, 数据包为-->seqnum = 7, acknum = -1,checksum = 61674,payload = NNNNNNNNNNNNNNNNNNNN
发送方：发送后的滑动窗口：
0| 1) 2 3 4 (5 6 7 
发送方：发送前的滑动窗口：
0| 1) 2 3 4 (5 6 7 
******模拟网络环境******：发送方的数据包将在943.515到达对方, 数据包为-->seqnum = 0, acknum = -1,checksum = 59111,payload = OOOOOOOOOOOOOOOOOOOO
发送方：发送后的滑动窗口：
0 1|) 2 3 4 (5 6 7 
******模拟网络环境******：向上递交给应用层数据：LLLLLLLLLLLLLLLLLLLL
******模拟网络环境******：接收方的确认包将在938.815到达对方, 确认包为-->seqnum = -1, acknum = 5,checksum = 12846,payload = .....................
接收方：目前返回的ack序号为: 5
******模拟网络环境******：接收方的确认包将在942.565到达对方, 确认包为-->seqnum = -1, acknum = 5,checksum = 12846,payload = .....................
发送方：接收到ACK：5
******模拟网络环境******：关闭定时器, 当前时间 = 938.815, 定时器报文序号 = 0
******模拟网络环境******：启动定时器, 当前时间 = 938.815, 定时器报文序号 = 0, 定时器Timeout时间 = 958.815
发送方：接受ACK后的滑动窗口：
0 1| 2) 3 4 5 (6 7 
******模拟网络环境******：接收方的确认包将在949.445到达对方, 确认包为-->seqnum = -1, acknum = 5,checksum = 12846,payload = .....................
******模拟网络环境******：发送方的数据包将在968.765到达对方, 数据包为-->seqnum = 6, acknum = -1,checksum = 64245,payload = MMMMMMMMMMMMMMMMMMMM
******模拟网络环境******：关闭定时器, 当前时间 = 958.815, 定时器报文序号 = 0
******模拟网络环境******：启动定时器, 当前时间 = 958.815, 定时器报文序号 = 0, 定时器Timeout时间 = 978.815
******模拟网络环境******：向上递交给应用层数据：MMMMMMMMMMMMMMMMMMMM
******模拟网络环境******：接收方的确认包将在976.385到达对方, 确认包为-->seqnum = -1, acknum = 6,checksum = 12845,payload = .....................
接收方：目前返回的ack序号为: 6
发送方：接收到ACK：6
******模拟网络环境******：关闭定时器, 当前时间 = 976.385, 定时器报文序号 = 0
******模拟网络环境******：启动定时器, 当前时间 = 976.385, 定时器报文序号 = 0, 定时器Timeout时间 = 996.385
发送方：接受ACK后的滑动窗口：
0 1| 2 3) 4 5 6 (7 
******模拟网络环境******：发送方的数据包将在999.585到达对方, 数据包为-->seqnum = 7, acknum = -1,checksum = 61674,payload = NNNNNNNNNNNNNNNNNNNN
******模拟网络环境******：关闭定时器, 当前时间 = 996.385, 定时器报文序号 = 0
******模拟网络环境******：启动定时器, 当前时间 = 996.385, 定时器报文序号 = 0, 定时器Timeout时间 = 1016.39
******模拟网络环境******：向上递交给应用层数据：NNNNNNNNNNNNNNNNNNNN
******模拟网络环境******：接收方的确认包将在1005.16到达对方, 确认包为-->seqnum = -1, acknum = 7,checksum = 12844,payload = .....................
接收方：目前返回的ack序号为: 7
发送方：接收到ACK：7
******模拟网络环境******：关闭定时器, 当前时间 = 1005.16, 定时器报文序号 = 0
******模拟网络环境******：启动定时器, 当前时间 = 1005.16, 定时器报文序号 = 0, 定时器Timeout时间 = 1025.16
发送方：接受ACK后的滑动窗口：
(0 1| 2 3 4) 5 6 7 
******模拟网络环境******：发送方的数据包将在1031.12到达对方, 数据包为-->seqnum = 0, acknum = -1,checksum = 59111,payload = OOOOOOOOOOOOOOOOOOOO
******模拟网络环境******：关闭定时器, 当前时间 = 1025.16, 定时器报文序号 = 0
******模拟网络环境******：启动定时器, 当前时间 = 1025.16, 定时器报文序号 = 0, 定时器Timeout时间 = 1045.16
******模拟网络环境******：向上递交给应用层数据：OOOOOOOOOOOOOOOOOOOO
******模拟网络环境******：接收方的确认包将在1037.41到达对方, 确认包为-->seqnum = -1, acknum = 0,checksum = 12851,payload = .....................
接收方：目前返回的ack序号为: 0
发送方：接收到ACK：0
******模拟网络环境******：关闭定时器, 当前时间 = 1037.41, 定时器报文序号 = 0
发送方：接受ACK后的滑动窗口：
0 (1| 2 3 4 5) 6 7 
发送方：发送前的滑动窗口：
0 (1| 2 3 4 5) 6 7 
******模拟网络环境******：启动定时器, 当前时间 = 1037.65, 定时器报文序号 = 0, 定时器Timeout时间 = 1057.65
******模拟网络环境******：发送方的数据包将在1041.04到达对方, 数据包为-->seqnum = 1, acknum = -1,checksum = 56540,payload = PPPPPPPPPPPPPPPPPPPP
发送方：发送后的滑动窗口：
0 (1 2| 3 4 5) 6 7 
发送方：发送前的滑动窗口：
0 (1 2| 3 4 5) 6 7 
******模拟网络环境******：发送方的数据包将在1048.7到达对方, 数据包为-->seqnum = 2, acknum = -1,checksum = 53969,payload = QQQQQQQQQQQQQQQQQQQQ
发送方：发送后的滑动窗口：
0 (1 2 3| 4 5) 6 7 
发送方：发送前的滑动窗口：
0 (1 2 3| 4 5) 6 7 
******模拟网络环境******：网络层数据包损坏,损坏的包为-->seqnum = 3, acknum = -1,checksum = 51398,payload = SRRRRRRRRRRRRRRRRRRR
******模拟网络环境******：发送方的数据包将在1055.73到达对方, 数据包为-->seqnum = 3, acknum = -1,checksum = 51398,payload = SRRRRRRRRRRRRRRRRRRR
发送方：发送后的滑动窗口：
0 (1 2 3 4| 5) 6 7 
发送方：发送前的滑动窗口：
0 (1 2 3 4| 5) 6 7 
******模拟网络环境******：发送方的数据包将在1065.68到达对方, 数据包为-->seqnum = 4, acknum = -1,checksum = 48827,payload = SSSSSSSSSSSSSSSSSSSS
发送方：发送后的滑动窗口：
0 (1 2 3 4 5|) 6 7 
******模拟网络环境******：向上递交给应用层数据：PPPPPPPPPPPPPPPPPPPP
******模拟网络环境******：接收方的确认包将在1048.15到达对方, 确认包为-->seqnum = -1, acknum = 1,checksum = 12850,payload = .....................
接收方：目前返回的ack序号为: 1
发送方：接收到ACK：1
******模拟网络环境******：关闭定时器, 当前时间 = 1048.15, 定时器报文序号 = 0
******模拟网络环境******：启动定时器, 当前时间 = 1048.15, 定时器报文序号 = 0, 定时器Timeout时间 = 1068.15
发送方：接受ACK后的滑动窗口：
0 1 (2 3 4 5| 6) 7 
******模拟网络环境******：向上递交给应用层数据：QQQQQQQQQQQQQQQQQQQQ
******模拟网络环境******：接收方的确认包将在1051.77到达对方, 确认包为-->seqnum = -1, acknum = 2,checksum = 12849,payload = .....................
接收方：目前返回的ack序号为: 2
发送方：接收到ACK：2
******模拟网络环境******：关闭定时器, 当前时间 = 1051.77, 定时器报文序号 = 0
******模拟网络环境******：启动定时器, 当前时间 = 1051.77, 定时器报文序号 = 0, 定时器Timeout时间 = 1071.77
发送方：接受ACK后的滑动窗口：
0 1 2 (3 4 5| 6 7) 
******模拟网络环境******：接收方的确认包将在1057.88到达对方, 确认包为-->seqnum = -1, acknum = 2,checksum = 12849,payload = .....................
******模拟网络环境******：接收方的确认包将在1071.62到达对方, 确认包为-->seqnum = -1, acknum = 2,checksum = 12849,payload = .....................
******模拟网络环境******：发送方的数据包将在1075.04到达对方, 数据包为-->seqnum = 3, acknum = -1,checksum = 51398,payload = RRRRRRRRRRRRRRRRRRRR
******模拟网络环境******：关闭定时器, 当前时间 = 1071.77, 定时器报文序号 = 0
******模拟网络环境******：启动定时器, 当前时间 = 1071.77, 定时器报文序号 = 0, 定时器Timeout时间 = 1091.77
******模拟网络环境******：向上递交给应用层数据：RRRRRRRRRRRRRRRRRRRR
******模拟网络环境******：接收方的确认包将在1079.34到达对方, 确认包为-->seqnum = -1, acknum = 3,checksum = 12848,payload = .....................
接收方：目前返回的ack序号为: 3
发送方：接收到ACK：3
******模拟网络环境******：关闭定时器, 当前时间 = 1079.34, 定时器报文序号 = 0
******模拟网络环境******：启动定时器, 当前时间 = 1079.34, 定时器报文序号 = 0, 定时器Timeout时间 = 1099.34
发送方：接受ACK后的滑动窗口：
0) 1 2 3 (4 5| 6 7 
******模拟网络环境******：发送方的数据包将在1102.64到达对方, 数据包为-->seqnum = 4, acknum = -1,checksum = 48827,payload = SSSSSSSSSSSSSSSSSSSS
******模拟网络环境******：关闭定时器, 当前时间 = 1099.34, 定时器报文序号 = 0
******模拟网络环境******：启动定时器, 当前时间 = 1099.34, 定时器报文序号 = 0, 定时器Timeout时间 = 1119.34
******模拟网络环境******：向上递交给应用层数据：SSSSSSSSSSSSSSSSSSSS
******模拟网络环境******：接收方的确认包将在1104.08到达对方, 确认包为-->seqnum = -1, acknum = 4,checksum = 12847,payload = .....................
接收方：目前返回的ack序号为: 4
发送方：接收到ACK：4
******模拟网络环境******：关闭定时器, 当前时间 = 1104.08, 定时器报文序号 = 0
发送方：接受ACK后的滑动窗口：
0 1) 2 3 4 (5| 6 7 
发送方：发送前的滑动窗口：
0 1) 2 3 4 (5| 6 7 
******模拟网络环境******：启动定时器, 当前时间 = 1104.13, 定时器报文序号 = 0, 定时器Timeout时间 = 1124.13
******模拟网络环境******：发送方的数据包将在1114.32到达对方, 数据包为-->seqnum = 5, acknum = -1,checksum = 46256,payload = TTTTTTTTTTTTTTTTTTTT
发送方：发送后的滑动窗口：
0 1) 2 3 4 (5 6| 7 
发送方：发送前的滑动窗口：
0 1) 2 3 4 (5 6| 7 
******模拟网络环境******：发送方的数据包将在1117.8到达对方, 数据包为-->seqnum = 6, acknum = -1,checksum = 43685,payload = UUUUUUUUUUUUUUUUUUUU
发送方：发送后的滑动窗口：
0 1) 2 3 4 (5 6 7| 
发送方：发送前的滑动窗口：
0 1) 2 3 4 (5 6 7| 
******模拟网络环境******：发送方的数据包将在1121.54到达对方, 数据包为-->seqnum = 7, acknum = -1,checksum = 41114,payload = VVVVVVVVVVVVVVVVVVVV
发送方：发送后的滑动窗口：
0| 1) 2 3 4 (5 6 7 
发送方：发送前的滑动窗口：
0| 1) 2 3 4 (5 6 7 
******模拟网络环境******：发送方发送的数据包丢失：seqnum = 0, acknum = -1,checksum = 38551,payload = WWWWWWWWWWWWWWWWWWWW
发送方：发送后的滑动窗口：
0 1|) 2 3 4 (5 6 7 
******模拟网络环境******：向上递交给应用层数据：TTTTTTTTTTTTTTTTTTTT
******模拟网络环境******：接收方的确认包将在1124.75到达对方, 确认包为-->seqnum = -1, acknum = 5,checksum = 12846,payload = .....................
接收方：目前返回的ack序号为: 5
******模拟网络环境******：向上递交给应用层数据：UUUUUUUUUUUUUUUUUUUU
******模拟网络环境******：接收方的确认包将在1131.22到达对方, 确认包为-->seqnum = -1, acknum = 6,checksum = 12845,payload = .....................
接收方：目前返回的ack序号为: 6
******模拟网络环境******：向上递交给应用层数据：VVVVVVVVVVVVVVVVVVVV
******模拟网络环境******：接收方发送的确认包丢失：seqnum = -1, acknum = 7,checksum = 12844,payload = .....................
接收方：目前返回的ack序号为: 7
******模拟网络环境******：网络层数据包损坏,损坏的包为-->seqnum = 5, acknum = -1,checksum = 46256,payload = UTTTTTTTTTTTTTTTTTTT
******模拟网络环境******：发送方的数据包将在1132.67到达对方, 数据包为-->seqnum = 5, acknum = -1,checksum = 46256,payload = UTTTTTTTTTTTTTTTTTTT
******模拟网络环境******：关闭定时器, 当前时间 = 1124.13, 定时器报文序号 = 0
******模拟网络环境******：启动定时器, 当前时间 = 1124.13, 定时器报文序号 = 0, 定时器Timeout时间 = 1144.13
发送方：接收到ACK：5
******模拟网络环境******：关闭定时器, 当前时间 = 1124.75, 定时器报文序号 = 0
******模拟网络环境******：启动定时器, 当前时间 = 1124.75, 定时器报文序号 = 0, 定时器Timeout时间 = 1144.75
发送方：接受ACK后的滑动窗口：
0 1| 2) 3 4 5 (6 7 
发送方：接收到ACK：6
******模拟网络环境******：关闭定时器, 当前时间 = 1131.22, 定时器报文序号 = 0
******模拟网络环境******：启动定时器, 当前时间 = 1131.22, 定时器报文序号 = 0, 定时器Timeout时间 = 1151.22
发送方：接受ACK后的滑动窗口：
0 1| 2 3) 4 5 6 (7 
******模拟网络环境******：接收方的确认包将在1141.65到达对方, 确认包为-->seqnum = -1, acknum = 7,checksum = 12844,payload = .....................
发送方：接收到ACK：7
******模拟网络环境******：关闭定时器, 当前时间 = 1141.65, 定时器报文序号 = 0
******模拟网络环境******：启动定时器, 当前时间 = 1141.65, 定时器报文序号 = 0, 定时器Timeout时间 = 1161.65
发送方：接受ACK后的滑动窗口：
(0 1| 2 3 4) 5 6 7 
******模拟网络环境******：发送方的数据包将在1166.49到达对方, 数据包为-->seqnum = 0, acknum = -1,checksum = 38551,payload = WWWWWWWWWWWWWWWWWWWW
******模拟网络环境******：关闭定时器, 当前时间 = 1161.65, 定时器报文序号 = 0
******模拟网络环境******：启动定时器, 当前时间 = 1161.65, 定时器报文序号 = 0, 定时器Timeout时间 = 1181.65
******模拟网络环境******：向上递交给应用层数据：WWWWWWWWWWWWWWWWWWWW
******模拟网络环境******：接收方的确认包将在1175.85到达对方, 确认包为-->seqnum = -1, acknum = 0,checksum = 12851,payload = .....................
接收方：目前返回的ack序号为: 0
发送方：接收到ACK：0
******模拟网络环境******：关闭定时器, 当前时间 = 1175.85, 定时器报文序号 = 0
发送方：接受ACK后的滑动窗口：
0 (1| 2 3 4 5) 6 7 
发送方：发送前的滑动窗口：
0 (1| 2 3 4 5) 6 7 
******模拟网络环境******：启动定时器, 当前时间 = 1176.3, 定时器报文序号 = 0, 定时器Timeout时间 = 1196.3
******模拟网络环境******：发送方的数据包将在1178.51到达对方, 数据包为-->seqnum = 1, acknum = -1,checksum = 35980,payload = XXXXXXXXXXXXXXXXXXXX
发送方：发送后的滑动窗口：
0 (1 2| 3 4 5) 6 7 
发送方：发送前的滑动窗口：
0 (1 2| 3 4 5) 6 7 
******模拟网络环境******：发送方的数据包将在1183.9到达对方, 数据包为-->seqnum = 2, acknum = -1,checksum = 33409,payload = YYYYYYYYYYYYYYYYYYYY
发送方：发送后的滑动窗口：
0 (1 2 3| 4 5) 6 7 
发送方：发送前的滑动窗口：
0 (1 2 3| 4 5) 6 7 
******模拟网络环境******：发送方的数据包将在1193.74到达对方, 数据包为-->seqnum = 3, acknum = -1,checksum = 30838,payload = ZZZZZZZZZZZZZZZZZZZZ
发送方：发送后的滑动窗口：
0 (1 2 3 4| 5) 6 7 
发送方：发送前的滑动窗口：
0 (1 2 3 4| 5) 6 7 
******模拟网络环境******：发送方的数据包将在1201.31到达对方, 数据包为-->seqnum = 4, acknum = -1,checksum = 29552,payload = AAAAAAAAAAAAAAAAAAAA
发送方：发送后的滑动窗口：
0 (1 2 3 4 5|) 6 7 
******模拟网络环境******：向上递交给应用层数据：XXXXXXXXXXXXXXXXXXXX
******模拟网络环境******：接收方的确认包将在1182.92到达对方, 确认包为-->seqnum = -1, acknum = 1,checksum = 12850,payload = .....................
接收方：目前返回的ack序号为: 1
发送方：接收到ACK：1
******模拟网络环境******：关闭定时器, 当前时间 = 1182.92, 定时器报文序号 = 0
******模拟网络环境******：启动定时器, 当前时间 = 1182.92, 定时器报文序号 = 0, 定时器Timeout时间 = 1202.92
发送方：接受ACK后的滑动窗口：
0 1 (2 3 4 5| 6) 7 
******模拟网络环境******：向上递交给应用层数据：YYYYYYYYYYYYYYYYYYYY
******模拟网络环境******：接收方的确认包将在1189.87到达对方, 确认包为-->seqnum = -1, acknum = 2,checksum = 12849,payload = .....................
接收方：目前返回的ack序号为: 2
发送方：接收到ACK：2
******模拟网络环境******：关闭定时器, 当前时间 = 1189.87, 定时器报文序号 = 0
******模拟网络环境******：启动定时器, 当前时间 = 1189.87, 定时器报文序号 = 0, 定时器Timeout时间 = 1209.87
发送方：接受ACK后的滑动窗口：
0 1 2 (3 4 5| 6 7) 
******模拟网络环境******：向上递交给应用层数据：ZZZZZZZZZZZZZZZZZZZZ
******模拟网络环境******：接收方的确认包将在1195.87到达对方, 确认包为-->seqnum = -1, acknum = 3,checksum = 12848,payload = .....................
接收方：目前返回的ack序号为: 3
发送方：接收到ACK：3
******模拟网络环境******：关闭定时器, 当前时间 = 1195.87, 定时器报文序号 = 0
******模拟网络环境******：启动定时器, 当前时间 = 1195.87, 定时器报文序号 = 0, 定时器Timeout时间 = 1215.87
发送方：接受ACK后的滑动窗口：
0) 1 2 3 (4 5| 6 7 
******模拟网络环境******：向上递交给应用层数据：AAAAAAAAAAAAAAAAAAAA
******模拟网络环境******：接收方的确认包将在1207.61到达对方, 确认包为-->seqnum = -1, acknum = 4,checksum = 12847,payload = .....................
接收方：目前返回的ack序号为: 4
发送方：接收到ACK：4
******模拟网络环境******：关闭定时器, 当前时间 = 1207.61, 定时器报文序号 = 0
发送方：接受ACK后的滑动窗口：
0 1) 2 3 4 (5| 6 7 
发送方：发送前的滑动窗口：
0 1) 2 3 4 (5| 6 7 
******模拟网络环境******：启动定时器, 当前时间 = 1207.76, 定时器报文序号 = 0, 定时器Timeout时间 = 1227.76
******模拟网络环境******：发送方的数据包将在1216.16到达对方, 数据包为-->seqnum = 5, acknum = -1,checksum = 26981,payload = BBBBBBBBBBBBBBBBBBBB
发送方：发送后的滑动窗口：
0 1) 2 3 4 (5 6| 7 
发送方：发送前的滑动窗口：
0 1) 2 3 4 (5 6| 7 
******模拟网络环境******：发送方的数据包将在1219.12到达对方, 数据包为-->seqnum = 6, acknum = -1,checksum = 24410,payload = CCCCCCCCCCCCCCCCCCCC
发送方：发送后的滑动窗口：
0 1) 2 3 4 (5 6 7| 
发送方：发送前的滑动窗口：
0 1) 2 3 4 (5 6 7| 
******模拟网络环境******：发送方的数据包将在1228.5到达对方, 数据包为-->seqnum = 7, acknum = -1,checksum = 21839,payload = DDDDDDDDDDDDDDDDDDDD
发送方：发送后的滑动窗口：
0| 1) 2 3 4 (5 6 7 
发送方：发送前的滑动窗口：
0| 1) 2 3 4 (5 6 7 
******模拟网络环境******：网络层数据包损坏,损坏的包为-->seqnum = 0, acknum = -1,checksum = 19276,payload = FEEEEEEEEEEEEEEEEEEE
******模拟网络环境******：发送方的数据包将在1231.5到达对方, 数据包为-->seqnum = 0, acknum = -1,checksum = 19276,payload = FEEEEEEEEEEEEEEEEEEE
发送方：发送后的滑动窗口：
0 1|) 2 3 4 (5 6 7 
******模拟网络环境******：向上递交给应用层数据：BBBBBBBBBBBBBBBBBBBB
******模拟网络环境******：接收方的确认包将在1219.21到达对方, 确认包为-->seqnum = -1, acknum = 5,checksum = 12846,payload = .....................
接收方：目前返回的ack序号为: 5
******模拟网络环境******：向上递交给应用层数据：CCCCCCCCCCCCCCCCCCCC
******模拟网络环境******：接收方的确认包将在1223.88到达对方, 确认包为-->seqnum = -1, acknum = 6,checksum = 12845,payload = .....................
接收方：目前返回的ack序号为: 6
发送方：接收到ACK：5
******模拟网络环境******：关闭定时器, 当前时间 = 1219.21, 定时器报文序号 = 0
******模拟网络环境******：启动定时器, 当前时间 = 1219.21, 定时器报文序号 = 0, 定时器Timeout时间 = 1239.21
发送方：接受ACK后的滑动窗口：
0 1| 2) 3 4 5 (6 7 
发送方：接收到ACK：6
******模拟网络环境******：关闭定时器, 当前时间 = 1223.88, 定时器报文序号 = 0
******模拟网络环境******：启动定时器, 当前时间 = 1223.88, 定时器报文序号 = 0, 定时器Timeout时间 = 1243.88
发送方：接受ACK后的滑动窗口：
0 1| 2 3) 4 5 6 (7 
******模拟网络环境******：向上递交给应用层数据：DDDDDDDDDDDDDDDDDDDD
******模拟网络环境******：接收方的确认包将在1232.21到达对方, 确认包为-->seqnum = -1, acknum = 7,checksum = 12844,payload = .....................
接收方：目前返回的ack序号为: 7
******模拟网络环境******：接收方的确认包将在1234.64到达对方, 确认包为-->seqnum = -1, acknum = 7,checksum = 12844,payload = .....................
发送方：接收到ACK：7
******模拟网络环境******：关闭定时器, 当前时间 = 1232.21, 定时器报文序号 = 0
******模拟网络环境******：启动定时器, 当前时间 = 1232.21, 定时器报文序号 = 0, 定时器Timeout时间 = 1252.21
发送方：接受ACK后的滑动窗口：
(0 1| 2 3 4) 5 6 7 
******模拟网络环境******：发送方的数据包将在1260.26到达对方, 数据包为-->seqnum = 0, acknum = -1,checksum = 19276,payload = EEEEEEEEEEEEEEEEEEEE
******模拟网络环境******：关闭定时器, 当前时间 = 1252.21, 定时器报文序号 = 0
******模拟网络环境******：启动定时器, 当前时间 = 1252.21, 定时器报文序号 = 0, 定时器Timeout时间 = 1272.21
******模拟网络环境******：向上递交给应用层数据：EEEEEEEEEEEEEEEEEEEE
******模拟网络环境******：接收方发送的确认包丢失：seqnum = -1, acknum = 0,checksum = 12851,payload = .....................
接收方：目前返回的ack序号为: 0
******模拟网络环境******：发送方的数据包将在1276.26到达对方, 数据包为-->seqnum = 0, acknum = -1,checksum = 19276,payload = EEEEEEEEEEEEEEEEEEEE
******模拟网络环境******：关闭定时器, 当前时间 = 1272.21, 定时器报文序号 = 0
******模拟网络环境******：启动定时器, 当前时间 = 1272.21, 定时器报文序号 = 0, 定时器Timeout时间 = 1292.21
******模拟网络环境******：接收方的确认包将在1282.95到达对方, 确认包为-->seqnum = -1, acknum = 0,checksum = 12851,payload = .....................
发送方：接收到ACK：0
******模拟网络环境******：关闭定时器, 当前时间 = 1282.95, 定时器报文序号 = 0
发送方：接受ACK后的滑动窗口：
0 (1| 2 3 4 5) 6 7 
发送方：发送前的滑动窗口：
0 (1| 2 3 4 5) 6 7 
******模拟网络环境******：启动定时器, 当前时间 = 1283.08, 定时器报文序号 = 0, 定时器Timeout时间 = 1303.08
******模拟网络环境******：发送方的数据包将在1290.59到达对方, 数据包为-->seqnum = 1, acknum = -1,checksum = 16705,payload = FFFFFFFFFFFFFFFFFFFF
发送方：发送后的滑动窗口：
0 (1 2| 3 4 5) 6 7 
发送方：发送前的滑动窗口：
0 (1 2| 3 4 5) 6 7 
******模拟网络环境******：发送方的数据包将在1294.65到达对方, 数据包为-->seqnum = 2, acknum = -1,checksum = 14134,payload = GGGGGGGGGGGGGGGGGGGG
发送方：发送后的滑动窗口：
0 (1 2 3| 4 5) 6 7 
发送方：发送前的滑动窗口：
0 (1 2 3| 4 5) 6 7 
******模拟网络环境******：网络层数据包损坏,损坏的包为-->seqnum = 3, acknum = -1,checksum = 11563,payload = IHHHHHHHHHHHHHHHHHHH
******模拟网络环境******：发送方的数据包将在1303.62到达对方, 数据包为-->seqnum = 3, acknum = -1,checksum = 11563,payload = IHHHHHHHHHHHHHHHHHHH
发送方：发送后的滑动窗口：
0 (1 2 3 4| 5) 6 7 
发送方：发送前的滑动窗口：
0 (1 2 3 4| 5) 6 7 
******模拟网络环境******：发送方的数据包将在1306.46到达对方, 数据包为-->seqnum = 4, acknum = -1,checksum = 8992,payload = IIIIIIIIIIIIIIIIIIII
发送方：发送后的滑动窗口：
0 (1 2 3 4 5|) 6 7 
******模拟网络环境******：向上递交给应用层数据：FFFFFFFFFFFFFFFFFFFF
******模拟网络环境******：接收方的确认包将在1298.63到达对方, 确认包为-->seqnum = -1, acknum = 1,checksum = 12850,payload = .....................
接收方：目前返回的ack序号为: 1
******模拟网络环境******：向上递交给应用层数据：GGGGGGGGGGGGGGGGGGGG
******模拟网络环境******：接收方的确认包将在1305.04到达对方, 确认包为-->seqnum = -1, acknum = 2,checksum = 12849,payload = .....................
接收方：目前返回的ack序号为: 2
发送方：接收到ACK：1
******模拟网络环境******：关闭定时器, 当前时间 = 1298.63, 定时器报文序号 = 0
******模拟网络环境******：启动定时器, 当前时间 = 1298.63, 定时器报文序号 = 0, 定时器Timeout时间 = 1318.63
发送方：接受ACK后的滑动窗口：
0 1 (2 3 4 5| 6) 7 
******模拟网络环境******：接收方的确认包将在1315.42到达对方, 确认包为-->seqnum = -1, acknum = 2,checksum = 12849,payload = .....................
发送方：接收到ACK：2
******模拟网络环境******：关闭定时器, 当前时间 = 1305.04, 定时器报文序号 = 0
******模拟网络环境******：启动定时器, 当前时间 = 1305.04, 定时器报文序号 = 0, 定时器Timeout时间 = 1325.04
发送方：接受ACK后的滑动窗口：
0 1 2 (3 4 5| 6 7) 
******模拟网络环境******：接收方的确认包将在1324.4到达对方, 确认包为-->seqnum = -1, acknum = 2,checksum = 12849,payload = .....................
******模拟网络环境******：发送方的数据包将在1329.17到达对方, 数据包为-->seqnum = 3, acknum = -1,checksum = 11563,payload = HHHHHHHHHHHHHHHHHHHH
******模拟网络环境******：关闭定时器, 当前时间 = 1325.04, 定时器报文序号 = 0
******模拟网络环境******：启动定时器, 当前时间 = 1325.04, 定时器报文序号 = 0, 定时器Timeout时间 = 1345.04
******模拟网络环境******：向上递交给应用层数据：HHHHHHHHHHHHHHHHHHHH
******模拟网络环境******：接收方的确认包将在1332.49到达对方, 确认包为-->seqnum = -1, acknum = 3,checksum = 12848,payload = .....................
接收方：目前返回的ack序号为: 3
发送方：接收到ACK：3
******模拟网络环境******：关闭定时器, 当前时间 = 1332.49, 定时器报文序号 = 0
******模拟网络环境******：启动定时器, 当前时间 = 1332.49, 定时器报文序号 = 0, 定时器Timeout时间 = 1352.49
发送方：接受ACK后的滑动窗口：
0) 1 2 3 (4 5| 6 7 
******模拟网络环境******：发送方的数据包将在1360.47到达对方, 数据包为-->seqnum = 4, acknum = -1,checksum = 8992,payload = IIIIIIIIIIIIIIIIIIII
******模拟网络环境******：关闭定时器, 当前时间 = 1352.49, 定时器报文序号 = 0
******模拟网络环境******：启动定时器, 当前时间 = 1352.49, 定时器报文序号 = 0, 定时器Timeout时间 = 1372.49
******模拟网络环境******：向上递交给应用层数据：IIIIIIIIIIIIIIIIIIII
******模拟网络环境******：接收方发送的确认包丢失：seqnum = -1, acknum = 4,checksum = 12847,payload = .....................
接收方：目前返回的ack序号为: 4
******模拟网络环境******：发送方的数据包将在1375.38到达对方, 数据包为-->seqnum = 4, acknum = -1,checksum = 8992,payload = IIIIIIIIIIIIIIIIIIII
******模拟网络环境******：关闭定时器, 当前时间 = 1372.49, 定时器报文序号 = 0
******模拟网络环境******：启动定时器, 当前时间 = 1372.49, 定时器报文序号 = 0, 定时器Timeout时间 = 1392.49
******模拟网络环境******：接收方的确认包将在1386.03到达对方, 确认包为-->seqnum = -1, acknum = 4,checksum = 12847,payload = .....................
发送方：接收到ACK：4
******模拟网络环境******：关闭定时器, 当前时间 = 1386.03, 定时器报文序号 = 0
发送方：接受ACK后的滑动窗口：
0 1) 2 3 4 (5| 6 7 
发送方：发送前的滑动窗口：
0 1) 2 3 4 (5| 6 7 
******模拟网络环境******：启动定时器, 当前时间 = 1386.12, 定时器报文序号 = 0, 定时器Timeout时间 = 1406.12
******模拟网络环境******：发送方的数据包将在1387.96到达对方, 数据包为-->seqnum = 5, acknum = -1,checksum = 6421,payload = JJJJJJJJJJJJJJJJJJJJ
发送方：发送后的滑动窗口：
0 1) 2 3 4 (5 6| 7 
发送方：发送前的滑动窗口：
0 1) 2 3 4 (5 6| 7 
******模拟网络环境******：发送方的数据包将在1389.21到达对方, 数据包为-->seqnum = 6, acknum = -1,checksum = 3850,payload = KKKKKKKKKKKKKKKKKKKK
发送方：发送后的滑动窗口：
0 1) 2 3 4 (5 6 7| 
发送方：发送前的滑动窗口：
0 1) 2 3 4 (5 6 7| 
******模拟网络环境******：发送方的数据包将在1397.49到达对方, 数据包为-->seqnum = 7, acknum = -1,checksum = 1279,payload = LLLLLLLLLLLLLLLLLLLL
发送方：发送后的滑动窗口：
0| 1) 2 3 4 (5 6 7 
发送方：发送前的滑动窗口：
0| 1) 2 3 4 (5 6 7 
******模拟网络环境******：发送方的数据包将在1398.62到达对方, 数据包为-->seqnum = 0, acknum = -1,checksum = 64251,payload = MMMMMMMMMMMMMMMMMMMM
发送方：发送后的滑动窗口：
0 1|) 2 3 4 (5 6 7 
******模拟网络环境******：向上递交给应用层数据：JJJJJJJJJJJJJJJJJJJJ
******模拟网络环境******：网络层数据包损坏,损坏的包为-->seqnum = -1, acknum = 5,checksum = 12846,payload = /....................
******模拟网络环境******：接收方的确认包将在1394.2到达对方, 确认包为-->seqnum = -1, acknum = 5,checksum = 12846,payload = /....................
接收方：目前返回的ack序号为: 5
******模拟网络环境******：向上递交给应用层数据：KKKKKKKKKKKKKKKKKKKK
******模拟网络环境******：网络层数据包损坏,损坏的包为-->seqnum = -1, acknum = 6,checksum = 12845,payload = /....................
******模拟网络环境******：接收方的确认包将在1401.7到达对方, 确认包为-->seqnum = -1, acknum = 6,checksum = 12845,payload = /....................
接收方：目前返回的ack序号为: 6
******模拟网络环境******：向上递交给应用层数据：LLLLLLLLLLLLLLLLLLLL
******模拟网络环境******：接收方的确认包将在1402.75到达对方, 确认包为-->seqnum = -1, acknum = 7,checksum = 12844,payload = .....................
接收方：目前返回的ack序号为: 7
******模拟网络环境******：向上递交给应用层数据：MMMMMMMMMMMMMMMMMMMM
******模拟网络环境******：接收方的确认包将在1409.91到达对方, 确认包为-->seqnum = -1, acknum = 0,checksum = 12851,payload = .....................
接收方：目前返回的ack序号为: 0
发送方：接收到ACK：7
******模拟网络环境******：关闭定时器, 当前时间 = 1402.75, 定时器报文序号 = 0
******模拟网络环境******：启动定时器, 当前时间 = 1402.75, 定时器报文序号 = 0, 定时器Timeout时间 = 1422.75
发送方：接受ACK后的滑动窗口：
(0 1| 2 3 4) 5 6 7 
发送方：接收到ACK：0
******模拟网络环境******：关闭定时器, 当前时间 = 1409.91, 定时器报文序号 = 0
发送方：接受ACK后的滑动窗口：
0 (1| 2 3 4 5) 6 7 
发送方：发送前的滑动窗口：
0 (1| 2 3 4 5) 6 7 
******模拟网络环境******：启动定时器, 当前时间 = 1410.02, 定时器报文序号 = 0, 定时器Timeout时间 = 1430.02
******模拟网络环境******：发送方的数据包将在1412.58到达对方, 数据包为-->seqnum = 1, acknum = -1,checksum = 61680,payload = NNNNNNNNNNNNNNNNNNNN
发送方：发送后的滑动窗口：
0 (1 2| 3 4 5) 6 7 
发送方：发送前的滑动窗口：
0 (1 2| 3 4 5) 6 7 
******模拟网络环境******：发送方的数据包将在1417.87到达对方, 数据包为-->seqnum = 2, acknum = -1,checksum = 59109,payload = OOOOOOOOOOOOOOOOOOOO
发送方：发送后的滑动窗口：
0 (1 2 3| 4 5) 6 7 
发送方：发送前的滑动窗口：
0 (1 2 3| 4 5) 6 7 
******模拟网络环境******：发送方的数据包将在1421.62到达对方, 数据包为-->seqnum = 3, acknum = -1,checksum = 56538,payload = PPPPPPPPPPPPPPPPPPPP
发送方：发送后的滑动窗口：
0 (1 2 3 4| 5) 6 7 
发送方：发送前的滑动窗口：
0 (1 2 3 4| 5) 6 7 
******模拟网络环境******：发送方发送的数据包丢失：seqnum = 4, acknum = -1,checksum = 53967,payload = QQQQQQQQQQQQQQQQQQQQ
发送方：发送后的滑动窗口：
0 (1 2 3 4 5|) 6 7 
******模拟网络环境******：向上递交给应用层数据：NNNNNNNNNNNNNNNNNNNN
******模拟网络环境******：网络层数据包损坏,损坏的包为-->seqnum = -1, acknum = 1,checksum = 12850,payload = /....................
******模拟网络环境******：接收方的确认包将在1414.68到达对方, 确认包为-->seqnum = -1, acknum = 1,checksum = 12850,payload = /....................
接收方：目前返回的ack序号为: 1
******模拟网络环境******：向上递交给应用层数据：OOOOOOOOOOOOOOOOOOOO
******模拟网络环境******：接收方的确认包将在1426.88到达对方, 确认包为-->seqnum = -1, acknum = 2,checksum = 12849,payload = .....................
接收方：目前返回的ack序号为: 2
******模拟网络环境******：向上递交给应用层数据：PPPPPPPPPPPPPPPPPPPP
******模拟网络环境******：接收方的确认包将在1431.98到达对方, 确认包为-->seqnum = -1, acknum = 3,checksum = 12848,payload = .....................
接收方：目前返回的ack序号为: 3
发送方：接收到ACK：2
******模拟网络环境******：关闭定时器, 当前时间 = 1426.88, 定时器报文序号 = 0
******模拟网络环境******：启动定时器, 当前时间 = 1426.88, 定时器报文序号 = 0, 定时器Timeout时间 = 1446.88
发送方：接受ACK后的滑动窗口：
0 1 2 (3 4 5| 6 7) 
发送方：接收到ACK：3
******模拟网络环境******：关闭定时器, 当前时间 = 1431.98, 定时器报文序号 = 0
******模拟网络环境******：启动定时器, 当前时间 = 1431.98, 定时器报文序号 = 0, 定时器Timeout时间 = 1451.98
发送方：接受ACK后的滑动窗口：
0) 1 2 3 (4 5| 6 7 
******模拟网络环境******：发送方的数据包将在1462.76到达对方, 数据包为-->seqnum = 4, acknum = -1,checksum = 53967,payload = QQQQQQQQQQQQQQQQQQQQ
******模拟网络环境******：关闭定时器, 当前时间 = 1451.98, 定时器报文序号 = 0
******模拟网络环境******：启动定时器, 当前时间 = 1451.98, 定时器报文序号 = 0, 定时器Timeout时间 = 1471.98
******模拟网络环境******：向上递交给应用层数据：QQQQQQQQQQQQQQQQQQQQ
******模拟网络环境******：接收方的确认包将在1469.25到达对方, 确认包为-->seqnum = -1, acknum = 4,checksum = 12847,payload = .....................
接收方：目前返回的ack序号为: 4
发送方：接收到ACK：4
******模拟网络环境******：关闭定时器, 当前时间 = 1469.25, 定时器报文序号 = 0
发送方：接受ACK后的滑动窗口：
0 1) 2 3 4 (5| 6 7 
发送方：发送前的滑动窗口：
0 1) 2 3 4 (5| 6 7 
******模拟网络环境******：启动定时器, 当前时间 = 1469.44, 定时器报文序号 = 0, 定时器Timeout时间 = 1489.44
******模拟网络环境******：发送方发送的数据包丢失：seqnum = 5, acknum = -1,checksum = 51396,payload = RRRRRRRRRRRRRRRRRRRR
发送方：发送后的滑动窗口：
0 1) 2 3 4 (5 6| 7 
发送方：发送前的滑动窗口：
0 1) 2 3 4 (5 6| 7 
******模拟网络环境******：发送方的数据包将在1477.32到达对方, 数据包为-->seqnum = 6, acknum = -1,checksum = 48825,payload = SSSSSSSSSSSSSSSSSSSS
发送方：发送后的滑动窗口：
0 1) 2 3 4 (5 6 7| 
发送方：发送前的滑动窗口：
0 1) 2 3 4 (5 6 7| 
******模拟网络环境******：发送方的数据包将在1488.09到达对方, 数据包为-->seqnum = 7, acknum = -1,checksum = 46254,payload = TTTTTTTTTTTTTTTTTTTT
发送方：发送后的滑动窗口：
0| 1) 2 3 4 (5 6 7 
发送方：发送前的滑动窗口：
0| 1) 2 3 4 (5 6 7 
******模拟网络环境******：发送方的数据包将在1496.65到达对方, 数据包为-->seqnum = 0, acknum = -1,checksum = 43691,payload = UUUUUUUUUUUUUUUUUUUU
发送方：发送后的滑动窗口：
0 1|) 2 3 4 (5 6 7 
******模拟网络环境******：接收方的确认包将在1484.02到达对方, 确认包为-->seqnum = -1, acknum = 4,checksum = 12847,payload = .....................
******模拟网络环境******：接收方的确认包将在1494.13到达对方, 确认包为-->seqnum = -1, acknum = 4,checksum = 12847,payload = .....................
******模拟网络环境******：网络层数据包损坏,损坏的包为-->seqnum = 5, acknum = -1,checksum = 51396,payload = SRRRRRRRRRRRRRRRRRRR
******模拟网络环境******：发送方的数据包将在1499.37到达对方, 数据包为-->seqnum = 5, acknum = -1,checksum = 51396,payload = SRRRRRRRRRRRRRRRRRRR
******模拟网络环境******：关闭定时器, 当前时间 = 1489.44, 定时器报文序号 = 0
******模拟网络环境******：启动定时器, 当前时间 = 1489.44, 定时器报文序号 = 0, 定时器Timeout时间 = 1509.44
******模拟网络环境******：接收方的确认包将在1498.71到达对方, 确认包为-->seqnum = -1, acknum = 4,checksum = 12847,payload = .....................
******模拟网络环境******：接收方的确认包将在1504.31到达对方, 确认包为-->seqnum = -1, acknum = 4,checksum = 12847,payload = .....................
******模拟网络环境******：发送方的数据包将在1519到达对方, 数据包为-->seqnum = 5, acknum = -1,checksum = 51396,payload = RRRRRRRRRRRRRRRRRRRR
******模拟网络环境******：关闭定时器, 当前时间 = 1509.44, 定时器报文序号 = 0
******模拟网络环境******：启动定时器, 当前时间 = 1509.44, 定时器报文序号 = 0, 定时器Timeout时间 = 1529.44
******模拟网络环境******：向上递交给应用层数据：RRRRRRRRRRRRRRRRRRRR
******模拟网络环境******：接收方的确认包将在1523.72到达对方, 确认包为-->seqnum = -1, acknum = 5,checksum = 12846,payload = .....................
接收方：目前返回的ack序号为: 5
发送方：接收到ACK：5
******模拟网络环境******：关闭定时器, 当前时间 = 1523.72, 定时器报文序号 = 0
******模拟网络环境******：启动定时器, 当前时间 = 1523.72, 定时器报文序号 = 0, 定时器Timeout时间 = 1543.72
发送方：接受ACK后的滑动窗口：
0 1| 2) 3 4 5 (6 7 
******模拟网络环境******：发送方的数据包将在1546.63到达对方, 数据包为-->seqnum = 6, acknum = -1,checksum = 48825,payload = SSSSSSSSSSSSSSSSSSSS
******模拟网络环境******：关闭定时器, 当前时间 = 1543.72, 定时器报文序号 = 0
******模拟网络环境******：启动定时器, 当前时间 = 1543.72, 定时器报文序号 = 0, 定时器Timeout时间 = 1563.72
******模拟网络环境******：向上递交给应用层数据：SSSSSSSSSSSSSSSSSSSS
******模拟网络环境******：接收方发送的确认包丢失：seqnum = -1, acknum = 6,checksum = 12845,payload = .....................
接收方：目前返回的ack序号为: 6
******模拟网络环境******：发送方的数据包将在1574.03到达对方, 数据包为-->seqnum = 6, acknum = -1,checksum = 48825,payload = SSSSSSSSSSSSSSSSSSSS
******模拟网络环境******：关闭定时器, 当前时间 = 1563.72, 定时器报文序号 = 0
******模拟网络环境******：启动定时器, 当前时间 = 1563.72, 定时器报文序号 = 0, 定时器Timeout时间 = 1583.72
******模拟网络环境******：接收方的确认包将在1583.65到达对方, 确认包为-->seqnum = -1, acknum = 6,checksum = 12845,payload = .....................
发送方：接收到ACK：6
******模拟网络环境******：关闭定时器, 当前时间 = 1583.65, 定时器报文序号 = 0
******模拟网络环境******：启动定时器, 当前时间 = 1583.65, 定时器报文序号 = 0, 定时器Timeout时间 = 1603.65
发送方：接受ACK后的滑动窗口：
0 1| 2 3) 4 5 6 (7 
******模拟网络环境******：发送方的数据包将在1614.07到达对方, 数据包为-->seqnum = 7, acknum = -1,checksum = 46254,payload = TTTTTTTTTTTTTTTTTTTT
******模拟网络环境******：关闭定时器, 当前时间 = 1603.65, 定时器报文序号 = 0
******模拟网络环境******：启动定时器, 当前时间 = 1603.65, 定时器报文序号 = 0, 定时器Timeout时间 = 1623.65
******模拟网络环境******：向上递交给应用层数据：TTTTTTTTTTTTTTTTTTTT
******模拟网络环境******：接收方的确认包将在1624.25到达对方, 确认包为-->seqnum = -1, acknum = 7,checksum = 12844,payload = .....................
接收方：目前返回的ack序号为: 7
******模拟网络环境******：发送方的数据包将在1629.65到达对方, 数据包为-->seqnum = 7, acknum = -1,checksum = 46254,payload = TTTTTTTTTTTTTTTTTTTT
******模拟网络环境******：关闭定时器, 当前时间 = 1623.65, 定时器报文序号 = 0
******模拟网络环境******：启动定时器, 当前时间 = 1623.65, 定时器报文序号 = 0, 定时器Timeout时间 = 1643.65
发送方：接收到ACK：7
******模拟网络环境******：关闭定时器, 当前时间 = 1624.25, 定时器报文序号 = 0
******模拟网络环境******：启动定时器, 当前时间 = 1624.25, 定时器报文序号 = 0, 定时器Timeout时间 = 1644.25
发送方：接受ACK后的滑动窗口：
(0 1| 2 3 4) 5 6 7 
******模拟网络环境******：接收方的确认包将在1633.44到达对方, 确认包为-->seqnum = -1, acknum = 7,checksum = 12844,payload = .....................
******模拟网络环境******：发送方的数据包将在1646.42到达对方, 数据包为-->seqnum = 0, acknum = -1,checksum = 43691,payload = UUUUUUUUUUUUUUUUUUUU
******模拟网络环境******：关闭定时器, 当前时间 = 1644.25, 定时器报文序号 = 0
******模拟网络环境******：启动定时器, 当前时间 = 1644.25, 定时器报文序号 = 0, 定时器Timeout时间 = 1664.25
******模拟网络环境******：向上递交给应用层数据：UUUUUUUUUUUUUUUUUUUU
******模拟网络环境******：接收方的确认包将在1654.67到达对方, 确认包为-->seqnum = -1, acknum = 0,checksum = 12851,payload = .....................
接收方：目前返回的ack序号为: 0
发送方：接收到ACK：0
******模拟网络环境******：关闭定时器, 当前时间 = 1654.67, 定时器报文序号 = 0
发送方：接受ACK后的滑动窗口：
0 (1| 2 3 4 5) 6 7 
发送方：发送前的滑动窗口：
0 (1| 2 3 4 5) 6 7 
******模拟网络环境******：启动定时器, 当前时间 = 1655.31, 定时器报文序号 = 0, 定时器Timeout时间 = 1675.31
******模拟网络环境******：发送方的数据包将在1656.83到达对方, 数据包为-->seqnum = 1, acknum = -1,checksum = 41120,payload = VVVVVVVVVVVVVVVVVVVV
发送方：发送后的滑动窗口：
0 (1 2| 3 4 5) 6 7 
发送方：发送前的滑动窗口：
0 (1 2| 3 4 5) 6 7 
******模拟网络环境******：发送方的数据包将在1657.93到达对方, 数据包为-->seqnum = 2, acknum = -1,checksum = 38549,payload = WWWWWWWWWWWWWWWWWWWW
发送方：发送后的滑动窗口：
0 (1 2 3| 4 5) 6 7 
发送方：发送前的滑动窗口：
0 (1 2 3| 4 5) 6 7 
******模拟网络环境******：发送方的数据包将在1659.42到达对方, 数据包为-->seqnum = 3, acknum = -1,checksum = 35978,payload = XXXXXXXXXXXXXXXXXXXX
发送方：发送后的滑动窗口：
0 (1 2 3 4| 5) 6 7 
发送方：发送前的滑动窗口：
0 (1 2 3 4| 5) 6 7 
******模拟网络环境******：发送方的数据包将在1668.84到达对方, 数据包为-->seqnum = 4, acknum = -1,checksum = 33407,payload = YYYYYYYYYYYYYYYYYYYY
发送方：发送后的滑动窗口：
0 (1 2 3 4 5|) 6 7 
******模拟网络环境******：向上递交给应用层数据：VVVVVVVVVVVVVVVVVVVV
******模拟网络环境******：接收方的确认包将在1664.38到达对方, 确认包为-->seqnum = -1, acknum = 1,checksum = 12850,payload = .....................
接收方：目前返回的ack序号为: 1
******模拟网络环境******：向上递交给应用层数据：WWWWWWWWWWWWWWWWWWWW
******模拟网络环境******：接收方的确认包将在1668.22到达对方, 确认包为-->seqnum = -1, acknum = 2,checksum = 12849,payload = .....................
接收方：目前返回的ack序号为: 2
******模拟网络环境******：向上递交给应用层数据：XXXXXXXXXXXXXXXXXXXX
******模拟网络环境******：接收方的确认包将在1673.51到达对方, 确认包为-->seqnum = -1, acknum = 3,checksum = 12848,payload = .....................
接收方：目前返回的ack序号为: 3
发送方：接收到ACK：1
******模拟网络环境******：关闭定时器, 当前时间 = 1664.38, 定时器报文序号 = 0
******模拟网络环境******：启动定时器, 当前时间 = 1664.38, 定时器报文序号 = 0, 定时器Timeout时间 = 1684.38
发送方：接受ACK后的滑动窗口：
0 1 (2 3 4 5| 6) 7 
发送方：接收到ACK：2
******模拟网络环境******：关闭定时器, 当前时间 = 1668.22, 定时器报文序号 = 0
******模拟网络环境******：启动定时器, 当前时间 = 1668.22, 定时器报文序号 = 0, 定时器Timeout时间 = 1688.22
发送方：接受ACK后的滑动窗口：
0 1 2 (3 4 5| 6 7) 
******模拟网络环境******：向上递交给应用层数据：YYYYYYYYYYYYYYYYYYYY
******模拟网络环境******：网络层数据包损坏,损坏的包为-->seqnum = -999999, acknum = 4,checksum = 12847,payload = .....................
******模拟网络环境******：接收方的确认包将在1677.89到达对方, 确认包为-->seqnum = -999999, acknum = 4,checksum = 12847,payload = .....................
接收方：目前返回的ack序号为: 4
发送方：接收到ACK：3
******模拟网络环境******：关闭定时器, 当前时间 = 1673.51, 定时器报文序号 = 0
******模拟网络环境******：启动定时器, 当前时间 = 1673.51, 定时器报文序号 = 0, 定时器Timeout时间 = 1693.51
发送方：接受ACK后的滑动窗口：
0) 1 2 3 (4 5| 6 7 
******模拟网络环境******：发送方的数据包将在1704.06到达对方, 数据包为-->seqnum = 4, acknum = -1,checksum = 33407,payload = YYYYYYYYYYYYYYYYYYYY
******模拟网络环境******：关闭定时器, 当前时间 = 1693.51, 定时器报文序号 = 0
******模拟网络环境******：启动定时器, 当前时间 = 1693.51, 定时器报文序号 = 0, 定时器Timeout时间 = 1713.51
******模拟网络环境******：接收方的确认包将在1714.17到达对方, 确认包为-->seqnum = -1, acknum = 4,checksum = 12847,payload = .....................
******模拟网络环境******：发送方的数据包将在1720.66到达对方, 数据包为-->seqnum = 4, acknum = -1,checksum = 33407,payload = YYYYYYYYYYYYYYYYYYYY
******模拟网络环境******：关闭定时器, 当前时间 = 1713.51, 定时器报文序号 = 0
******模拟网络环境******：启动定时器, 当前时间 = 1713.51, 定时器报文序号 = 0, 定时器Timeout时间 = 1733.51
发送方：接收到ACK：4
******模拟网络环境******：关闭定时器, 当前时间 = 1714.17, 定时器报文序号 = 0
发送方：接受ACK后的滑动窗口：
0 1) 2 3 4 (5| 6 7 
******模拟网络环境******：网络层数据包损坏,损坏的包为-->seqnum = -1, acknum = 4,checksum = 12847,payload = /....................
******模拟网络环境******：接收方的确认包将在1724.8到达对方, 确认包为-->seqnum = -1, acknum = 4,checksum = 12847,payload = /....................
发送方：发送前的滑动窗口：
0 1) 2 3 4 (5| 6 7 
******模拟网络环境******：启动定时器, 当前时间 = 1726.41, 定时器报文序号 = 0, 定时器Timeout时间 = 1746.41
******模拟网络环境******：发送方的数据包将在1733.34到达对方, 数据包为-->seqnum = 5, acknum = -1,checksum = 30836,payload = ZZZZZZZZZZZZZZZZZZZZ
发送方：发送后的滑动窗口：
0 1) 2 3 4 (5 6| 7 
发送方：发送前的滑动窗口：
0 1) 2 3 4 (5 6| 7 
******模拟网络环境******：发送方的数据包将在1737.34到达对方, 数据包为-->seqnum = 6, acknum = -1,checksum = 29550,payload = AAAAAAAAAAAAAAAAAAAA
发送方：发送后的滑动窗口：
0 1) 2 3 4 (5 6 7| 
发送方：发送前的滑动窗口：
0 1) 2 3 4 (5 6 7| 
******模拟网络环境******：发送方的数据包将在1740.52到达对方, 数据包为-->seqnum = 7, acknum = -1,checksum = 26979,payload = BBBBBBBBBBBBBBBBBBBB
发送方：发送后的滑动窗口：
0| 1) 2 3 4 (5 6 7 
发送方：发送前的滑动窗口：
0| 1) 2 3 4 (5 6 7 
******模拟网络环境******：发送方的数据包将在1742.11到达对方, 数据包为-->seqnum = 0, acknum = -1,checksum = 24416,payload = CCCCCCCCCCCCCCCCCCCC
发送方：发送后的滑动窗口：
0 1|) 2 3 4 (5 6 7 
******模拟网络环境******：向上递交给应用层数据：ZZZZZZZZZZZZZZZZZZZZ
******模拟网络环境******：接收方发送的确认包丢失：seqnum = -1, acknum = 5,checksum = 12846,payload = .....................
接收方：目前返回的ack序号为: 5
******模拟网络环境******：向上递交给应用层数据：AAAAAAAAAAAAAAAAAAAA
******模拟网络环境******：网络层数据包损坏,损坏的包为-->seqnum = -1, acknum = 6,checksum = 12845,payload = /....................
******模拟网络环境******：接收方的确认包将在1746.56到达对方, 确认包为-->seqnum = -1, acknum = 6,checksum = 12845,payload = /....................
接收方：目前返回的ack序号为: 6
******模拟网络环境******：向上递交给应用层数据：BBBBBBBBBBBBBBBBBBBB
******模拟网络环境******：接收方的确认包将在1756.46到达对方, 确认包为-->seqnum = -1, acknum = 7,checksum = 12844,payload = .....................
接收方：目前返回的ack序号为: 7
******模拟网络环境******：向上递交给应用层数据：CCCCCCCCCCCCCCCCCCCC
******模拟网络环境******：网络层数据包损坏,损坏的包为-->seqnum = -1, acknum = 0,checksum = 12851,payload = /....................
******模拟网络环境******：接收方的确认包将在1764.56到达对方, 确认包为-->seqnum = -1, acknum = 0,checksum = 12851,payload = /....................
接收方：目前返回的ack序号为: 0
******模拟网络环境******：发送方的数据包将在1751.59到达对方, 数据包为-->seqnum = 5, acknum = -1,checksum = 30836,payload = ZZZZZZZZZZZZZZZZZZZZ
******模拟网络环境******：关闭定时器, 当前时间 = 1746.41, 定时器报文序号 = 0
******模拟网络环境******：启动定时器, 当前时间 = 1746.41, 定时器报文序号 = 0, 定时器Timeout时间 = 1766.41
******模拟网络环境******：接收方的确认包将在1767.07到达对方, 确认包为-->seqnum = -1, acknum = 0,checksum = 12851,payload = .....................
发送方：接收到ACK：7
******模拟网络环境******：关闭定时器, 当前时间 = 1756.46, 定时器报文序号 = 0
******模拟网络环境******：启动定时器, 当前时间 = 1756.46, 定时器报文序号 = 0, 定时器Timeout时间 = 1776.46
发送方：接受ACK后的滑动窗口：
(0 1| 2 3 4) 5 6 7 
发送方：接收到ACK：0
******模拟网络环境******：关闭定时器, 当前时间 = 1767.07, 定时器报文序号 = 0
发送方：接受ACK后的滑动窗口：
0 (1| 2 3 4 5) 6 7 
发送方：发送前的滑动窗口：
0 (1| 2 3 4 5) 6 7 
******模拟网络环境******：启动定时器, 当前时间 = 1767.23, 定时器报文序号 = 0, 定时器Timeout时间 = 1787.23
******模拟网络环境******：发送方的数据包将在1776.28到达对方, 数据包为-->seqnum = 1, acknum = -1,checksum = 21845,payload = DDDDDDDDDDDDDDDDDDDD
发送方：发送后的滑动窗口：
0 (1 2| 3 4 5) 6 7 
发送方：发送前的滑动窗口：
0 (1 2| 3 4 5) 6 7 
******模拟网络环境******：发送方发送的数据包丢失：seqnum = 2, acknum = -1,checksum = 19274,payload = EEEEEEEEEEEEEEEEEEEE
发送方：发送后的滑动窗口：
0 (1 2 3| 4 5) 6 7 
发送方：发送前的滑动窗口：
0 (1 2 3| 4 5) 6 7 
******模拟网络环境******：发送方的数据包将在1777.74到达对方, 数据包为-->seqnum = 3, acknum = -1,checksum = 16703,payload = FFFFFFFFFFFFFFFFFFFF
发送方：发送后的滑动窗口：
0 (1 2 3 4| 5) 6 7 
发送方：发送前的滑动窗口：
0 (1 2 3 4| 5) 6 7 
******模拟网络环境******：发送方的数据包将在1781.24到达对方, 数据包为-->seqnum = 4, acknum = -1,checksum = 14132,payload = GGGGGGGGGGGGGGGGGGGG
发送方：发送后的滑动窗口：
0 (1 2 3 4 5|) 6 7 
******模拟网络环境******：向上递交给应用层数据：DDDDDDDDDDDDDDDDDDDD
******模拟网络环境******：接收方的确认包将在1779.76到达对方, 确认包为-->seqnum = -1, acknum = 1,checksum = 12850,payload = .....................
接收方：目前返回的ack序号为: 1
******模拟网络环境******：接收方的确认包将在1783.1到达对方, 确认包为-->seqnum = -1, acknum = 1,checksum = 12850,payload = .....................
发送方：接收到ACK：1
******模拟网络环境******：关闭定时器, 当前时间 = 1779.76, 定时器报文序号 = 0
******模拟网络环境******：启动定时器, 当前时间 = 1779.76, 定时器报文序号 = 0, 定时器Timeout时间 = 1799.76
发送方：接受ACK后的滑动窗口：
0 1 (2 3 4 5| 6) 7 
******模拟网络环境******：接收方的确认包将在1790.93到达对方, 确认包为-->seqnum = -1, acknum = 1,checksum = 12850,payload = .....................
******模拟网络环境******：发送方的数据包将在1808.43到达对方, 数据包为-->seqnum = 2, acknum = -1,checksum = 19274,payload = EEEEEEEEEEEEEEEEEEEE
******模拟网络环境******：关闭定时器, 当前时间 = 1799.76, 定时器报文序号 = 0
******模拟网络环境******：启动定时器, 当前时间 = 1799.76, 定时器报文序号 = 0, 定时器Timeout时间 = 1819.76
******模拟网络环境******：向上递交给应用层数据：EEEEEEEEEEEEEEEEEEEE
******模拟网络环境******：网络层数据包损坏,损坏的包为-->seqnum = -1, acknum = 2,checksum = 12849,payload = /....................
******模拟网络环境******：接收方的确认包将在1813.55到达对方, 确认包为-->seqnum = -1, acknum = 2,checksum = 12849,payload = /....................
接收方：目前返回的ack序号为: 2
******模拟网络环境******：发送方发送的数据包丢失：seqnum = 2, acknum = -1,checksum = 19274,payload = EEEEEEEEEEEEEEEEEEEE
******模拟网络环境******：关闭定时器, 当前时间 = 1819.76, 定时器报文序号 = 0
******模拟网络环境******：启动定时器, 当前时间 = 1819.76, 定时器报文序号 = 0, 定时器Timeout时间 = 1839.76
******模拟网络环境******：网络层数据包损坏,损坏的包为-->seqnum = 2, acknum = -1,checksum = 19274,payload = FEEEEEEEEEEEEEEEEEEE
******模拟网络环境******：发送方的数据包将在1842.24到达对方, 数据包为-->seqnum = 2, acknum = -1,checksum = 19274,payload = FEEEEEEEEEEEEEEEEEEE
******模拟网络环境******：关闭定时器, 当前时间 = 1839.76, 定时器报文序号 = 0
******模拟网络环境******：启动定时器, 当前时间 = 1839.76, 定时器报文序号 = 0, 定时器Timeout时间 = 1859.76
******模拟网络环境******：接收方的确认包将在1848.58到达对方, 确认包为-->seqnum = -1, acknum = 2,checksum = 12849,payload = .....................
发送方：接收到ACK：2
******模拟网络环境******：关闭定时器, 当前时间 = 1848.58, 定时器报文序号 = 0
******模拟网络环境******：启动定时器, 当前时间 = 1848.58, 定时器报文序号 = 0, 定时器Timeout时间 = 1868.58
发送方：接受ACK后的滑动窗口：
0 1 2 (3 4 5| 6 7) 
******模拟网络环境******：发送方的数据包将在1876.29到达对方, 数据包为-->seqnum = 3, acknum = -1,checksum = 16703,payload = FFFFFFFFFFFFFFFFFFFF
******模拟网络环境******：关闭定时器, 当前时间 = 1868.58, 定时器报文序号 = 0
******模拟网络环境******：启动定时器, 当前时间 = 1868.58, 定时器报文序号 = 0, 定时器Timeout时间 = 1888.58
******模拟网络环境******：向上递交给应用层数据：FFFFFFFFFFFFFFFFFFFF
******模拟网络环境******：网络层数据包损坏,损坏的包为-->seqnum = -999999, acknum = 3,checksum = 12848,payload = .....................
******模拟网络环境******：接收方的确认包将在1885.54到达对方, 确认包为-->seqnum = -999999, acknum = 3,checksum = 12848,payload = .....................
接收方：目前返回的ack序号为: 3
******模拟网络环境******：发送方的数据包将在1896.44到达对方, 数据包为-->seqnum = 3, acknum = -1,checksum = 16703,payload = FFFFFFFFFFFFFFFFFFFF
******模拟网络环境******：关闭定时器, 当前时间 = 1888.58, 定时器报文序号 = 0
******模拟网络环境******：启动定时器, 当前时间 = 1888.58, 定时器报文序号 = 0, 定时器Timeout时间 = 1908.58
******模拟网络环境******：接收方的确认包将在1906.01到达对方, 确认包为-->seqnum = -1, acknum = 3,checksum = 12848,payload = .....................
发送方：接收到ACK：3
******模拟网络环境******：关闭定时器, 当前时间 = 1906.01, 定时器报文序号 = 0
******模拟网络环境******：启动定时器, 当前时间 = 1906.01, 定时器报文序号 = 0, 定时器Timeout时间 = 1926.01
发送方：接受ACK后的滑动窗口：
0) 1 2 3 (4 5| 6 7 
******模拟网络环境******：发送方的数据包将在1932.16到达对方, 数据包为-->seqnum = 4, acknum = -1,checksum = 14132,payload = GGGGGGGGGGGGGGGGGGGG
******模拟网络环境******：关闭定时器, 当前时间 = 1926.01, 定时器报文序号 = 0
******模拟网络环境******：启动定时器, 当前时间 = 1926.01, 定时器报文序号 = 0, 定时器Timeout时间 = 1946.01
******模拟网络环境******：向上递交给应用层数据：GGGGGGGGGGGGGGGGGGGG
******模拟网络环境******：接收方的确认包将在1937.75到达对方, 确认包为-->seqnum = -1, acknum = 4,checksum = 12847,payload = .....................
接收方：目前返回的ack序号为: 4
发送方：接收到ACK：4
******模拟网络环境******：关闭定时器, 当前时间 = 1937.75, 定时器报文序号 = 0
发送方：接受ACK后的滑动窗口：
0 1) 2 3 4 (5| 6 7 
发送方：发送前的滑动窗口：
0 1) 2 3 4 (5| 6 7 
******模拟网络环境******：启动定时器, 当前时间 = 1938.13, 定时器报文序号 = 0, 定时器Timeout时间 = 1958.13
******模拟网络环境******：发送方的数据包将在1945.51到达对方, 数据包为-->seqnum = 5, acknum = -1,checksum = 11561,payload = HHHHHHHHHHHHHHHHHHHH
发送方：发送后的滑动窗口：
0 1) 2 3 4 (5 6| 7 
发送方：发送前的滑动窗口：
0 1) 2 3 4 (5 6| 7 
******模拟网络环境******：发送方的数据包将在1953.69到达对方, 数据包为-->seqnum = 6, acknum = -1,checksum = 8990,payload = IIIIIIIIIIIIIIIIIIII
发送方：发送后的滑动窗口：
0 1) 2 3 4 (5 6 7| 
发送方：发送前的滑动窗口：
0 1) 2 3 4 (5 6 7| 
******模拟网络环境******：发送方的数据包将在1955.66到达对方, 数据包为-->seqnum = 7, acknum = -1,checksum = 6419,payload = JJJJJJJJJJJJJJJJJJJJ
发送方：发送后的滑动窗口：
0| 1) 2 3 4 (5 6 7 
发送方：发送前的滑动窗口：
0| 1) 2 3 4 (5 6 7 
******模拟网络环境******：发送方的数据包将在1966.1到达对方, 数据包为-->seqnum = 0, acknum = -1,checksum = 3856,payload = KKKKKKKKKKKKKKKKKKKK
发送方：发送后的滑动窗口：
0 1|) 2 3 4 (5 6 7 
******模拟网络环境******：向上递交给应用层数据：HHHHHHHHHHHHHHHHHHHH
******模拟网络环境******：接收方的确认包将在1947.76到达对方, 确认包为-->seqnum = -1, acknum = 5,checksum = 12846,payload = .....................
接收方：目前返回的ack序号为: 5
发送方：接收到ACK：5
******模拟网络环境******：关闭定时器, 当前时间 = 1947.76, 定时器报文序号 = 0
******模拟网络环境******：启动定时器, 当前时间 = 1947.76, 定时器报文序号 = 0, 定时器Timeout时间 = 1967.76
发送方：接受ACK后的滑动窗口：
0 1| 2) 3 4 5 (6 7 
******模拟网络环境******：向上递交给应用层数据：IIIIIIIIIIIIIIIIIIII
******模拟网络环境******：接收方的确认包将在1963.65到达对方, 确认包为-->seqnum = -1, acknum = 6,checksum = 12845,payload = .....................
接收方：目前返回的ack序号为: 6
******模拟网络环境******：向上递交给应用层数据：JJJJJJJJJJJJJJJJJJJJ
******模拟网络环境******：接收方的确认包将在1969.42到达对方, 确认包为-->seqnum = -1, acknum = 7,checksum = 12844,payload = .....................
接收方：目前返回的ack序号为: 7
发送方：接收到ACK：6
******模拟网络环境******：关闭定时器, 当前时间 = 1963.65, 定时器报文序号 = 0
******模拟网络环境******：启动定时器, 当前时间 = 1963.65, 定时器报文序号 = 0, 定时器Timeout时间 = 1983.65
发送方：接受ACK后的滑动窗口：
0 1| 2 3) 4 5 6 (7 
******模拟网络环境******：向上递交给应用层数据：KKKKKKKKKKKKKKKKKKKK
******模拟网络环境******：接收方的确认包将在1973.54到达对方, 确认包为-->seqnum = -1, acknum = 0,checksum = 12851,payload = .....................
接收方：目前返回的ack序号为: 0
发送方：接收到ACK：7
******模拟网络环境******：关闭定时器, 当前时间 = 1969.42, 定时器报文序号 = 0
******模拟网络环境******：启动定时器, 当前时间 = 1969.42, 定时器报文序号 = 0, 定时器Timeout时间 = 1989.42
发送方：接受ACK后的滑动窗口：
(0 1| 2 3 4) 5 6 7 
发送方：接收到ACK：0
******模拟网络环境******：关闭定时器, 当前时间 = 1973.54, 定时器报文序号 = 0
发送方：接受ACK后的滑动窗口：
0 (1| 2 3 4 5) 6 7 
发送方：发送前的滑动窗口：
0 (1| 2 3 4 5) 6 7 
******模拟网络环境******：启动定时器, 当前时间 = 1974.16, 定时器报文序号 = 0, 定时器Timeout时间 = 1994.16
******模拟网络环境******：发送方的数据包将在1981.56到达对方, 数据包为-->seqnum = 1, acknum = -1,checksum = 1285,payload = LLLLLLLLLLLLLLLLLLLL
发送方：发送后的滑动窗口：
0 (1 2| 3 4 5) 6 7 
发送方：发送前的滑动窗口：
0 (1 2| 3 4 5) 6 7 
******模拟网络环境******：发送方的数据包将在1987.74到达对方, 数据包为-->seqnum = 2, acknum = -1,checksum = 64249,payload = MMMMMMMMMMMMMMMMMMMM
发送方：发送后的滑动窗口：
0 (1 2 3| 4 5) 6 7 
发送方：发送前的滑动窗口：
0 (1 2 3| 4 5) 6 7 
******模拟网络环境******：网络层数据包损坏,损坏的包为-->seqnum = 3, acknum = -1,checksum = 61678,payload = ONNNNNNNNNNNNNNNNNNN
******模拟网络环境******：发送方的数据包将在1992.25到达对方, 数据包为-->seqnum = 3, acknum = -1,checksum = 61678,payload = ONNNNNNNNNNNNNNNNNNN
发送方：发送后的滑动窗口：
0 (1 2 3 4| 5) 6 7 
发送方：发送前的滑动窗口：
0 (1 2 3 4| 5) 6 7 
******模拟网络环境******：发送方的数据包将在1993.32到达对方, 数据包为-->seqnum = 4, acknum = -1,checksum = 59107,payload = OOOOOOOOOOOOOOOOOOOO
发送方：发送后的滑动窗口：
0 (1 2 3 4 5|) 6 7 
******模拟网络环境******：向上递交给应用层数据：LLLLLLLLLLLLLLLLLLLL
******模拟网络环境******：接收方的确认包将在1983.65到达对方, 确认包为-->seqnum = -1, acknum = 1,checksum = 12850,payload = .....................
接收方：目前返回的ack序号为: 1
发送方：接收到ACK：1
******模拟网络环境******：关闭定时器, 当前时间 = 1983.65, 定时器报文序号 = 0
******模拟网络环境******：启动定时器, 当前时间 = 1983.65, 定时器报文序号 = 0, 定时器Timeout时间 = 2003.65
发送方：接受ACK后的滑动窗口：
0 1 (2 3 4 5| 6) 7 
******模拟网络环境******：向上递交给应用层数据：MMMMMMMMMMMMMMMMMMMM
******模拟网络环境******：接收方的确认包将在1989.08到达对方, 确认包为-->seqnum = -1, acknum = 2,checksum = 12849,payload = .....................
接收方：目前返回的ack序号为: 2
发送方：接收到ACK：2
******模拟网络环境******：关闭定时器, 当前时间 = 1989.08, 定时器报文序号 = 0
******模拟网络环境******：启动定时器, 当前时间 = 1989.08, 定时器报文序号 = 0, 定时器Timeout时间 = 2009.08
发送方：接受ACK后的滑动窗口：
0 1 2 (3 4 5| 6 7) 
******模拟网络环境******：接收方的确认包将在2000.42到达对方, 确认包为-->seqnum = -1, acknum = 2,checksum = 12849,payload = .....................
******模拟网络环境******：接收方的确认包将在2003.1到达对方, 确认包为-->seqnum = -1, acknum = 2,checksum = 12849,payload = .....................
******模拟网络环境******：发送方的数据包将在2013.91到达对方, 数据包为-->seqnum = 3, acknum = -1,checksum = 61678,payload = NNNNNNNNNNNNNNNNNNNN
******模拟网络环境******：关闭定时器, 当前时间 = 2009.08, 定时器报文序号 = 0
******模拟网络环境******：启动定时器, 当前时间 = 2009.08, 定时器报文序号 = 0, 定时器Timeout时间 = 2029.08
******模拟网络环境******：向上递交给应用层数据：NNNNNNNNNNNNNNNNNNNN
******模拟网络环境******：接收方的确认包将在2022.69到达对方, 确认包为-->seqnum = -1, acknum = 3,checksum = 12848,payload = .....................
接收方：目前返回的ack序号为: 3
发送方：接收到ACK：3
******模拟网络环境******：关闭定时器, 当前时间 = 2022.69, 定时器报文序号 = 0
******模拟网络环境******：启动定时器, 当前时间 = 2022.69, 定时器报文序号 = 0, 定时器Timeout时间 = 2042.69
发送方：接受ACK后的滑动窗口：
0) 1 2 3 (4 5| 6 7 
******模拟网络环境******：发送方发送的数据包丢失：seqnum = 4, acknum = -1,checksum = 59107,payload = OOOOOOOOOOOOOOOOOOOO
******模拟网络环境******：关闭定时器, 当前时间 = 2042.69, 定时器报文序号 = 0
******模拟网络环境******：启动定时器, 当前时间 = 2042.69, 定时器报文序号 = 0, 定时器Timeout时间 = 2062.69
******模拟网络环境******：发送方的数据包将在2070.78到达对方, 数据包为-->seqnum = 4, acknum = -1,checksum = 59107,payload = OOOOOOOOOOOOOOOOOOOO
******模拟网络环境******：关闭定时器, 当前时间 = 2062.69, 定时器报文序号 = 0
******模拟网络环境******：启动定时器, 当前时间 = 2062.69, 定时器报文序号 = 0, 定时器Timeout时间 = 2082.69
******模拟网络环境******：向上递交给应用层数据：OOOOOOOOOOOOOOOOOOOO
******模拟网络环境******：接收方的确认包将在2072.94到达对方, 确认包为-->seqnum = -1, acknum = 4,checksum = 12847,payload = .....................
接收方：目前返回的ack序号为: 4
发送方：接收到ACK：4
******模拟网络环境******：关闭定时器, 当前时间 = 2072.94, 定时器报文序号 = 0
发送方：接受ACK后的滑动窗口：
0 1) 2 3 4 (5| 6 7 
发送方：发送前的滑动窗口：
0 1) 2 3 4 (5| 6 7 
******模拟网络环境******：启动定时器, 当前时间 = 2073.11, 定时器报文序号 = 0, 定时器Timeout时间 = 2093.11
******模拟网络环境******：发送方的数据包将在2082.43到达对方, 数据包为-->seqnum = 5, acknum = -1,checksum = 56536,payload = PPPPPPPPPPPPPPPPPPPP
发送方：发送后的滑动窗口：
0 1) 2 3 4 (5 6| 7 
发送方：发送前的滑动窗口：
0 1) 2 3 4 (5 6| 7 
******模拟网络环境******：发送方的数据包将在2092.46到达对方, 数据包为-->seqnum = 6, acknum = -1,checksum = 53965,payload = QQQQQQQQQQQQQQQQQQQQ
发送方：发送后的滑动窗口：
0 1) 2 3 4 (5 6 7| 
发送方：发送前的滑动窗口：
0 1) 2 3 4 (5 6 7| 
******模拟网络环境******：发送方的数据包将在2098.68到达对方, 数据包为-->seqnum = 7, acknum = -1,checksum = 51394,payload = RRRRRRRRRRRRRRRRRRRR
发送方：发送后的滑动窗口：
0| 1) 2 3 4 (5 6 7 
发送方：发送前的滑动窗口：
0| 1) 2 3 4 (5 6 7 
******模拟网络环境******：发送方的数据包将在2104.71到达对方, 数据包为-->seqnum = 0, acknum = -1,checksum = 48831,payload = SSSSSSSSSSSSSSSSSSSS
发送方：发送后的滑动窗口：
0 1|) 2 3 4 (5 6 7 
******模拟网络环境******：向上递交给应用层数据：PPPPPPPPPPPPPPPPPPPP
******模拟网络环境******：接收方的确认包将在2090.69到达对方, 确认包为-->seqnum = -1, acknum = 5,checksum = 12846,payload = .....................
接收方：目前返回的ack序号为: 5
发送方：接收到ACK：5
******模拟网络环境******：关闭定时器, 当前时间 = 2090.69, 定时器报文序号 = 0
******模拟网络环境******：启动定时器, 当前时间 = 2090.69, 定时器报文序号 = 0, 定时器Timeout时间 = 2110.69
发送方：接受ACK后的滑动窗口：
0 1| 2) 3 4 5 (6 7 
******模拟网络环境******：向上递交给应用层数据：QQQQQQQQQQQQQQQQQQQQ
******模拟网络环境******：接收方的确认包将在2099.36到达对方, 确认包为-->seqnum = -1, acknum = 6,checksum = 12845,payload = .....................
接收方：目前返回的ack序号为: 6
******模拟网络环境******：向上递交给应用层数据：RRRRRRRRRRRRRRRRRRRR
******模拟网络环境******：接收方的确认包将在2102.16到达对方, 确认包为-->seqnum = -1, acknum = 7,checksum = 12844,payload = .....................
接收方：目前返回的ack序号为: 7
发送方：接收到ACK：6
******模拟网络环境******：关闭定时器, 当前时间 = 2099.36, 定时器报文序号 = 0
******模拟网络环境******：启动定时器, 当前时间 = 2099.36, 定时器报文序号 = 0, 定时器Timeout时间 = 2119.36
发送方：接受ACK后的滑动窗口：
0 1| 2 3) 4 5 6 (7 
发送方：接收到ACK：7
******模拟网络环境******：关闭定时器, 当前时间 = 2102.16, 定时器报文序号 = 0
******模拟网络环境******：启动定时器, 当前时间 = 2102.16, 定时器报文序号 = 0, 定时器Timeout时间 = 2122.16
发送方：接受ACK后的滑动窗口：
(0 1| 2 3 4) 5 6 7 
******模拟网络环境******：向上递交给应用层数据：SSSSSSSSSSSSSSSSSSSS
******模拟网络环境******：接收方的确认包将在2106.83到达对方, 确认包为-->seqnum = -1, acknum = 0,checksum = 12851,payload = .....................
接收方：目前返回的ack序号为: 0
发送方：接收到ACK：0
******模拟网络环境******：关闭定时器, 当前时间 = 2106.83, 定时器报文序号 = 0
发送方：接受ACK后的滑动窗口：
0 (1| 2 3 4 5) 6 7 
发送方：发送前的滑动窗口：
0 (1| 2 3 4 5) 6 7 
******模拟网络环境******：启动定时器, 当前时间 = 2107.48, 定时器报文序号 = 0, 定时器Timeout时间 = 2127.48
******模拟网络环境******：发送方的数据包将在2112.28到达对方, 数据包为-->seqnum = 1, acknum = -1,checksum = 46260,payload = TTTTTTTTTTTTTTTTTTTT
发送方：发送后的滑动窗口：
0 (1 2| 3 4 5) 6 7 
发送方：发送前的滑动窗口：
0 (1 2| 3 4 5) 6 7 
******模拟网络环境******：网络层数据包损坏,损坏的包为-->seqnum = 2, acknum = -1,checksum = 43689,payload = VUUUUUUUUUUUUUUUUUUU
******模拟网络环境******：发送方的数据包将在2119.25到达对方, 数据包为-->seqnum = 2, acknum = -1,checksum = 43689,payload = VUUUUUUUUUUUUUUUUUUU
发送方：发送后的滑动窗口：
0 (1 2 3| 4 5) 6 7 
发送方：发送前的滑动窗口：
0 (1 2 3| 4 5) 6 7 
******模拟网络环境******：网络层数据包损坏,损坏的包为-->seqnum = -999999, acknum = -1,checksum = 41118,payload = VVVVVVVVVVVVVVVVVVVV
******模拟网络环境******：发送方的数据包将在2129.32到达对方, 数据包为-->seqnum = -999999, acknum = -1,checksum = 41118,payload = VVVVVVVVVVVVVVVVVVVV
发送方：发送后的滑动窗口：
0 (1 2 3 4| 5) 6 7 
发送方：发送前的滑动窗口：
0 (1 2 3 4| 5) 6 7 
******模拟网络环境******：发送方的数据包将在2135.58到达对方, 数据包为-->seqnum = 4, acknum = -1,checksum = 38547,payload = WWWWWWWWWWWWWWWWWWWW
发送方：发送后的滑动窗口：
0 (1 2 3 4 5|) 6 7 
******模拟网络环境******：向上递交给应用层数据：TTTTTTTTTTTTTTTTTTTT
******模拟网络环境******：接收方的确认包将在2116.69到达对方, 确认包为-->seqnum = -1, acknum = 1,checksum = 12850,payload = .....................
接收方：目前返回的ack序号为: 1
发送方：接收到ACK：1
******模拟网络环境******：关闭定时器, 当前时间 = 2116.69, 定时器报文序号 = 0
******模拟网络环境******：启动定时器, 当前时间 = 2116.69, 定时器报文序号 = 0, 定时器Timeout时间 = 2136.69
发送方：接受ACK后的滑动窗口：
0 1 (2 3 4 5| 6) 7 
******模拟网络环境******：接收方的确认包将在2122.38到达对方, 确认包为-->seqnum = -1, acknum = 1,checksum = 12850,payload = .....................
******模拟网络环境******：接收方的确认包将在2132.13到达对方, 确认包为-->seqnum = -1, acknum = 1,checksum = 12850,payload = .....................
******模拟网络环境******：接收方的确认包将在2142.92到达对方, 确认包为-->seqnum = -1, acknum = 1,checksum = 12850,payload = .....................
******模拟网络环境******：发送方发送的数据包丢失：seqnum = 2, acknum = -1,checksum = 43689,payload = UUUUUUUUUUUUUUUUUUUU
******模拟网络环境******：关闭定时器, 当前时间 = 2136.69, 定时器报文序号 = 0
******模拟网络环境******：启动定时器, 当前时间 = 2136.69, 定时器报文序号 = 0, 定时器Timeout时间 = 2156.69
******模拟网络环境******：发送方的数据包将在2165.51到达对方, 数据包为-->seqnum = 2, acknum = -1,checksum = 43689,payload = UUUUUUUUUUUUUUUUUUUU
******模拟网络环境******：关闭定时器, 当前时间 = 2156.69, 定时器报文序号 = 0
******模拟网络环境******：启动定时器, 当前时间 = 2156.69, 定时器报文序号 = 0, 定时器Timeout时间 = 2176.69
******模拟网络环境******：向上递交给应用层数据：UUUUUUUUUUUUUUUUUUUU
******模拟网络环境******：接收方的确认包将在2175.74到达对方, 确认包为-->seqnum = -1, acknum = 2,checksum = 12849,payload = .....................
接收方：目前返回的ack序号为: 2
发送方：接收到ACK：2
******模拟网络环境******：关闭定时器, 当前时间 = 2175.74, 定时器报文序号 = 0
******模拟网络环境******：启动定时器, 当前时间 = 2175.74, 定时器报文序号 = 0, 定时器Timeout时间 = 2195.74
发送方：接受ACK后的滑动窗口：
0 1 2 (3 4 5| 6 7) 
******模拟网络环境******：发送方的数据包将在2198.47到达对方, 数据包为-->seqnum = 3, acknum = -1,checksum = 41118,payload = VVVVVVVVVVVVVVVVVVVV
******模拟网络环境******：关闭定时器, 当前时间 = 2195.74, 定时器报文序号 = 0
******模拟网络环境******：启动定时器, 当前时间 = 2195.74, 定时器报文序号 = 0, 定时器Timeout时间 = 2215.74
******模拟网络环境******：向上递交给应用层数据：VVVVVVVVVVVVVVVVVVVV
******模拟网络环境******：接收方的确认包将在2201.23到达对方, 确认包为-->seqnum = -1, acknum = 3,checksum = 12848,payload = .....................
接收方：目前返回的ack序号为: 3
发送方：接收到ACK：3
******模拟网络环境******：关闭定时器, 当前时间 = 2201.23, 定时器报文序号 = 0
******模拟网络环境******：启动定时器, 当前时间 = 2201.23, 定时器报文序号 = 0, 定时器Timeout时间 = 2221.23
发送方：接受ACK后的滑动窗口：
0) 1 2 3 (4 5| 6 7 
******模拟网络环境******：发送方的数据包将在2226.93到达对方, 数据包为-->seqnum = 4, acknum = -1,checksum = 38547,payload = WWWWWWWWWWWWWWWWWWWW
******模拟网络环境******：关闭定时器, 当前时间 = 2221.23, 定时器报文序号 = 0
******模拟网络环境******：启动定时器, 当前时间 = 2221.23, 定时器报文序号 = 0, 定时器Timeout时间 = 2241.23
******模拟网络环境******：向上递交给应用层数据：WWWWWWWWWWWWWWWWWWWW
******模拟网络环境******：接收方的确认包将在2235.65到达对方, 确认包为-->seqnum = -1, acknum = 4,checksum = 12847,payload = .....................
接收方：目前返回的ack序号为: 4
发送方：接收到ACK：4
******模拟网络环境******：关闭定时器, 当前时间 = 2235.65, 定时器报文序号 = 0
发送方：接受ACK后的滑动窗口：
0 1) 2 3 4 (5| 6 7 
发送方：发送前的滑动窗口：
0 1) 2 3 4 (5| 6 7 
******模拟网络环境******：启动定时器, 当前时间 = 2236.34, 定时器报文序号 = 0, 定时器Timeout时间 = 2256.34
******模拟网络环境******：发送方的数据包将在2238.24到达对方, 数据包为-->seqnum = 5, acknum = -1,checksum = 35976,payload = XXXXXXXXXXXXXXXXXXXX
发送方：发送后的滑动窗口：
0 1) 2 3 4 (5 6| 7 
发送方：发送前的滑动窗口：
0 1) 2 3 4 (5 6| 7 
******模拟网络环境******：发送方的数据包将在2247.82到达对方, 数据包为-->seqnum = 6, acknum = -1,checksum = 33405,payload = YYYYYYYYYYYYYYYYYYYY
发送方：发送后的滑动窗口：
0 1) 2 3 4 (5 6 7| 
发送方：发送前的滑动窗口：
0 1) 2 3 4 (5 6 7| 
******模拟网络环境******：发送方的数据包将在2250.19到达对方, 数据包为-->seqnum = 7, acknum = -1,checksum = 30834,payload = ZZZZZZZZZZZZZZZZZZZZ
发送方：发送后的滑动窗口：
0| 1) 2 3 4 (5 6 7 
发送方：发送前的滑动窗口：
0| 1) 2 3 4 (5 6 7 
******模拟网络环境******：发送方的数据包将在2253.12到达对方, 数据包为-->seqnum = 0, acknum = -1,checksum = 29873,payload = EOF                  
发送方：发送后的滑动窗口：
0 1|) 2 3 4 (5 6 7 
******模拟网络环境******：向上递交给应用层数据：XXXXXXXXXXXXXXXXXXXX
******模拟网络环境******：接收方的确认包将在2243.39到达对方, 确认包为-->seqnum = -1, acknum = 5,checksum = 12846,payload = .....................
接收方：目前返回的ack序号为: 5
发送方：接收到ACK：5
******模拟网络环境******：关闭定时器, 当前时间 = 2243.39, 定时器报文序号 = 0
******模拟网络环境******：启动定时器, 当前时间 = 2243.39, 定时器报文序号 = 0, 定时器Timeout时间 = 2263.39
发送方：接受ACK后的滑动窗口：
0 1| 2) 3 4 5 (6 7 
******模拟网络环境******：向上递交给应用层数据：YYYYYYYYYYYYYYYYYYYY
******模拟网络环境******：接收方的确认包将在2257.48到达对方, 确认包为-->seqnum = -1, acknum = 6,checksum = 12845,payload = .....................
接收方：目前返回的ack序号为: 6
******模拟网络环境******：向上递交给应用层数据：ZZZZZZZZZZZZZZZZZZZZ
******模拟网络环境******：接收方的确认包将在2258.91到达对方, 确认包为-->seqnum = -1, acknum = 7,checksum = 12844,payload = .....................
接收方：目前返回的ack序号为: 7
******模拟网络环境******：向上递交给应用层数据：EOF                  
******模拟网络环境******：接收方的确认包将在2262.91到达对方, 确认包为-->seqnum = -1, acknum = 0,checksum = 12851,payload = .....................
接收方：目前返回的ack序号为: 0
发送方：接收到ACK：6
******模拟网络环境******：关闭定时器, 当前时间 = 2257.48, 定时器报文序号 = 0
******模拟网络环境******：启动定时器, 当前时间 = 2257.48, 定时器报文序号 = 0, 定时器Timeout时间 = 2277.48
发送方：接受ACK后的滑动窗口：
0 1| 2 3) 4 5 6 (7 
发送方：接收到ACK：7
******模拟网络环境******：关闭定时器, 当前时间 = 2258.91, 定时器报文序号 = 0
******模拟网络环境******：启动定时器, 当前时间 = 2258.91, 定时器报文序号 = 0, 定时器Timeout时间 = 2278.91
发送方：接受ACK后的滑动窗口：
(0 1| 2 3 4) 5 6 7 
发送方：接收到ACK：0
******模拟网络环境******：关闭定时器, 当前时间 = 2262.91, 定时器报文序号 = 0
发送方：接受ACK后的滑动窗口：
0 (1| 2 3 4 5) 6 7 
******模拟网络环境******：模拟网络环境已发送完应用层数据，关闭模拟网络环境
已发送应用层Message个数: 105
发送到网络层数据Packet个数: 169
网络层丢失的数据Packet个数: 19
网络层损坏的数据pakcet个数:11
发送到网络层确认Packet个数:150
网络层丢失的确认Packet个数: 9
网络层损坏的确认Packet个数: 16

