******模拟网络环境******：模拟网络环境启动...
发送方：发送方发送前的滑动窗口：
(0| 1 2 3 4) 5 6 7 
******模拟网络环境******：启动定时器, 当前时间 = 2.295, 定时器报文序号 = 0, 定时器Timeout时间 = 22.295
******模拟网络环境******：发送方的数据包将在11.295到达对方, 数据包为-->seqnum = 0, acknum = -1,checksum = 29556,payload = AAAAAAAAAAAAAAAAAAAA
发送方：发送方发送后的滑动窗口：
(0 1| 2 3 4) 5 6 7 
******模拟网络环境******：向上递交给应用层数据：AAAAAAAAAAAAAAAAAAAA
******模拟网络环境******：网络层数据包损坏,损坏的包为-->seqnum = -1, acknum = 0,checksum = 12851,payload = /....................
******模拟网络环境******：接收方的确认包将在12.745到达对方, 确认包为-->seqnum = -1, acknum = 0,checksum = 12851,payload = /....................
目前返回的ack序号为: 0

******模拟网络环境******：发送方的数据包将在32.165到达对方, 数据包为-->seqnum = 0, acknum = -1,checksum = 29556,payload = AAAAAAAAAAAAAAAAAAAA
******模拟网络环境******：关闭定时器, 当前时间 = 22.295, 定时器报文序号 = 0
******模拟网络环境******：启动定时器, 当前时间 = 22.295, 定时器报文序号 = 0, 定时器Timeout时间 = 42.295
******模拟网络环境******：接收方的确认包将在33.485到达对方, 确认包为-->seqnum = -1, acknum = 0,checksum = 12851,payload = .....................
发送方：接收到ACK：0
******模拟网络环境******：关闭定时器, 当前时间 = 33.485, 定时器报文序号 = 0
发送方：发送方接收ACK后的滑动窗口：
0 (1| 2 3 4 5) 6 7 
发送方：发送方发送前的滑动窗口：
0 (1| 2 3 4 5) 6 7 
******模拟网络环境******：启动定时器, 当前时间 = 34.2575, 定时器报文序号 = 0, 定时器Timeout时间 = 54.2575
******模拟网络环境******：发送方的数据包将在43.0875到达对方, 数据包为-->seqnum = 1, acknum = -1,checksum = 26985,payload = BBBBBBBBBBBBBBBBBBBB
发送方：发送方发送后的滑动窗口：
0 (1 2| 3 4 5) 6 7 
发送方：发送方发送前的滑动窗口：
0 (1 2| 3 4 5) 6 7 
******模拟网络环境******：发送方的数据包将在47.4175到达对方, 数据包为-->seqnum = 2, acknum = -1,checksum = 24414,payload = CCCCCCCCCCCCCCCCCCCC
发送方：发送方发送后的滑动窗口：
0 (1 2 3| 4 5) 6 7 
发送方：发送方发送前的滑动窗口：
0 (1 2 3| 4 5) 6 7 
******模拟网络环境******：发送方的数据包将在56.9275到达对方, 数据包为-->seqnum = 3, acknum = -1,checksum = 21843,payload = DDDDDDDDDDDDDDDDDDDD
发送方：发送方发送后的滑动窗口：
0 (1 2 3 4| 5) 6 7 
发送方：发送方发送前的滑动窗口：
0 (1 2 3 4| 5) 6 7 
******模拟网络环境******：发送方的数据包将在62.5775到达对方, 数据包为-->seqnum = 4, acknum = -1,checksum = 19272,payload = EEEEEEEEEEEEEEEEEEEE
发送方：发送方发送后的滑动窗口：
0 (1 2 3 4 5|) 6 7 
******模拟网络环境******：向上递交给应用层数据：BBBBBBBBBBBBBBBBBBBB
******模拟网络环境******：接收方发送的确认包丢失：seqnum = -1, acknum = 1,checksum = 12850,payload = .....................
目前返回的ack序号为: 1

******模拟网络环境******：向上递交给应用层数据：CCCCCCCCCCCCCCCCCCCC
******模拟网络环境******：接收方的确认包将在53.4075到达对方, 确认包为-->seqnum = -1, acknum = 2,checksum = 12849,payload = .....................
目前返回的ack序号为: 2

发送方：接收到ACK：2
******模拟网络环境******：关闭定时器, 当前时间 = 53.4075, 定时器报文序号 = 0
******模拟网络环境******：启动定时器, 当前时间 = 53.4075, 定时器报文序号 = 0, 定时器Timeout时间 = 73.4075
发送方：发送方接收ACK后的滑动窗口：
0 1 2 (3 4 5| 6 7) 
******模拟网络环境******：向上递交给应用层数据：DDDDDDDDDDDDDDDDDDDD
******模拟网络环境******：接收方发送的确认包丢失：seqnum = -1, acknum = 3,checksum = 12848,payload = .....................
目前返回的ack序号为: 3

******模拟网络环境******：向上递交给应用层数据：EEEEEEEEEEEEEEEEEEEE
******模拟网络环境******：接收方发送的确认包丢失：seqnum = -1, acknum = 4,checksum = 12847,payload = .....................
目前返回的ack序号为: 4

******模拟网络环境******：发送方的数据包将在76.6575到达对方, 数据包为-->seqnum = 3, acknum = -1,checksum = 21843,payload = DDDDDDDDDDDDDDDDDDDD
******模拟网络环境******：关闭定时器, 当前时间 = 73.4075, 定时器报文序号 = 0
******模拟网络环境******：启动定时器, 当前时间 = 73.4075, 定时器报文序号 = 0, 定时器Timeout时间 = 93.4075
******模拟网络环境******：接收方的确认包将在86.8675到达对方, 确认包为-->seqnum = -1, acknum = 4,checksum = 12847,payload = .....................
发送方：接收到ACK：4
******模拟网络环境******：关闭定时器, 当前时间 = 86.8675, 定时器报文序号 = 0
发送方：发送方接收ACK后的滑动窗口：
0 1) 2 3 4 (5| 6 7 
发送方：发送方发送前的滑动窗口：
0 1) 2 3 4 (5| 6 7 
******模拟网络环境******：启动定时器, 当前时间 = 87.1125, 定时器报文序号 = 0, 定时器Timeout时间 = 107.113
******模拟网络环境******：发送方的数据包将在93.6425到达对方, 数据包为-->seqnum = 5, acknum = -1,checksum = 16701,payload = FFFFFFFFFFFFFFFFFFFF
发送方：发送方发送后的滑动窗口：
0 1) 2 3 4 (5 6| 7 
发送方：发送方发送前的滑动窗口：
0 1) 2 3 4 (5 6| 7 
******模拟网络环境******：网络层数据包损坏,损坏的包为-->seqnum = 6, acknum = -1,checksum = 14130,payload = HGGGGGGGGGGGGGGGGGGG
******模拟网络环境******：发送方的数据包将在102.433到达对方, 数据包为-->seqnum = 6, acknum = -1,checksum = 14130,payload = HGGGGGGGGGGGGGGGGGGG
发送方：发送方发送后的滑动窗口：
0 1) 2 3 4 (5 6 7| 
发送方：发送方发送前的滑动窗口：
0 1) 2 3 4 (5 6 7| 
******模拟网络环境******：网络层数据包损坏,损坏的包为-->seqnum = 7, acknum = -1,checksum = 11559,payload = IHHHHHHHHHHHHHHHHHHH
******模拟网络环境******：发送方的数据包将在106.823到达对方, 数据包为-->seqnum = 7, acknum = -1,checksum = 11559,payload = IHHHHHHHHHHHHHHHHHHH
发送方：发送方发送后的滑动窗口：
0| 1) 2 3 4 (5 6 7 
发送方：发送方发送前的滑动窗口：
0| 1) 2 3 4 (5 6 7 
******模拟网络环境******：发送方的数据包将在115.253到达对方, 数据包为-->seqnum = 0, acknum = -1,checksum = 8996,payload = IIIIIIIIIIIIIIIIIIII
发送方：发送方发送后的滑动窗口：
0 1|) 2 3 4 (5 6 7 
******模拟网络环境******：向上递交给应用层数据：FFFFFFFFFFFFFFFFFFFF
******模拟网络环境******：接收方的确认包将在98.6625到达对方, 确认包为-->seqnum = -1, acknum = 5,checksum = 12846,payload = .....................
目前返回的ack序号为: 5

发送方：接收到ACK：5
******模拟网络环境******：关闭定时器, 当前时间 = 98.6625, 定时器报文序号 = 0
******模拟网络环境******：启动定时器, 当前时间 = 98.6625, 定时器报文序号 = 0, 定时器Timeout时间 = 118.663
发送方：发送方接收ACK后的滑动窗口：
0 1| 2) 3 4 5 (6 7 
******模拟网络环境******：接收方的确认包将在111.793到达对方, 确认包为-->seqnum = -1, acknum = 5,checksum = 12846,payload = .....................
******模拟网络环境******：接收方的确认包将在116.593到达对方, 确认包为-->seqnum = -1, acknum = 5,checksum = 12846,payload = .....................
******模拟网络环境******：接收方的确认包将在121.603到达对方, 确认包为-->seqnum = -1, acknum = 5,checksum = 12846,payload = .....................
******模拟网络环境******：发送方的数据包将在122.193到达对方, 数据包为-->seqnum = 6, acknum = -1,checksum = 14130,payload = GGGGGGGGGGGGGGGGGGGG
******模拟网络环境******：关闭定时器, 当前时间 = 118.663, 定时器报文序号 = 0
******模拟网络环境******：启动定时器, 当前时间 = 118.663, 定时器报文序号 = 0, 定时器Timeout时间 = 138.663
******模拟网络环境******：向上递交给应用层数据：GGGGGGGGGGGGGGGGGGGG
******模拟网络环境******：接收方的确认包将在123.593到达对方, 确认包为-->seqnum = -1, acknum = 6,checksum = 12845,payload = .....................
目前返回的ack序号为: 6

发送方：接收到ACK：6
******模拟网络环境******：关闭定时器, 当前时间 = 123.593, 定时器报文序号 = 0
******模拟网络环境******：启动定时器, 当前时间 = 123.593, 定时器报文序号 = 0, 定时器Timeout时间 = 143.593
发送方：发送方接收ACK后的滑动窗口：
0 1| 2 3) 4 5 6 (7 
******模拟网络环境******：发送方的数据包将在151.113到达对方, 数据包为-->seqnum = 7, acknum = -1,checksum = 11559,payload = HHHHHHHHHHHHHHHHHHHH
******模拟网络环境******：关闭定时器, 当前时间 = 143.593, 定时器报文序号 = 0
******模拟网络环境******：启动定时器, 当前时间 = 143.593, 定时器报文序号 = 0, 定时器Timeout时间 = 163.593
******模拟网络环境******：向上递交给应用层数据：HHHHHHHHHHHHHHHHHHHH
******模拟网络环境******：接收方的确认包将在156.123到达对方, 确认包为-->seqnum = -1, acknum = 7,checksum = 12844,payload = .....................
目前返回的ack序号为: 7

发送方：接收到ACK：7
******模拟网络环境******：关闭定时器, 当前时间 = 156.123, 定时器报文序号 = 0
******模拟网络环境******：启动定时器, 当前时间 = 156.123, 定时器报文序号 = 0, 定时器Timeout时间 = 176.123
发送方：发送方接收ACK后的滑动窗口：
(0 1| 2 3 4) 5 6 7 
******模拟网络环境******：发送方的数据包将在185.063到达对方, 数据包为-->seqnum = 0, acknum = -1,checksum = 8996,payload = IIIIIIIIIIIIIIIIIIII
******模拟网络环境******：关闭定时器, 当前时间 = 176.123, 定时器报文序号 = 0
******模拟网络环境******：启动定时器, 当前时间 = 176.123, 定时器报文序号 = 0, 定时器Timeout时间 = 196.123
******模拟网络环境******：向上递交给应用层数据：IIIIIIIIIIIIIIIIIIII
******模拟网络环境******：接收方的确认包将在188.563到达对方, 确认包为-->seqnum = -1, acknum = 0,checksum = 12851,payload = .....................
目前返回的ack序号为: 0

发送方：接收到ACK：0
******模拟网络环境******：关闭定时器, 当前时间 = 188.563, 定时器报文序号 = 0
发送方：发送方接收ACK后的滑动窗口：
0 (1| 2 3 4 5) 6 7 
发送方：发送方发送前的滑动窗口：
0 (1| 2 3 4 5) 6 7 
******模拟网络环境******：启动定时器, 当前时间 = 189.473, 定时器报文序号 = 0, 定时器Timeout时间 = 209.473
******模拟网络环境******：发送方的数据包将在191.133到达对方, 数据包为-->seqnum = 1, acknum = -1,checksum = 6425,payload = JJJJJJJJJJJJJJJJJJJJ
发送方：发送方发送后的滑动窗口：
0 (1 2| 3 4 5) 6 7 
发送方：发送方发送前的滑动窗口：
0 (1 2| 3 4 5) 6 7 
******模拟网络环境******：发送方的数据包将在195.283到达对方, 数据包为-->seqnum = 2, acknum = -1,checksum = 3854,payload = KKKKKKKKKKKKKKKKKKKK
发送方：发送方发送后的滑动窗口：
0 (1 2 3| 4 5) 6 7 
发送方：发送方发送前的滑动窗口：
0 (1 2 3| 4 5) 6 7 
******模拟网络环境******：发送方的数据包将在202.203到达对方, 数据包为-->seqnum = 3, acknum = -1,checksum = 1283,payload = LLLLLLLLLLLLLLLLLLLL
发送方：发送方发送后的滑动窗口：
0 (1 2 3 4| 5) 6 7 
发送方：发送方发送前的滑动窗口：
0 (1 2 3 4| 5) 6 7 
******模拟网络环境******：发送方的数据包将在208.323到达对方, 数据包为-->seqnum = 4, acknum = -1,checksum = 64247,payload = MMMMMMMMMMMMMMMMMMMM
发送方：发送方发送后的滑动窗口：
0 (1 2 3 4 5|) 6 7 
******模拟网络环境******：向上递交给应用层数据：JJJJJJJJJJJJJJJJJJJJ
******模拟网络环境******：接收方发送的确认包丢失：seqnum = -1, acknum = 1,checksum = 12850,payload = .....................
目前返回的ack序号为: 1

******模拟网络环境******：向上递交给应用层数据：KKKKKKKKKKKKKKKKKKKK
******模拟网络环境******：接收方发送的确认包丢失：seqnum = -1, acknum = 2,checksum = 12849,payload = .....................
目前返回的ack序号为: 2

******模拟网络环境******：向上递交给应用层数据：LLLLLLLLLLLLLLLLLLLL
******模拟网络环境******：接收方的确认包将在209.023到达对方, 确认包为-->seqnum = -1, acknum = 3,checksum = 12848,payload = .....................
目前返回的ack序号为: 3

******模拟网络环境******：向上递交给应用层数据：MMMMMMMMMMMMMMMMMMMM
******模拟网络环境******：接收方的确认包将在210.863到达对方, 确认包为-->seqnum = -1, acknum = 4,checksum = 12847,payload = .....................
目前返回的ack序号为: 4

发送方：接收到ACK：3
******模拟网络环境******：关闭定时器, 当前时间 = 209.023, 定时器报文序号 = 0
******模拟网络环境******：启动定时器, 当前时间 = 209.023, 定时器报文序号 = 0, 定时器Timeout时间 = 229.023
发送方：发送方接收ACK后的滑动窗口：
0) 1 2 3 (4 5| 6 7 
发送方：接收到ACK：4
******模拟网络环境******：关闭定时器, 当前时间 = 210.863, 定时器报文序号 = 0
发送方：发送方接收ACK后的滑动窗口：
0 1) 2 3 4 (5| 6 7 
发送方：发送方发送前的滑动窗口：
0 1) 2 3 4 (5| 6 7 
******模拟网络环境******：启动定时器, 当前时间 = 211.255, 定时器报文序号 = 0, 定时器Timeout时间 = 231.255
******模拟网络环境******：发送方发送的数据包丢失：seqnum = 5, acknum = -1,checksum = 61676,payload = NNNNNNNNNNNNNNNNNNNN
发送方：发送方发送后的滑动窗口：
0 1) 2 3 4 (5 6| 7 
发送方：发送方发送前的滑动窗口：
0 1) 2 3 4 (5 6| 7 
******模拟网络环境******：发送方的数据包将在222.975到达对方, 数据包为-->seqnum = 6, acknum = -1,checksum = 59105,payload = OOOOOOOOOOOOOOOOOOOO
发送方：发送方发送后的滑动窗口：
0 1) 2 3 4 (5 6 7| 
发送方：发送方发送前的滑动窗口：
0 1) 2 3 4 (5 6 7| 
******模拟网络环境******：发送方的数据包将在232.275到达对方, 数据包为-->seqnum = 7, acknum = -1,checksum = 56534,payload = PPPPPPPPPPPPPPPPPPPP
发送方：发送方发送后的滑动窗口：
0| 1) 2 3 4 (5 6 7 
发送方：发送方发送前的滑动窗口：
0| 1) 2 3 4 (5 6 7 
******模拟网络环境******：发送方发送的数据包丢失：seqnum = 0, acknum = -1,checksum = 53971,payload = QQQQQQQQQQQQQQQQQQQQ
发送方：发送方发送后的滑动窗口：
0 1|) 2 3 4 (5 6 7 
******模拟网络环境******：接收方的确认包将在232.055到达对方, 确认包为-->seqnum = -1, acknum = 4,checksum = 12847,payload = .....................
******模拟网络环境******：发送方的数据包将在240.155到达对方, 数据包为-->seqnum = 5, acknum = -1,checksum = 61676,payload = NNNNNNNNNNNNNNNNNNNN
******模拟网络环境******：关闭定时器, 当前时间 = 231.255, 定时器报文序号 = 0
******模拟网络环境******：启动定时器, 当前时间 = 231.255, 定时器报文序号 = 0, 定时器Timeout时间 = 251.255
******模拟网络环境******：接收方的确认包将在238.715到达对方, 确认包为-->seqnum = -1, acknum = 4,checksum = 12847,payload = .....................
******模拟网络环境******：向上递交给应用层数据：NNNNNNNNNNNNNNNNNNNN
******模拟网络环境******：接收方的确认包将在242.875到达对方, 确认包为-->seqnum = -1, acknum = 5,checksum = 12846,payload = .....................
目前返回的ack序号为: 5

发送方：接收到ACK：5
******模拟网络环境******：关闭定时器, 当前时间 = 242.875, 定时器报文序号 = 0
******模拟网络环境******：启动定时器, 当前时间 = 242.875, 定时器报文序号 = 0, 定时器Timeout时间 = 262.875
发送方：发送方接收ACK后的滑动窗口：
0 1| 2) 3 4 5 (6 7 
******模拟网络环境******：发送方的数据包将在273.135到达对方, 数据包为-->seqnum = 6, acknum = -1,checksum = 59105,payload = OOOOOOOOOOOOOOOOOOOO
******模拟网络环境******：关闭定时器, 当前时间 = 262.875, 定时器报文序号 = 0
******模拟网络环境******：启动定时器, 当前时间 = 262.875, 定时器报文序号 = 0, 定时器Timeout时间 = 282.875
******模拟网络环境******：向上递交给应用层数据：OOOOOOOOOOOOOOOOOOOO
******模拟网络环境******：接收方的确认包将在281.745到达对方, 确认包为-->seqnum = -1, acknum = 6,checksum = 12845,payload = .....................
目前返回的ack序号为: 6

发送方：接收到ACK：6
******模拟网络环境******：关闭定时器, 当前时间 = 281.745, 定时器报文序号 = 0
******模拟网络环境******：启动定时器, 当前时间 = 281.745, 定时器报文序号 = 0, 定时器Timeout时间 = 301.745
发送方：发送方接收ACK后的滑动窗口：
0 1| 2 3) 4 5 6 (7 
******模拟网络环境******：发送方的数据包将在308.185到达对方, 数据包为-->seqnum = 7, acknum = -1,checksum = 56534,payload = PPPPPPPPPPPPPPPPPPPP
******模拟网络环境******：关闭定时器, 当前时间 = 301.745, 定时器报文序号 = 0
******模拟网络环境******：启动定时器, 当前时间 = 301.745, 定时器报文序号 = 0, 定时器Timeout时间 = 321.745
******模拟网络环境******：向上递交给应用层数据：PPPPPPPPPPPPPPPPPPPP
******模拟网络环境******：接收方的确认包将在314.885到达对方, 确认包为-->seqnum = -1, acknum = 7,checksum = 12844,payload = .....................
目前返回的ack序号为: 7

发送方：接收到ACK：7
******模拟网络环境******：关闭定时器, 当前时间 = 314.885, 定时器报文序号 = 0
******模拟网络环境******：启动定时器, 当前时间 = 314.885, 定时器报文序号 = 0, 定时器Timeout时间 = 334.885
发送方：发送方接收ACK后的滑动窗口：
(0 1| 2 3 4) 5 6 7 
******模拟网络环境******：发送方的数据包将在344.115到达对方, 数据包为-->seqnum = 0, acknum = -1,checksum = 53971,payload = QQQQQQQQQQQQQQQQQQQQ
******模拟网络环境******：关闭定时器, 当前时间 = 334.885, 定时器报文序号 = 0
******模拟网络环境******：启动定时器, 当前时间 = 334.885, 定时器报文序号 = 0, 定时器Timeout时间 = 354.885
******模拟网络环境******：向上递交给应用层数据：QQQQQQQQQQQQQQQQQQQQ
******模拟网络环境******：接收方的确认包将在354.945到达对方, 确认包为-->seqnum = -1, acknum = 0,checksum = 12851,payload = .....................
目前返回的ack序号为: 0

******模拟网络环境******：发送方的数据包将在356.255到达对方, 数据包为-->seqnum = 0, acknum = -1,checksum = 53971,payload = QQQQQQQQQQQQQQQQQQQQ
******模拟网络环境******：关闭定时器, 当前时间 = 354.885, 定时器报文序号 = 0
******模拟网络环境******：启动定时器, 当前时间 = 354.885, 定时器报文序号 = 0, 定时器Timeout时间 = 374.885
发送方：接收到ACK：0
******模拟网络环境******：关闭定时器, 当前时间 = 354.945, 定时器报文序号 = 0
发送方：发送方接收ACK后的滑动窗口：
0 (1| 2 3 4 5) 6 7 
******模拟网络环境******：接收方的确认包将在366.265到达对方, 确认包为-->seqnum = -1, acknum = 0,checksum = 12851,payload = .....................
发送方：发送方发送前的滑动窗口：
0 (1| 2 3 4 5) 6 7 
******模拟网络环境******：启动定时器, 当前时间 = 366.335, 定时器报文序号 = 0, 定时器Timeout时间 = 386.335
******模拟网络环境******：发送方的数据包将在377.215到达对方, 数据包为-->seqnum = 1, acknum = -1,checksum = 51400,payload = RRRRRRRRRRRRRRRRRRRR
发送方：发送方发送后的滑动窗口：
0 (1 2| 3 4 5) 6 7 
发送方：发送方发送前的滑动窗口：
0 (1 2| 3 4 5) 6 7 
******模拟网络环境******：发送方发送的数据包丢失：seqnum = 2, acknum = -1,checksum = 48829,payload = SSSSSSSSSSSSSSSSSSSS
发送方：发送方发送后的滑动窗口：
0 (1 2 3| 4 5) 6 7 
发送方：发送方发送前的滑动窗口：
0 (1 2 3| 4 5) 6 7 
******模拟网络环境******：发送方的数据包将在383.645到达对方, 数据包为-->seqnum = 3, acknum = -1,checksum = 46258,payload = TTTTTTTTTTTTTTTTTTTT
发送方：发送方发送后的滑动窗口：
0 (1 2 3 4| 5) 6 7 
发送方：发送方发送前的滑动窗口：
0 (1 2 3 4| 5) 6 7 
******模拟网络环境******：发送方的数据包将在387.885到达对方, 数据包为-->seqnum = 4, acknum = -1,checksum = 43687,payload = UUUUUUUUUUUUUUUUUUUU
发送方：发送方发送后的滑动窗口：
0 (1 2 3 4 5|) 6 7 
******模拟网络环境******：向上递交给应用层数据：RRRRRRRRRRRRRRRRRRRR
******模拟网络环境******：接收方的确认包将在379.605到达对方, 确认包为-->seqnum = -1, acknum = 1,checksum = 12850,payload = .....................
目前返回的ack序号为: 1

发送方：接收到ACK：1
******模拟网络环境******：关闭定时器, 当前时间 = 379.605, 定时器报文序号 = 0
******模拟网络环境******：启动定时器, 当前时间 = 379.605, 定时器报文序号 = 0, 定时器Timeout时间 = 399.605
发送方：发送方接收ACK后的滑动窗口：
0 1 (2 3 4 5| 6) 7 
******模拟网络环境******：接收方的确认包将在389.385到达对方, 确认包为-->seqnum = -1, acknum = 1,checksum = 12850,payload = .....................
******模拟网络环境******：接收方的确认包将在399.145到达对方, 确认包为-->seqnum = -1, acknum = 1,checksum = 12850,payload = .....................
******模拟网络环境******：发送方的数据包将在407.025到达对方, 数据包为-->seqnum = 2, acknum = -1,checksum = 48829,payload = SSSSSSSSSSSSSSSSSSSS
******模拟网络环境******：关闭定时器, 当前时间 = 399.605, 定时器报文序号 = 0
******模拟网络环境******：启动定时器, 当前时间 = 399.605, 定时器报文序号 = 0, 定时器Timeout时间 = 419.605
******模拟网络环境******：向上递交给应用层数据：SSSSSSSSSSSSSSSSSSSS
******模拟网络环境******：接收方的确认包将在409.165到达对方, 确认包为-->seqnum = -1, acknum = 2,checksum = 12849,payload = .....................
目前返回的ack序号为: 2

发送方：接收到ACK：2
******模拟网络环境******：关闭定时器, 当前时间 = 409.165, 定时器报文序号 = 0
******模拟网络环境******：启动定时器, 当前时间 = 409.165, 定时器报文序号 = 0, 定时器Timeout时间 = 429.165
发送方：发送方接收ACK后的滑动窗口：
0 1 2 (3 4 5| 6 7) 
******模拟网络环境******：发送方的数据包将在437.805到达对方, 数据包为-->seqnum = 3, acknum = -1,checksum = 46258,payload = TTTTTTTTTTTTTTTTTTTT
******模拟网络环境******：关闭定时器, 当前时间 = 429.165, 定时器报文序号 = 0
******模拟网络环境******：启动定时器, 当前时间 = 429.165, 定时器报文序号 = 0, 定时器Timeout时间 = 449.165
******模拟网络环境******：向上递交给应用层数据：TTTTTTTTTTTTTTTTTTTT
******模拟网络环境******：接收方的确认包将在441.315到达对方, 确认包为-->seqnum = -1, acknum = 3,checksum = 12848,payload = .....................
目前返回的ack序号为: 3

发送方：接收到ACK：3
******模拟网络环境******：关闭定时器, 当前时间 = 441.315, 定时器报文序号 = 0
******模拟网络环境******：启动定时器, 当前时间 = 441.315, 定时器报文序号 = 0, 定时器Timeout时间 = 461.315
发送方：发送方接收ACK后的滑动窗口：
0) 1 2 3 (4 5| 6 7 
******模拟网络环境******：发送方的数据包将在471.195到达对方, 数据包为-->seqnum = 4, acknum = -1,checksum = 43687,payload = UUUUUUUUUUUUUUUUUUUU
******模拟网络环境******：关闭定时器, 当前时间 = 461.315, 定时器报文序号 = 0
******模拟网络环境******：启动定时器, 当前时间 = 461.315, 定时器报文序号 = 0, 定时器Timeout时间 = 481.315
******模拟网络环境******：向上递交给应用层数据：UUUUUUUUUUUUUUUUUUUU
******模拟网络环境******：接收方的确认包将在476.215到达对方, 确认包为-->seqnum = -1, acknum = 4,checksum = 12847,payload = .....................
目前返回的ack序号为: 4

发送方：接收到ACK：4
******模拟网络环境******：关闭定时器, 当前时间 = 476.215, 定时器报文序号 = 0
发送方：发送方接收ACK后的滑动窗口：
0 1) 2 3 4 (5| 6 7 
发送方：发送方发送前的滑动窗口：
0 1) 2 3 4 (5| 6 7 
******模拟网络环境******：启动定时器, 当前时间 = 476.547, 定时器报文序号 = 0, 定时器Timeout时间 = 496.547
******模拟网络环境******：发送方的数据包将在480.957到达对方, 数据包为-->seqnum = 5, acknum = -1,checksum = 41116,payload = VVVVVVVVVVVVVVVVVVVV
发送方：发送方发送后的滑动窗口：
0 1) 2 3 4 (5 6| 7 
发送方：发送方发送前的滑动窗口：
0 1) 2 3 4 (5 6| 7 
******模拟网络环境******：网络层数据包损坏,损坏的包为-->seqnum = -999999, acknum = -1,checksum = 38545,payload = WWWWWWWWWWWWWWWWWWWW
******模拟网络环境******：发送方的数据包将在490.747到达对方, 数据包为-->seqnum = -999999, acknum = -1,checksum = 38545,payload = WWWWWWWWWWWWWWWWWWWW
发送方：发送方发送后的滑动窗口：
0 1) 2 3 4 (5 6 7| 
发送方：发送方发送前的滑动窗口：
0 1) 2 3 4 (5 6 7| 
******模拟网络环境******：发送方的数据包将在495.937到达对方, 数据包为-->seqnum = 7, acknum = -1,checksum = 35974,payload = XXXXXXXXXXXXXXXXXXXX
发送方：发送方发送后的滑动窗口：
0| 1) 2 3 4 (5 6 7 
发送方：发送方发送前的滑动窗口：
0| 1) 2 3 4 (5 6 7 
******模拟网络环境******：发送方的数据包将在504.147到达对方, 数据包为-->seqnum = 0, acknum = -1,checksum = 33411,payload = YYYYYYYYYYYYYYYYYYYY
发送方：发送方发送后的滑动窗口：
0 1|) 2 3 4 (5 6 7 
******模拟网络环境******：向上递交给应用层数据：VVVVVVVVVVVVVVVVVVVV
******模拟网络环境******：接收方的确认包将在488.507到达对方, 确认包为-->seqnum = -1, acknum = 5,checksum = 12846,payload = .....................
目前返回的ack序号为: 5

发送方：接收到ACK：5
******模拟网络环境******：关闭定时器, 当前时间 = 488.507, 定时器报文序号 = 0
******模拟网络环境******：启动定时器, 当前时间 = 488.507, 定时器报文序号 = 0, 定时器Timeout时间 = 508.507
发送方：发送方接收ACK后的滑动窗口：
0 1| 2) 3 4 5 (6 7 
******模拟网络环境******：接收方的确认包将在495.637到达对方, 确认包为-->seqnum = -1, acknum = 5,checksum = 12846,payload = .....................
******模拟网络环境******：接收方的确认包将在498.907到达对方, 确认包为-->seqnum = -1, acknum = 5,checksum = 12846,payload = .....................
******模拟网络环境******：接收方的确认包将在510.527到达对方, 确认包为-->seqnum = -1, acknum = 5,checksum = 12846,payload = .....................
******模拟网络环境******：网络层数据包损坏,损坏的包为-->seqnum = 6, acknum = -1,checksum = 38545,payload = XWWWWWWWWWWWWWWWWWWW
******模拟网络环境******：发送方的数据包将在514.307到达对方, 数据包为-->seqnum = 6, acknum = -1,checksum = 38545,payload = XWWWWWWWWWWWWWWWWWWW
******模拟网络环境******：关闭定时器, 当前时间 = 508.507, 定时器报文序号 = 0
******模拟网络环境******：启动定时器, 当前时间 = 508.507, 定时器报文序号 = 0, 定时器Timeout时间 = 528.507
******模拟网络环境******：接收方的确认包将在518.217到达对方, 确认包为-->seqnum = -1, acknum = 5,checksum = 12846,payload = .....................
******模拟网络环境******：发送方的数据包将在527.577到达对方, 数据包为-->seqnum = 6, acknum = -1,checksum = 38545,payload = WWWWWWWWWWWWWWWWWWWW
******模拟网络环境******：向上递交给应用层数据：WWWWWWWWWWWWWWWWWWWW
******模拟网络环境******：接收方的确认包将在536.087到达对方, 确认包为-->seqnum = -1, acknum = 6,checksum = 12845,payload = .....................
目前返回的ack序号为: 6

******模拟网络环境******：发送方的数据包将在529.867到达对方, 数据包为-->seqnum = 6, acknum = -1,checksum = 38545,payload = WWWWWWWWWWWWWWWWWWWW
******模拟网络环境******：关闭定时器, 当前时间 = 528.507, 定时器报文序号 = 0
******模拟网络环境******：启动定时器, 当前时间 = 528.507, 定时器报文序号 = 0, 定时器Timeout时间 = 548.507
******模拟网络环境******：接收方的确认包将在539.837到达对方, 确认包为-->seqnum = -1, acknum = 6,checksum = 12845,payload = .....................
发送方：接收到ACK：6
******模拟网络环境******：关闭定时器, 当前时间 = 536.087, 定时器报文序号 = 0
******模拟网络环境******：启动定时器, 当前时间 = 536.087, 定时器报文序号 = 0, 定时器Timeout时间 = 556.087
发送方：发送方接收ACK后的滑动窗口：
0 1| 2 3) 4 5 6 (7 
******模拟网络环境******：发送方的数据包将在557.407到达对方, 数据包为-->seqnum = 7, acknum = -1,checksum = 35974,payload = XXXXXXXXXXXXXXXXXXXX
******模拟网络环境******：关闭定时器, 当前时间 = 556.087, 定时器报文序号 = 0
******模拟网络环境******：启动定时器, 当前时间 = 556.087, 定时器报文序号 = 0, 定时器Timeout时间 = 576.087
******模拟网络环境******：向上递交给应用层数据：XXXXXXXXXXXXXXXXXXXX
******模拟网络环境******：接收方发送的确认包丢失：seqnum = -1, acknum = 7,checksum = 12844,payload = .....................
目前返回的ack序号为: 7

******模拟网络环境******：发送方的数据包将在580.937到达对方, 数据包为-->seqnum = 7, acknum = -1,checksum = 35974,payload = XXXXXXXXXXXXXXXXXXXX
******模拟网络环境******：关闭定时器, 当前时间 = 576.087, 定时器报文序号 = 0
******模拟网络环境******：启动定时器, 当前时间 = 576.087, 定时器报文序号 = 0, 定时器Timeout时间 = 596.087
******模拟网络环境******：接收方的确认包将在588.237到达对方, 确认包为-->seqnum = -1, acknum = 7,checksum = 12844,payload = .....................
发送方：接收到ACK：7
******模拟网络环境******：关闭定时器, 当前时间 = 588.237, 定时器报文序号 = 0
******模拟网络环境******：启动定时器, 当前时间 = 588.237, 定时器报文序号 = 0, 定时器Timeout时间 = 608.237
发送方：发送方接收ACK后的滑动窗口：
(0 1| 2 3 4) 5 6 7 
******模拟网络环境******：网络层数据包损坏,损坏的包为-->seqnum = 0, acknum = -1,checksum = 33411,payload = ZYYYYYYYYYYYYYYYYYYY
******模拟网络环境******：发送方的数据包将在616.037到达对方, 数据包为-->seqnum = 0, acknum = -1,checksum = 33411,payload = ZYYYYYYYYYYYYYYYYYYY
******模拟网络环境******：关闭定时器, 当前时间 = 608.237, 定时器报文序号 = 0
******模拟网络环境******：启动定时器, 当前时间 = 608.237, 定时器报文序号 = 0, 定时器Timeout时间 = 628.237
******模拟网络环境******：接收方的确认包将在620.247到达对方, 确认包为-->seqnum = -1, acknum = 7,checksum = 12844,payload = .....................
******模拟网络环境******：发送方的数据包将在632.617到达对方, 数据包为-->seqnum = 0, acknum = -1,checksum = 33411,payload = YYYYYYYYYYYYYYYYYYYY
******模拟网络环境******：关闭定时器, 当前时间 = 628.237, 定时器报文序号 = 0
******模拟网络环境******：启动定时器, 当前时间 = 628.237, 定时器报文序号 = 0, 定时器Timeout时间 = 648.237
******模拟网络环境******：向上递交给应用层数据：YYYYYYYYYYYYYYYYYYYY
******模拟网络环境******：接收方的确认包将在637.907到达对方, 确认包为-->seqnum = -1, acknum = 0,checksum = 12851,payload = .....................
目前返回的ack序号为: 0

发送方：接收到ACK：0
******模拟网络环境******：关闭定时器, 当前时间 = 637.907, 定时器报文序号 = 0
发送方：发送方接收ACK后的滑动窗口：
0 (1| 2 3 4 5) 6 7 
发送方：发送方发送前的滑动窗口：
0 (1| 2 3 4 5) 6 7 
******模拟网络环境******：启动定时器, 当前时间 = 638.532, 定时器报文序号 = 0, 定时器Timeout时间 = 658.532
******模拟网络环境******：发送方的数据包将在640.222到达对方, 数据包为-->seqnum = 1, acknum = -1,checksum = 30840,payload = ZZZZZZZZZZZZZZZZZZZZ
发送方：发送方发送后的滑动窗口：
0 (1 2| 3 4 5) 6 7 
发送方：发送方发送前的滑动窗口：
0 (1 2| 3 4 5) 6 7 
******模拟网络环境******：发送方的数据包将在641.692到达对方, 数据包为-->seqnum = 2, acknum = -1,checksum = 29554,payload = AAAAAAAAAAAAAAAAAAAA
发送方：发送方发送后的滑动窗口：
0 (1 2 3| 4 5) 6 7 
发送方：发送方发送前的滑动窗口：
0 (1 2 3| 4 5) 6 7 
******模拟网络环境******：发送方的数据包将在652.672到达对方, 数据包为-->seqnum = 3, acknum = -1,checksum = 26983,payload = BBBBBBBBBBBBBBBBBBBB
发送方：发送方发送后的滑动窗口：
0 (1 2 3 4| 5) 6 7 
发送方：发送方发送前的滑动窗口：
0 (1 2 3 4| 5) 6 7 
******模拟网络环境******：网络层数据包损坏,损坏的包为-->seqnum = 4, acknum = -1,checksum = 24412,payload = DCCCCCCCCCCCCCCCCCCC
******模拟网络环境******：发送方的数据包将在657.292到达对方, 数据包为-->seqnum = 4, acknum = -1,checksum = 24412,payload = DCCCCCCCCCCCCCCCCCCC
发送方：发送方发送后的滑动窗口：
0 (1 2 3 4 5|) 6 7 
******模拟网络环境******：向上递交给应用层数据：ZZZZZZZZZZZZZZZZZZZZ
******模拟网络环境******：接收方的确认包将在650.502到达对方, 确认包为-->seqnum = -1, acknum = 1,checksum = 12850,payload = .....................
目前返回的ack序号为: 1

******模拟网络环境******：向上递交给应用层数据：AAAAAAAAAAAAAAAAAAAA
******模拟网络环境******：接收方的确认包将在661.252到达对方, 确认包为-->seqnum = -1, acknum = 2,checksum = 12849,payload = .....................
目前返回的ack序号为: 2

发送方：接收到ACK：1
******模拟网络环境******：关闭定时器, 当前时间 = 650.502, 定时器报文序号 = 0
******模拟网络环境******：启动定时器, 当前时间 = 650.502, 定时器报文序号 = 0, 定时器Timeout时间 = 670.502
发送方：发送方接收ACK后的滑动窗口：
0 1 (2 3 4 5| 6) 7 
******模拟网络环境******：向上递交给应用层数据：BBBBBBBBBBBBBBBBBBBB
******模拟网络环境******：接收方的确认包将在663.592到达对方, 确认包为-->seqnum = -1, acknum = 3,checksum = 12848,payload = .....................
目前返回的ack序号为: 3

******模拟网络环境******：接收方发送的确认包丢失：seqnum = -1, acknum = 3,checksum = 12848,payload = .....................
发送方：接收到ACK：2
******模拟网络环境******：关闭定时器, 当前时间 = 661.252, 定时器报文序号 = 0
******模拟网络环境******：启动定时器, 当前时间 = 661.252, 定时器报文序号 = 0, 定时器Timeout时间 = 681.252
发送方：发送方接收ACK后的滑动窗口：
0 1 2 (3 4 5| 6 7) 
发送方：接收到ACK：3
******模拟网络环境******：关闭定时器, 当前时间 = 663.592, 定时器报文序号 = 0
******模拟网络环境******：启动定时器, 当前时间 = 663.592, 定时器报文序号 = 0, 定时器Timeout时间 = 683.592
发送方：发送方接收ACK后的滑动窗口：
0) 1 2 3 (4 5| 6 7 
******模拟网络环境******：发送方的数据包将在694.582到达对方, 数据包为-->seqnum = 4, acknum = -1,checksum = 24412,payload = CCCCCCCCCCCCCCCCCCCC
******模拟网络环境******：关闭定时器, 当前时间 = 683.592, 定时器报文序号 = 0
******模拟网络环境******：启动定时器, 当前时间 = 683.592, 定时器报文序号 = 0, 定时器Timeout时间 = 703.592
******模拟网络环境******：向上递交给应用层数据：CCCCCCCCCCCCCCCCCCCC
******模拟网络环境******：接收方的确认包将在700.202到达对方, 确认包为-->seqnum = -1, acknum = 4,checksum = 12847,payload = .....................
目前返回的ack序号为: 4

发送方：接收到ACK：4
******模拟网络环境******：关闭定时器, 当前时间 = 700.202, 定时器报文序号 = 0
发送方：发送方接收ACK后的滑动窗口：
0 1) 2 3 4 (5| 6 7 
发送方：发送方发送前的滑动窗口：
0 1) 2 3 4 (5| 6 7 
******模拟网络环境******：启动定时器, 当前时间 = 700.51, 定时器报文序号 = 0, 定时器Timeout时间 = 720.51
******模拟网络环境******：发送方的数据包将在706.48到达对方, 数据包为-->seqnum = 5, acknum = -1,checksum = 21841,payload = DDDDDDDDDDDDDDDDDDDD
发送方：发送方发送后的滑动窗口：
0 1) 2 3 4 (5 6| 7 
发送方：发送方发送前的滑动窗口：
0 1) 2 3 4 (5 6| 7 
******模拟网络环境******：发送方的数据包将在715.02到达对方, 数据包为-->seqnum = 6, acknum = -1,checksum = 19270,payload = EEEEEEEEEEEEEEEEEEEE
发送方：发送方发送后的滑动窗口：
0 1) 2 3 4 (5 6 7| 
发送方：发送方发送前的滑动窗口：
0 1) 2 3 4 (5 6 7| 
******模拟网络环境******：发送方的数据包将在725.85到达对方, 数据包为-->seqnum = 7, acknum = -1,checksum = 16699,payload = FFFFFFFFFFFFFFFFFFFF
发送方：发送方发送后的滑动窗口：
0| 1) 2 3 4 (5 6 7 
发送方：发送方发送前的滑动窗口：
0| 1) 2 3 4 (5 6 7 
******模拟网络环境******：发送方的数据包将在734.98到达对方, 数据包为-->seqnum = 0, acknum = -1,checksum = 14136,payload = GGGGGGGGGGGGGGGGGGGG
发送方：发送方发送后的滑动窗口：
0 1|) 2 3 4 (5 6 7 
******模拟网络环境******：向上递交给应用层数据：DDDDDDDDDDDDDDDDDDDD
******模拟网络环境******：接收方的确认包将在712.02到达对方, 确认包为-->seqnum = -1, acknum = 5,checksum = 12846,payload = .....................
目前返回的ack序号为: 5

发送方：接收到ACK：5
******模拟网络环境******：关闭定时器, 当前时间 = 712.02, 定时器报文序号 = 0
******模拟网络环境******：启动定时器, 当前时间 = 712.02, 定时器报文序号 = 0, 定时器Timeout时间 = 732.02
发送方：发送方接收ACK后的滑动窗口：
0 1| 2) 3 4 5 (6 7 
******模拟网络环境******：向上递交给应用层数据：EEEEEEEEEEEEEEEEEEEE
******模拟网络环境******：接收方的确认包将在718.31到达对方, 确认包为-->seqnum = -1, acknum = 6,checksum = 12845,payload = .....................
目前返回的ack序号为: 6

发送方：接收到ACK：6
******模拟网络环境******：关闭定时器, 当前时间 = 718.31, 定时器报文序号 = 0
******模拟网络环境******：启动定时器, 当前时间 = 718.31, 定时器报文序号 = 0, 定时器Timeout时间 = 738.31
发送方：发送方接收ACK后的滑动窗口：
0 1| 2 3) 4 5 6 (7 
******模拟网络环境******：向上递交给应用层数据：FFFFFFFFFFFFFFFFFFFF
******模拟网络环境******：接收方的确认包将在734.12到达对方, 确认包为-->seqnum = -1, acknum = 7,checksum = 12844,payload = .....................
目前返回的ack序号为: 7

发送方：接收到ACK：7
******模拟网络环境******：关闭定时器, 当前时间 = 734.12, 定时器报文序号 = 0
******模拟网络环境******：启动定时器, 当前时间 = 734.12, 定时器报文序号 = 0, 定时器Timeout时间 = 754.12
发送方：发送方接收ACK后的滑动窗口：
(0 1| 2 3 4) 5 6 7 
******模拟网络环境******：向上递交给应用层数据：GGGGGGGGGGGGGGGGGGGG
******模拟网络环境******：接收方的确认包将在745.75到达对方, 确认包为-->seqnum = -1, acknum = 0,checksum = 12851,payload = .....................
目前返回的ack序号为: 0

发送方：接收到ACK：0
******模拟网络环境******：关闭定时器, 当前时间 = 745.75, 定时器报文序号 = 0
发送方：发送方接收ACK后的滑动窗口：
0 (1| 2 3 4 5) 6 7 
发送方：发送方发送前的滑动窗口：
0 (1| 2 3 4 5) 6 7 
******模拟网络环境******：启动定时器, 当前时间 = 746.925, 定时器报文序号 = 0, 定时器Timeout时间 = 766.925
******模拟网络环境******：发送方的数据包将在749.945到达对方, 数据包为-->seqnum = 1, acknum = -1,checksum = 11565,payload = HHHHHHHHHHHHHHHHHHHH
发送方：发送方发送后的滑动窗口：
0 (1 2| 3 4 5) 6 7 
发送方：发送方发送前的滑动窗口：
0 (1 2| 3 4 5) 6 7 
******模拟网络环境******：发送方的数据包将在759.855到达对方, 数据包为-->seqnum = 2, acknum = -1,checksum = 8994,payload = IIIIIIIIIIIIIIIIIIII
发送方：发送方发送后的滑动窗口：
0 (1 2 3| 4 5) 6 7 
发送方：发送方发送前的滑动窗口：
0 (1 2 3| 4 5) 6 7 
******模拟网络环境******：发送方的数据包将在766.335到达对方, 数据包为-->seqnum = 3, acknum = -1,checksum = 6423,payload = JJJJJJJJJJJJJJJJJJJJ
发送方：发送方发送后的滑动窗口：
0 (1 2 3 4| 5) 6 7 
发送方：发送方发送前的滑动窗口：
0 (1 2 3 4| 5) 6 7 
******模拟网络环境******：发送方的数据包将在769.505到达对方, 数据包为-->seqnum = 4, acknum = -1,checksum = 3852,payload = KKKKKKKKKKKKKKKKKKKK
发送方：发送方发送后的滑动窗口：
0 (1 2 3 4 5|) 6 7 
******模拟网络环境******：向上递交给应用层数据：HHHHHHHHHHHHHHHHHHHH
******模拟网络环境******：接收方发送的确认包丢失：seqnum = -1, acknum = 1,checksum = 12850,payload = .....................
目前返回的ack序号为: 1

******模拟网络环境******：向上递交给应用层数据：IIIIIIIIIIIIIIIIIIII
******模拟网络环境******：接收方的确认包将在767.665到达对方, 确认包为-->seqnum = -1, acknum = 2,checksum = 12849,payload = .....................
目前返回的ack序号为: 2

******模拟网络环境******：向上递交给应用层数据：JJJJJJJJJJJJJJJJJJJJ
******模拟网络环境******：接收方的确认包将在774.495到达对方, 确认包为-->seqnum = -1, acknum = 3,checksum = 12848,payload = .....................
目前返回的ack序号为: 3

******模拟网络环境******：发送方发送的数据包丢失：seqnum = 1, acknum = -1,checksum = 11565,payload = HHHHHHHHHHHHHHHHHHHH
******模拟网络环境******：关闭定时器, 当前时间 = 766.925, 定时器报文序号 = 0
******模拟网络环境******：启动定时器, 当前时间 = 766.925, 定时器报文序号 = 0, 定时器Timeout时间 = 786.925
发送方：接收到ACK：2
******模拟网络环境******：关闭定时器, 当前时间 = 767.665, 定时器报文序号 = 0
******模拟网络环境******：启动定时器, 当前时间 = 767.665, 定时器报文序号 = 0, 定时器Timeout时间 = 787.665
发送方：发送方接收ACK后的滑动窗口：
0 1 2 (3 4 5| 6 7) 
******模拟网络环境******：向上递交给应用层数据：KKKKKKKKKKKKKKKKKKKK
******模拟网络环境******：接收方的确认包将在780.505到达对方, 确认包为-->seqnum = -1, acknum = 4,checksum = 12847,payload = .....................
目前返回的ack序号为: 4

发送方：接收到ACK：3
******模拟网络环境******：关闭定时器, 当前时间 = 774.495, 定时器报文序号 = 0
******模拟网络环境******：启动定时器, 当前时间 = 774.495, 定时器报文序号 = 0, 定时器Timeout时间 = 794.495
发送方：发送方接收ACK后的滑动窗口：
0) 1 2 3 (4 5| 6 7 
发送方：接收到ACK：4
******模拟网络环境******：关闭定时器, 当前时间 = 780.505, 定时器报文序号 = 0
发送方：发送方接收ACK后的滑动窗口：
0 1) 2 3 4 (5| 6 7 
发送方：发送方发送前的滑动窗口：
0 1) 2 3 4 (5| 6 7 
******模拟网络环境******：启动定时器, 当前时间 = 780.8, 定时器报文序号 = 0, 定时器Timeout时间 = 800.8
******模拟网络环境******：发送方的数据包将在786.9到达对方, 数据包为-->seqnum = 5, acknum = -1,checksum = 1281,payload = LLLLLLLLLLLLLLLLLLLL
发送方：发送方发送后的滑动窗口：
0 1) 2 3 4 (5 6| 7 
发送方：发送方发送前的滑动窗口：
0 1) 2 3 4 (5 6| 7 
******模拟网络环境******：发送方的数据包将在796.98到达对方, 数据包为-->seqnum = 6, acknum = -1,checksum = 64245,payload = MMMMMMMMMMMMMMMMMMMM
发送方：发送方发送后的滑动窗口：
0 1) 2 3 4 (5 6 7| 
发送方：发送方发送前的滑动窗口：
0 1) 2 3 4 (5 6 7| 
******模拟网络环境******：发送方的数据包将在800.75到达对方, 数据包为-->seqnum = 7, acknum = -1,checksum = 61674,payload = NNNNNNNNNNNNNNNNNNNN
发送方：发送方发送后的滑动窗口：
0| 1) 2 3 4 (5 6 7 
发送方：发送方发送前的滑动窗口：
0| 1) 2 3 4 (5 6 7 
******模拟网络环境******：发送方的数据包将在808.59到达对方, 数据包为-->seqnum = 0, acknum = -1,checksum = 59111,payload = OOOOOOOOOOOOOOOOOOOO
发送方：发送方发送后的滑动窗口：
0 1|) 2 3 4 (5 6 7 
******模拟网络环境******：向上递交给应用层数据：LLLLLLLLLLLLLLLLLLLL
******模拟网络环境******：接收方的确认包将在793.42到达对方, 确认包为-->seqnum = -1, acknum = 5,checksum = 12846,payload = .....................
目前返回的ack序号为: 5

发送方：接收到ACK：5
******模拟网络环境******：关闭定时器, 当前时间 = 793.42, 定时器报文序号 = 0
******模拟网络环境******：启动定时器, 当前时间 = 793.42, 定时器报文序号 = 0, 定时器Timeout时间 = 813.42
发送方：发送方接收ACK后的滑动窗口：
0 1| 2) 3 4 5 (6 7 
******模拟网络环境******：向上递交给应用层数据：MMMMMMMMMMMMMMMMMMMM
******模拟网络环境******：接收方发送的确认包丢失：seqnum = -1, acknum = 6,checksum = 12845,payload = .....................
目前返回的ack序号为: 6

******模拟网络环境******：向上递交给应用层数据：NNNNNNNNNNNNNNNNNNNN
******模拟网络环境******：接收方的确认包将在802.54到达对方, 确认包为-->seqnum = -1, acknum = 7,checksum = 12844,payload = .....................
目前返回的ack序号为: 7

发送方：接收到ACK：7
******模拟网络环境******：关闭定时器, 当前时间 = 802.54, 定时器报文序号 = 0
******模拟网络环境******：启动定时器, 当前时间 = 802.54, 定时器报文序号 = 0, 定时器Timeout时间 = 822.54
发送方：发送方接收ACK后的滑动窗口：
(0 1| 2 3 4) 5 6 7 
******模拟网络环境******：向上递交给应用层数据：OOOOOOOOOOOOOOOOOOOO
******模拟网络环境******：接收方的确认包将在817.47到达对方, 确认包为-->seqnum = -1, acknum = 0,checksum = 12851,payload = .....................
目前返回的ack序号为: 0

发送方：接收到ACK：0
******模拟网络环境******：关闭定时器, 当前时间 = 817.47, 定时器报文序号 = 0
发送方：发送方接收ACK后的滑动窗口：
0 (1| 2 3 4 5) 6 7 
发送方：发送方发送前的滑动窗口：
0 (1| 2 3 4 5) 6 7 
******模拟网络环境******：启动定时器, 当前时间 = 818.095, 定时器报文序号 = 0, 定时器Timeout时间 = 838.095
******模拟网络环境******：发送方的数据包将在819.875到达对方, 数据包为-->seqnum = 1, acknum = -1,checksum = 56540,payload = PPPPPPPPPPPPPPPPPPPP
发送方：发送方发送后的滑动窗口：
0 (1 2| 3 4 5) 6 7 
发送方：发送方发送前的滑动窗口：
0 (1 2| 3 4 5) 6 7 
******模拟网络环境******：发送方的数据包将在822.025到达对方, 数据包为-->seqnum = 2, acknum = -1,checksum = 53969,payload = QQQQQQQQQQQQQQQQQQQQ
发送方：发送方发送后的滑动窗口：
0 (1 2 3| 4 5) 6 7 
发送方：发送方发送前的滑动窗口：
0 (1 2 3| 4 5) 6 7 
******模拟网络环境******：发送方的数据包将在826.015到达对方, 数据包为-->seqnum = 3, acknum = -1,checksum = 51398,payload = RRRRRRRRRRRRRRRRRRRR
发送方：发送方发送后的滑动窗口：
0 (1 2 3 4| 5) 6 7 
发送方：发送方发送前的滑动窗口：
0 (1 2 3 4| 5) 6 7 
******模拟网络环境******：发送方的数据包将在832.915到达对方, 数据包为-->seqnum = 4, acknum = -1,checksum = 48827,payload = SSSSSSSSSSSSSSSSSSSS
发送方：发送方发送后的滑动窗口：
0 (1 2 3 4 5|) 6 7 
******模拟网络环境******：向上递交给应用层数据：PPPPPPPPPPPPPPPPPPPP
******模拟网络环境******：接收方的确认包将在824.895到达对方, 确认包为-->seqnum = -1, acknum = 1,checksum = 12850,payload = .....................
目前返回的ack序号为: 1

******模拟网络环境******：向上递交给应用层数据：QQQQQQQQQQQQQQQQQQQQ
******模拟网络环境******：网络层数据包损坏,损坏的包为-->seqnum = -1, acknum = 2,checksum = 12849,payload = /....................
******模拟网络环境******：接收方的确认包将在832.725到达对方, 确认包为-->seqnum = -1, acknum = 2,checksum = 12849,payload = /....................
目前返回的ack序号为: 2

发送方：接收到ACK：1
******模拟网络环境******：关闭定时器, 当前时间 = 824.895, 定时器报文序号 = 0
******模拟网络环境******：启动定时器, 当前时间 = 824.895, 定时器报文序号 = 0, 定时器Timeout时间 = 844.895
发送方：发送方接收ACK后的滑动窗口：
0 1 (2 3 4 5| 6) 7 
******模拟网络环境******：向上递交给应用层数据：RRRRRRRRRRRRRRRRRRRR
******模拟网络环境******：网络层数据包损坏,损坏的包为-->seqnum = -1, acknum = 3,checksum = 12848,payload = /....................
******模拟网络环境******：接收方的确认包将在834.905到达对方, 确认包为-->seqnum = -1, acknum = 3,checksum = 12848,payload = /....................
目前返回的ack序号为: 3

******模拟网络环境******：向上递交给应用层数据：SSSSSSSSSSSSSSSSSSSS
******模拟网络环境******：接收方的确认包将在842.585到达对方, 确认包为-->seqnum = -1, acknum = 4,checksum = 12847,payload = .....................
目前返回的ack序号为: 4

发送方：接收到ACK：4
******模拟网络环境******：关闭定时器, 当前时间 = 842.585, 定时器报文序号 = 0
发送方：发送方接收ACK后的滑动窗口：
0 1) 2 3 4 (5| 6 7 
发送方：发送方发送前的滑动窗口：
0 1) 2 3 4 (5| 6 7 
******模拟网络环境******：启动定时器, 当前时间 = 842.735, 定时器报文序号 = 0, 定时器Timeout时间 = 862.735
******模拟网络环境******：发送方的数据包将在848.485到达对方, 数据包为-->seqnum = 5, acknum = -1,checksum = 46256,payload = TTTTTTTTTTTTTTTTTTTT
发送方：发送方发送后的滑动窗口：
0 1) 2 3 4 (5 6| 7 
发送方：发送方发送前的滑动窗口：
0 1) 2 3 4 (5 6| 7 
******模拟网络环境******：发送方的数据包将在854.415到达对方, 数据包为-->seqnum = 6, acknum = -1,checksum = 43685,payload = UUUUUUUUUUUUUUUUUUUU
发送方：发送方发送后的滑动窗口：
0 1) 2 3 4 (5 6 7| 
发送方：发送方发送前的滑动窗口：
0 1) 2 3 4 (5 6 7| 
******模拟网络环境******：发送方的数据包将在864.695到达对方, 数据包为-->seqnum = 7, acknum = -1,checksum = 41114,payload = VVVVVVVVVVVVVVVVVVVV
发送方：发送方发送后的滑动窗口：
0| 1) 2 3 4 (5 6 7 
发送方：发送方发送前的滑动窗口：
0| 1) 2 3 4 (5 6 7 
******模拟网络环境******：发送方发送的数据包丢失：seqnum = 0, acknum = -1,checksum = 38551,payload = WWWWWWWWWWWWWWWWWWWW
发送方：发送方发送后的滑动窗口：
0 1|) 2 3 4 (5 6 7 
******模拟网络环境******：向上递交给应用层数据：TTTTTTTTTTTTTTTTTTTT
******模拟网络环境******：接收方的确认包将在855.375到达对方, 确认包为-->seqnum = -1, acknum = 5,checksum = 12846,payload = .....................
目前返回的ack序号为: 5

******模拟网络环境******：向上递交给应用层数据：UUUUUUUUUUUUUUUUUUUU
******模拟网络环境******：接收方的确认包将在858.685到达对方, 确认包为-->seqnum = -1, acknum = 6,checksum = 12845,payload = .....................
目前返回的ack序号为: 6

发送方：接收到ACK：5
******模拟网络环境******：关闭定时器, 当前时间 = 855.375, 定时器报文序号 = 0
******模拟网络环境******：启动定时器, 当前时间 = 855.375, 定时器报文序号 = 0, 定时器Timeout时间 = 875.375
发送方：发送方接收ACK后的滑动窗口：
0 1| 2) 3 4 5 (6 7 
发送方：接收到ACK：6
******模拟网络环境******：关闭定时器, 当前时间 = 858.685, 定时器报文序号 = 0
******模拟网络环境******：启动定时器, 当前时间 = 858.685, 定时器报文序号 = 0, 定时器Timeout时间 = 878.685
发送方：发送方接收ACK后的滑动窗口：
0 1| 2 3) 4 5 6 (7 
******模拟网络环境******：向上递交给应用层数据：VVVVVVVVVVVVVVVVVVVV
******模拟网络环境******：网络层数据包损坏,损坏的包为-->seqnum = -1, acknum = 7,checksum = 12844,payload = /....................
******模拟网络环境******：接收方的确认包将在869.635到达对方, 确认包为-->seqnum = -1, acknum = 7,checksum = 12844,payload = /....................
目前返回的ack序号为: 7

******模拟网络环境******：发送方的数据包将在889.075到达对方, 数据包为-->seqnum = 7, acknum = -1,checksum = 41114,payload = VVVVVVVVVVVVVVVVVVVV
******模拟网络环境******：关闭定时器, 当前时间 = 878.685, 定时器报文序号 = 0
******模拟网络环境******：启动定时器, 当前时间 = 878.685, 定时器报文序号 = 0, 定时器Timeout时间 = 898.685
******模拟网络环境******：接收方的确认包将在897.725到达对方, 确认包为-->seqnum = -1, acknum = 7,checksum = 12844,payload = .....................
发送方：接收到ACK：7
******模拟网络环境******：关闭定时器, 当前时间 = 897.725, 定时器报文序号 = 0
******模拟网络环境******：启动定时器, 当前时间 = 897.725, 定时器报文序号 = 0, 定时器Timeout时间 = 917.725
发送方：发送方接收ACK后的滑动窗口：
(0 1| 2 3 4) 5 6 7 
******模拟网络环境******：发送方的数据包将在923.145到达对方, 数据包为-->seqnum = 0, acknum = -1,checksum = 38551,payload = WWWWWWWWWWWWWWWWWWWW
******模拟网络环境******：关闭定时器, 当前时间 = 917.725, 定时器报文序号 = 0
******模拟网络环境******：启动定时器, 当前时间 = 917.725, 定时器报文序号 = 0, 定时器Timeout时间 = 937.725
******模拟网络环境******：向上递交给应用层数据：WWWWWWWWWWWWWWWWWWWW
******模拟网络环境******：接收方的确认包将在932.405到达对方, 确认包为-->seqnum = -1, acknum = 0,checksum = 12851,payload = .....................
目前返回的ack序号为: 0

发送方：接收到ACK：0
******模拟网络环境******：关闭定时器, 当前时间 = 932.405, 定时器报文序号 = 0
发送方：发送方接收ACK后的滑动窗口：
0 (1| 2 3 4 5) 6 7 
发送方：发送方发送前的滑动窗口：
0 (1| 2 3 4 5) 6 7 
******模拟网络环境******：启动定时器, 当前时间 = 933.145, 定时器报文序号 = 0, 定时器Timeout时间 = 953.145
******模拟网络环境******：发送方的数据包将在936.225到达对方, 数据包为-->seqnum = 1, acknum = -1,checksum = 35980,payload = XXXXXXXXXXXXXXXXXXXX
发送方：发送方发送后的滑动窗口：
0 (1 2| 3 4 5) 6 7 
发送方：发送方发送前的滑动窗口：
0 (1 2| 3 4 5) 6 7 
******模拟网络环境******：发送方的数据包将在937.315到达对方, 数据包为-->seqnum = 2, acknum = -1,checksum = 33409,payload = YYYYYYYYYYYYYYYYYYYY
发送方：发送方发送后的滑动窗口：
0 (1 2 3| 4 5) 6 7 
发送方：发送方发送前的滑动窗口：
0 (1 2 3| 4 5) 6 7 
******模拟网络环境******：发送方发送的数据包丢失：seqnum = 3, acknum = -1,checksum = 30838,payload = ZZZZZZZZZZZZZZZZZZZZ
发送方：发送方发送后的滑动窗口：
0 (1 2 3 4| 5) 6 7 
发送方：发送方发送前的滑动窗口：
0 (1 2 3 4| 5) 6 7 
******模拟网络环境******：发送方的数据包将在943.825到达对方, 数据包为-->seqnum = 4, acknum = -1,checksum = 29552,payload = AAAAAAAAAAAAAAAAAAAA
发送方：发送方发送后的滑动窗口：
0 (1 2 3 4 5|) 6 7 
******模拟网络环境******：向上递交给应用层数据：XXXXXXXXXXXXXXXXXXXX
******模拟网络环境******：网络层数据包损坏,损坏的包为-->seqnum = -1, acknum = 1,checksum = 12850,payload = /....................
******模拟网络环境******：接收方的确认包将在946.535到达对方, 确认包为-->seqnum = -1, acknum = 1,checksum = 12850,payload = /....................
目前返回的ack序号为: 1

******模拟网络环境******：向上递交给应用层数据：YYYYYYYYYYYYYYYYYYYY
******模拟网络环境******：接收方发送的确认包丢失：seqnum = -1, acknum = 2,checksum = 12849,payload = .....................
目前返回的ack序号为: 2

******模拟网络环境******：接收方的确认包将在951.855到达对方, 确认包为-->seqnum = -1, acknum = 2,checksum = 12849,payload = .....................
发送方：接收到ACK：2
******模拟网络环境******：关闭定时器, 当前时间 = 951.855, 定时器报文序号 = 0
******模拟网络环境******：启动定时器, 当前时间 = 951.855, 定时器报文序号 = 0, 定时器Timeout时间 = 971.855
发送方：发送方接收ACK后的滑动窗口：
0 1 2 (3 4 5| 6 7) 
******模拟网络环境******：发送方的数据包将在975.275到达对方, 数据包为-->seqnum = 3, acknum = -1,checksum = 30838,payload = ZZZZZZZZZZZZZZZZZZZZ
******模拟网络环境******：关闭定时器, 当前时间 = 971.855, 定时器报文序号 = 0
******模拟网络环境******：启动定时器, 当前时间 = 971.855, 定时器报文序号 = 0, 定时器Timeout时间 = 991.855
******模拟网络环境******：向上递交给应用层数据：ZZZZZZZZZZZZZZZZZZZZ
******模拟网络环境******：网络层数据包损坏,损坏的包为-->seqnum = -999999, acknum = 3,checksum = 12848,payload = .....................
******模拟网络环境******：接收方的确认包将在977.605到达对方, 确认包为-->seqnum = -999999, acknum = 3,checksum = 12848,payload = .....................
目前返回的ack序号为: 3

******模拟网络环境******：发送方的数据包将在1000.39到达对方, 数据包为-->seqnum = 3, acknum = -1,checksum = 30838,payload = ZZZZZZZZZZZZZZZZZZZZ
******模拟网络环境******：关闭定时器, 当前时间 = 991.855, 定时器报文序号 = 0
******模拟网络环境******：启动定时器, 当前时间 = 991.855, 定时器报文序号 = 0, 定时器Timeout时间 = 1011.85
******模拟网络环境******：接收方的确认包将在1008.26到达对方, 确认包为-->seqnum = -1, acknum = 3,checksum = 12848,payload = .....................
发送方：接收到ACK：3
******模拟网络环境******：关闭定时器, 当前时间 = 1008.26, 定时器报文序号 = 0
******模拟网络环境******：启动定时器, 当前时间 = 1008.26, 定时器报文序号 = 0, 定时器Timeout时间 = 1028.26
发送方：发送方接收ACK后的滑动窗口：
0) 1 2 3 (4 5| 6 7 
******模拟网络环境******：发送方的数据包将在1037.39到达对方, 数据包为-->seqnum = 4, acknum = -1,checksum = 29552,payload = AAAAAAAAAAAAAAAAAAAA
******模拟网络环境******：关闭定时器, 当前时间 = 1028.26, 定时器报文序号 = 0
******模拟网络环境******：启动定时器, 当前时间 = 1028.26, 定时器报文序号 = 0, 定时器Timeout时间 = 1048.26
******模拟网络环境******：向上递交给应用层数据：AAAAAAAAAAAAAAAAAAAA
******模拟网络环境******：接收方发送的确认包丢失：seqnum = -1, acknum = 4,checksum = 12847,payload = .....................
目前返回的ack序号为: 4

******模拟网络环境******：发送方发送的数据包丢失：seqnum = 4, acknum = -1,checksum = 29552,payload = AAAAAAAAAAAAAAAAAAAA
******模拟网络环境******：关闭定时器, 当前时间 = 1048.26, 定时器报文序号 = 0
******模拟网络环境******：启动定时器, 当前时间 = 1048.26, 定时器报文序号 = 0, 定时器Timeout时间 = 1068.26
******模拟网络环境******：发送方的数据包将在1076.79到达对方, 数据包为-->seqnum = 4, acknum = -1,checksum = 29552,payload = AAAAAAAAAAAAAAAAAAAA
******模拟网络环境******：关闭定时器, 当前时间 = 1068.26, 定时器报文序号 = 0
******模拟网络环境******：启动定时器, 当前时间 = 1068.26, 定时器报文序号 = 0, 定时器Timeout时间 = 1088.26
******模拟网络环境******：接收方的确认包将在1078.71到达对方, 确认包为-->seqnum = -1, acknum = 4,checksum = 12847,payload = .....................
发送方：接收到ACK：4
******模拟网络环境******：关闭定时器, 当前时间 = 1078.71, 定时器报文序号 = 0
发送方：发送方接收ACK后的滑动窗口：
0 1) 2 3 4 (5| 6 7 
发送方：发送方发送前的滑动窗口：
0 1) 2 3 4 (5| 6 7 
******模拟网络环境******：启动定时器, 当前时间 = 1078.73, 定时器报文序号 = 0, 定时器Timeout时间 = 1098.73
******模拟网络环境******：发送方发送的数据包丢失：seqnum = 5, acknum = -1,checksum = 26981,payload = BBBBBBBBBBBBBBBBBBBB
发送方：发送方发送后的滑动窗口：
0 1) 2 3 4 (5 6| 7 
发送方：发送方发送前的滑动窗口：
0 1) 2 3 4 (5 6| 7 
******模拟网络环境******：发送方的数据包将在1089到达对方, 数据包为-->seqnum = 6, acknum = -1,checksum = 24410,payload = CCCCCCCCCCCCCCCCCCCC
发送方：发送方发送后的滑动窗口：
0 1) 2 3 4 (5 6 7| 
发送方：发送方发送前的滑动窗口：
0 1) 2 3 4 (5 6 7| 
******模拟网络环境******：发送方发送的数据包丢失：seqnum = 7, acknum = -1,checksum = 21839,payload = DDDDDDDDDDDDDDDDDDDD
发送方：发送方发送后的滑动窗口：
0| 1) 2 3 4 (5 6 7 
发送方：发送方发送前的滑动窗口：
0| 1) 2 3 4 (5 6 7 
******模拟网络环境******：发送方的数据包将在1096.73到达对方, 数据包为-->seqnum = 0, acknum = -1,checksum = 19276,payload = EEEEEEEEEEEEEEEEEEEE
发送方：发送方发送后的滑动窗口：
0 1|) 2 3 4 (5 6 7 
******模拟网络环境******：接收方的确认包将在1091.67到达对方, 确认包为-->seqnum = -1, acknum = 4,checksum = 12847,payload = .....................
******模拟网络环境******：接收方的确认包将在1105.09到达对方, 确认包为-->seqnum = -1, acknum = 4,checksum = 12847,payload = .....................
******模拟网络环境******：发送方的数据包将在1102.61到达对方, 数据包为-->seqnum = 5, acknum = -1,checksum = 26981,payload = BBBBBBBBBBBBBBBBBBBB
******模拟网络环境******：关闭定时器, 当前时间 = 1098.73, 定时器报文序号 = 0
******模拟网络环境******：启动定时器, 当前时间 = 1098.73, 定时器报文序号 = 0, 定时器Timeout时间 = 1118.73
******模拟网络环境******：向上递交给应用层数据：BBBBBBBBBBBBBBBBBBBB
******模拟网络环境******：接收方发送的确认包丢失：seqnum = -1, acknum = 5,checksum = 12846,payload = .....................
目前返回的ack序号为: 5

******模拟网络环境******：发送方的数据包将在1123.57到达对方, 数据包为-->seqnum = 5, acknum = -1,checksum = 26981,payload = BBBBBBBBBBBBBBBBBBBB
******模拟网络环境******：关闭定时器, 当前时间 = 1118.73, 定时器报文序号 = 0
******模拟网络环境******：启动定时器, 当前时间 = 1118.73, 定时器报文序号 = 0, 定时器Timeout时间 = 1138.73
******模拟网络环境******：接收方发送的确认包丢失：seqnum = -1, acknum = 5,checksum = 12846,payload = .....................
******模拟网络环境******：发送方的数据包将在1146.43到达对方, 数据包为-->seqnum = 5, acknum = -1,checksum = 26981,payload = BBBBBBBBBBBBBBBBBBBB
******模拟网络环境******：关闭定时器, 当前时间 = 1138.73, 定时器报文序号 = 0
******模拟网络环境******：启动定时器, 当前时间 = 1138.73, 定时器报文序号 = 0, 定时器Timeout时间 = 1158.73
******模拟网络环境******：接收方的确认包将在1151.9到达对方, 确认包为-->seqnum = -1, acknum = 5,checksum = 12846,payload = .....................
发送方：接收到ACK：5
******模拟网络环境******：关闭定时器, 当前时间 = 1151.9, 定时器报文序号 = 0
******模拟网络环境******：启动定时器, 当前时间 = 1151.9, 定时器报文序号 = 0, 定时器Timeout时间 = 1171.9
发送方：发送方接收ACK后的滑动窗口：
0 1| 2) 3 4 5 (6 7 
******模拟网络环境******：发送方的数据包将在1177.02到达对方, 数据包为-->seqnum = 6, acknum = -1,checksum = 24410,payload = CCCCCCCCCCCCCCCCCCCC
******模拟网络环境******：关闭定时器, 当前时间 = 1171.9, 定时器报文序号 = 0
******模拟网络环境******：启动定时器, 当前时间 = 1171.9, 定时器报文序号 = 0, 定时器Timeout时间 = 1191.9
******模拟网络环境******：向上递交给应用层数据：CCCCCCCCCCCCCCCCCCCC
******模拟网络环境******：接收方发送的确认包丢失：seqnum = -1, acknum = 6,checksum = 12845,payload = .....................
目前返回的ack序号为: 6

******模拟网络环境******：发送方的数据包将在1202.81到达对方, 数据包为-->seqnum = 6, acknum = -1,checksum = 24410,payload = CCCCCCCCCCCCCCCCCCCC
******模拟网络环境******：关闭定时器, 当前时间 = 1191.9, 定时器报文序号 = 0
******模拟网络环境******：启动定时器, 当前时间 = 1191.9, 定时器报文序号 = 0, 定时器Timeout时间 = 1211.9
******模拟网络环境******：接收方的确认包将在1205.74到达对方, 确认包为-->seqnum = -1, acknum = 6,checksum = 12845,payload = .....................
发送方：接收到ACK：6
******模拟网络环境******：关闭定时器, 当前时间 = 1205.74, 定时器报文序号 = 0
******模拟网络环境******：启动定时器, 当前时间 = 1205.74, 定时器报文序号 = 0, 定时器Timeout时间 = 1225.74
发送方：发送方接收ACK后的滑动窗口：
0 1| 2 3) 4 5 6 (7 
******模拟网络环境******：发送方的数据包将在1228.65到达对方, 数据包为-->seqnum = 7, acknum = -1,checksum = 21839,payload = DDDDDDDDDDDDDDDDDDDD
******模拟网络环境******：关闭定时器, 当前时间 = 1225.74, 定时器报文序号 = 0
******模拟网络环境******：启动定时器, 当前时间 = 1225.74, 定时器报文序号 = 0, 定时器Timeout时间 = 1245.74
******模拟网络环境******：向上递交给应用层数据：DDDDDDDDDDDDDDDDDDDD
******模拟网络环境******：接收方的确认包将在1231.03到达对方, 确认包为-->seqnum = -1, acknum = 7,checksum = 12844,payload = .....................
目前返回的ack序号为: 7

发送方：接收到ACK：7
******模拟网络环境******：关闭定时器, 当前时间 = 1231.03, 定时器报文序号 = 0
******模拟网络环境******：启动定时器, 当前时间 = 1231.03, 定时器报文序号 = 0, 定时器Timeout时间 = 1251.03
发送方：发送方接收ACK后的滑动窗口：
(0 1| 2 3 4) 5 6 7 
******模拟网络环境******：发送方的数据包将在1259.44到达对方, 数据包为-->seqnum = 0, acknum = -1,checksum = 19276,payload = EEEEEEEEEEEEEEEEEEEE
******模拟网络环境******：关闭定时器, 当前时间 = 1251.03, 定时器报文序号 = 0
******模拟网络环境******：启动定时器, 当前时间 = 1251.03, 定时器报文序号 = 0, 定时器Timeout时间 = 1271.03
******模拟网络环境******：向上递交给应用层数据：EEEEEEEEEEEEEEEEEEEE
******模拟网络环境******：接收方的确认包将在1265.48到达对方, 确认包为-->seqnum = -1, acknum = 0,checksum = 12851,payload = .....................
目前返回的ack序号为: 0

发送方：接收到ACK：0
******模拟网络环境******：关闭定时器, 当前时间 = 1265.48, 定时器报文序号 = 0
发送方：发送方接收ACK后的滑动窗口：
0 (1| 2 3 4 5) 6 7 
发送方：发送方发送前的滑动窗口：
0 (1| 2 3 4 5) 6 7 
******模拟网络环境******：启动定时器, 当前时间 = 1265.49, 定时器报文序号 = 0, 定时器Timeout时间 = 1285.49
******模拟网络环境******：发送方的数据包将在1271.5到达对方, 数据包为-->seqnum = 1, acknum = -1,checksum = 16705,payload = FFFFFFFFFFFFFFFFFFFF
发送方：发送方发送后的滑动窗口：
0 (1 2| 3 4 5) 6 7 
发送方：发送方发送前的滑动窗口：
0 (1 2| 3 4 5) 6 7 
******模拟网络环境******：发送方的数据包将在1280.98到达对方, 数据包为-->seqnum = 2, acknum = -1,checksum = 14134,payload = GGGGGGGGGGGGGGGGGGGG
发送方：发送方发送后的滑动窗口：
0 (1 2 3| 4 5) 6 7 
发送方：发送方发送前的滑动窗口：
0 (1 2 3| 4 5) 6 7 
******模拟网络环境******：发送方的数据包将在1288.32到达对方, 数据包为-->seqnum = 3, acknum = -1,checksum = 11563,payload = HHHHHHHHHHHHHHHHHHHH
发送方：发送方发送后的滑动窗口：
0 (1 2 3 4| 5) 6 7 
发送方：发送方发送前的滑动窗口：
0 (1 2 3 4| 5) 6 7 
******模拟网络环境******：发送方的数据包将在1295.55到达对方, 数据包为-->seqnum = 4, acknum = -1,checksum = 8992,payload = IIIIIIIIIIIIIIIIIIII
发送方：发送方发送后的滑动窗口：
0 (1 2 3 4 5|) 6 7 
******模拟网络环境******：向上递交给应用层数据：FFFFFFFFFFFFFFFFFFFF
******模拟网络环境******：接收方的确认包将在1274.22到达对方, 确认包为-->seqnum = -1, acknum = 1,checksum = 12850,payload = .....................
目前返回的ack序号为: 1

发送方：接收到ACK：1
******模拟网络环境******：关闭定时器, 当前时间 = 1274.22, 定时器报文序号 = 0
******模拟网络环境******：启动定时器, 当前时间 = 1274.22, 定时器报文序号 = 0, 定时器Timeout时间 = 1294.22
发送方：发送方接收ACK后的滑动窗口：
0 1 (2 3 4 5| 6) 7 
******模拟网络环境******：向上递交给应用层数据：GGGGGGGGGGGGGGGGGGGG
******模拟网络环境******：接收方的确认包将在1285.35到达对方, 确认包为-->seqnum = -1, acknum = 2,checksum = 12849,payload = .....................
目前返回的ack序号为: 2

发送方：接收到ACK：2
******模拟网络环境******：关闭定时器, 当前时间 = 1285.35, 定时器报文序号 = 0
******模拟网络环境******：启动定时器, 当前时间 = 1285.35, 定时器报文序号 = 0, 定时器Timeout时间 = 1305.35
发送方：发送方接收ACK后的滑动窗口：
0 1 2 (3 4 5| 6 7) 
******模拟网络环境******：向上递交给应用层数据：HHHHHHHHHHHHHHHHHHHH
******模拟网络环境******：接收方的确认包将在1292.74到达对方, 确认包为-->seqnum = -1, acknum = 3,checksum = 12848,payload = .....................
目前返回的ack序号为: 3

发送方：接收到ACK：3
******模拟网络环境******：关闭定时器, 当前时间 = 1292.74, 定时器报文序号 = 0
******模拟网络环境******：启动定时器, 当前时间 = 1292.74, 定时器报文序号 = 0, 定时器Timeout时间 = 1312.74
发送方：发送方接收ACK后的滑动窗口：
0) 1 2 3 (4 5| 6 7 
******模拟网络环境******：向上递交给应用层数据：IIIIIIIIIIIIIIIIIIII
******模拟网络环境******：接收方的确认包将在1301.99到达对方, 确认包为-->seqnum = -1, acknum = 4,checksum = 12847,payload = .....................
目前返回的ack序号为: 4

发送方：接收到ACK：4
******模拟网络环境******：关闭定时器, 当前时间 = 1301.99, 定时器报文序号 = 0
发送方：发送方接收ACK后的滑动窗口：
0 1) 2 3 4 (5| 6 7 
发送方：发送方发送前的滑动窗口：
0 1) 2 3 4 (5| 6 7 
******模拟网络环境******：启动定时器, 当前时间 = 1302.13, 定时器报文序号 = 0, 定时器Timeout时间 = 1322.13
******模拟网络环境******：发送方的数据包将在1305.29到达对方, 数据包为-->seqnum = 5, acknum = -1,checksum = 6421,payload = JJJJJJJJJJJJJJJJJJJJ
发送方：发送方发送后的滑动窗口：
0 1) 2 3 4 (5 6| 7 
发送方：发送方发送前的滑动窗口：
0 1) 2 3 4 (5 6| 7 
******模拟网络环境******：发送方的数据包将在1311.65到达对方, 数据包为-->seqnum = 6, acknum = -1,checksum = 3850,payload = KKKKKKKKKKKKKKKKKKKK
发送方：发送方发送后的滑动窗口：
0 1) 2 3 4 (5 6 7| 
发送方：发送方发送前的滑动窗口：
0 1) 2 3 4 (5 6 7| 
******模拟网络环境******：发送方的数据包将在1320.88到达对方, 数据包为-->seqnum = 7, acknum = -1,checksum = 1279,payload = LLLLLLLLLLLLLLLLLLLL
发送方：发送方发送后的滑动窗口：
0| 1) 2 3 4 (5 6 7 
发送方：发送方发送前的滑动窗口：
0| 1) 2 3 4 (5 6 7 
******模拟网络环境******：发送方的数据包将在1329.17到达对方, 数据包为-->seqnum = 0, acknum = -1,checksum = 64251,payload = MMMMMMMMMMMMMMMMMMMM
发送方：发送方发送后的滑动窗口：
0 1|) 2 3 4 (5 6 7 
******模拟网络环境******：向上递交给应用层数据：JJJJJJJJJJJJJJJJJJJJ
******模拟网络环境******：接收方的确认包将在1313.55到达对方, 确认包为-->seqnum = -1, acknum = 5,checksum = 12846,payload = .....................
目前返回的ack序号为: 5

******模拟网络环境******：向上递交给应用层数据：KKKKKKKKKKKKKKKKKKKK
******模拟网络环境******：接收方的确认包将在1322.29到达对方, 确认包为-->seqnum = -1, acknum = 6,checksum = 12845,payload = .....................
目前返回的ack序号为: 6

发送方：接收到ACK：5
******模拟网络环境******：关闭定时器, 当前时间 = 1313.55, 定时器报文序号 = 0
******模拟网络环境******：启动定时器, 当前时间 = 1313.55, 定时器报文序号 = 0, 定时器Timeout时间 = 1333.55
发送方：发送方接收ACK后的滑动窗口：
0 1| 2) 3 4 5 (6 7 
******模拟网络环境******：向上递交给应用层数据：LLLLLLLLLLLLLLLLLLLL
******模拟网络环境******：接收方的确认包将在1331.28到达对方, 确认包为-->seqnum = -1, acknum = 7,checksum = 12844,payload = .....................
目前返回的ack序号为: 7

发送方：接收到ACK：6
******模拟网络环境******：关闭定时器, 当前时间 = 1322.29, 定时器报文序号 = 0
******模拟网络环境******：启动定时器, 当前时间 = 1322.29, 定时器报文序号 = 0, 定时器Timeout时间 = 1342.29
发送方：发送方接收ACK后的滑动窗口：
0 1| 2 3) 4 5 6 (7 
******模拟网络环境******：向上递交给应用层数据：MMMMMMMMMMMMMMMMMMMM
******模拟网络环境******：接收方的确认包将在1336.86到达对方, 确认包为-->seqnum = -1, acknum = 0,checksum = 12851,payload = .....................
目前返回的ack序号为: 0

发送方：接收到ACK：7
******模拟网络环境******：关闭定时器, 当前时间 = 1331.28, 定时器报文序号 = 0
******模拟网络环境******：启动定时器, 当前时间 = 1331.28, 定时器报文序号 = 0, 定时器Timeout时间 = 1351.28
发送方：发送方接收ACK后的滑动窗口：
(0 1| 2 3 4) 5 6 7 
发送方：接收到ACK：0
******模拟网络环境******：关闭定时器, 当前时间 = 1336.86, 定时器报文序号 = 0
发送方：发送方接收ACK后的滑动窗口：
0 (1| 2 3 4 5) 6 7 
发送方：发送方发送前的滑动窗口：
0 (1| 2 3 4 5) 6 7 
******模拟网络环境******：启动定时器, 当前时间 = 1337.53, 定时器报文序号 = 0, 定时器Timeout时间 = 1357.53
******模拟网络环境******：发送方的数据包将在1346.68到达对方, 数据包为-->seqnum = 1, acknum = -1,checksum = 61680,payload = NNNNNNNNNNNNNNNNNNNN
发送方：发送方发送后的滑动窗口：
0 (1 2| 3 4 5) 6 7 
发送方：发送方发送前的滑动窗口：
0 (1 2| 3 4 5) 6 7 
******模拟网络环境******：发送方的数据包将在1350.93到达对方, 数据包为-->seqnum = 2, acknum = -1,checksum = 59109,payload = OOOOOOOOOOOOOOOOOOOO
发送方：发送方发送后的滑动窗口：
0 (1 2 3| 4 5) 6 7 
发送方：发送方发送前的滑动窗口：
0 (1 2 3| 4 5) 6 7 
******模拟网络环境******：发送方的数据包将在1360.7到达对方, 数据包为-->seqnum = 3, acknum = -1,checksum = 56538,payload = PPPPPPPPPPPPPPPPPPPP
发送方：发送方发送后的滑动窗口：
0 (1 2 3 4| 5) 6 7 
发送方：发送方发送前的滑动窗口：
0 (1 2 3 4| 5) 6 7 
******模拟网络环境******：发送方的数据包将在1362.71到达对方, 数据包为-->seqnum = 4, acknum = -1,checksum = 53967,payload = QQQQQQQQQQQQQQQQQQQQ
发送方：发送方发送后的滑动窗口：
0 (1 2 3 4 5|) 6 7 
******模拟网络环境******：向上递交给应用层数据：NNNNNNNNNNNNNNNNNNNN
******模拟网络环境******：接收方的确认包将在1355.09到达对方, 确认包为-->seqnum = -1, acknum = 1,checksum = 12850,payload = .....................
目前返回的ack序号为: 1

******模拟网络环境******：向上递交给应用层数据：OOOOOOOOOOOOOOOOOOOO
******模拟网络环境******：接收方的确认包将在1358.79到达对方, 确认包为-->seqnum = -1, acknum = 2,checksum = 12849,payload = .....................
目前返回的ack序号为: 2

发送方：接收到ACK：1
******模拟网络环境******：关闭定时器, 当前时间 = 1355.09, 定时器报文序号 = 0
******模拟网络环境******：启动定时器, 当前时间 = 1355.09, 定时器报文序号 = 0, 定时器Timeout时间 = 1375.09
发送方：发送方接收ACK后的滑动窗口：
0 1 (2 3 4 5| 6) 7 
发送方：接收到ACK：2
******模拟网络环境******：关闭定时器, 当前时间 = 1358.79, 定时器报文序号 = 0
******模拟网络环境******：启动定时器, 当前时间 = 1358.79, 定时器报文序号 = 0, 定时器Timeout时间 = 1378.79
发送方：发送方接收ACK后的滑动窗口：
0 1 2 (3 4 5| 6 7) 
******模拟网络环境******：向上递交给应用层数据：PPPPPPPPPPPPPPPPPPPP
******模拟网络环境******：接收方的确认包将在1362.65到达对方, 确认包为-->seqnum = -1, acknum = 3,checksum = 12848,payload = .....................
目前返回的ack序号为: 3

发送方：接收到ACK：3
******模拟网络环境******：关闭定时器, 当前时间 = 1362.65, 定时器报文序号 = 0
******模拟网络环境******：启动定时器, 当前时间 = 1362.65, 定时器报文序号 = 0, 定时器Timeout时间 = 1382.65
发送方：发送方接收ACK后的滑动窗口：
0) 1 2 3 (4 5| 6 7 
******模拟网络环境******：向上递交给应用层数据：QQQQQQQQQQQQQQQQQQQQ
******模拟网络环境******：接收方的确认包将在1368.6到达对方, 确认包为-->seqnum = -1, acknum = 4,checksum = 12847,payload = .....................
目前返回的ack序号为: 4

发送方：接收到ACK：4
******模拟网络环境******：关闭定时器, 当前时间 = 1368.6, 定时器报文序号 = 0
发送方：发送方接收ACK后的滑动窗口：
0 1) 2 3 4 (5| 6 7 
发送方：发送方发送前的滑动窗口：
0 1) 2 3 4 (5| 6 7 
******模拟网络环境******：启动定时器, 当前时间 = 1368.65, 定时器报文序号 = 0, 定时器Timeout时间 = 1388.65
******模拟网络环境******：发送方的数据包将在1373.06到达对方, 数据包为-->seqnum = 5, acknum = -1,checksum = 51396,payload = RRRRRRRRRRRRRRRRRRRR
发送方：发送方发送后的滑动窗口：
0 1) 2 3 4 (5 6| 7 
发送方：发送方发送前的滑动窗口：
0 1) 2 3 4 (5 6| 7 
******模拟网络环境******：发送方的数据包将在1378.41到达对方, 数据包为-->seqnum = 6, acknum = -1,checksum = 48825,payload = SSSSSSSSSSSSSSSSSSSS
发送方：发送方发送后的滑动窗口：
0 1) 2 3 4 (5 6 7| 
发送方：发送方发送前的滑动窗口：
0 1) 2 3 4 (5 6 7| 
******模拟网络环境******：发送方的数据包将在1382.28到达对方, 数据包为-->seqnum = 7, acknum = -1,checksum = 46254,payload = TTTTTTTTTTTTTTTTTTTT
发送方：发送方发送后的滑动窗口：
0| 1) 2 3 4 (5 6 7 
发送方：发送方发送前的滑动窗口：
0| 1) 2 3 4 (5 6 7 
******模拟网络环境******：发送方的数据包将在1386.25到达对方, 数据包为-->seqnum = 0, acknum = -1,checksum = 43691,payload = UUUUUUUUUUUUUUUUUUUU
发送方：发送方发送后的滑动窗口：
0 1|) 2 3 4 (5 6 7 
******模拟网络环境******：向上递交给应用层数据：RRRRRRRRRRRRRRRRRRRR
******模拟网络环境******：接收方的确认包将在1377.07到达对方, 确认包为-->seqnum = -1, acknum = 5,checksum = 12846,payload = .....................
目前返回的ack序号为: 5

发送方：接收到ACK：5
******模拟网络环境******：关闭定时器, 当前时间 = 1377.07, 定时器报文序号 = 0
******模拟网络环境******：启动定时器, 当前时间 = 1377.07, 定时器报文序号 = 0, 定时器Timeout时间 = 1397.07
发送方：发送方接收ACK后的滑动窗口：
0 1| 2) 3 4 5 (6 7 
******模拟网络环境******：向上递交给应用层数据：SSSSSSSSSSSSSSSSSSSS
******模拟网络环境******：接收方的确认包将在1384.79到达对方, 确认包为-->seqnum = -1, acknum = 6,checksum = 12845,payload = .....................
目前返回的ack序号为: 6

******模拟网络环境******：向上递交给应用层数据：TTTTTTTTTTTTTTTTTTTT
******模拟网络环境******：接收方发送的确认包丢失：seqnum = -1, acknum = 7,checksum = 12844,payload = .....................
目前返回的ack序号为: 7

发送方：接收到ACK：6
******模拟网络环境******：关闭定时器, 当前时间 = 1384.79, 定时器报文序号 = 0
******模拟网络环境******：启动定时器, 当前时间 = 1384.79, 定时器报文序号 = 0, 定时器Timeout时间 = 1404.79
发送方：发送方接收ACK后的滑动窗口：
0 1| 2 3) 4 5 6 (7 
******模拟网络环境******：向上递交给应用层数据：UUUUUUUUUUUUUUUUUUUU
******模拟网络环境******：接收方的确认包将在1396.14到达对方, 确认包为-->seqnum = -1, acknum = 0,checksum = 12851,payload = .....................
目前返回的ack序号为: 0

发送方：接收到ACK：0
******模拟网络环境******：关闭定时器, 当前时间 = 1396.14, 定时器报文序号 = 0
发送方：发送方接收ACK后的滑动窗口：
0 (1| 2 3 4 5) 6 7 
发送方：发送方发送前的滑动窗口：
0 (1| 2 3 4 5) 6 7 
******模拟网络环境******：启动定时器, 当前时间 = 1396.2, 定时器报文序号 = 0, 定时器Timeout时间 = 1416.2
******模拟网络环境******：发送方的数据包将在1399.9到达对方, 数据包为-->seqnum = 1, acknum = -1,checksum = 41120,payload = VVVVVVVVVVVVVVVVVVVV
发送方：发送方发送后的滑动窗口：
0 (1 2| 3 4 5) 6 7 
发送方：发送方发送前的滑动窗口：
0 (1 2| 3 4 5) 6 7 
******模拟网络环境******：发送方的数据包将在1404.4到达对方, 数据包为-->seqnum = 2, acknum = -1,checksum = 38549,payload = WWWWWWWWWWWWWWWWWWWW
发送方：发送方发送后的滑动窗口：
0 (1 2 3| 4 5) 6 7 
发送方：发送方发送前的滑动窗口：
0 (1 2 3| 4 5) 6 7 
******模拟网络环境******：网络层数据包损坏,损坏的包为-->seqnum = 3, acknum = -1,checksum = 35978,payload = YXXXXXXXXXXXXXXXXXXX
******模拟网络环境******：发送方的数据包将在1412.11到达对方, 数据包为-->seqnum = 3, acknum = -1,checksum = 35978,payload = YXXXXXXXXXXXXXXXXXXX
发送方：发送方发送后的滑动窗口：
0 (1 2 3 4| 5) 6 7 
发送方：发送方发送前的滑动窗口：
0 (1 2 3 4| 5) 6 7 
******模拟网络环境******：发送方的数据包将在1416.92到达对方, 数据包为-->seqnum = 4, acknum = -1,checksum = 33407,payload = YYYYYYYYYYYYYYYYYYYY
发送方：发送方发送后的滑动窗口：
0 (1 2 3 4 5|) 6 7 
******模拟网络环境******：向上递交给应用层数据：VVVVVVVVVVVVVVVVVVVV
******模拟网络环境******：接收方的确认包将在1407.62到达对方, 确认包为-->seqnum = -1, acknum = 1,checksum = 12850,payload = .....................
目前返回的ack序号为: 1

******模拟网络环境******：向上递交给应用层数据：WWWWWWWWWWWWWWWWWWWW
******模拟网络环境******：接收方的确认包将在1409.04到达对方, 确认包为-->seqnum = -1, acknum = 2,checksum = 12849,payload = .....................
目前返回的ack序号为: 2

发送方：接收到ACK：1
******模拟网络环境******：关闭定时器, 当前时间 = 1407.62, 定时器报文序号 = 0
******模拟网络环境******：启动定时器, 当前时间 = 1407.62, 定时器报文序号 = 0, 定时器Timeout时间 = 1427.62
发送方：发送方接收ACK后的滑动窗口：
0 1 (2 3 4 5| 6) 7 
发送方：接收到ACK：2
******模拟网络环境******：关闭定时器, 当前时间 = 1409.04, 定时器报文序号 = 0
******模拟网络环境******：启动定时器, 当前时间 = 1409.04, 定时器报文序号 = 0, 定时器Timeout时间 = 1429.04
发送方：发送方接收ACK后的滑动窗口：
0 1 2 (3 4 5| 6 7) 
******模拟网络环境******：接收方的确认包将在1414.11到达对方, 确认包为-->seqnum = -1, acknum = 2,checksum = 12849,payload = .....................
******模拟网络环境******：网络层数据包损坏,损坏的包为-->seqnum = -1, acknum = 2,checksum = 12849,payload = /....................
******模拟网络环境******：接收方的确认包将在1419.74到达对方, 确认包为-->seqnum = -1, acknum = 2,checksum = 12849,payload = /....................
******模拟网络环境******：发送方的数据包将在1431.72到达对方, 数据包为-->seqnum = 3, acknum = -1,checksum = 35978,payload = XXXXXXXXXXXXXXXXXXXX
******模拟网络环境******：关闭定时器, 当前时间 = 1429.04, 定时器报文序号 = 0
******模拟网络环境******：启动定时器, 当前时间 = 1429.04, 定时器报文序号 = 0, 定时器Timeout时间 = 1449.04
******模拟网络环境******：向上递交给应用层数据：XXXXXXXXXXXXXXXXXXXX
******模拟网络环境******：接收方的确认包将在1436.8到达对方, 确认包为-->seqnum = -1, acknum = 3,checksum = 12848,payload = .....................
目前返回的ack序号为: 3

发送方：接收到ACK：3
******模拟网络环境******：关闭定时器, 当前时间 = 1436.8, 定时器报文序号 = 0
******模拟网络环境******：启动定时器, 当前时间 = 1436.8, 定时器报文序号 = 0, 定时器Timeout时间 = 1456.8
发送方：发送方接收ACK后的滑动窗口：
0) 1 2 3 (4 5| 6 7 
******模拟网络环境******：发送方的数据包将在1458.17到达对方, 数据包为-->seqnum = 4, acknum = -1,checksum = 33407,payload = YYYYYYYYYYYYYYYYYYYY
******模拟网络环境******：关闭定时器, 当前时间 = 1456.8, 定时器报文序号 = 0
******模拟网络环境******：启动定时器, 当前时间 = 1456.8, 定时器报文序号 = 0, 定时器Timeout时间 = 1476.8
******模拟网络环境******：向上递交给应用层数据：YYYYYYYYYYYYYYYYYYYY
******模拟网络环境******：接收方的确认包将在1463.07到达对方, 确认包为-->seqnum = -1, acknum = 4,checksum = 12847,payload = .....................
目前返回的ack序号为: 4

发送方：接收到ACK：4
******模拟网络环境******：关闭定时器, 当前时间 = 1463.07, 定时器报文序号 = 0
发送方：发送方接收ACK后的滑动窗口：
0 1) 2 3 4 (5| 6 7 
发送方：发送方发送前的滑动窗口：
0 1) 2 3 4 (5| 6 7 
******模拟网络环境******：启动定时器, 当前时间 = 1463.45, 定时器报文序号 = 0, 定时器Timeout时间 = 1483.45
******模拟网络环境******：发送方的数据包将在1470.96到达对方, 数据包为-->seqnum = 5, acknum = -1,checksum = 30836,payload = ZZZZZZZZZZZZZZZZZZZZ
发送方：发送方发送后的滑动窗口：
0 1) 2 3 4 (5 6| 7 
发送方：发送方发送前的滑动窗口：
0 1) 2 3 4 (5 6| 7 
******模拟网络环境******：发送方发送的数据包丢失：seqnum = 6, acknum = -1,checksum = 29550,payload = AAAAAAAAAAAAAAAAAAAA
发送方：发送方发送后的滑动窗口：
0 1) 2 3 4 (5 6 7| 
发送方：发送方发送前的滑动窗口：
0 1) 2 3 4 (5 6 7| 
******模拟网络环境******：发送方发送的数据包丢失：seqnum = 7, acknum = -1,checksum = 26979,payload = BBBBBBBBBBBBBBBBBBBB
发送方：发送方发送后的滑动窗口：
0| 1) 2 3 4 (5 6 7 
发送方：发送方发送前的滑动窗口：
0| 1) 2 3 4 (5 6 7 
******模拟网络环境******：发送方的数据包将在1474.01到达对方, 数据包为-->seqnum = 0, acknum = -1,checksum = 24416,payload = CCCCCCCCCCCCCCCCCCCC
发送方：发送方发送后的滑动窗口：
0 1|) 2 3 4 (5 6 7 
******模拟网络环境******：向上递交给应用层数据：ZZZZZZZZZZZZZZZZZZZZ
******模拟网络环境******：接收方的确认包将在1478.73到达对方, 确认包为-->seqnum = -1, acknum = 5,checksum = 12846,payload = .....................
目前返回的ack序号为: 5

******模拟网络环境******：接收方的确认包将在1483.41到达对方, 确认包为-->seqnum = -1, acknum = 5,checksum = 12846,payload = .....................
发送方：接收到ACK：5
******模拟网络环境******：关闭定时器, 当前时间 = 1478.73, 定时器报文序号 = 0
******模拟网络环境******：启动定时器, 当前时间 = 1478.73, 定时器报文序号 = 0, 定时器Timeout时间 = 1498.73
发送方：发送方接收ACK后的滑动窗口：
0 1| 2) 3 4 5 (6 7 
******模拟网络环境******：发送方发送的数据包丢失：seqnum = 6, acknum = -1,checksum = 29550,payload = AAAAAAAAAAAAAAAAAAAA
******模拟网络环境******：关闭定时器, 当前时间 = 1498.73, 定时器报文序号 = 0
******模拟网络环境******：启动定时器, 当前时间 = 1498.73, 定时器报文序号 = 0, 定时器Timeout时间 = 1518.73
******模拟网络环境******：发送方的数据包将在1522.06到达对方, 数据包为-->seqnum = 6, acknum = -1,checksum = 29550,payload = AAAAAAAAAAAAAAAAAAAA
******模拟网络环境******：关闭定时器, 当前时间 = 1518.73, 定时器报文序号 = 0
******模拟网络环境******：启动定时器, 当前时间 = 1518.73, 定时器报文序号 = 0, 定时器Timeout时间 = 1538.73
******模拟网络环境******：向上递交给应用层数据：AAAAAAAAAAAAAAAAAAAA
******模拟网络环境******：接收方的确认包将在1523.66到达对方, 确认包为-->seqnum = -1, acknum = 6,checksum = 12845,payload = .....................
目前返回的ack序号为: 6

发送方：接收到ACK：6
******模拟网络环境******：关闭定时器, 当前时间 = 1523.66, 定时器报文序号 = 0
******模拟网络环境******：启动定时器, 当前时间 = 1523.66, 定时器报文序号 = 0, 定时器Timeout时间 = 1543.66
发送方：发送方接收ACK后的滑动窗口：
0 1| 2 3) 4 5 6 (7 
******模拟网络环境******：发送方的数据包将在1550.24到达对方, 数据包为-->seqnum = 7, acknum = -1,checksum = 26979,payload = BBBBBBBBBBBBBBBBBBBB
******模拟网络环境******：关闭定时器, 当前时间 = 1543.66, 定时器报文序号 = 0
******模拟网络环境******：启动定时器, 当前时间 = 1543.66, 定时器报文序号 = 0, 定时器Timeout时间 = 1563.66
******模拟网络环境******：向上递交给应用层数据：BBBBBBBBBBBBBBBBBBBB
******模拟网络环境******：接收方发送的确认包丢失：seqnum = -1, acknum = 7,checksum = 12844,payload = .....................
目前返回的ack序号为: 7

******模拟网络环境******：发送方的数据包将在1570.4到达对方, 数据包为-->seqnum = 7, acknum = -1,checksum = 26979,payload = BBBBBBBBBBBBBBBBBBBB
******模拟网络环境******：关闭定时器, 当前时间 = 1563.66, 定时器报文序号 = 0
******模拟网络环境******：启动定时器, 当前时间 = 1563.66, 定时器报文序号 = 0, 定时器Timeout时间 = 1583.66
******模拟网络环境******：接收方的确认包将在1580.47到达对方, 确认包为-->seqnum = -1, acknum = 7,checksum = 12844,payload = .....................
发送方：接收到ACK：7
******模拟网络环境******：关闭定时器, 当前时间 = 1580.47, 定时器报文序号 = 0
******模拟网络环境******：启动定时器, 当前时间 = 1580.47, 定时器报文序号 = 0, 定时器Timeout时间 = 1600.47
发送方：发送方接收ACK后的滑动窗口：
(0 1| 2 3 4) 5 6 7 
******模拟网络环境******：网络层数据包损坏,损坏的包为-->seqnum = 0, acknum = -1,checksum = 24416,payload = DCCCCCCCCCCCCCCCCCCC
******模拟网络环境******：发送方的数据包将在1608.08到达对方, 数据包为-->seqnum = 0, acknum = -1,checksum = 24416,payload = DCCCCCCCCCCCCCCCCCCC
******模拟网络环境******：关闭定时器, 当前时间 = 1600.47, 定时器报文序号 = 0
******模拟网络环境******：启动定时器, 当前时间 = 1600.47, 定时器报文序号 = 0, 定时器Timeout时间 = 1620.47
******模拟网络环境******：接收方的确认包将在1612.7到达对方, 确认包为-->seqnum = -1, acknum = 7,checksum = 12844,payload = .....................
******模拟网络环境******：发送方的数据包将在1626.13到达对方, 数据包为-->seqnum = 0, acknum = -1,checksum = 24416,payload = CCCCCCCCCCCCCCCCCCCC
******模拟网络环境******：关闭定时器, 当前时间 = 1620.47, 定时器报文序号 = 0
******模拟网络环境******：启动定时器, 当前时间 = 1620.47, 定时器报文序号 = 0, 定时器Timeout时间 = 1640.47
******模拟网络环境******：向上递交给应用层数据：CCCCCCCCCCCCCCCCCCCC
******模拟网络环境******：接收方的确认包将在1629.26到达对方, 确认包为-->seqnum = -1, acknum = 0,checksum = 12851,payload = .....................
目前返回的ack序号为: 0

发送方：接收到ACK：0
******模拟网络环境******：关闭定时器, 当前时间 = 1629.26, 定时器报文序号 = 0
发送方：发送方接收ACK后的滑动窗口：
0 (1| 2 3 4 5) 6 7 
发送方：发送方发送前的滑动窗口：
0 (1| 2 3 4 5) 6 7 
******模拟网络环境******：启动定时器, 当前时间 = 1629.54, 定时器报文序号 = 0, 定时器Timeout时间 = 1649.54
******模拟网络环境******：发送方的数据包将在1638.52到达对方, 数据包为-->seqnum = 1, acknum = -1,checksum = 21845,payload = DDDDDDDDDDDDDDDDDDDD
发送方：发送方发送后的滑动窗口：
0 (1 2| 3 4 5) 6 7 
发送方：发送方发送前的滑动窗口：
0 (1 2| 3 4 5) 6 7 
******模拟网络环境******：发送方的数据包将在1644.4到达对方, 数据包为-->seqnum = 2, acknum = -1,checksum = 19274,payload = EEEEEEEEEEEEEEEEEEEE
发送方：发送方发送后的滑动窗口：
0 (1 2 3| 4 5) 6 7 
发送方：发送方发送前的滑动窗口：
0 (1 2 3| 4 5) 6 7 
******模拟网络环境******：发送方的数据包将在1647.67到达对方, 数据包为-->seqnum = 3, acknum = -1,checksum = 16703,payload = FFFFFFFFFFFFFFFFFFFF
发送方：发送方发送后的滑动窗口：
0 (1 2 3 4| 5) 6 7 
发送方：发送方发送前的滑动窗口：
0 (1 2 3 4| 5) 6 7 
******模拟网络环境******：发送方的数据包将在1656.42到达对方, 数据包为-->seqnum = 4, acknum = -1,checksum = 14132,payload = GGGGGGGGGGGGGGGGGGGG
发送方：发送方发送后的滑动窗口：
0 (1 2 3 4 5|) 6 7 
******模拟网络环境******：向上递交给应用层数据：DDDDDDDDDDDDDDDDDDDD
******模拟网络环境******：接收方的确认包将在1648.18到达对方, 确认包为-->seqnum = -1, acknum = 1,checksum = 12850,payload = .....................
目前返回的ack序号为: 1

******模拟网络环境******：向上递交给应用层数据：EEEEEEEEEEEEEEEEEEEE
******模拟网络环境******：接收方的确认包将在1654.26到达对方, 确认包为-->seqnum = -1, acknum = 2,checksum = 12849,payload = .....................
目前返回的ack序号为: 2

******模拟网络环境******：向上递交给应用层数据：FFFFFFFFFFFFFFFFFFFF
******模拟网络环境******：接收方的确认包将在1655.26到达对方, 确认包为-->seqnum = -1, acknum = 3,checksum = 12848,payload = .....................
目前返回的ack序号为: 3

发送方：接收到ACK：1
******模拟网络环境******：关闭定时器, 当前时间 = 1648.18, 定时器报文序号 = 0
******模拟网络环境******：启动定时器, 当前时间 = 1648.18, 定时器报文序号 = 0, 定时器Timeout时间 = 1668.18
发送方：发送方接收ACK后的滑动窗口：
0 1 (2 3 4 5| 6) 7 
发送方：接收到ACK：2
******模拟网络环境******：关闭定时器, 当前时间 = 1654.26, 定时器报文序号 = 0
******模拟网络环境******：启动定时器, 当前时间 = 1654.26, 定时器报文序号 = 0, 定时器Timeout时间 = 1674.26
发送方：发送方接收ACK后的滑动窗口：
0 1 2 (3 4 5| 6 7) 
发送方：接收到ACK：3
******模拟网络环境******：关闭定时器, 当前时间 = 1655.26, 定时器报文序号 = 0
******模拟网络环境******：启动定时器, 当前时间 = 1655.26, 定时器报文序号 = 0, 定时器Timeout时间 = 1675.26
发送方：发送方接收ACK后的滑动窗口：
0) 1 2 3 (4 5| 6 7 
******模拟网络环境******：向上递交给应用层数据：GGGGGGGGGGGGGGGGGGGG
******模拟网络环境******：接收方的确认包将在1663.46到达对方, 确认包为-->seqnum = -1, acknum = 4,checksum = 12847,payload = .....................
目前返回的ack序号为: 4

发送方：接收到ACK：4
******模拟网络环境******：关闭定时器, 当前时间 = 1663.46, 定时器报文序号 = 0
发送方：发送方接收ACK后的滑动窗口：
0 1) 2 3 4 (5| 6 7 
发送方：发送方发送前的滑动窗口：
0 1) 2 3 4 (5| 6 7 
******模拟网络环境******：启动定时器, 当前时间 = 1663.59, 定时器报文序号 = 0, 定时器Timeout时间 = 1683.59
******模拟网络环境******：发送方的数据包将在1665.46到达对方, 数据包为-->seqnum = 5, acknum = -1,checksum = 11561,payload = HHHHHHHHHHHHHHHHHHHH
发送方：发送方发送后的滑动窗口：
0 1) 2 3 4 (5 6| 7 
发送方：发送方发送前的滑动窗口：
0 1) 2 3 4 (5 6| 7 
******模拟网络环境******：网络层数据包损坏,损坏的包为-->seqnum = 6, acknum = -1,checksum = 8990,payload = JIIIIIIIIIIIIIIIIIII
******模拟网络环境******：发送方的数据包将在1668.97到达对方, 数据包为-->seqnum = 6, acknum = -1,checksum = 8990,payload = JIIIIIIIIIIIIIIIIIII
发送方：发送方发送后的滑动窗口：
0 1) 2 3 4 (5 6 7| 
发送方：发送方发送前的滑动窗口：
0 1) 2 3 4 (5 6 7| 
******模拟网络环境******：发送方的数据包将在1676.15到达对方, 数据包为-->seqnum = 7, acknum = -1,checksum = 6419,payload = JJJJJJJJJJJJJJJJJJJJ
发送方：发送方发送后的滑动窗口：
0| 1) 2 3 4 (5 6 7 
发送方：发送方发送前的滑动窗口：
0| 1) 2 3 4 (5 6 7 
******模拟网络环境******：发送方的数据包将在1682.31到达对方, 数据包为-->seqnum = 0, acknum = -1,checksum = 3856,payload = KKKKKKKKKKKKKKKKKKKK
发送方：发送方发送后的滑动窗口：
0 1|) 2 3 4 (5 6 7 
******模拟网络环境******：向上递交给应用层数据：HHHHHHHHHHHHHHHHHHHH
******模拟网络环境******：接收方的确认包将在1673.61到达对方, 确认包为-->seqnum = -1, acknum = 5,checksum = 12846,payload = .....................
目前返回的ack序号为: 5

******模拟网络环境******：接收方的确认包将在1683.91到达对方, 确认包为-->seqnum = -1, acknum = 5,checksum = 12846,payload = .....................
发送方：接收到ACK：5
******模拟网络环境******：关闭定时器, 当前时间 = 1673.61, 定时器报文序号 = 0
******模拟网络环境******：启动定时器, 当前时间 = 1673.61, 定时器报文序号 = 0, 定时器Timeout时间 = 1693.61
发送方：发送方接收ACK后的滑动窗口：
0 1| 2) 3 4 5 (6 7 
******模拟网络环境******：接收方的确认包将在1692.14到达对方, 确认包为-->seqnum = -1, acknum = 5,checksum = 12846,payload = .....................
******模拟网络环境******：接收方的确认包将在1697.78到达对方, 确认包为-->seqnum = -1, acknum = 5,checksum = 12846,payload = .....................
******模拟网络环境******：发送方的数据包将在1702.14到达对方, 数据包为-->seqnum = 6, acknum = -1,checksum = 8990,payload = IIIIIIIIIIIIIIIIIIII
******模拟网络环境******：关闭定时器, 当前时间 = 1693.61, 定时器报文序号 = 0
******模拟网络环境******：启动定时器, 当前时间 = 1693.61, 定时器报文序号 = 0, 定时器Timeout时间 = 1713.61
******模拟网络环境******：向上递交给应用层数据：IIIIIIIIIIIIIIIIIIII
******模拟网络环境******：网络层数据包损坏,损坏的包为-->seqnum = -1, acknum = 6,checksum = 12845,payload = /....................
******模拟网络环境******：接收方的确认包将在1713.11到达对方, 确认包为-->seqnum = -1, acknum = 6,checksum = 12845,payload = /....................
目前返回的ack序号为: 6

******模拟网络环境******：发送方的数据包将在1723.36到达对方, 数据包为-->seqnum = 6, acknum = -1,checksum = 8990,payload = IIIIIIIIIIIIIIIIIIII
******模拟网络环境******：关闭定时器, 当前时间 = 1713.61, 定时器报文序号 = 0
******模拟网络环境******：启动定时器, 当前时间 = 1713.61, 定时器报文序号 = 0, 定时器Timeout时间 = 1733.61
******模拟网络环境******：接收方的确认包将在1727.21到达对方, 确认包为-->seqnum = -1, acknum = 6,checksum = 12845,payload = .....................
发送方：接收到ACK：6
******模拟网络环境******：关闭定时器, 当前时间 = 1727.21, 定时器报文序号 = 0
******模拟网络环境******：启动定时器, 当前时间 = 1727.21, 定时器报文序号 = 0, 定时器Timeout时间 = 1747.21
发送方：发送方接收ACK后的滑动窗口：
0 1| 2 3) 4 5 6 (7 
******模拟网络环境******：发送方的数据包将在1748.97到达对方, 数据包为-->seqnum = 7, acknum = -1,checksum = 6419,payload = JJJJJJJJJJJJJJJJJJJJ
******模拟网络环境******：关闭定时器, 当前时间 = 1747.21, 定时器报文序号 = 0
******模拟网络环境******：启动定时器, 当前时间 = 1747.21, 定时器报文序号 = 0, 定时器Timeout时间 = 1767.21
******模拟网络环境******：向上递交给应用层数据：JJJJJJJJJJJJJJJJJJJJ
******模拟网络环境******：接收方的确认包将在1751.8到达对方, 确认包为-->seqnum = -1, acknum = 7,checksum = 12844,payload = .....................
目前返回的ack序号为: 7

发送方：接收到ACK：7
******模拟网络环境******：关闭定时器, 当前时间 = 1751.8, 定时器报文序号 = 0
******模拟网络环境******：启动定时器, 当前时间 = 1751.8, 定时器报文序号 = 0, 定时器Timeout时间 = 1771.8
发送方：发送方接收ACK后的滑动窗口：
(0 1| 2 3 4) 5 6 7 
******模拟网络环境******：发送方的数据包将在1781.39到达对方, 数据包为-->seqnum = 0, acknum = -1,checksum = 3856,payload = KKKKKKKKKKKKKKKKKKKK
******模拟网络环境******：关闭定时器, 当前时间 = 1771.8, 定时器报文序号 = 0
******模拟网络环境******：启动定时器, 当前时间 = 1771.8, 定时器报文序号 = 0, 定时器Timeout时间 = 1791.8
******模拟网络环境******：向上递交给应用层数据：KKKKKKKKKKKKKKKKKKKK
******模拟网络环境******：接收方发送的确认包丢失：seqnum = -1, acknum = 0,checksum = 12851,payload = .....................
目前返回的ack序号为: 0

******模拟网络环境******：发送方的数据包将在1798.1到达对方, 数据包为-->seqnum = 0, acknum = -1,checksum = 3856,payload = KKKKKKKKKKKKKKKKKKKK
******模拟网络环境******：关闭定时器, 当前时间 = 1791.8, 定时器报文序号 = 0
******模拟网络环境******：启动定时器, 当前时间 = 1791.8, 定时器报文序号 = 0, 定时器Timeout时间 = 1811.8
******模拟网络环境******：接收方的确认包将在1805.12到达对方, 确认包为-->seqnum = -1, acknum = 0,checksum = 12851,payload = .....................
发送方：接收到ACK：0
******模拟网络环境******：关闭定时器, 当前时间 = 1805.12, 定时器报文序号 = 0
发送方：发送方接收ACK后的滑动窗口：
0 (1| 2 3 4 5) 6 7 
发送方：发送方发送前的滑动窗口：
0 (1| 2 3 4 5) 6 7 
******模拟网络环境******：启动定时器, 当前时间 = 1805.37, 定时器报文序号 = 0, 定时器Timeout时间 = 1825.37
******模拟网络环境******：发送方的数据包将在1813.52到达对方, 数据包为-->seqnum = 1, acknum = -1,checksum = 1285,payload = LLLLLLLLLLLLLLLLLLLL
发送方：发送方发送后的滑动窗口：
0 (1 2| 3 4 5) 6 7 
发送方：发送方发送前的滑动窗口：
0 (1 2| 3 4 5) 6 7 
******模拟网络环境******：发送方的数据包将在1821.2到达对方, 数据包为-->seqnum = 2, acknum = -1,checksum = 64249,payload = MMMMMMMMMMMMMMMMMMMM
发送方：发送方发送后的滑动窗口：
0 (1 2 3| 4 5) 6 7 
发送方：发送方发送前的滑动窗口：
0 (1 2 3| 4 5) 6 7 
******模拟网络环境******：发送方的数据包将在1831.93到达对方, 数据包为-->seqnum = 3, acknum = -1,checksum = 61678,payload = NNNNNNNNNNNNNNNNNNNN
发送方：发送方发送后的滑动窗口：
0 (1 2 3 4| 5) 6 7 
发送方：发送方发送前的滑动窗口：
0 (1 2 3 4| 5) 6 7 
******模拟网络环境******：发送方的数据包将在1834.13到达对方, 数据包为-->seqnum = 4, acknum = -1,checksum = 59107,payload = OOOOOOOOOOOOOOOOOOOO
发送方：发送方发送后的滑动窗口：
0 (1 2 3 4 5|) 6 7 
******模拟网络环境******：向上递交给应用层数据：LLLLLLLLLLLLLLLLLLLL
******模拟网络环境******：接收方的确认包将在1816.55到达对方, 确认包为-->seqnum = -1, acknum = 1,checksum = 12850,payload = .....................
目前返回的ack序号为: 1

发送方：接收到ACK：1
******模拟网络环境******：关闭定时器, 当前时间 = 1816.55, 定时器报文序号 = 0
******模拟网络环境******：启动定时器, 当前时间 = 1816.55, 定时器报文序号 = 0, 定时器Timeout时间 = 1836.55
发送方：发送方接收ACK后的滑动窗口：
0 1 (2 3 4 5| 6) 7 
******模拟网络环境******：向上递交给应用层数据：MMMMMMMMMMMMMMMMMMMM
******模拟网络环境******：网络层数据包损坏,损坏的包为-->seqnum = -999999, acknum = 2,checksum = 12849,payload = .....................
******模拟网络环境******：接收方的确认包将在1824.05到达对方, 确认包为-->seqnum = -999999, acknum = 2,checksum = 12849,payload = .....................
目前返回的ack序号为: 2

******模拟网络环境******：向上递交给应用层数据：NNNNNNNNNNNNNNNNNNNN
******模拟网络环境******：接收方发送的确认包丢失：seqnum = -1, acknum = 3,checksum = 12848,payload = .....................
目前返回的ack序号为: 3

******模拟网络环境******：向上递交给应用层数据：OOOOOOOOOOOOOOOOOOOO
******模拟网络环境******：接收方的确认包将在1839.37到达对方, 确认包为-->seqnum = -1, acknum = 4,checksum = 12847,payload = .....................
目前返回的ack序号为: 4

******模拟网络环境******：发送方的数据包将在1840.76到达对方, 数据包为-->seqnum = 2, acknum = -1,checksum = 64249,payload = MMMMMMMMMMMMMMMMMMMM
******模拟网络环境******：关闭定时器, 当前时间 = 1836.55, 定时器报文序号 = 0
******模拟网络环境******：启动定时器, 当前时间 = 1836.55, 定时器报文序号 = 0, 定时器Timeout时间 = 1856.55
发送方：接收到ACK：4
******模拟网络环境******：关闭定时器, 当前时间 = 1839.37, 定时器报文序号 = 0
发送方：发送方接收ACK后的滑动窗口：
0 1) 2 3 4 (5| 6 7 
******模拟网络环境******：接收方发送的确认包丢失：seqnum = -1, acknum = 4,checksum = 12847,payload = .....................
发送方：发送方发送前的滑动窗口：
0 1) 2 3 4 (5| 6 7 
******模拟网络环境******：启动定时器, 当前时间 = 1840.89, 定时器报文序号 = 0, 定时器Timeout时间 = 1860.89
******模拟网络环境******：发送方的数据包将在1846.01到达对方, 数据包为-->seqnum = 5, acknum = -1,checksum = 56536,payload = PPPPPPPPPPPPPPPPPPPP
发送方：发送方发送后的滑动窗口：
0 1) 2 3 4 (5 6| 7 
发送方：发送方发送前的滑动窗口：
0 1) 2 3 4 (5 6| 7 
******模拟网络环境******：发送方的数据包将在1853.87到达对方, 数据包为-->seqnum = 6, acknum = -1,checksum = 53965,payload = QQQQQQQQQQQQQQQQQQQQ
发送方：发送方发送后的滑动窗口：
0 1) 2 3 4 (5 6 7| 
发送方：发送方发送前的滑动窗口：
0 1) 2 3 4 (5 6 7| 
******模拟网络环境******：发送方发送的数据包丢失：seqnum = 7, acknum = -1,checksum = 51394,payload = RRRRRRRRRRRRRRRRRRRR
发送方：发送方发送后的滑动窗口：
0| 1) 2 3 4 (5 6 7 
发送方：发送方发送前的滑动窗口：
0| 1) 2 3 4 (5 6 7 
******模拟网络环境******：发送方的数据包将在1861.72到达对方, 数据包为-->seqnum = 0, acknum = -1,checksum = 48831,payload = SSSSSSSSSSSSSSSSSSSS
发送方：发送方发送后的滑动窗口：
0 1|) 2 3 4 (5 6 7 
******模拟网络环境******：向上递交给应用层数据：PPPPPPPPPPPPPPPPPPPP
******模拟网络环境******：接收方的确认包将在1849.74到达对方, 确认包为-->seqnum = -1, acknum = 5,checksum = 12846,payload = .....................
目前返回的ack序号为: 5

发送方：接收到ACK：5
******模拟网络环境******：关闭定时器, 当前时间 = 1849.74, 定时器报文序号 = 0
******模拟网络环境******：启动定时器, 当前时间 = 1849.74, 定时器报文序号 = 0, 定时器Timeout时间 = 1869.74
发送方：发送方接收ACK后的滑动窗口：
0 1| 2) 3 4 5 (6 7 
******模拟网络环境******：向上递交给应用层数据：QQQQQQQQQQQQQQQQQQQQ
******模拟网络环境******：接收方的确认包将在1859.05到达对方, 确认包为-->seqnum = -1, acknum = 6,checksum = 12845,payload = .....................
目前返回的ack序号为: 6

发送方：接收到ACK：6
******模拟网络环境******：关闭定时器, 当前时间 = 1859.05, 定时器报文序号 = 0
******模拟网络环境******：启动定时器, 当前时间 = 1859.05, 定时器报文序号 = 0, 定时器Timeout时间 = 1879.05
发送方：发送方接收ACK后的滑动窗口：
0 1| 2 3) 4 5 6 (7 
******模拟网络环境******：接收方的确认包将在1870.86到达对方, 确认包为-->seqnum = -1, acknum = 6,checksum = 12845,payload = .....................
******模拟网络环境******：网络层数据包损坏,损坏的包为-->seqnum = 7, acknum = -1,checksum = 51394,payload = SRRRRRRRRRRRRRRRRRRR
******模拟网络环境******：发送方的数据包将在1887.22到达对方, 数据包为-->seqnum = 7, acknum = -1,checksum = 51394,payload = SRRRRRRRRRRRRRRRRRRR
******模拟网络环境******：关闭定时器, 当前时间 = 1879.05, 定时器报文序号 = 0
******模拟网络环境******：启动定时器, 当前时间 = 1879.05, 定时器报文序号 = 0, 定时器Timeout时间 = 1899.05
******模拟网络环境******：接收方的确认包将在1896.71到达对方, 确认包为-->seqnum = -1, acknum = 6,checksum = 12845,payload = .....................
******模拟网络环境******：发送方的数据包将在1904.61到达对方, 数据包为-->seqnum = 7, acknum = -1,checksum = 51394,payload = RRRRRRRRRRRRRRRRRRRR
******模拟网络环境******：关闭定时器, 当前时间 = 1899.05, 定时器报文序号 = 0
******模拟网络环境******：启动定时器, 当前时间 = 1899.05, 定时器报文序号 = 0, 定时器Timeout时间 = 1919.05
******模拟网络环境******：向上递交给应用层数据：RRRRRRRRRRRRRRRRRRRR
******模拟网络环境******：网络层数据包损坏,损坏的包为-->seqnum = -1, acknum = 7,checksum = 12844,payload = /....................
******模拟网络环境******：接收方的确认包将在1915.51到达对方, 确认包为-->seqnum = -1, acknum = 7,checksum = 12844,payload = /....................
目前返回的ack序号为: 7

******模拟网络环境******：发送方的数据包将在1929.11到达对方, 数据包为-->seqnum = 7, acknum = -1,checksum = 51394,payload = RRRRRRRRRRRRRRRRRRRR
******模拟网络环境******：关闭定时器, 当前时间 = 1919.05, 定时器报文序号 = 0
******模拟网络环境******：启动定时器, 当前时间 = 1919.05, 定时器报文序号 = 0, 定时器Timeout时间 = 1939.05
******模拟网络环境******：接收方的确认包将在1930.72到达对方, 确认包为-->seqnum = -1, acknum = 7,checksum = 12844,payload = .....................
发送方：接收到ACK：7
******模拟网络环境******：关闭定时器, 当前时间 = 1930.72, 定时器报文序号 = 0
******模拟网络环境******：启动定时器, 当前时间 = 1930.72, 定时器报文序号 = 0, 定时器Timeout时间 = 1950.72
发送方：发送方接收ACK后的滑动窗口：
(0 1| 2 3 4) 5 6 7 
******模拟网络环境******：发送方发送的数据包丢失：seqnum = 0, acknum = -1,checksum = 48831,payload = SSSSSSSSSSSSSSSSSSSS
******模拟网络环境******：关闭定时器, 当前时间 = 1950.72, 定时器报文序号 = 0
******模拟网络环境******：启动定时器, 当前时间 = 1950.72, 定时器报文序号 = 0, 定时器Timeout时间 = 1970.72
******模拟网络环境******：发送方发送的数据包丢失：seqnum = 0, acknum = -1,checksum = 48831,payload = SSSSSSSSSSSSSSSSSSSS
******模拟网络环境******：关闭定时器, 当前时间 = 1970.72, 定时器报文序号 = 0
******模拟网络环境******：启动定时器, 当前时间 = 1970.72, 定时器报文序号 = 0, 定时器Timeout时间 = 1990.72
******模拟网络环境******：发送方的数据包将在2001.57到达对方, 数据包为-->seqnum = 0, acknum = -1,checksum = 48831,payload = SSSSSSSSSSSSSSSSSSSS
******模拟网络环境******：关闭定时器, 当前时间 = 1990.72, 定时器报文序号 = 0
******模拟网络环境******：启动定时器, 当前时间 = 1990.72, 定时器报文序号 = 0, 定时器Timeout时间 = 2010.72
******模拟网络环境******：向上递交给应用层数据：SSSSSSSSSSSSSSSSSSSS
******模拟网络环境******：接收方的确认包将在2006.2到达对方, 确认包为-->seqnum = -1, acknum = 0,checksum = 12851,payload = .....................
目前返回的ack序号为: 0

发送方：接收到ACK：0
******模拟网络环境******：关闭定时器, 当前时间 = 2006.2, 定时器报文序号 = 0
发送方：发送方接收ACK后的滑动窗口：
0 (1| 2 3 4 5) 6 7 
发送方：发送方发送前的滑动窗口：
0 (1| 2 3 4 5) 6 7 
******模拟网络环境******：启动定时器, 当前时间 = 2006.48, 定时器报文序号 = 0, 定时器Timeout时间 = 2026.48
******模拟网络环境******：发送方的数据包将在2009.98到达对方, 数据包为-->seqnum = 1, acknum = -1,checksum = 46260,payload = TTTTTTTTTTTTTTTTTTTT
发送方：发送方发送后的滑动窗口：
0 (1 2| 3 4 5) 6 7 
发送方：发送方发送前的滑动窗口：
0 (1 2| 3 4 5) 6 7 
******模拟网络环境******：发送方的数据包将在2016.26到达对方, 数据包为-->seqnum = 2, acknum = -1,checksum = 43689,payload = UUUUUUUUUUUUUUUUUUUU
发送方：发送方发送后的滑动窗口：
0 (1 2 3| 4 5) 6 7 
发送方：发送方发送前的滑动窗口：
0 (1 2 3| 4 5) 6 7 
******模拟网络环境******：发送方的数据包将在2021.36到达对方, 数据包为-->seqnum = 3, acknum = -1,checksum = 41118,payload = VVVVVVVVVVVVVVVVVVVV
发送方：发送方发送后的滑动窗口：
0 (1 2 3 4| 5) 6 7 
发送方：发送方发送前的滑动窗口：
0 (1 2 3 4| 5) 6 7 
******模拟网络环境******：发送方的数据包将在2029.69到达对方, 数据包为-->seqnum = 4, acknum = -1,checksum = 38547,payload = WWWWWWWWWWWWWWWWWWWW
发送方：发送方发送后的滑动窗口：
0 (1 2 3 4 5|) 6 7 
******模拟网络环境******：向上递交给应用层数据：TTTTTTTTTTTTTTTTTTTT
******模拟网络环境******：接收方的确认包将在2014.05到达对方, 确认包为-->seqnum = -1, acknum = 1,checksum = 12850,payload = .....................
目前返回的ack序号为: 1

发送方：接收到ACK：1
******模拟网络环境******：关闭定时器, 当前时间 = 2014.05, 定时器报文序号 = 0
******模拟网络环境******：启动定时器, 当前时间 = 2014.05, 定时器报文序号 = 0, 定时器Timeout时间 = 2034.05
发送方：发送方接收ACK后的滑动窗口：
0 1 (2 3 4 5| 6) 7 
******模拟网络环境******：向上递交给应用层数据：UUUUUUUUUUUUUUUUUUUU
******模拟网络环境******：接收方的确认包将在2023.65到达对方, 确认包为-->seqnum = -1, acknum = 2,checksum = 12849,payload = .....................
目前返回的ack序号为: 2

******模拟网络环境******：向上递交给应用层数据：VVVVVVVVVVVVVVVVVVVV
******模拟网络环境******：网络层数据包损坏,损坏的包为-->seqnum = -1, acknum = 3,checksum = 12848,payload = /....................
******模拟网络环境******：接收方的确认包将在2025.43到达对方, 确认包为-->seqnum = -1, acknum = 3,checksum = 12848,payload = /....................
目前返回的ack序号为: 3

发送方：接收到ACK：2
******模拟网络环境******：关闭定时器, 当前时间 = 2023.65, 定时器报文序号 = 0
******模拟网络环境******：启动定时器, 当前时间 = 2023.65, 定时器报文序号 = 0, 定时器Timeout时间 = 2043.65
发送方：发送方接收ACK后的滑动窗口：
0 1 2 (3 4 5| 6 7) 
******模拟网络环境******：向上递交给应用层数据：WWWWWWWWWWWWWWWWWWWW
******模拟网络环境******：接收方的确认包将在2031.4到达对方, 确认包为-->seqnum = -1, acknum = 4,checksum = 12847,payload = .....................
目前返回的ack序号为: 4

发送方：接收到ACK：4
******模拟网络环境******：关闭定时器, 当前时间 = 2031.4, 定时器报文序号 = 0
发送方：发送方接收ACK后的滑动窗口：
0 1) 2 3 4 (5| 6 7 
发送方：发送方发送前的滑动窗口：
0 1) 2 3 4 (5| 6 7 
******模拟网络环境******：启动定时器, 当前时间 = 2031.78, 定时器报文序号 = 0, 定时器Timeout时间 = 2051.78
******模拟网络环境******：发送方的数据包将在2041.28到达对方, 数据包为-->seqnum = 5, acknum = -1,checksum = 35976,payload = XXXXXXXXXXXXXXXXXXXX
发送方：发送方发送后的滑动窗口：
0 1) 2 3 4 (5 6| 7 
发送方：发送方发送前的滑动窗口：
0 1) 2 3 4 (5 6| 7 
******模拟网络环境******：网络层数据包损坏,损坏的包为-->seqnum = 6, acknum = -1,checksum = 33405,payload = ZYYYYYYYYYYYYYYYYYYY
******模拟网络环境******：发送方的数据包将在2045.63到达对方, 数据包为-->seqnum = 6, acknum = -1,checksum = 33405,payload = ZYYYYYYYYYYYYYYYYYYY
发送方：发送方发送后的滑动窗口：
0 1) 2 3 4 (5 6 7| 
发送方：发送方发送前的滑动窗口：
0 1) 2 3 4 (5 6 7| 
******模拟网络环境******：发送方的数据包将在2053.87到达对方, 数据包为-->seqnum = 7, acknum = -1,checksum = 30834,payload = ZZZZZZZZZZZZZZZZZZZZ
发送方：发送方发送后的滑动窗口：
0| 1) 2 3 4 (5 6 7 
发送方：发送方发送前的滑动窗口：
0| 1) 2 3 4 (5 6 7 
******模拟网络环境******：发送方的数据包将在2058.7到达对方, 数据包为-->seqnum = 0, acknum = -1,checksum = 29873,payload = EOF                  
发送方：发送方发送后的滑动窗口：
0 1|) 2 3 4 (5 6 7 
******模拟网络环境******：向上递交给应用层数据：XXXXXXXXXXXXXXXXXXXX
******模拟网络环境******：接收方发送的确认包丢失：seqnum = -1, acknum = 5,checksum = 12846,payload = .....................
目前返回的ack序号为: 5

******模拟网络环境******：接收方的确认包将在2056到达对方, 确认包为-->seqnum = -1, acknum = 5,checksum = 12846,payload = .....................
******模拟网络环境******：发送方的数据包将在2063.8到达对方, 数据包为-->seqnum = 5, acknum = -1,checksum = 35976,payload = XXXXXXXXXXXXXXXXXXXX
******模拟网络环境******：关闭定时器, 当前时间 = 2051.78, 定时器报文序号 = 0
******模拟网络环境******：启动定时器, 当前时间 = 2051.78, 定时器报文序号 = 0, 定时器Timeout时间 = 2071.78
******模拟网络环境******：接收方的确认包将在2060.38到达对方, 确认包为-->seqnum = -1, acknum = 5,checksum = 12846,payload = .....................
发送方：接收到ACK：5
******模拟网络环境******：关闭定时器, 当前时间 = 2056, 定时器报文序号 = 0
******模拟网络环境******：启动定时器, 当前时间 = 2056, 定时器报文序号 = 0, 定时器Timeout时间 = 2076
发送方：发送方接收ACK后的滑动窗口：
0 1| 2) 3 4 5 (6 7 
******模拟网络环境******：接收方的确认包将在2064.97到达对方, 确认包为-->seqnum = -1, acknum = 5,checksum = 12846,payload = .....................
******模拟网络环境******：接收方的确认包将在2067.69到达对方, 确认包为-->seqnum = -1, acknum = 5,checksum = 12846,payload = .....................
******模拟网络环境******：发送方的数据包将在2079.72到达对方, 数据包为-->seqnum = 6, acknum = -1,checksum = 33405,payload = YYYYYYYYYYYYYYYYYYYY
******模拟网络环境******：关闭定时器, 当前时间 = 2076, 定时器报文序号 = 0
******模拟网络环境******：启动定时器, 当前时间 = 2076, 定时器报文序号 = 0, 定时器Timeout时间 = 2096
******模拟网络环境******：向上递交给应用层数据：YYYYYYYYYYYYYYYYYYYY
******模拟网络环境******：接收方的确认包将在2087.8到达对方, 确认包为-->seqnum = -1, acknum = 6,checksum = 12845,payload = .....................
目前返回的ack序号为: 6

发送方：接收到ACK：6
******模拟网络环境******：关闭定时器, 当前时间 = 2087.8, 定时器报文序号 = 0
******模拟网络环境******：启动定时器, 当前时间 = 2087.8, 定时器报文序号 = 0, 定时器Timeout时间 = 2107.8
发送方：发送方接收ACK后的滑动窗口：
0 1| 2 3) 4 5 6 (7 
******模拟网络环境******：发送方的数据包将在2117.66到达对方, 数据包为-->seqnum = 7, acknum = -1,checksum = 30834,payload = ZZZZZZZZZZZZZZZZZZZZ
******模拟网络环境******：关闭定时器, 当前时间 = 2107.8, 定时器报文序号 = 0
******模拟网络环境******：启动定时器, 当前时间 = 2107.8, 定时器报文序号 = 0, 定时器Timeout时间 = 2127.8
******模拟网络环境******：向上递交给应用层数据：ZZZZZZZZZZZZZZZZZZZZ
******模拟网络环境******：接收方的确认包将在2125.53到达对方, 确认包为-->seqnum = -1, acknum = 7,checksum = 12844,payload = .....................
目前返回的ack序号为: 7

发送方：接收到ACK：7
******模拟网络环境******：关闭定时器, 当前时间 = 2125.53, 定时器报文序号 = 0
******模拟网络环境******：启动定时器, 当前时间 = 2125.53, 定时器报文序号 = 0, 定时器Timeout时间 = 2145.53
发送方：发送方接收ACK后的滑动窗口：
(0 1| 2 3 4) 5 6 7 
******模拟网络环境******：发送方的数据包将在2147.61到达对方, 数据包为-->seqnum = 0, acknum = -1,checksum = 29873,payload = EOF                  
******模拟网络环境******：关闭定时器, 当前时间 = 2145.53, 定时器报文序号 = 0
******模拟网络环境******：启动定时器, 当前时间 = 2145.53, 定时器报文序号 = 0, 定时器Timeout时间 = 2165.53
******模拟网络环境******：向上递交给应用层数据：EOF                  
******模拟网络环境******：接收方的确认包将在2151.02到达对方, 确认包为-->seqnum = -1, acknum = 0,checksum = 12851,payload = .....................
目前返回的ack序号为: 0

发送方：接收到ACK：0
******模拟网络环境******：关闭定时器, 当前时间 = 2151.02, 定时器报文序号 = 0
发送方：发送方接收ACK后的滑动窗口：
0 (1| 2 3 4 5) 6 7 
******模拟网络环境******：模拟网络环境已发送完应用层数据，关闭模拟网络环境
已发送应用层Message个数: 105
发送到网络层数据Packet个数: 165
网络层丢失的数据Packet个数: 15
网络层损坏的数据pakcet个数:11
发送到网络层确认Packet个数:150
网络层丢失的确认Packet个数: 20
网络层损坏的确认Packet个数: 11

