******模拟网络环境******：模拟网络环境启动...
发送方：发送前的滑动窗口：
(0| 1 2 3 4) 5 6 7 
******模拟网络环境******：启动定时器, 当前时间 = 1.9675, 定时器报文序号 = 0, 定时器Timeout时间 = 21.9675
******模拟网络环境******：发送方的数据包将在4.3175到达对方, 数据包为-->seqnum = 0, acknum = -1,checksum = 29556,payload = AAAAAAAAAAAAAAAAAAAA
发送方：发送后的滑动窗口：
(0 1| 2 3 4) 5 6 7 
******模拟网络环境******：向上递交给应用层数据：AAAAAAAAAAAAAAAAAAAA
******模拟网络环境******：接收方的确认包将在12.7575到达对方, 确认包为-->seqnum = -1, acknum = 0,checksum = 12851,payload = .....................
接收方：目前返回的ack序号为: 0
发送方：接收到ACK：0
******模拟网络环境******：关闭定时器, 当前时间 = 12.7575, 定时器报文序号 = 0
发送方：接受ACK后的滑动窗口：
0 (1| 2 3 4 5) 6 7 
发送方：发送前的滑动窗口：
0 (1| 2 3 4 5) 6 7 
******模拟网络环境******：启动定时器, 当前时间 = 13.14, 定时器报文序号 = 0, 定时器Timeout时间 = 33.14
******模拟网络环境******：发送方的数据包将在15.78到达对方, 数据包为-->seqnum = 1, acknum = -1,checksum = 26985,payload = BBBBBBBBBBBBBBBBBBBB
发送方：发送后的滑动窗口：
0 (1 2| 3 4 5) 6 7 
发送方：发送前的滑动窗口：
0 (1 2| 3 4 5) 6 7 
******模拟网络环境******：发送方的数据包将在25.62到达对方, 数据包为-->seqnum = 2, acknum = -1,checksum = 24414,payload = CCCCCCCCCCCCCCCCCCCC
发送方：发送后的滑动窗口：
0 (1 2 3| 4 5) 6 7 
发送方：发送前的滑动窗口：
0 (1 2 3| 4 5) 6 7 
******模拟网络环境******：发送方的数据包将在32.06到达对方, 数据包为-->seqnum = 3, acknum = -1,checksum = 21843,payload = DDDDDDDDDDDDDDDDDDDD
发送方：发送后的滑动窗口：
0 (1 2 3 4| 5) 6 7 
发送方：发送前的滑动窗口：
0 (1 2 3 4| 5) 6 7 
******模拟网络环境******：发送方发送的数据包丢失：seqnum = 4, acknum = -1,checksum = 19272,payload = EEEEEEEEEEEEEEEEEEEE
发送方：发送后的滑动窗口：
0 (1 2 3 4 5|) 6 7 
******模拟网络环境******：向上递交给应用层数据：BBBBBBBBBBBBBBBBBBBB
******模拟网络环境******：接收方的确认包将在24.93到达对方, 确认包为-->seqnum = -1, acknum = 1,checksum = 12850,payload = .....................
接收方：目前返回的ack序号为: 1
发送方：接收到ACK：1
******模拟网络环境******：关闭定时器, 当前时间 = 24.93, 定时器报文序号 = 0
******模拟网络环境******：启动定时器, 当前时间 = 24.93, 定时器报文序号 = 0, 定时器Timeout时间 = 44.93
发送方：接受ACK后的滑动窗口：
0 1 (2 3 4 5| 6) 7 
******模拟网络环境******：向上递交给应用层数据：CCCCCCCCCCCCCCCCCCCC
******模拟网络环境******：接收方的确认包将在28.44到达对方, 确认包为-->seqnum = -1, acknum = 2,checksum = 12849,payload = .....................
接收方：目前返回的ack序号为: 2
发送方：接收到ACK：2
******模拟网络环境******：关闭定时器, 当前时间 = 28.44, 定时器报文序号 = 0
******模拟网络环境******：启动定时器, 当前时间 = 28.44, 定时器报文序号 = 0, 定时器Timeout时间 = 48.44
发送方：接受ACK后的滑动窗口：
0 1 2 (3 4 5| 6 7) 
******模拟网络环境******：向上递交给应用层数据：DDDDDDDDDDDDDDDDDDDD
******模拟网络环境******：接收方的确认包将在41.11到达对方, 确认包为-->seqnum = -1, acknum = 3,checksum = 12848,payload = .....................
接收方：目前返回的ack序号为: 3
发送方：接收到ACK：3
******模拟网络环境******：关闭定时器, 当前时间 = 41.11, 定时器报文序号 = 0
******模拟网络环境******：启动定时器, 当前时间 = 41.11, 定时器报文序号 = 0, 定时器Timeout时间 = 61.11
发送方：接受ACK后的滑动窗口：
0) 1 2 3 (4 5| 6 7 
******模拟网络环境******：发送方的数据包将在71.16到达对方, 数据包为-->seqnum = 4, acknum = -1,checksum = 19272,payload = EEEEEEEEEEEEEEEEEEEE
******模拟网络环境******：关闭定时器, 当前时间 = 61.11, 定时器报文序号 = 0
******模拟网络环境******：启动定时器, 当前时间 = 61.11, 定时器报文序号 = 0, 定时器Timeout时间 = 81.11
******模拟网络环境******：向上递交给应用层数据：EEEEEEEEEEEEEEEEEEEE
******模拟网络环境******：接收方的确认包将在77.1到达对方, 确认包为-->seqnum = -1, acknum = 4,checksum = 12847,payload = .....................
接收方：目前返回的ack序号为: 4
发送方：接收到ACK：4
******模拟网络环境******：关闭定时器, 当前时间 = 77.1, 定时器报文序号 = 0
发送方：接受ACK后的滑动窗口：
0 1) 2 3 4 (5| 6 7 
发送方：发送前的滑动窗口：
0 1) 2 3 4 (5| 6 7 
******模拟网络环境******：启动定时器, 当前时间 = 77.2325, 定时器报文序号 = 0, 定时器Timeout时间 = 97.2325
******模拟网络环境******：发送方的数据包将在84.1925到达对方, 数据包为-->seqnum = 5, acknum = -1,checksum = 16701,payload = FFFFFFFFFFFFFFFFFFFF
发送方：发送后的滑动窗口：
0 1) 2 3 4 (5 6| 7 
发送方：发送前的滑动窗口：
0 1) 2 3 4 (5 6| 7 
******模拟网络环境******：发送方的数据包将在87.0025到达对方, 数据包为-->seqnum = 6, acknum = -1,checksum = 14130,payload = GGGGGGGGGGGGGGGGGGGG
发送方：发送后的滑动窗口：
0 1) 2 3 4 (5 6 7| 
发送方：发送前的滑动窗口：
0 1) 2 3 4 (5 6 7| 
******模拟网络环境******：发送方的数据包将在90.6725到达对方, 数据包为-->seqnum = 7, acknum = -1,checksum = 11559,payload = HHHHHHHHHHHHHHHHHHHH
发送方：发送后的滑动窗口：
0| 1) 2 3 4 (5 6 7 
发送方：发送前的滑动窗口：
0| 1) 2 3 4 (5 6 7 
******模拟网络环境******：发送方的数据包将在93.6625到达对方, 数据包为-->seqnum = 0, acknum = -1,checksum = 8996,payload = IIIIIIIIIIIIIIIIIIII
发送方：发送后的滑动窗口：
0 1|) 2 3 4 (5 6 7 
******模拟网络环境******：向上递交给应用层数据：FFFFFFFFFFFFFFFFFFFF
******模拟网络环境******：接收方的确认包将在89.3425到达对方, 确认包为-->seqnum = -1, acknum = 5,checksum = 12846,payload = .....................
接收方：目前返回的ack序号为: 5
******模拟网络环境******：向上递交给应用层数据：GGGGGGGGGGGGGGGGGGGG
******模拟网络环境******：接收方的确认包将在94.7425到达对方, 确认包为-->seqnum = -1, acknum = 6,checksum = 12845,payload = .....................
接收方：目前返回的ack序号为: 6
发送方：接收到ACK：5
******模拟网络环境******：关闭定时器, 当前时间 = 89.3425, 定时器报文序号 = 0
******模拟网络环境******：启动定时器, 当前时间 = 89.3425, 定时器报文序号 = 0, 定时器Timeout时间 = 109.342
发送方：接受ACK后的滑动窗口：
0 1| 2) 3 4 5 (6 7 
******模拟网络环境******：向上递交给应用层数据：HHHHHHHHHHHHHHHHHHHH
******模拟网络环境******：接收方的确认包将在100.772到达对方, 确认包为-->seqnum = -1, acknum = 7,checksum = 12844,payload = .....................
接收方：目前返回的ack序号为: 7
******模拟网络环境******：向上递交给应用层数据：IIIIIIIIIIIIIIIIIIII
******模拟网络环境******：接收方的确认包将在107.822到达对方, 确认包为-->seqnum = -1, acknum = 0,checksum = 12851,payload = .....................
接收方：目前返回的ack序号为: 0
发送方：接收到ACK：6
******模拟网络环境******：关闭定时器, 当前时间 = 94.7425, 定时器报文序号 = 0
******模拟网络环境******：启动定时器, 当前时间 = 94.7425, 定时器报文序号 = 0, 定时器Timeout时间 = 114.742
发送方：接受ACK后的滑动窗口：
0 1| 2 3) 4 5 6 (7 
发送方：接收到ACK：7
******模拟网络环境******：关闭定时器, 当前时间 = 100.772, 定时器报文序号 = 0
******模拟网络环境******：启动定时器, 当前时间 = 100.772, 定时器报文序号 = 0, 定时器Timeout时间 = 120.772
发送方：接受ACK后的滑动窗口：
(0 1| 2 3 4) 5 6 7 
发送方：接收到ACK：0
******模拟网络环境******：关闭定时器, 当前时间 = 107.822, 定时器报文序号 = 0
发送方：接受ACK后的滑动窗口：
0 (1| 2 3 4 5) 6 7 
发送方：发送前的滑动窗口：
0 (1| 2 3 4 5) 6 7 
******模拟网络环境******：启动定时器, 当前时间 = 108.635, 定时器报文序号 = 0, 定时器Timeout时间 = 128.635
******模拟网络环境******：发送方的数据包将在116.075到达对方, 数据包为-->seqnum = 1, acknum = -1,checksum = 6425,payload = JJJJJJJJJJJJJJJJJJJJ
发送方：发送后的滑动窗口：
0 (1 2| 3 4 5) 6 7 
发送方：发送前的滑动窗口：
0 (1 2| 3 4 5) 6 7 
******模拟网络环境******：发送方的数据包将在122.295到达对方, 数据包为-->seqnum = 2, acknum = -1,checksum = 3854,payload = KKKKKKKKKKKKKKKKKKKK
发送方：发送后的滑动窗口：
0 (1 2 3| 4 5) 6 7 
发送方：发送前的滑动窗口：
0 (1 2 3| 4 5) 6 7 
******模拟网络环境******：发送方的数据包将在130.685到达对方, 数据包为-->seqnum = 3, acknum = -1,checksum = 1283,payload = LLLLLLLLLLLLLLLLLLLL
发送方：发送后的滑动窗口：
0 (1 2 3 4| 5) 6 7 
发送方：发送前的滑动窗口：
0 (1 2 3 4| 5) 6 7 
******模拟网络环境******：发送方的数据包将在139.175到达对方, 数据包为-->seqnum = 4, acknum = -1,checksum = 64247,payload = MMMMMMMMMMMMMMMMMMMM
发送方：发送后的滑动窗口：
0 (1 2 3 4 5|) 6 7 
******模拟网络环境******：向上递交给应用层数据：JJJJJJJJJJJJJJJJJJJJ
******模拟网络环境******：接收方发送的确认包丢失：seqnum = -1, acknum = 1,checksum = 12850,payload = .....................
接收方：目前返回的ack序号为: 1
******模拟网络环境******：向上递交给应用层数据：KKKKKKKKKKKKKKKKKKKK
******模拟网络环境******：网络层数据包损坏,损坏的包为-->seqnum = -1, acknum = 2,checksum = 12849,payload = /....................
******模拟网络环境******：接收方的确认包将在128.945到达对方, 确认包为-->seqnum = -1, acknum = 2,checksum = 12849,payload = /....................
接收方：目前返回的ack序号为: 2
******模拟网络环境******：发送方的数据包将在143.995到达对方, 数据包为-->seqnum = 1, acknum = -1,checksum = 6425,payload = JJJJJJJJJJJJJJJJJJJJ
******模拟网络环境******：关闭定时器, 当前时间 = 128.635, 定时器报文序号 = 0
******模拟网络环境******：启动定时器, 当前时间 = 128.635, 定时器报文序号 = 0, 定时器Timeout时间 = 148.635
******模拟网络环境******：向上递交给应用层数据：LLLLLLLLLLLLLLLLLLLL
******模拟网络环境******：接收方的确认包将在134.625到达对方, 确认包为-->seqnum = -1, acknum = 3,checksum = 12848,payload = .....................
接收方：目前返回的ack序号为: 3
发送方：接收到ACK：3
******模拟网络环境******：关闭定时器, 当前时间 = 134.625, 定时器报文序号 = 0
******模拟网络环境******：启动定时器, 当前时间 = 134.625, 定时器报文序号 = 0, 定时器Timeout时间 = 154.625
发送方：接受ACK后的滑动窗口：
0) 1 2 3 (4 5| 6 7 
******模拟网络环境******：向上递交给应用层数据：MMMMMMMMMMMMMMMMMMMM
******模拟网络环境******：接收方发送的确认包丢失：seqnum = -1, acknum = 4,checksum = 12847,payload = .....................
接收方：目前返回的ack序号为: 4
******模拟网络环境******：接收方的确认包将在153.225到达对方, 确认包为-->seqnum = -1, acknum = 4,checksum = 12847,payload = .....................
发送方：接收到ACK：4
******模拟网络环境******：关闭定时器, 当前时间 = 153.225, 定时器报文序号 = 0
发送方：接受ACK后的滑动窗口：
0 1) 2 3 4 (5| 6 7 
发送方：发送前的滑动窗口：
0 1) 2 3 4 (5| 6 7 
******模拟网络环境******：启动定时器, 当前时间 = 153.237, 定时器报文序号 = 0, 定时器Timeout时间 = 173.237
******模拟网络环境******：发送方的数据包将在156.377到达对方, 数据包为-->seqnum = 5, acknum = -1,checksum = 61676,payload = NNNNNNNNNNNNNNNNNNNN
发送方：发送后的滑动窗口：
0 1) 2 3 4 (5 6| 7 
发送方：发送前的滑动窗口：
0 1) 2 3 4 (5 6| 7 
******模拟网络环境******：发送方的数据包将在159.387到达对方, 数据包为-->seqnum = 6, acknum = -1,checksum = 59105,payload = OOOOOOOOOOOOOOOOOOOO
发送方：发送后的滑动窗口：
0 1) 2 3 4 (5 6 7| 
发送方：发送前的滑动窗口：
0 1) 2 3 4 (5 6 7| 
******模拟网络环境******：发送方发送的数据包丢失：seqnum = 7, acknum = -1,checksum = 56534,payload = PPPPPPPPPPPPPPPPPPPP
发送方：发送后的滑动窗口：
0| 1) 2 3 4 (5 6 7 
发送方：发送前的滑动窗口：
0| 1) 2 3 4 (5 6 7 
******模拟网络环境******：发送方的数据包将在161.717到达对方, 数据包为-->seqnum = 0, acknum = -1,checksum = 53971,payload = QQQQQQQQQQQQQQQQQQQQ
发送方：发送后的滑动窗口：
0 1|) 2 3 4 (5 6 7 
******模拟网络环境******：向上递交给应用层数据：NNNNNNNNNNNNNNNNNNNN
******模拟网络环境******：接收方的确认包将在161.987到达对方, 确认包为-->seqnum = -1, acknum = 5,checksum = 12846,payload = .....................
接收方：目前返回的ack序号为: 5
******模拟网络环境******：向上递交给应用层数据：OOOOOOOOOOOOOOOOOOOO
******模拟网络环境******：接收方的确认包将在163.007到达对方, 确认包为-->seqnum = -1, acknum = 6,checksum = 12845,payload = .....................
接收方：目前返回的ack序号为: 6
******模拟网络环境******：接收方的确认包将在168.917到达对方, 确认包为-->seqnum = -1, acknum = 6,checksum = 12845,payload = .....................
发送方：接收到ACK：5
******模拟网络环境******：关闭定时器, 当前时间 = 161.987, 定时器报文序号 = 0
******模拟网络环境******：启动定时器, 当前时间 = 161.987, 定时器报文序号 = 0, 定时器Timeout时间 = 181.987
发送方：接受ACK后的滑动窗口：
0 1| 2) 3 4 5 (6 7 
发送方：接收到ACK：6
******模拟网络环境******：关闭定时器, 当前时间 = 163.007, 定时器报文序号 = 0
******模拟网络环境******：启动定时器, 当前时间 = 163.007, 定时器报文序号 = 0, 定时器Timeout时间 = 183.007
发送方：接受ACK后的滑动窗口：
0 1| 2 3) 4 5 6 (7 
******模拟网络环境******：发送方的数据包将在190.917到达对方, 数据包为-->seqnum = 7, acknum = -1,checksum = 56534,payload = PPPPPPPPPPPPPPPPPPPP
******模拟网络环境******：关闭定时器, 当前时间 = 183.007, 定时器报文序号 = 0
******模拟网络环境******：启动定时器, 当前时间 = 183.007, 定时器报文序号 = 0, 定时器Timeout时间 = 203.007
******模拟网络环境******：向上递交给应用层数据：PPPPPPPPPPPPPPPPPPPP
******模拟网络环境******：接收方发送的确认包丢失：seqnum = -1, acknum = 7,checksum = 12844,payload = .....................
接收方：目前返回的ack序号为: 7
******模拟网络环境******：网络层数据包损坏,损坏的包为-->seqnum = -999999, acknum = -1,checksum = 56534,payload = PPPPPPPPPPPPPPPPPPPP
******模拟网络环境******：发送方的数据包将在204.627到达对方, 数据包为-->seqnum = -999999, acknum = -1,checksum = 56534,payload = PPPPPPPPPPPPPPPPPPPP
******模拟网络环境******：关闭定时器, 当前时间 = 203.007, 定时器报文序号 = 0
******模拟网络环境******：启动定时器, 当前时间 = 203.007, 定时器报文序号 = 0, 定时器Timeout时间 = 223.007
******模拟网络环境******：接收方的确认包将在207.207到达对方, 确认包为-->seqnum = -1, acknum = 7,checksum = 12844,payload = .....................
发送方：接收到ACK：7
******模拟网络环境******：关闭定时器, 当前时间 = 207.207, 定时器报文序号 = 0
******模拟网络环境******：启动定时器, 当前时间 = 207.207, 定时器报文序号 = 0, 定时器Timeout时间 = 227.207
发送方：接受ACK后的滑动窗口：
(0 1| 2 3 4) 5 6 7 
******模拟网络环境******：网络层数据包损坏,损坏的包为-->seqnum = 0, acknum = -1,checksum = 53971,payload = RQQQQQQQQQQQQQQQQQQQ
******模拟网络环境******：发送方的数据包将在235.407到达对方, 数据包为-->seqnum = 0, acknum = -1,checksum = 53971,payload = RQQQQQQQQQQQQQQQQQQQ
******模拟网络环境******：关闭定时器, 当前时间 = 227.207, 定时器报文序号 = 0
******模拟网络环境******：启动定时器, 当前时间 = 227.207, 定时器报文序号 = 0, 定时器Timeout时间 = 247.207
******模拟网络环境******：接收方的确认包将在241.067到达对方, 确认包为-->seqnum = -1, acknum = 7,checksum = 12844,payload = .....................
******模拟网络环境******：发送方的数据包将在255.647到达对方, 数据包为-->seqnum = 0, acknum = -1,checksum = 53971,payload = QQQQQQQQQQQQQQQQQQQQ
******模拟网络环境******：关闭定时器, 当前时间 = 247.207, 定时器报文序号 = 0
******模拟网络环境******：启动定时器, 当前时间 = 247.207, 定时器报文序号 = 0, 定时器Timeout时间 = 267.207
******模拟网络环境******：向上递交给应用层数据：QQQQQQQQQQQQQQQQQQQQ
******模拟网络环境******：接收方的确认包将在264.257到达对方, 确认包为-->seqnum = -1, acknum = 0,checksum = 12851,payload = .....................
接收方：目前返回的ack序号为: 0
发送方：接收到ACK：0
******模拟网络环境******：关闭定时器, 当前时间 = 264.257, 定时器报文序号 = 0
发送方：接受ACK后的滑动窗口：
0 (1| 2 3 4 5) 6 7 
发送方：发送前的滑动窗口：
0 (1| 2 3 4 5) 6 7 
******模拟网络环境******：启动定时器, 当前时间 = 265.327, 定时器报文序号 = 0, 定时器Timeout时间 = 285.327
******模拟网络环境******：发送方发送的数据包丢失：seqnum = 1, acknum = -1,checksum = 51400,payload = RRRRRRRRRRRRRRRRRRRR
发送方：发送后的滑动窗口：
0 (1 2| 3 4 5) 6 7 
发送方：发送前的滑动窗口：
0 (1 2| 3 4 5) 6 7 
******模拟网络环境******：发送方的数据包将在269.625到达对方, 数据包为-->seqnum = 2, acknum = -1,checksum = 48829,payload = SSSSSSSSSSSSSSSSSSSS
发送方：发送后的滑动窗口：
0 (1 2 3| 4 5) 6 7 
发送方：发送前的滑动窗口：
0 (1 2 3| 4 5) 6 7 
******模拟网络环境******：发送方发送的数据包丢失：seqnum = 3, acknum = -1,checksum = 46258,payload = TTTTTTTTTTTTTTTTTTTT
发送方：发送后的滑动窗口：
0 (1 2 3 4| 5) 6 7 
发送方：发送前的滑动窗口：
0 (1 2 3 4| 5) 6 7 
******模拟网络环境******：发送方发送的数据包丢失：seqnum = 4, acknum = -1,checksum = 43687,payload = UUUUUUUUUUUUUUUUUUUU
发送方：发送后的滑动窗口：
0 (1 2 3 4 5|) 6 7 
******模拟网络环境******：接收方的确认包将在275.645到达对方, 确认包为-->seqnum = -1, acknum = 0,checksum = 12851,payload = .....................
******模拟网络环境******：发送方的数据包将在289.277到达对方, 数据包为-->seqnum = 1, acknum = -1,checksum = 51400,payload = RRRRRRRRRRRRRRRRRRRR
******模拟网络环境******：关闭定时器, 当前时间 = 285.327, 定时器报文序号 = 0
******模拟网络环境******：启动定时器, 当前时间 = 285.327, 定时器报文序号 = 0, 定时器Timeout时间 = 305.327
******模拟网络环境******：向上递交给应用层数据：RRRRRRRRRRRRRRRRRRRR
******模拟网络环境******：接收方的确认包将在294.657到达对方, 确认包为-->seqnum = -1, acknum = 1,checksum = 12850,payload = .....................
接收方：目前返回的ack序号为: 1
发送方：接收到ACK：1
******模拟网络环境******：关闭定时器, 当前时间 = 294.657, 定时器报文序号 = 0
******模拟网络环境******：启动定时器, 当前时间 = 294.657, 定时器报文序号 = 0, 定时器Timeout时间 = 314.657
发送方：接受ACK后的滑动窗口：
0 1 (2 3 4 5| 6) 7 
******模拟网络环境******：发送方的数据包将在322.727到达对方, 数据包为-->seqnum = 2, acknum = -1,checksum = 48829,payload = SSSSSSSSSSSSSSSSSSSS
******模拟网络环境******：关闭定时器, 当前时间 = 314.657, 定时器报文序号 = 0
******模拟网络环境******：启动定时器, 当前时间 = 314.657, 定时器报文序号 = 0, 定时器Timeout时间 = 334.657
******模拟网络环境******：向上递交给应用层数据：SSSSSSSSSSSSSSSSSSSS
******模拟网络环境******：接收方的确认包将在329.707到达对方, 确认包为-->seqnum = -1, acknum = 2,checksum = 12849,payload = .....................
接收方：目前返回的ack序号为: 2
发送方：接收到ACK：2
******模拟网络环境******：关闭定时器, 当前时间 = 329.707, 定时器报文序号 = 0
******模拟网络环境******：启动定时器, 当前时间 = 329.707, 定时器报文序号 = 0, 定时器Timeout时间 = 349.707
发送方：接受ACK后的滑动窗口：
0 1 2 (3 4 5| 6 7) 
******模拟网络环境******：发送方的数据包将在355.178到达对方, 数据包为-->seqnum = 3, acknum = -1,checksum = 46258,payload = TTTTTTTTTTTTTTTTTTTT
******模拟网络环境******：关闭定时器, 当前时间 = 349.707, 定时器报文序号 = 0
******模拟网络环境******：启动定时器, 当前时间 = 349.707, 定时器报文序号 = 0, 定时器Timeout时间 = 369.707
******模拟网络环境******：向上递交给应用层数据：TTTTTTTTTTTTTTTTTTTT
******模拟网络环境******：接收方的确认包将在360.197到达对方, 确认包为-->seqnum = -1, acknum = 3,checksum = 12848,payload = .....................
接收方：目前返回的ack序号为: 3
发送方：接收到ACK：3
******模拟网络环境******：关闭定时器, 当前时间 = 360.197, 定时器报文序号 = 0
******模拟网络环境******：启动定时器, 当前时间 = 360.197, 定时器报文序号 = 0, 定时器Timeout时间 = 380.197
发送方：接受ACK后的滑动窗口：
0) 1 2 3 (4 5| 6 7 
******模拟网络环境******：发送方的数据包将在383.678到达对方, 数据包为-->seqnum = 4, acknum = -1,checksum = 43687,payload = UUUUUUUUUUUUUUUUUUUU
******模拟网络环境******：关闭定时器, 当前时间 = 380.197, 定时器报文序号 = 0
******模拟网络环境******：启动定时器, 当前时间 = 380.197, 定时器报文序号 = 0, 定时器Timeout时间 = 400.197
******模拟网络环境******：向上递交给应用层数据：UUUUUUUUUUUUUUUUUUUU
******模拟网络环境******：接收方发送的确认包丢失：seqnum = -1, acknum = 4,checksum = 12847,payload = .....................
接收方：目前返回的ack序号为: 4
******模拟网络环境******：发送方的数据包将在402.988到达对方, 数据包为-->seqnum = 4, acknum = -1,checksum = 43687,payload = UUUUUUUUUUUUUUUUUUUU
******模拟网络环境******：关闭定时器, 当前时间 = 400.197, 定时器报文序号 = 0
******模拟网络环境******：启动定时器, 当前时间 = 400.197, 定时器报文序号 = 0, 定时器Timeout时间 = 420.197
******模拟网络环境******：接收方的确认包将在409.868到达对方, 确认包为-->seqnum = -1, acknum = 4,checksum = 12847,payload = .....................
发送方：接收到ACK：4
******模拟网络环境******：关闭定时器, 当前时间 = 409.868, 定时器报文序号 = 0
发送方：接受ACK后的滑动窗口：
0 1) 2 3 4 (5| 6 7 
发送方：发送前的滑动窗口：
0 1) 2 3 4 (5| 6 7 
******模拟网络环境******：启动定时器, 当前时间 = 410.067, 定时器报文序号 = 0, 定时器Timeout时间 = 430.067
******模拟网络环境******：发送方的数据包将在416.317到达对方, 数据包为-->seqnum = 5, acknum = -1,checksum = 41116,payload = VVVVVVVVVVVVVVVVVVVV
发送方：发送后的滑动窗口：
0 1) 2 3 4 (5 6| 7 
发送方：发送前的滑动窗口：
0 1) 2 3 4 (5 6| 7 
******模拟网络环境******：发送方的数据包将在427.197到达对方, 数据包为-->seqnum = 6, acknum = -1,checksum = 38545,payload = WWWWWWWWWWWWWWWWWWWW
发送方：发送后的滑动窗口：
0 1) 2 3 4 (5 6 7| 
发送方：发送前的滑动窗口：
0 1) 2 3 4 (5 6 7| 
******模拟网络环境******：发送方的数据包将在429.217到达对方, 数据包为-->seqnum = 7, acknum = -1,checksum = 35974,payload = XXXXXXXXXXXXXXXXXXXX
发送方：发送后的滑动窗口：
0| 1) 2 3 4 (5 6 7 
发送方：发送前的滑动窗口：
0| 1) 2 3 4 (5 6 7 
******模拟网络环境******：发送方的数据包将在434.737到达对方, 数据包为-->seqnum = 0, acknum = -1,checksum = 33411,payload = YYYYYYYYYYYYYYYYYYYY
发送方：发送后的滑动窗口：
0 1|) 2 3 4 (5 6 7 
******模拟网络环境******：向上递交给应用层数据：VVVVVVVVVVVVVVVVVVVV
******模拟网络环境******：接收方发送的确认包丢失：seqnum = -1, acknum = 5,checksum = 12846,payload = .....................
接收方：目前返回的ack序号为: 5
******模拟网络环境******：向上递交给应用层数据：WWWWWWWWWWWWWWWWWWWW
******模拟网络环境******：接收方的确认包将在433.817到达对方, 确认包为-->seqnum = -1, acknum = 6,checksum = 12845,payload = .....................
接收方：目前返回的ack序号为: 6
******模拟网络环境******：向上递交给应用层数据：XXXXXXXXXXXXXXXXXXXX
******模拟网络环境******：接收方的确认包将在444.577到达对方, 确认包为-->seqnum = -1, acknum = 7,checksum = 12844,payload = .....................
接收方：目前返回的ack序号为: 7
******模拟网络环境******：网络层数据包损坏,损坏的包为-->seqnum = -999999, acknum = -1,checksum = 41116,payload = VVVVVVVVVVVVVVVVVVVV
******模拟网络环境******：发送方的数据包将在442.277到达对方, 数据包为-->seqnum = -999999, acknum = -1,checksum = 41116,payload = VVVVVVVVVVVVVVVVVVVV
******模拟网络环境******：关闭定时器, 当前时间 = 430.067, 定时器报文序号 = 0
******模拟网络环境******：启动定时器, 当前时间 = 430.067, 定时器报文序号 = 0, 定时器Timeout时间 = 450.067
发送方：接收到ACK：6
******模拟网络环境******：关闭定时器, 当前时间 = 433.817, 定时器报文序号 = 0
******模拟网络环境******：启动定时器, 当前时间 = 433.817, 定时器报文序号 = 0, 定时器Timeout时间 = 453.817
发送方：接受ACK后的滑动窗口：
0 1| 2 3) 4 5 6 (7 
******模拟网络环境******：向上递交给应用层数据：YYYYYYYYYYYYYYYYYYYY
******模拟网络环境******：接收方发送的确认包丢失：seqnum = -1, acknum = 0,checksum = 12851,payload = .....................
接收方：目前返回的ack序号为: 0
******模拟网络环境******：接收方的确认包将在448.967到达对方, 确认包为-->seqnum = -1, acknum = 0,checksum = 12851,payload = .....................
发送方：接收到ACK：7
******模拟网络环境******：关闭定时器, 当前时间 = 444.577, 定时器报文序号 = 0
******模拟网络环境******：启动定时器, 当前时间 = 444.577, 定时器报文序号 = 0, 定时器Timeout时间 = 464.577
发送方：接受ACK后的滑动窗口：
(0 1| 2 3 4) 5 6 7 
发送方：接收到ACK：0
******模拟网络环境******：关闭定时器, 当前时间 = 448.967, 定时器报文序号 = 0
发送方：接受ACK后的滑动窗口：
0 (1| 2 3 4 5) 6 7 
发送方：发送前的滑动窗口：
0 (1| 2 3 4 5) 6 7 
******模拟网络环境******：启动定时器, 当前时间 = 448.98, 定时器报文序号 = 0, 定时器Timeout时间 = 468.98
******模拟网络环境******：发送方发送的数据包丢失：seqnum = 1, acknum = -1,checksum = 30840,payload = ZZZZZZZZZZZZZZZZZZZZ
发送方：发送后的滑动窗口：
0 (1 2| 3 4 5) 6 7 
发送方：发送前的滑动窗口：
0 (1 2| 3 4 5) 6 7 
******模拟网络环境******：发送方发送的数据包丢失：seqnum = 2, acknum = -1,checksum = 29554,payload = AAAAAAAAAAAAAAAAAAAA
发送方：发送后的滑动窗口：
0 (1 2 3| 4 5) 6 7 
发送方：发送前的滑动窗口：
0 (1 2 3| 4 5) 6 7 
******模拟网络环境******：网络层数据包损坏,损坏的包为-->seqnum = 3, acknum = -1,checksum = 26983,payload = CBBBBBBBBBBBBBBBBBBB
******模拟网络环境******：发送方的数据包将在456.412到达对方, 数据包为-->seqnum = 3, acknum = -1,checksum = 26983,payload = CBBBBBBBBBBBBBBBBBBB
发送方：发送后的滑动窗口：
0 (1 2 3 4| 5) 6 7 
发送方：发送前的滑动窗口：
0 (1 2 3 4| 5) 6 7 
******模拟网络环境******：发送方的数据包将在467.302到达对方, 数据包为-->seqnum = 4, acknum = -1,checksum = 24412,payload = CCCCCCCCCCCCCCCCCCCC
发送方：发送后的滑动窗口：
0 (1 2 3 4 5|) 6 7 
******模拟网络环境******：网络层数据包损坏,损坏的包为-->seqnum = -1, acknum = 0,checksum = 12851,payload = /....................
******模拟网络环境******：接收方的确认包将在464.742到达对方, 确认包为-->seqnum = -1, acknum = 0,checksum = 12851,payload = /....................
******模拟网络环境******：接收方的确认包将在468.892到达对方, 确认包为-->seqnum = -1, acknum = 0,checksum = 12851,payload = .....................
******模拟网络环境******：发送方的数据包将在472.57到达对方, 数据包为-->seqnum = 1, acknum = -1,checksum = 30840,payload = ZZZZZZZZZZZZZZZZZZZZ
******模拟网络环境******：关闭定时器, 当前时间 = 468.98, 定时器报文序号 = 0
******模拟网络环境******：启动定时器, 当前时间 = 468.98, 定时器报文序号 = 0, 定时器Timeout时间 = 488.98
******模拟网络环境******：向上递交给应用层数据：ZZZZZZZZZZZZZZZZZZZZ
******模拟网络环境******：接收方的确认包将在476.73到达对方, 确认包为-->seqnum = -1, acknum = 1,checksum = 12850,payload = .....................
接收方：目前返回的ack序号为: 1
发送方：接收到ACK：1
******模拟网络环境******：关闭定时器, 当前时间 = 476.73, 定时器报文序号 = 0
******模拟网络环境******：启动定时器, 当前时间 = 476.73, 定时器报文序号 = 0, 定时器Timeout时间 = 496.73
发送方：接受ACK后的滑动窗口：
0 1 (2 3 4 5| 6) 7 
******模拟网络环境******：发送方的数据包将在503.81到达对方, 数据包为-->seqnum = 2, acknum = -1,checksum = 29554,payload = AAAAAAAAAAAAAAAAAAAA
******模拟网络环境******：关闭定时器, 当前时间 = 496.73, 定时器报文序号 = 0
******模拟网络环境******：启动定时器, 当前时间 = 496.73, 定时器报文序号 = 0, 定时器Timeout时间 = 516.73
******模拟网络环境******：向上递交给应用层数据：AAAAAAAAAAAAAAAAAAAA
******模拟网络环境******：网络层数据包损坏,损坏的包为-->seqnum = -1, acknum = 2,checksum = 12849,payload = /....................
******模拟网络环境******：接收方的确认包将在511.77到达对方, 确认包为-->seqnum = -1, acknum = 2,checksum = 12849,payload = /....................
接收方：目前返回的ack序号为: 2
******模拟网络环境******：发送方的数据包将在526.73到达对方, 数据包为-->seqnum = 2, acknum = -1,checksum = 29554,payload = AAAAAAAAAAAAAAAAAAAA
******模拟网络环境******：关闭定时器, 当前时间 = 516.73, 定时器报文序号 = 0
******模拟网络环境******：启动定时器, 当前时间 = 516.73, 定时器报文序号 = 0, 定时器Timeout时间 = 536.73
******模拟网络环境******：接收方的确认包将在533.42到达对方, 确认包为-->seqnum = -1, acknum = 2,checksum = 12849,payload = .....................
发送方：接收到ACK：2
******模拟网络环境******：关闭定时器, 当前时间 = 533.42, 定时器报文序号 = 0
******模拟网络环境******：启动定时器, 当前时间 = 533.42, 定时器报文序号 = 0, 定时器Timeout时间 = 553.42
发送方：接受ACK后的滑动窗口：
0 1 2 (3 4 5| 6 7) 
******模拟网络环境******：网络层数据包损坏,损坏的包为-->seqnum = 3, acknum = -1,checksum = 26983,payload = CBBBBBBBBBBBBBBBBBBB
******模拟网络环境******：发送方的数据包将在563.87到达对方, 数据包为-->seqnum = 3, acknum = -1,checksum = 26983,payload = CBBBBBBBBBBBBBBBBBBB
******模拟网络环境******：关闭定时器, 当前时间 = 553.42, 定时器报文序号 = 0
******模拟网络环境******：启动定时器, 当前时间 = 553.42, 定时器报文序号 = 0, 定时器Timeout时间 = 573.42
******模拟网络环境******：接收方的确认包将在573.39到达对方, 确认包为-->seqnum = -1, acknum = 2,checksum = 12849,payload = .....................
******模拟网络环境******：发送方的数据包将在581.19到达对方, 数据包为-->seqnum = 3, acknum = -1,checksum = 26983,payload = BBBBBBBBBBBBBBBBBBBB
******模拟网络环境******：关闭定时器, 当前时间 = 573.42, 定时器报文序号 = 0
******模拟网络环境******：启动定时器, 当前时间 = 573.42, 定时器报文序号 = 0, 定时器Timeout时间 = 593.42
******模拟网络环境******：向上递交给应用层数据：BBBBBBBBBBBBBBBBBBBB
******模拟网络环境******：接收方发送的确认包丢失：seqnum = -1, acknum = 3,checksum = 12848,payload = .....................
接收方：目前返回的ack序号为: 3
******模拟网络环境******：发送方的数据包将在599.9到达对方, 数据包为-->seqnum = 3, acknum = -1,checksum = 26983,payload = BBBBBBBBBBBBBBBBBBBB
******模拟网络环境******：关闭定时器, 当前时间 = 593.42, 定时器报文序号 = 0
******模拟网络环境******：启动定时器, 当前时间 = 593.42, 定时器报文序号 = 0, 定时器Timeout时间 = 613.42
******模拟网络环境******：接收方发送的确认包丢失：seqnum = -1, acknum = 3,checksum = 12848,payload = .....................
******模拟网络环境******：发送方的数据包将在624.07到达对方, 数据包为-->seqnum = 3, acknum = -1,checksum = 26983,payload = BBBBBBBBBBBBBBBBBBBB
******模拟网络环境******：关闭定时器, 当前时间 = 613.42, 定时器报文序号 = 0
******模拟网络环境******：启动定时器, 当前时间 = 613.42, 定时器报文序号 = 0, 定时器Timeout时间 = 633.42
******模拟网络环境******：接收方的确认包将在633.56到达对方, 确认包为-->seqnum = -1, acknum = 3,checksum = 12848,payload = .....................
******模拟网络环境******：发送方的数据包将在643.3到达对方, 数据包为-->seqnum = 3, acknum = -1,checksum = 26983,payload = BBBBBBBBBBBBBBBBBBBB
******模拟网络环境******：关闭定时器, 当前时间 = 633.42, 定时器报文序号 = 0
******模拟网络环境******：启动定时器, 当前时间 = 633.42, 定时器报文序号 = 0, 定时器Timeout时间 = 653.42
发送方：接收到ACK：3
******模拟网络环境******：关闭定时器, 当前时间 = 633.56, 定时器报文序号 = 0
******模拟网络环境******：启动定时器, 当前时间 = 633.56, 定时器报文序号 = 0, 定时器Timeout时间 = 653.56
发送方：接受ACK后的滑动窗口：
0) 1 2 3 (4 5| 6 7 
******模拟网络环境******：网络层数据包损坏,损坏的包为-->seqnum = -1, acknum = 3,checksum = 12848,payload = /....................
******模拟网络环境******：接收方的确认包将在650.35到达对方, 确认包为-->seqnum = -1, acknum = 3,checksum = 12848,payload = /....................
******模拟网络环境******：发送方发送的数据包丢失：seqnum = 4, acknum = -1,checksum = 24412,payload = CCCCCCCCCCCCCCCCCCCC
******模拟网络环境******：关闭定时器, 当前时间 = 653.56, 定时器报文序号 = 0
******模拟网络环境******：启动定时器, 当前时间 = 653.56, 定时器报文序号 = 0, 定时器Timeout时间 = 673.56
******模拟网络环境******：网络层数据包损坏,损坏的包为-->seqnum = 4, acknum = -1,checksum = 24412,payload = DCCCCCCCCCCCCCCCCCCC
******模拟网络环境******：发送方的数据包将在682.41到达对方, 数据包为-->seqnum = 4, acknum = -1,checksum = 24412,payload = DCCCCCCCCCCCCCCCCCCC
******模拟网络环境******：关闭定时器, 当前时间 = 673.56, 定时器报文序号 = 0
******模拟网络环境******：启动定时器, 当前时间 = 673.56, 定时器报文序号 = 0, 定时器Timeout时间 = 693.56
******模拟网络环境******：接收方的确认包将在692.68到达对方, 确认包为-->seqnum = -1, acknum = 3,checksum = 12848,payload = .....................
******模拟网络环境******：发送方的数据包将在696.48到达对方, 数据包为-->seqnum = 4, acknum = -1,checksum = 24412,payload = CCCCCCCCCCCCCCCCCCCC
******模拟网络环境******：关闭定时器, 当前时间 = 693.56, 定时器报文序号 = 0
******模拟网络环境******：启动定时器, 当前时间 = 693.56, 定时器报文序号 = 0, 定时器Timeout时间 = 713.56
******模拟网络环境******：向上递交给应用层数据：CCCCCCCCCCCCCCCCCCCC
******模拟网络环境******：接收方的确认包将在702.81到达对方, 确认包为-->seqnum = -1, acknum = 4,checksum = 12847,payload = .....................
接收方：目前返回的ack序号为: 4
发送方：接收到ACK：4
******模拟网络环境******：关闭定时器, 当前时间 = 702.81, 定时器报文序号 = 0
发送方：接受ACK后的滑动窗口：
0 1) 2 3 4 (5| 6 7 
发送方：发送前的滑动窗口：
0 1) 2 3 4 (5| 6 7 
******模拟网络环境******：启动定时器, 当前时间 = 703.335, 定时器报文序号 = 0, 定时器Timeout时间 = 723.335
******模拟网络环境******：发送方的数据包将在711.275到达对方, 数据包为-->seqnum = 5, acknum = -1,checksum = 21841,payload = DDDDDDDDDDDDDDDDDDDD
发送方：发送后的滑动窗口：
0 1) 2 3 4 (5 6| 7 
发送方：发送前的滑动窗口：
0 1) 2 3 4 (5 6| 7 
******模拟网络环境******：发送方的数据包将在719.125到达对方, 数据包为-->seqnum = 6, acknum = -1,checksum = 19270,payload = EEEEEEEEEEEEEEEEEEEE
发送方：发送后的滑动窗口：
0 1) 2 3 4 (5 6 7| 
发送方：发送前的滑动窗口：
0 1) 2 3 4 (5 6 7| 
******模拟网络环境******：网络层数据包损坏,损坏的包为-->seqnum = 7, acknum = -1,checksum = 16699,payload = GFFFFFFFFFFFFFFFFFFF
******模拟网络环境******：发送方的数据包将在728.715到达对方, 数据包为-->seqnum = 7, acknum = -1,checksum = 16699,payload = GFFFFFFFFFFFFFFFFFFF
发送方：发送后的滑动窗口：
0| 1) 2 3 4 (5 6 7 
发送方：发送前的滑动窗口：
0| 1) 2 3 4 (5 6 7 
******模拟网络环境******：发送方的数据包将在738.585到达对方, 数据包为-->seqnum = 0, acknum = -1,checksum = 14136,payload = GGGGGGGGGGGGGGGGGGGG
发送方：发送后的滑动窗口：
0 1|) 2 3 4 (5 6 7 
******模拟网络环境******：向上递交给应用层数据：DDDDDDDDDDDDDDDDDDDD
******模拟网络环境******：接收方的确认包将在720.305到达对方, 确认包为-->seqnum = -1, acknum = 5,checksum = 12846,payload = .....................
接收方：目前返回的ack序号为: 5
******模拟网络环境******：向上递交给应用层数据：EEEEEEEEEEEEEEEEEEEE
******模拟网络环境******：接收方的确认包将在727.585到达对方, 确认包为-->seqnum = -1, acknum = 6,checksum = 12845,payload = .....................
接收方：目前返回的ack序号为: 6
发送方：接收到ACK：5
******模拟网络环境******：关闭定时器, 当前时间 = 720.305, 定时器报文序号 = 0
******模拟网络环境******：启动定时器, 当前时间 = 720.305, 定时器报文序号 = 0, 定时器Timeout时间 = 740.305
发送方：接受ACK后的滑动窗口：
0 1| 2) 3 4 5 (6 7 
发送方：接收到ACK：6
******模拟网络环境******：关闭定时器, 当前时间 = 727.585, 定时器报文序号 = 0
******模拟网络环境******：启动定时器, 当前时间 = 727.585, 定时器报文序号 = 0, 定时器Timeout时间 = 747.585
发送方：接受ACK后的滑动窗口：
0 1| 2 3) 4 5 6 (7 
******模拟网络环境******：接收方的确认包将在737.565到达对方, 确认包为-->seqnum = -1, acknum = 6,checksum = 12845,payload = .....................
******模拟网络环境******：接收方的确认包将在748.845到达对方, 确认包为-->seqnum = -1, acknum = 6,checksum = 12845,payload = .....................
******模拟网络环境******：发送方的数据包将在757.465到达对方, 数据包为-->seqnum = 7, acknum = -1,checksum = 16699,payload = FFFFFFFFFFFFFFFFFFFF
******模拟网络环境******：关闭定时器, 当前时间 = 747.585, 定时器报文序号 = 0
******模拟网络环境******：启动定时器, 当前时间 = 747.585, 定时器报文序号 = 0, 定时器Timeout时间 = 767.585
******模拟网络环境******：向上递交给应用层数据：FFFFFFFFFFFFFFFFFFFF
******模拟网络环境******：接收方的确认包将在762.775到达对方, 确认包为-->seqnum = -1, acknum = 7,checksum = 12844,payload = .....................
接收方：目前返回的ack序号为: 7
发送方：接收到ACK：7
******模拟网络环境******：关闭定时器, 当前时间 = 762.775, 定时器报文序号 = 0
******模拟网络环境******：启动定时器, 当前时间 = 762.775, 定时器报文序号 = 0, 定时器Timeout时间 = 782.775
发送方：接受ACK后的滑动窗口：
(0 1| 2 3 4) 5 6 7 
******模拟网络环境******：发送方的数据包将在785.485到达对方, 数据包为-->seqnum = 0, acknum = -1,checksum = 14136,payload = GGGGGGGGGGGGGGGGGGGG
******模拟网络环境******：关闭定时器, 当前时间 = 782.775, 定时器报文序号 = 0
******模拟网络环境******：启动定时器, 当前时间 = 782.775, 定时器报文序号 = 0, 定时器Timeout时间 = 802.775
******模拟网络环境******：向上递交给应用层数据：GGGGGGGGGGGGGGGGGGGG
******模拟网络环境******：网络层数据包损坏,损坏的包为-->seqnum = -1, acknum = 0,checksum = 12851,payload = /....................
******模拟网络环境******：接收方的确认包将在795.305到达对方, 确认包为-->seqnum = -1, acknum = 0,checksum = 12851,payload = /....................
接收方：目前返回的ack序号为: 0
******模拟网络环境******：发送方的数据包将在811.025到达对方, 数据包为-->seqnum = 0, acknum = -1,checksum = 14136,payload = GGGGGGGGGGGGGGGGGGGG
******模拟网络环境******：关闭定时器, 当前时间 = 802.775, 定时器报文序号 = 0
******模拟网络环境******：启动定时器, 当前时间 = 802.775, 定时器报文序号 = 0, 定时器Timeout时间 = 822.775
******模拟网络环境******：网络层数据包损坏,损坏的包为-->seqnum = -1, acknum = 0,checksum = 12851,payload = /....................
******模拟网络环境******：接收方的确认包将在816.345到达对方, 确认包为-->seqnum = -1, acknum = 0,checksum = 12851,payload = /....................
******模拟网络环境******：发送方的数据包将在833.035到达对方, 数据包为-->seqnum = 0, acknum = -1,checksum = 14136,payload = GGGGGGGGGGGGGGGGGGGG
******模拟网络环境******：关闭定时器, 当前时间 = 822.775, 定时器报文序号 = 0
******模拟网络环境******：启动定时器, 当前时间 = 822.775, 定时器报文序号 = 0, 定时器Timeout时间 = 842.775
******模拟网络环境******：接收方的确认包将在843.955到达对方, 确认包为-->seqnum = -1, acknum = 0,checksum = 12851,payload = .....................
******模拟网络环境******：发送方发送的数据包丢失：seqnum = 0, acknum = -1,checksum = 14136,payload = GGGGGGGGGGGGGGGGGGGG
******模拟网络环境******：关闭定时器, 当前时间 = 842.775, 定时器报文序号 = 0
******模拟网络环境******：启动定时器, 当前时间 = 842.775, 定时器报文序号 = 0, 定时器Timeout时间 = 862.775
发送方：接收到ACK：0
******模拟网络环境******：关闭定时器, 当前时间 = 843.955, 定时器报文序号 = 0
发送方：接受ACK后的滑动窗口：
0 (1| 2 3 4 5) 6 7 
发送方：发送前的滑动窗口：
0 (1| 2 3 4 5) 6 7 
******模拟网络环境******：启动定时器, 当前时间 = 845.13, 定时器报文序号 = 0, 定时器Timeout时间 = 865.13
******模拟网络环境******：网络层数据包损坏,损坏的包为-->seqnum = 1, acknum = -1,checksum = 11565,payload = IHHHHHHHHHHHHHHHHHHH
******模拟网络环境******：发送方的数据包将在852.6到达对方, 数据包为-->seqnum = 1, acknum = -1,checksum = 11565,payload = IHHHHHHHHHHHHHHHHHHH
发送方：发送后的滑动窗口：
0 (1 2| 3 4 5) 6 7 
发送方：发送前的滑动窗口：
0 (1 2| 3 4 5) 6 7 
******模拟网络环境******：发送方的数据包将在857.96到达对方, 数据包为-->seqnum = 2, acknum = -1,checksum = 8994,payload = IIIIIIIIIIIIIIIIIIII
发送方：发送后的滑动窗口：
0 (1 2 3| 4 5) 6 7 
发送方：发送前的滑动窗口：
0 (1 2 3| 4 5) 6 7 
******模拟网络环境******：发送方的数据包将在865.6到达对方, 数据包为-->seqnum = 3, acknum = -1,checksum = 6423,payload = JJJJJJJJJJJJJJJJJJJJ
发送方：发送后的滑动窗口：
0 (1 2 3 4| 5) 6 7 
发送方：发送前的滑动窗口：
0 (1 2 3 4| 5) 6 7 
******模拟网络环境******：发送方的数据包将在875.48到达对方, 数据包为-->seqnum = 4, acknum = -1,checksum = 3852,payload = KKKKKKKKKKKKKKKKKKKK
发送方：发送后的滑动窗口：
0 (1 2 3 4 5|) 6 7 
******模拟网络环境******：接收方的确认包将在854.67到达对方, 确认包为-->seqnum = -1, acknum = 0,checksum = 12851,payload = .....................
******模拟网络环境******：接收方的确认包将在861.16到达对方, 确认包为-->seqnum = -1, acknum = 0,checksum = 12851,payload = .....................
******模拟网络环境******：发送方的数据包将在882.84到达对方, 数据包为-->seqnum = 1, acknum = -1,checksum = 11565,payload = HHHHHHHHHHHHHHHHHHHH
******模拟网络环境******：关闭定时器, 当前时间 = 865.13, 定时器报文序号 = 0
******模拟网络环境******：启动定时器, 当前时间 = 865.13, 定时器报文序号 = 0, 定时器Timeout时间 = 885.13
******模拟网络环境******：接收方的确认包将在867.04到达对方, 确认包为-->seqnum = -1, acknum = 0,checksum = 12851,payload = .....................
******模拟网络环境******：接收方的确认包将在881.75到达对方, 确认包为-->seqnum = -1, acknum = 0,checksum = 12851,payload = .....................
******模拟网络环境******：向上递交给应用层数据：HHHHHHHHHHHHHHHHHHHH
******模拟网络环境******：接收方的确认包将在887.36到达对方, 确认包为-->seqnum = -1, acknum = 1,checksum = 12850,payload = .....................
接收方：目前返回的ack序号为: 1
******模拟网络环境******：发送方的数据包将在889到达对方, 数据包为-->seqnum = 1, acknum = -1,checksum = 11565,payload = HHHHHHHHHHHHHHHHHHHH
******模拟网络环境******：关闭定时器, 当前时间 = 885.13, 定时器报文序号 = 0
******模拟网络环境******：启动定时器, 当前时间 = 885.13, 定时器报文序号 = 0, 定时器Timeout时间 = 905.13
发送方：接收到ACK：1
******模拟网络环境******：关闭定时器, 当前时间 = 887.36, 定时器报文序号 = 0
******模拟网络环境******：启动定时器, 当前时间 = 887.36, 定时器报文序号 = 0, 定时器Timeout时间 = 907.36
发送方：接受ACK后的滑动窗口：
0 1 (2 3 4 5| 6) 7 
******模拟网络环境******：接收方的确认包将在898.69到达对方, 确认包为-->seqnum = -1, acknum = 1,checksum = 12850,payload = .....................
******模拟网络环境******：发送方的数据包将在916.26到达对方, 数据包为-->seqnum = 2, acknum = -1,checksum = 8994,payload = IIIIIIIIIIIIIIIIIIII
******模拟网络环境******：关闭定时器, 当前时间 = 907.36, 定时器报文序号 = 0
******模拟网络环境******：启动定时器, 当前时间 = 907.36, 定时器报文序号 = 0, 定时器Timeout时间 = 927.36
******模拟网络环境******：向上递交给应用层数据：IIIIIIIIIIIIIIIIIIII
******模拟网络环境******：接收方的确认包将在923.92到达对方, 确认包为-->seqnum = -1, acknum = 2,checksum = 12849,payload = .....................
接收方：目前返回的ack序号为: 2
发送方：接收到ACK：2
******模拟网络环境******：关闭定时器, 当前时间 = 923.92, 定时器报文序号 = 0
******模拟网络环境******：启动定时器, 当前时间 = 923.92, 定时器报文序号 = 0, 定时器Timeout时间 = 943.92
发送方：接受ACK后的滑动窗口：
0 1 2 (3 4 5| 6 7) 
******模拟网络环境******：发送方的数据包将在949.54到达对方, 数据包为-->seqnum = 3, acknum = -1,checksum = 6423,payload = JJJJJJJJJJJJJJJJJJJJ
******模拟网络环境******：关闭定时器, 当前时间 = 943.92, 定时器报文序号 = 0
******模拟网络环境******：启动定时器, 当前时间 = 943.92, 定时器报文序号 = 0, 定时器Timeout时间 = 963.92
******模拟网络环境******：向上递交给应用层数据：JJJJJJJJJJJJJJJJJJJJ
******模拟网络环境******：网络层数据包损坏,损坏的包为-->seqnum = -1, acknum = 3,checksum = 12848,payload = /....................
******模拟网络环境******：接收方的确认包将在951.07到达对方, 确认包为-->seqnum = -1, acknum = 3,checksum = 12848,payload = /....................
接收方：目前返回的ack序号为: 3
******模拟网络环境******：发送方的数据包将在966.04到达对方, 数据包为-->seqnum = 3, acknum = -1,checksum = 6423,payload = JJJJJJJJJJJJJJJJJJJJ
******模拟网络环境******：关闭定时器, 当前时间 = 963.92, 定时器报文序号 = 0
******模拟网络环境******：启动定时器, 当前时间 = 963.92, 定时器报文序号 = 0, 定时器Timeout时间 = 983.92
******模拟网络环境******：接收方发送的确认包丢失：seqnum = -1, acknum = 3,checksum = 12848,payload = .....................
******模拟网络环境******：发送方的数据包将在991.54到达对方, 数据包为-->seqnum = 3, acknum = -1,checksum = 6423,payload = JJJJJJJJJJJJJJJJJJJJ
******模拟网络环境******：关闭定时器, 当前时间 = 983.92, 定时器报文序号 = 0
******模拟网络环境******：启动定时器, 当前时间 = 983.92, 定时器报文序号 = 0, 定时器Timeout时间 = 1003.92
******模拟网络环境******：接收方的确认包将在1001.5到达对方, 确认包为-->seqnum = -1, acknum = 3,checksum = 12848,payload = .....................
发送方：接收到ACK：3
******模拟网络环境******：关闭定时器, 当前时间 = 1001.5, 定时器报文序号 = 0
******模拟网络环境******：启动定时器, 当前时间 = 1001.5, 定时器报文序号 = 0, 定时器Timeout时间 = 1021.5
发送方：接受ACK后的滑动窗口：
0) 1 2 3 (4 5| 6 7 
******模拟网络环境******：发送方的数据包将在1024.78到达对方, 数据包为-->seqnum = 4, acknum = -1,checksum = 3852,payload = KKKKKKKKKKKKKKKKKKKK
******模拟网络环境******：关闭定时器, 当前时间 = 1021.5, 定时器报文序号 = 0
******模拟网络环境******：启动定时器, 当前时间 = 1021.5, 定时器报文序号 = 0, 定时器Timeout时间 = 1041.5
******模拟网络环境******：向上递交给应用层数据：KKKKKKKKKKKKKKKKKKKK
******模拟网络环境******：接收方的确认包将在1035.71到达对方, 确认包为-->seqnum = -1, acknum = 4,checksum = 12847,payload = .....................
接收方：目前返回的ack序号为: 4
发送方：接收到ACK：4
******模拟网络环境******：关闭定时器, 当前时间 = 1035.71, 定时器报文序号 = 0
发送方：接受ACK后的滑动窗口：
0 1) 2 3 4 (5| 6 7 
发送方：发送前的滑动窗口：
0 1) 2 3 4 (5| 6 7 
******模拟网络环境******：启动定时器, 当前时间 = 1036.02, 定时器报文序号 = 0, 定时器Timeout时间 = 1056.02
******模拟网络环境******：发送方的数据包将在1037.21到达对方, 数据包为-->seqnum = 5, acknum = -1,checksum = 1281,payload = LLLLLLLLLLLLLLLLLLLL
发送方：发送后的滑动窗口：
0 1) 2 3 4 (5 6| 7 
发送方：发送前的滑动窗口：
0 1) 2 3 4 (5 6| 7 
******模拟网络环境******：发送方的数据包将在1047.59到达对方, 数据包为-->seqnum = 6, acknum = -1,checksum = 64245,payload = MMMMMMMMMMMMMMMMMMMM
发送方：发送后的滑动窗口：
0 1) 2 3 4 (5 6 7| 
发送方：发送前的滑动窗口：
0 1) 2 3 4 (5 6 7| 
******模拟网络环境******：发送方的数据包将在1056.62到达对方, 数据包为-->seqnum = 7, acknum = -1,checksum = 61674,payload = NNNNNNNNNNNNNNNNNNNN
发送方：发送后的滑动窗口：
0| 1) 2 3 4 (5 6 7 
******模拟网络环境******：向上递交给应用层数据：LLLLLLLLLLLLLLLLLLLL
******模拟网络环境******：接收方的确认包将在1043.8到达对方, 确认包为-->seqnum = -1, acknum = 5,checksum = 12846,payload = .....................
接收方：目前返回的ack序号为: 5
发送方：发送前的滑动窗口：
0| 1) 2 3 4 (5 6 7 
******模拟网络环境******：发送方的数据包将在1058.92到达对方, 数据包为-->seqnum = 0, acknum = -1,checksum = 59111,payload = OOOOOOOOOOOOOOOOOOOO
发送方：发送后的滑动窗口：
0 1|) 2 3 4 (5 6 7 
发送方：接收到ACK：5
******模拟网络环境******：关闭定时器, 当前时间 = 1043.8, 定时器报文序号 = 0
******模拟网络环境******：启动定时器, 当前时间 = 1043.8, 定时器报文序号 = 0, 定时器Timeout时间 = 1063.8
发送方：接受ACK后的滑动窗口：
0 1| 2) 3 4 5 (6 7 
******模拟网络环境******：向上递交给应用层数据：MMMMMMMMMMMMMMMMMMMM
******模拟网络环境******：接收方的确认包将在1057.23到达对方, 确认包为-->seqnum = -1, acknum = 6,checksum = 12845,payload = .....................
接收方：目前返回的ack序号为: 6
******模拟网络环境******：向上递交给应用层数据：NNNNNNNNNNNNNNNNNNNN
******模拟网络环境******：接收方的确认包将在1064.1到达对方, 确认包为-->seqnum = -1, acknum = 7,checksum = 12844,payload = .....................
接收方：目前返回的ack序号为: 7
发送方：接收到ACK：6
******模拟网络环境******：关闭定时器, 当前时间 = 1057.23, 定时器报文序号 = 0
******模拟网络环境******：启动定时器, 当前时间 = 1057.23, 定时器报文序号 = 0, 定时器Timeout时间 = 1077.23
发送方：接受ACK后的滑动窗口：
0 1| 2 3) 4 5 6 (7 
******模拟网络环境******：向上递交给应用层数据：OOOOOOOOOOOOOOOOOOOO
******模拟网络环境******：接收方的确认包将在1067.36到达对方, 确认包为-->seqnum = -1, acknum = 0,checksum = 12851,payload = .....................
接收方：目前返回的ack序号为: 0
发送方：接收到ACK：7
******模拟网络环境******：关闭定时器, 当前时间 = 1064.1, 定时器报文序号 = 0
******模拟网络环境******：启动定时器, 当前时间 = 1064.1, 定时器报文序号 = 0, 定时器Timeout时间 = 1084.1
发送方：接受ACK后的滑动窗口：
(0 1| 2 3 4) 5 6 7 
发送方：接收到ACK：0
******模拟网络环境******：关闭定时器, 当前时间 = 1067.36, 定时器报文序号 = 0
发送方：接受ACK后的滑动窗口：
0 (1| 2 3 4 5) 6 7 
发送方：发送前的滑动窗口：
0 (1| 2 3 4 5) 6 7 
******模拟网络环境******：启动定时器, 当前时间 = 1067.48, 定时器报文序号 = 0, 定时器Timeout时间 = 1087.48
******模拟网络环境******：发送方的数据包将在1077.41到达对方, 数据包为-->seqnum = 1, acknum = -1,checksum = 56540,payload = PPPPPPPPPPPPPPPPPPPP
发送方：发送后的滑动窗口：
0 (1 2| 3 4 5) 6 7 
发送方：发送前的滑动窗口：
0 (1 2| 3 4 5) 6 7 
******模拟网络环境******：发送方的数据包将在1083.21到达对方, 数据包为-->seqnum = 2, acknum = -1,checksum = 53969,payload = QQQQQQQQQQQQQQQQQQQQ
发送方：发送后的滑动窗口：
0 (1 2 3| 4 5) 6 7 
发送方：发送前的滑动窗口：
0 (1 2 3| 4 5) 6 7 
******模拟网络环境******：发送方的数据包将在1091.86到达对方, 数据包为-->seqnum = 3, acknum = -1,checksum = 51398,payload = RRRRRRRRRRRRRRRRRRRR
发送方：发送后的滑动窗口：
0 (1 2 3 4| 5) 6 7 
发送方：发送前的滑动窗口：
0 (1 2 3 4| 5) 6 7 
******模拟网络环境******：发送方的数据包将在1099.61到达对方, 数据包为-->seqnum = 4, acknum = -1,checksum = 48827,payload = SSSSSSSSSSSSSSSSSSSS
发送方：发送后的滑动窗口：
0 (1 2 3 4 5|) 6 7 
******模拟网络环境******：向上递交给应用层数据：PPPPPPPPPPPPPPPPPPPP
******模拟网络环境******：接收方的确认包将在1082.02到达对方, 确认包为-->seqnum = -1, acknum = 1,checksum = 12850,payload = .....................
接收方：目前返回的ack序号为: 1
发送方：接收到ACK：1
******模拟网络环境******：关闭定时器, 当前时间 = 1082.02, 定时器报文序号 = 0
******模拟网络环境******：启动定时器, 当前时间 = 1082.02, 定时器报文序号 = 0, 定时器Timeout时间 = 1102.02
发送方：接受ACK后的滑动窗口：
0 1 (2 3 4 5| 6) 7 
******模拟网络环境******：向上递交给应用层数据：QQQQQQQQQQQQQQQQQQQQ
******模拟网络环境******：接收方发送的确认包丢失：seqnum = -1, acknum = 2,checksum = 12849,payload = .....................
接收方：目前返回的ack序号为: 2
******模拟网络环境******：向上递交给应用层数据：RRRRRRRRRRRRRRRRRRRR
******模拟网络环境******：接收方的确认包将在1095.15到达对方, 确认包为-->seqnum = -1, acknum = 3,checksum = 12848,payload = .....................
接收方：目前返回的ack序号为: 3
发送方：接收到ACK：3
******模拟网络环境******：关闭定时器, 当前时间 = 1095.15, 定时器报文序号 = 0
******模拟网络环境******：启动定时器, 当前时间 = 1095.15, 定时器报文序号 = 0, 定时器Timeout时间 = 1115.15
发送方：接受ACK后的滑动窗口：
0) 1 2 3 (4 5| 6 7 
******模拟网络环境******：向上递交给应用层数据：SSSSSSSSSSSSSSSSSSSS
******模拟网络环境******：接收方的确认包将在1106.52到达对方, 确认包为-->seqnum = -1, acknum = 4,checksum = 12847,payload = .....................
接收方：目前返回的ack序号为: 4
发送方：接收到ACK：4
******模拟网络环境******：关闭定时器, 当前时间 = 1106.52, 定时器报文序号 = 0
发送方：接受ACK后的滑动窗口：
0 1) 2 3 4 (5| 6 7 
发送方：发送前的滑动窗口：
0 1) 2 3 4 (5| 6 7 
******模拟网络环境******：启动定时器, 当前时间 = 1107.55, 定时器报文序号 = 0, 定时器Timeout时间 = 1127.55
******模拟网络环境******：网络层数据包损坏,损坏的包为-->seqnum = 5, acknum = -1,checksum = 46256,payload = UTTTTTTTTTTTTTTTTTTT
******模拟网络环境******：发送方的数据包将在1109.86到达对方, 数据包为-->seqnum = 5, acknum = -1,checksum = 46256,payload = UTTTTTTTTTTTTTTTTTTT
发送方：发送后的滑动窗口：
0 1) 2 3 4 (5 6| 7 
发送方：发送前的滑动窗口：
0 1) 2 3 4 (5 6| 7 
******模拟网络环境******：发送方的数据包将在1116.91到达对方, 数据包为-->seqnum = 6, acknum = -1,checksum = 43685,payload = UUUUUUUUUUUUUUUUUUUU
发送方：发送后的滑动窗口：
0 1) 2 3 4 (5 6 7| 
发送方：发送前的滑动窗口：
0 1) 2 3 4 (5 6 7| 
******模拟网络环境******：发送方的数据包将在1121.05到达对方, 数据包为-->seqnum = 7, acknum = -1,checksum = 41114,payload = VVVVVVVVVVVVVVVVVVVV
发送方：发送后的滑动窗口：
0| 1) 2 3 4 (5 6 7 
发送方：发送前的滑动窗口：
0| 1) 2 3 4 (5 6 7 
******模拟网络环境******：发送方的数据包将在1124.65到达对方, 数据包为-->seqnum = 0, acknum = -1,checksum = 38551,payload = WWWWWWWWWWWWWWWWWWWW
发送方：发送后的滑动窗口：
0 1|) 2 3 4 (5 6 7 
******模拟网络环境******：接收方的确认包将在1112.42到达对方, 确认包为-->seqnum = -1, acknum = 4,checksum = 12847,payload = .....................
******模拟网络环境******：接收方的确认包将在1119.83到达对方, 确认包为-->seqnum = -1, acknum = 4,checksum = 12847,payload = .....................
******模拟网络环境******：接收方发送的确认包丢失：seqnum = -1, acknum = 4,checksum = 12847,payload = .....................
******模拟网络环境******：接收方的确认包将在1132.42到达对方, 确认包为-->seqnum = -1, acknum = 4,checksum = 12847,payload = .....................
******模拟网络环境******：发送方的数据包将在1136.22到达对方, 数据包为-->seqnum = 5, acknum = -1,checksum = 46256,payload = TTTTTTTTTTTTTTTTTTTT
******模拟网络环境******：关闭定时器, 当前时间 = 1127.55, 定时器报文序号 = 0
******模拟网络环境******：启动定时器, 当前时间 = 1127.55, 定时器报文序号 = 0, 定时器Timeout时间 = 1147.55
******模拟网络环境******：向上递交给应用层数据：TTTTTTTTTTTTTTTTTTTT
******模拟网络环境******：接收方的确认包将在1142.2到达对方, 确认包为-->seqnum = -1, acknum = 5,checksum = 12846,payload = .....................
接收方：目前返回的ack序号为: 5
发送方：接收到ACK：5
******模拟网络环境******：关闭定时器, 当前时间 = 1142.2, 定时器报文序号 = 0
******模拟网络环境******：启动定时器, 当前时间 = 1142.2, 定时器报文序号 = 0, 定时器Timeout时间 = 1162.2
发送方：接受ACK后的滑动窗口：
0 1| 2) 3 4 5 (6 7 
******模拟网络环境******：发送方的数据包将在1171.32到达对方, 数据包为-->seqnum = 6, acknum = -1,checksum = 43685,payload = UUUUUUUUUUUUUUUUUUUU
******模拟网络环境******：关闭定时器, 当前时间 = 1162.2, 定时器报文序号 = 0
******模拟网络环境******：启动定时器, 当前时间 = 1162.2, 定时器报文序号 = 0, 定时器Timeout时间 = 1182.2
******模拟网络环境******：向上递交给应用层数据：UUUUUUUUUUUUUUUUUUUU
******模拟网络环境******：接收方发送的确认包丢失：seqnum = -1, acknum = 6,checksum = 12845,payload = .....................
接收方：目前返回的ack序号为: 6
******模拟网络环境******：发送方的数据包将在1187.61到达对方, 数据包为-->seqnum = 6, acknum = -1,checksum = 43685,payload = UUUUUUUUUUUUUUUUUUUU
******模拟网络环境******：关闭定时器, 当前时间 = 1182.2, 定时器报文序号 = 0
******模拟网络环境******：启动定时器, 当前时间 = 1182.2, 定时器报文序号 = 0, 定时器Timeout时间 = 1202.2
******模拟网络环境******：接收方的确认包将在1197.72到达对方, 确认包为-->seqnum = -1, acknum = 6,checksum = 12845,payload = .....................
发送方：接收到ACK：6
******模拟网络环境******：关闭定时器, 当前时间 = 1197.72, 定时器报文序号 = 0
******模拟网络环境******：启动定时器, 当前时间 = 1197.72, 定时器报文序号 = 0, 定时器Timeout时间 = 1217.72
发送方：接受ACK后的滑动窗口：
0 1| 2 3) 4 5 6 (7 
******模拟网络环境******：发送方的数据包将在1220.89到达对方, 数据包为-->seqnum = 7, acknum = -1,checksum = 41114,payload = VVVVVVVVVVVVVVVVVVVV
******模拟网络环境******：关闭定时器, 当前时间 = 1217.72, 定时器报文序号 = 0
******模拟网络环境******：启动定时器, 当前时间 = 1217.72, 定时器报文序号 = 0, 定时器Timeout时间 = 1237.72
******模拟网络环境******：向上递交给应用层数据：VVVVVVVVVVVVVVVVVVVV
******模拟网络环境******：接收方的确认包将在1222.53到达对方, 确认包为-->seqnum = -1, acknum = 7,checksum = 12844,payload = .....................
接收方：目前返回的ack序号为: 7
发送方：接收到ACK：7
******模拟网络环境******：关闭定时器, 当前时间 = 1222.53, 定时器报文序号 = 0
******模拟网络环境******：启动定时器, 当前时间 = 1222.53, 定时器报文序号 = 0, 定时器Timeout时间 = 1242.53
发送方：接受ACK后的滑动窗口：
(0 1| 2 3 4) 5 6 7 
******模拟网络环境******：发送方的数据包将在1251.51到达对方, 数据包为-->seqnum = 0, acknum = -1,checksum = 38551,payload = WWWWWWWWWWWWWWWWWWWW
******模拟网络环境******：关闭定时器, 当前时间 = 1242.53, 定时器报文序号 = 0
******模拟网络环境******：启动定时器, 当前时间 = 1242.53, 定时器报文序号 = 0, 定时器Timeout时间 = 1262.53
******模拟网络环境******：向上递交给应用层数据：WWWWWWWWWWWWWWWWWWWW
******模拟网络环境******：接收方的确认包将在1259到达对方, 确认包为-->seqnum = -1, acknum = 0,checksum = 12851,payload = .....................
接收方：目前返回的ack序号为: 0
发送方：接收到ACK：0
******模拟网络环境******：关闭定时器, 当前时间 = 1259, 定时器报文序号 = 0
发送方：接受ACK后的滑动窗口：
0 (1| 2 3 4 5) 6 7 
发送方：发送前的滑动窗口：
0 (1| 2 3 4 5) 6 7 
******模拟网络环境******：启动定时器, 当前时间 = 1260.21, 定时器报文序号 = 0, 定时器Timeout时间 = 1280.21
******模拟网络环境******：发送方的数据包将在1266.21到达对方, 数据包为-->seqnum = 1, acknum = -1,checksum = 35980,payload = XXXXXXXXXXXXXXXXXXXX
发送方：发送后的滑动窗口：
0 (1 2| 3 4 5) 6 7 
发送方：发送前的滑动窗口：
0 (1 2| 3 4 5) 6 7 
******模拟网络环境******：发送方的数据包将在1274.53到达对方, 数据包为-->seqnum = 2, acknum = -1,checksum = 33409,payload = YYYYYYYYYYYYYYYYYYYY
发送方：发送后的滑动窗口：
0 (1 2 3| 4 5) 6 7 
发送方：发送前的滑动窗口：
0 (1 2 3| 4 5) 6 7 
******模拟网络环境******：发送方的数据包将在1281.14到达对方, 数据包为-->seqnum = 3, acknum = -1,checksum = 30838,payload = ZZZZZZZZZZZZZZZZZZZZ
发送方：发送后的滑动窗口：
0 (1 2 3 4| 5) 6 7 
发送方：发送前的滑动窗口：
0 (1 2 3 4| 5) 6 7 
******模拟网络环境******：发送方的数据包将在1288.59到达对方, 数据包为-->seqnum = 4, acknum = -1,checksum = 29552,payload = AAAAAAAAAAAAAAAAAAAA
发送方：发送后的滑动窗口：
0 (1 2 3 4 5|) 6 7 
******模拟网络环境******：向上递交给应用层数据：XXXXXXXXXXXXXXXXXXXX
******模拟网络环境******：接收方的确认包将在1274.67到达对方, 确认包为-->seqnum = -1, acknum = 1,checksum = 12850,payload = .....................
接收方：目前返回的ack序号为: 1
******模拟网络环境******：向上递交给应用层数据：YYYYYYYYYYYYYYYYYYYY
******模拟网络环境******：接收方的确认包将在1276.83到达对方, 确认包为-->seqnum = -1, acknum = 2,checksum = 12849,payload = .....................
接收方：目前返回的ack序号为: 2
发送方：接收到ACK：1
******模拟网络环境******：关闭定时器, 当前时间 = 1274.67, 定时器报文序号 = 0
******模拟网络环境******：启动定时器, 当前时间 = 1274.67, 定时器报文序号 = 0, 定时器Timeout时间 = 1294.67
发送方：接受ACK后的滑动窗口：
0 1 (2 3 4 5| 6) 7 
发送方：接收到ACK：2
******模拟网络环境******：关闭定时器, 当前时间 = 1276.83, 定时器报文序号 = 0
******模拟网络环境******：启动定时器, 当前时间 = 1276.83, 定时器报文序号 = 0, 定时器Timeout时间 = 1296.83
发送方：接受ACK后的滑动窗口：
0 1 2 (3 4 5| 6 7) 
******模拟网络环境******：向上递交给应用层数据：ZZZZZZZZZZZZZZZZZZZZ
******模拟网络环境******：接收方的确认包将在1284.62到达对方, 确认包为-->seqnum = -1, acknum = 3,checksum = 12848,payload = .....................
接收方：目前返回的ack序号为: 3
发送方：接收到ACK：3
******模拟网络环境******：关闭定时器, 当前时间 = 1284.62, 定时器报文序号 = 0
******模拟网络环境******：启动定时器, 当前时间 = 1284.62, 定时器报文序号 = 0, 定时器Timeout时间 = 1304.62
发送方：接受ACK后的滑动窗口：
0) 1 2 3 (4 5| 6 7 
******模拟网络环境******：向上递交给应用层数据：AAAAAAAAAAAAAAAAAAAA
******模拟网络环境******：接收方的确认包将在1296.45到达对方, 确认包为-->seqnum = -1, acknum = 4,checksum = 12847,payload = .....................
接收方：目前返回的ack序号为: 4
发送方：接收到ACK：4
******模拟网络环境******：关闭定时器, 当前时间 = 1296.45, 定时器报文序号 = 0
发送方：接受ACK后的滑动窗口：
0 1) 2 3 4 (5| 6 7 
发送方：发送前的滑动窗口：
0 1) 2 3 4 (5| 6 7 
******模拟网络环境******：启动定时器, 当前时间 = 1297.04, 定时器报文序号 = 0, 定时器Timeout时间 = 1317.04
******模拟网络环境******：发送方的数据包将在1305.97到达对方, 数据包为-->seqnum = 5, acknum = -1,checksum = 26981,payload = BBBBBBBBBBBBBBBBBBBB
发送方：发送后的滑动窗口：
0 1) 2 3 4 (5 6| 7 
发送方：发送前的滑动窗口：
0 1) 2 3 4 (5 6| 7 
******模拟网络环境******：发送方的数据包将在1309.33到达对方, 数据包为-->seqnum = 6, acknum = -1,checksum = 24410,payload = CCCCCCCCCCCCCCCCCCCC
发送方：发送后的滑动窗口：
0 1) 2 3 4 (5 6 7| 
发送方：发送前的滑动窗口：
0 1) 2 3 4 (5 6 7| 
******模拟网络环境******：发送方的数据包将在1312.92到达对方, 数据包为-->seqnum = 7, acknum = -1,checksum = 21839,payload = DDDDDDDDDDDDDDDDDDDD
发送方：发送后的滑动窗口：
0| 1) 2 3 4 (5 6 7 
发送方：发送前的滑动窗口：
0| 1) 2 3 4 (5 6 7 
******模拟网络环境******：发送方的数据包将在1317.29到达对方, 数据包为-->seqnum = 0, acknum = -1,checksum = 19276,payload = EEEEEEEEEEEEEEEEEEEE
发送方：发送后的滑动窗口：
0 1|) 2 3 4 (5 6 7 
******模拟网络环境******：向上递交给应用层数据：BBBBBBBBBBBBBBBBBBBB
******模拟网络环境******：接收方的确认包将在1311.7到达对方, 确认包为-->seqnum = -1, acknum = 5,checksum = 12846,payload = .....................
接收方：目前返回的ack序号为: 5
******模拟网络环境******：向上递交给应用层数据：CCCCCCCCCCCCCCCCCCCC
******模拟网络环境******：接收方的确认包将在1321.64到达对方, 确认包为-->seqnum = -1, acknum = 6,checksum = 12845,payload = .....................
接收方：目前返回的ack序号为: 6
发送方：接收到ACK：5
******模拟网络环境******：关闭定时器, 当前时间 = 1311.7, 定时器报文序号 = 0
******模拟网络环境******：启动定时器, 当前时间 = 1311.7, 定时器报文序号 = 0, 定时器Timeout时间 = 1331.7
发送方：接受ACK后的滑动窗口：
0 1| 2) 3 4 5 (6 7 
******模拟网络环境******：向上递交给应用层数据：DDDDDDDDDDDDDDDDDDDD
******模拟网络环境******：接收方的确认包将在1330.6到达对方, 确认包为-->seqnum = -1, acknum = 7,checksum = 12844,payload = .....................
接收方：目前返回的ack序号为: 7
******模拟网络环境******：向上递交给应用层数据：EEEEEEEEEEEEEEEEEEEE
******模拟网络环境******：接收方的确认包将在1336.77到达对方, 确认包为-->seqnum = -1, acknum = 0,checksum = 12851,payload = .....................
接收方：目前返回的ack序号为: 0
发送方：接收到ACK：6
******模拟网络环境******：关闭定时器, 当前时间 = 1321.64, 定时器报文序号 = 0
******模拟网络环境******：启动定时器, 当前时间 = 1321.64, 定时器报文序号 = 0, 定时器Timeout时间 = 1341.64
发送方：接受ACK后的滑动窗口：
0 1| 2 3) 4 5 6 (7 
发送方：接收到ACK：7
******模拟网络环境******：关闭定时器, 当前时间 = 1330.6, 定时器报文序号 = 0
******模拟网络环境******：启动定时器, 当前时间 = 1330.6, 定时器报文序号 = 0, 定时器Timeout时间 = 1350.6
发送方：接受ACK后的滑动窗口：
(0 1| 2 3 4) 5 6 7 
发送方：接收到ACK：0
******模拟网络环境******：关闭定时器, 当前时间 = 1336.77, 定时器报文序号 = 0
发送方：接受ACK后的滑动窗口：
0 (1| 2 3 4 5) 6 7 
发送方：发送前的滑动窗口：
0 (1| 2 3 4 5) 6 7 
******模拟网络环境******：启动定时器, 当前时间 = 1338.12, 定时器报文序号 = 0, 定时器Timeout时间 = 1358.12
******模拟网络环境******：发送方的数据包将在1344.37到达对方, 数据包为-->seqnum = 1, acknum = -1,checksum = 16705,payload = FFFFFFFFFFFFFFFFFFFF
发送方：发送后的滑动窗口：
0 (1 2| 3 4 5) 6 7 
发送方：发送前的滑动窗口：
0 (1 2| 3 4 5) 6 7 
******模拟网络环境******：发送方的数据包将在1347.02到达对方, 数据包为-->seqnum = 2, acknum = -1,checksum = 14134,payload = GGGGGGGGGGGGGGGGGGGG
发送方：发送后的滑动窗口：
0 (1 2 3| 4 5) 6 7 
发送方：发送前的滑动窗口：
0 (1 2 3| 4 5) 6 7 
******模拟网络环境******：发送方的数据包将在1352.2到达对方, 数据包为-->seqnum = 3, acknum = -1,checksum = 11563,payload = HHHHHHHHHHHHHHHHHHHH
发送方：发送后的滑动窗口：
0 (1 2 3 4| 5) 6 7 
发送方：发送前的滑动窗口：
0 (1 2 3 4| 5) 6 7 
******模拟网络环境******：发送方的数据包将在1357.85到达对方, 数据包为-->seqnum = 4, acknum = -1,checksum = 8992,payload = IIIIIIIIIIIIIIIIIIII
发送方：发送后的滑动窗口：
0 (1 2 3 4 5|) 6 7 
******模拟网络环境******：向上递交给应用层数据：FFFFFFFFFFFFFFFFFFFF
******模拟网络环境******：接收方的确认包将在1351.4到达对方, 确认包为-->seqnum = -1, acknum = 1,checksum = 12850,payload = .....................
接收方：目前返回的ack序号为: 1
******模拟网络环境******：向上递交给应用层数据：GGGGGGGGGGGGGGGGGGGG
******模拟网络环境******：接收方的确认包将在1354.2到达对方, 确认包为-->seqnum = -1, acknum = 2,checksum = 12849,payload = .....................
接收方：目前返回的ack序号为: 2
发送方：接收到ACK：1
******模拟网络环境******：关闭定时器, 当前时间 = 1351.4, 定时器报文序号 = 0
******模拟网络环境******：启动定时器, 当前时间 = 1351.4, 定时器报文序号 = 0, 定时器Timeout时间 = 1371.4
发送方：接受ACK后的滑动窗口：
0 1 (2 3 4 5| 6) 7 
******模拟网络环境******：向上递交给应用层数据：HHHHHHHHHHHHHHHHHHHH
******模拟网络环境******：接收方的确认包将在1358.2到达对方, 确认包为-->seqnum = -1, acknum = 3,checksum = 12848,payload = .....................
接收方：目前返回的ack序号为: 3
发送方：接收到ACK：2
******模拟网络环境******：关闭定时器, 当前时间 = 1354.2, 定时器报文序号 = 0
******模拟网络环境******：启动定时器, 当前时间 = 1354.2, 定时器报文序号 = 0, 定时器Timeout时间 = 1374.2
发送方：接受ACK后的滑动窗口：
0 1 2 (3 4 5| 6 7) 
******模拟网络环境******：向上递交给应用层数据：IIIIIIIIIIIIIIIIIIII
******模拟网络环境******：接收方的确认包将在1364.41到达对方, 确认包为-->seqnum = -1, acknum = 4,checksum = 12847,payload = .....................
接收方：目前返回的ack序号为: 4
发送方：接收到ACK：3
******模拟网络环境******：关闭定时器, 当前时间 = 1358.2, 定时器报文序号 = 0
******模拟网络环境******：启动定时器, 当前时间 = 1358.2, 定时器报文序号 = 0, 定时器Timeout时间 = 1378.2
发送方：接受ACK后的滑动窗口：
0) 1 2 3 (4 5| 6 7 
发送方：接收到ACK：4
******模拟网络环境******：关闭定时器, 当前时间 = 1364.41, 定时器报文序号 = 0
发送方：接受ACK后的滑动窗口：
0 1) 2 3 4 (5| 6 7 
发送方：发送前的滑动窗口：
0 1) 2 3 4 (5| 6 7 
******模拟网络环境******：启动定时器, 当前时间 = 1364.57, 定时器报文序号 = 0, 定时器Timeout时间 = 1384.57
******模拟网络环境******：发送方的数据包将在1367.69到达对方, 数据包为-->seqnum = 5, acknum = -1,checksum = 6421,payload = JJJJJJJJJJJJJJJJJJJJ
发送方：发送后的滑动窗口：
0 1) 2 3 4 (5 6| 7 
发送方：发送前的滑动窗口：
0 1) 2 3 4 (5 6| 7 
******模拟网络环境******：发送方的数据包将在1371.76到达对方, 数据包为-->seqnum = 6, acknum = -1,checksum = 3850,payload = KKKKKKKKKKKKKKKKKKKK
发送方：发送后的滑动窗口：
0 1) 2 3 4 (5 6 7| 
发送方：发送前的滑动窗口：
0 1) 2 3 4 (5 6 7| 
******模拟网络环境******：发送方的数据包将在1375.49到达对方, 数据包为-->seqnum = 7, acknum = -1,checksum = 1279,payload = LLLLLLLLLLLLLLLLLLLL
发送方：发送后的滑动窗口：
0| 1) 2 3 4 (5 6 7 
发送方：发送前的滑动窗口：
0| 1) 2 3 4 (5 6 7 
******模拟网络环境******：发送方的数据包将在1379.76到达对方, 数据包为-->seqnum = 0, acknum = -1,checksum = 64251,payload = MMMMMMMMMMMMMMMMMMMM
发送方：发送后的滑动窗口：
0 1|) 2 3 4 (5 6 7 
******模拟网络环境******：向上递交给应用层数据：JJJJJJJJJJJJJJJJJJJJ
******模拟网络环境******：接收方的确认包将在1373.68到达对方, 确认包为-->seqnum = -1, acknum = 5,checksum = 12846,payload = .....................
接收方：目前返回的ack序号为: 5
******模拟网络环境******：向上递交给应用层数据：KKKKKKKKKKKKKKKKKKKK
******模拟网络环境******：接收方的确认包将在1376.74到达对方, 确认包为-->seqnum = -1, acknum = 6,checksum = 12845,payload = .....................
接收方：目前返回的ack序号为: 6
发送方：接收到ACK：5
******模拟网络环境******：关闭定时器, 当前时间 = 1373.68, 定时器报文序号 = 0
******模拟网络环境******：启动定时器, 当前时间 = 1373.68, 定时器报文序号 = 0, 定时器Timeout时间 = 1393.68
发送方：接受ACK后的滑动窗口：
0 1| 2) 3 4 5 (6 7 
******模拟网络环境******：向上递交给应用层数据：LLLLLLLLLLLLLLLLLLLL
******模拟网络环境******：接收方的确认包将在1381.64到达对方, 确认包为-->seqnum = -1, acknum = 7,checksum = 12844,payload = .....................
接收方：目前返回的ack序号为: 7
发送方：接收到ACK：6
******模拟网络环境******：关闭定时器, 当前时间 = 1376.74, 定时器报文序号 = 0
******模拟网络环境******：启动定时器, 当前时间 = 1376.74, 定时器报文序号 = 0, 定时器Timeout时间 = 1396.74
发送方：接受ACK后的滑动窗口：
0 1| 2 3) 4 5 6 (7 
******模拟网络环境******：向上递交给应用层数据：MMMMMMMMMMMMMMMMMMMM
******模拟网络环境******：接收方发送的确认包丢失：seqnum = -1, acknum = 0,checksum = 12851,payload = .....................
接收方：目前返回的ack序号为: 0
发送方：接收到ACK：7
******模拟网络环境******：关闭定时器, 当前时间 = 1381.64, 定时器报文序号 = 0
******模拟网络环境******：启动定时器, 当前时间 = 1381.64, 定时器报文序号 = 0, 定时器Timeout时间 = 1401.64
发送方：接受ACK后的滑动窗口：
(0 1| 2 3 4) 5 6 7 
******模拟网络环境******：发送方的数据包将在1404.18到达对方, 数据包为-->seqnum = 0, acknum = -1,checksum = 64251,payload = MMMMMMMMMMMMMMMMMMMM
******模拟网络环境******：关闭定时器, 当前时间 = 1401.64, 定时器报文序号 = 0
******模拟网络环境******：启动定时器, 当前时间 = 1401.64, 定时器报文序号 = 0, 定时器Timeout时间 = 1421.64
******模拟网络环境******：接收方的确认包将在1412.92到达对方, 确认包为-->seqnum = -1, acknum = 0,checksum = 12851,payload = .....................
发送方：接收到ACK：0
******模拟网络环境******：关闭定时器, 当前时间 = 1412.92, 定时器报文序号 = 0
发送方：接受ACK后的滑动窗口：
0 (1| 2 3 4 5) 6 7 
发送方：发送前的滑动窗口：
0 (1| 2 3 4 5) 6 7 
******模拟网络环境******：启动定时器, 当前时间 = 1413.59, 定时器报文序号 = 0, 定时器Timeout时间 = 1433.59
******模拟网络环境******：发送方发送的数据包丢失：seqnum = 1, acknum = -1,checksum = 61680,payload = NNNNNNNNNNNNNNNNNNNN
发送方：发送后的滑动窗口：
0 (1 2| 3 4 5) 6 7 
发送方：发送前的滑动窗口：
0 (1 2| 3 4 5) 6 7 
******模拟网络环境******：发送方的数据包将在1415.3到达对方, 数据包为-->seqnum = 2, acknum = -1,checksum = 59109,payload = OOOOOOOOOOOOOOOOOOOO
发送方：发送后的滑动窗口：
0 (1 2 3| 4 5) 6 7 
发送方：发送前的滑动窗口：
0 (1 2 3| 4 5) 6 7 
******模拟网络环境******：发送方的数据包将在1425.08到达对方, 数据包为-->seqnum = 3, acknum = -1,checksum = 56538,payload = PPPPPPPPPPPPPPPPPPPP
发送方：发送后的滑动窗口：
0 (1 2 3 4| 5) 6 7 
发送方：发送前的滑动窗口：
0 (1 2 3 4| 5) 6 7 
******模拟网络环境******：网络层数据包损坏,损坏的包为-->seqnum = 4, acknum = -1,checksum = 53967,payload = RQQQQQQQQQQQQQQQQQQQ
******模拟网络环境******：发送方的数据包将在1426.98到达对方, 数据包为-->seqnum = 4, acknum = -1,checksum = 53967,payload = RQQQQQQQQQQQQQQQQQQQ
发送方：发送后的滑动窗口：
0 (1 2 3 4 5|) 6 7 
******模拟网络环境******：接收方的确认包将在1421.7到达对方, 确认包为-->seqnum = -1, acknum = 0,checksum = 12851,payload = .....................
******模拟网络环境******：接收方的确认包将在1432.59到达对方, 确认包为-->seqnum = -1, acknum = 0,checksum = 12851,payload = .....................
******模拟网络环境******：接收方的确认包将在1439.18到达对方, 确认包为-->seqnum = -1, acknum = 0,checksum = 12851,payload = .....................
******模拟网络环境******：发送方的数据包将在1443.67到达对方, 数据包为-->seqnum = 1, acknum = -1,checksum = 61680,payload = NNNNNNNNNNNNNNNNNNNN
******模拟网络环境******：关闭定时器, 当前时间 = 1433.59, 定时器报文序号 = 0
******模拟网络环境******：启动定时器, 当前时间 = 1433.59, 定时器报文序号 = 0, 定时器Timeout时间 = 1453.59
******模拟网络环境******：向上递交给应用层数据：NNNNNNNNNNNNNNNNNNNN
******模拟网络环境******：接收方的确认包将在1450.75到达对方, 确认包为-->seqnum = -1, acknum = 1,checksum = 12850,payload = .....................
接收方：目前返回的ack序号为: 1
发送方：接收到ACK：1
******模拟网络环境******：关闭定时器, 当前时间 = 1450.75, 定时器报文序号 = 0
******模拟网络环境******：启动定时器, 当前时间 = 1450.75, 定时器报文序号 = 0, 定时器Timeout时间 = 1470.75
发送方：接受ACK后的滑动窗口：
0 1 (2 3 4 5| 6) 7 
******模拟网络环境******：发送方的数据包将在1480.16到达对方, 数据包为-->seqnum = 2, acknum = -1,checksum = 59109,payload = OOOOOOOOOOOOOOOOOOOO
******模拟网络环境******：关闭定时器, 当前时间 = 1470.75, 定时器报文序号 = 0
******模拟网络环境******：启动定时器, 当前时间 = 1470.75, 定时器报文序号 = 0, 定时器Timeout时间 = 1490.75
******模拟网络环境******：向上递交给应用层数据：OOOOOOOOOOOOOOOOOOOO
******模拟网络环境******：接收方发送的确认包丢失：seqnum = -1, acknum = 2,checksum = 12849,payload = .....................
接收方：目前返回的ack序号为: 2
******模拟网络环境******：网络层数据包损坏,损坏的包为-->seqnum = -999999, acknum = -1,checksum = 59109,payload = OOOOOOOOOOOOOOOOOOOO
******模拟网络环境******：发送方的数据包将在1498.48到达对方, 数据包为-->seqnum = -999999, acknum = -1,checksum = 59109,payload = OOOOOOOOOOOOOOOOOOOO
******模拟网络环境******：关闭定时器, 当前时间 = 1490.75, 定时器报文序号 = 0
******模拟网络环境******：启动定时器, 当前时间 = 1490.75, 定时器报文序号 = 0, 定时器Timeout时间 = 1510.75
******模拟网络环境******：接收方的确认包将在1507.35到达对方, 确认包为-->seqnum = -1, acknum = 2,checksum = 12849,payload = .....................
发送方：接收到ACK：2
******模拟网络环境******：关闭定时器, 当前时间 = 1507.35, 定时器报文序号 = 0
******模拟网络环境******：启动定时器, 当前时间 = 1507.35, 定时器报文序号 = 0, 定时器Timeout时间 = 1527.35
发送方：接受ACK后的滑动窗口：
0 1 2 (3 4 5| 6 7) 
******模拟网络环境******：发送方的数据包将在1534.38到达对方, 数据包为-->seqnum = 3, acknum = -1,checksum = 56538,payload = PPPPPPPPPPPPPPPPPPPP
******模拟网络环境******：关闭定时器, 当前时间 = 1527.35, 定时器报文序号 = 0
******模拟网络环境******：启动定时器, 当前时间 = 1527.35, 定时器报文序号 = 0, 定时器Timeout时间 = 1547.35
******模拟网络环境******：向上递交给应用层数据：PPPPPPPPPPPPPPPPPPPP
******模拟网络环境******：接收方的确认包将在1541.86到达对方, 确认包为-->seqnum = -1, acknum = 3,checksum = 12848,payload = .....................
接收方：目前返回的ack序号为: 3
发送方：接收到ACK：3
******模拟网络环境******：关闭定时器, 当前时间 = 1541.86, 定时器报文序号 = 0
******模拟网络环境******：启动定时器, 当前时间 = 1541.86, 定时器报文序号 = 0, 定时器Timeout时间 = 1561.86
发送方：接受ACK后的滑动窗口：
0) 1 2 3 (4 5| 6 7 
******模拟网络环境******：发送方的数据包将在1567.53到达对方, 数据包为-->seqnum = 4, acknum = -1,checksum = 53967,payload = QQQQQQQQQQQQQQQQQQQQ
******模拟网络环境******：关闭定时器, 当前时间 = 1561.86, 定时器报文序号 = 0
******模拟网络环境******：启动定时器, 当前时间 = 1561.86, 定时器报文序号 = 0, 定时器Timeout时间 = 1581.86
******模拟网络环境******：向上递交给应用层数据：QQQQQQQQQQQQQQQQQQQQ
******模拟网络环境******：接收方的确认包将在1568.53到达对方, 确认包为-->seqnum = -1, acknum = 4,checksum = 12847,payload = .....................
接收方：目前返回的ack序号为: 4
发送方：接收到ACK：4
******模拟网络环境******：关闭定时器, 当前时间 = 1568.53, 定时器报文序号 = 0
发送方：接受ACK后的滑动窗口：
0 1) 2 3 4 (5| 6 7 
发送方：发送前的滑动窗口：
0 1) 2 3 4 (5| 6 7 
******模拟网络环境******：启动定时器, 当前时间 = 1568.84, 定时器报文序号 = 0, 定时器Timeout时间 = 1588.84
******模拟网络环境******：发送方的数据包将在1571.46到达对方, 数据包为-->seqnum = 5, acknum = -1,checksum = 51396,payload = RRRRRRRRRRRRRRRRRRRR
发送方：发送后的滑动窗口：
0 1) 2 3 4 (5 6| 7 
发送方：发送前的滑动窗口：
0 1) 2 3 4 (5 6| 7 
******模拟网络环境******：发送方的数据包将在1576.87到达对方, 数据包为-->seqnum = 6, acknum = -1,checksum = 48825,payload = SSSSSSSSSSSSSSSSSSSS
发送方：发送后的滑动窗口：
0 1) 2 3 4 (5 6 7| 
发送方：发送前的滑动窗口：
0 1) 2 3 4 (5 6 7| 
******模拟网络环境******：发送方的数据包将在1577.89到达对方, 数据包为-->seqnum = 7, acknum = -1,checksum = 46254,payload = TTTTTTTTTTTTTTTTTTTT
发送方：发送后的滑动窗口：
0| 1) 2 3 4 (5 6 7 
发送方：发送前的滑动窗口：
0| 1) 2 3 4 (5 6 7 
******模拟网络环境******：发送方的数据包将在1583.01到达对方, 数据包为-->seqnum = 0, acknum = -1,checksum = 43691,payload = UUUUUUUUUUUUUUUUUUUU
发送方：发送后的滑动窗口：
0 1|) 2 3 4 (5 6 7 
******模拟网络环境******：向上递交给应用层数据：RRRRRRRRRRRRRRRRRRRR
******模拟网络环境******：网络层数据包损坏,损坏的包为-->seqnum = -1, acknum = 5,checksum = 12846,payload = /....................
******模拟网络环境******：接收方的确认包将在1579.45到达对方, 确认包为-->seqnum = -1, acknum = 5,checksum = 12846,payload = /....................
接收方：目前返回的ack序号为: 5
******模拟网络环境******：向上递交给应用层数据：SSSSSSSSSSSSSSSSSSSS
******模拟网络环境******：接收方的确认包将在1588.94到达对方, 确认包为-->seqnum = -1, acknum = 6,checksum = 12845,payload = .....................
接收方：目前返回的ack序号为: 6
******模拟网络环境******：向上递交给应用层数据：TTTTTTTTTTTTTTTTTTTT
******模拟网络环境******：接收方的确认包将在1590.47到达对方, 确认包为-->seqnum = -1, acknum = 7,checksum = 12844,payload = .....................
接收方：目前返回的ack序号为: 7
******模拟网络环境******：向上递交给应用层数据：UUUUUUUUUUUUUUUUUUUU
******模拟网络环境******：网络层数据包损坏,损坏的包为-->seqnum = -1, acknum = 0,checksum = 12851,payload = /....................
******模拟网络环境******：接收方的确认包将在1596.14到达对方, 确认包为-->seqnum = -1, acknum = 0,checksum = 12851,payload = /....................
接收方：目前返回的ack序号为: 0
******模拟网络环境******：发送方的数据包将在1597.42到达对方, 数据包为-->seqnum = 5, acknum = -1,checksum = 51396,payload = RRRRRRRRRRRRRRRRRRRR
******模拟网络环境******：关闭定时器, 当前时间 = 1588.84, 定时器报文序号 = 0
******模拟网络环境******：启动定时器, 当前时间 = 1588.84, 定时器报文序号 = 0, 定时器Timeout时间 = 1608.84
发送方：接收到ACK：6
******模拟网络环境******：关闭定时器, 当前时间 = 1588.94, 定时器报文序号 = 0
******模拟网络环境******：启动定时器, 当前时间 = 1588.94, 定时器报文序号 = 0, 定时器Timeout时间 = 1608.94
发送方：接受ACK后的滑动窗口：
0 1| 2 3) 4 5 6 (7 
发送方：接收到ACK：7
******模拟网络环境******：关闭定时器, 当前时间 = 1590.47, 定时器报文序号 = 0
******模拟网络环境******：启动定时器, 当前时间 = 1590.47, 定时器报文序号 = 0, 定时器Timeout时间 = 1610.47
发送方：接受ACK后的滑动窗口：
(0 1| 2 3 4) 5 6 7 
******模拟网络环境******：接收方的确认包将在1598.98到达对方, 确认包为-->seqnum = -1, acknum = 0,checksum = 12851,payload = .....................
发送方：接收到ACK：0
******模拟网络环境******：关闭定时器, 当前时间 = 1598.98, 定时器报文序号 = 0
发送方：接受ACK后的滑动窗口：
0 (1| 2 3 4 5) 6 7 
发送方：发送前的滑动窗口：
0 (1| 2 3 4 5) 6 7 
******模拟网络环境******：启动定时器, 当前时间 = 1599.14, 定时器报文序号 = 0, 定时器Timeout时间 = 1619.14
******模拟网络环境******：发送方的数据包将在1602.99到达对方, 数据包为-->seqnum = 1, acknum = -1,checksum = 41120,payload = VVVVVVVVVVVVVVVVVVVV
发送方：发送后的滑动窗口：
0 (1 2| 3 4 5) 6 7 
发送方：发送前的滑动窗口：
0 (1 2| 3 4 5) 6 7 
******模拟网络环境******：发送方的数据包将在1606.53到达对方, 数据包为-->seqnum = 2, acknum = -1,checksum = 38549,payload = WWWWWWWWWWWWWWWWWWWW
发送方：发送后的滑动窗口：
0 (1 2 3| 4 5) 6 7 
发送方：发送前的滑动窗口：
0 (1 2 3| 4 5) 6 7 
******模拟网络环境******：发送方的数据包将在1616.9到达对方, 数据包为-->seqnum = 3, acknum = -1,checksum = 35978,payload = XXXXXXXXXXXXXXXXXXXX
发送方：发送后的滑动窗口：
0 (1 2 3 4| 5) 6 7 
发送方：发送前的滑动窗口：
0 (1 2 3 4| 5) 6 7 
******模拟网络环境******：发送方的数据包将在1624.64到达对方, 数据包为-->seqnum = 4, acknum = -1,checksum = 33407,payload = YYYYYYYYYYYYYYYYYYYY
发送方：发送后的滑动窗口：
0 (1 2 3 4 5|) 6 7 
******模拟网络环境******：向上递交给应用层数据：VVVVVVVVVVVVVVVVVVVV
******模拟网络环境******：接收方的确认包将在1606.48到达对方, 确认包为-->seqnum = -1, acknum = 1,checksum = 12850,payload = .....................
接收方：目前返回的ack序号为: 1
发送方：接收到ACK：1
******模拟网络环境******：关闭定时器, 当前时间 = 1606.48, 定时器报文序号 = 0
******模拟网络环境******：启动定时器, 当前时间 = 1606.48, 定时器报文序号 = 0, 定时器Timeout时间 = 1626.48
发送方：接受ACK后的滑动窗口：
0 1 (2 3 4 5| 6) 7 
******模拟网络环境******：向上递交给应用层数据：WWWWWWWWWWWWWWWWWWWW
******模拟网络环境******：接收方的确认包将在1609.59到达对方, 确认包为-->seqnum = -1, acknum = 2,checksum = 12849,payload = .....................
接收方：目前返回的ack序号为: 2
发送方：接收到ACK：2
******模拟网络环境******：关闭定时器, 当前时间 = 1609.59, 定时器报文序号 = 0
******模拟网络环境******：启动定时器, 当前时间 = 1609.59, 定时器报文序号 = 0, 定时器Timeout时间 = 1629.59
发送方：接受ACK后的滑动窗口：
0 1 2 (3 4 5| 6 7) 
******模拟网络环境******：向上递交给应用层数据：XXXXXXXXXXXXXXXXXXXX
******模拟网络环境******：接收方的确认包将在1627到达对方, 确认包为-->seqnum = -1, acknum = 3,checksum = 12848,payload = .....................
接收方：目前返回的ack序号为: 3
******模拟网络环境******：向上递交给应用层数据：YYYYYYYYYYYYYYYYYYYY
******模拟网络环境******：接收方的确认包将在1634.28到达对方, 确认包为-->seqnum = -1, acknum = 4,checksum = 12847,payload = .....................
接收方：目前返回的ack序号为: 4
发送方：接收到ACK：3
******模拟网络环境******：关闭定时器, 当前时间 = 1627, 定时器报文序号 = 0
******模拟网络环境******：启动定时器, 当前时间 = 1627, 定时器报文序号 = 0, 定时器Timeout时间 = 1647
发送方：接受ACK后的滑动窗口：
0) 1 2 3 (4 5| 6 7 
发送方：接收到ACK：4
******模拟网络环境******：关闭定时器, 当前时间 = 1634.28, 定时器报文序号 = 0
发送方：接受ACK后的滑动窗口：
0 1) 2 3 4 (5| 6 7 
发送方：发送前的滑动窗口：
0 1) 2 3 4 (5| 6 7 
******模拟网络环境******：启动定时器, 当前时间 = 1635.02, 定时器报文序号 = 0, 定时器Timeout时间 = 1655.02
******模拟网络环境******：网络层数据包损坏,损坏的包为-->seqnum = 5, acknum = -1,checksum = 30836,payload = [ZZZZZZZZZZZZZZZZZZZ
******模拟网络环境******：发送方的数据包将在1641.38到达对方, 数据包为-->seqnum = 5, acknum = -1,checksum = 30836,payload = [ZZZZZZZZZZZZZZZZZZZ
发送方：发送后的滑动窗口：
0 1) 2 3 4 (5 6| 7 
发送方：发送前的滑动窗口：
0 1) 2 3 4 (5 6| 7 
******模拟网络环境******：发送方的数据包将在1642.47到达对方, 数据包为-->seqnum = 6, acknum = -1,checksum = 29550,payload = AAAAAAAAAAAAAAAAAAAA
发送方：发送后的滑动窗口：
0 1) 2 3 4 (5 6 7| 
发送方：发送前的滑动窗口：
0 1) 2 3 4 (5 6 7| 
******模拟网络环境******：发送方发送的数据包丢失：seqnum = 7, acknum = -1,checksum = 26979,payload = BBBBBBBBBBBBBBBBBBBB
发送方：发送后的滑动窗口：
0| 1) 2 3 4 (5 6 7 
发送方：发送前的滑动窗口：
0| 1) 2 3 4 (5 6 7 
******模拟网络环境******：发送方发送的数据包丢失：seqnum = 0, acknum = -1,checksum = 24416,payload = CCCCCCCCCCCCCCCCCCCC
发送方：发送后的滑动窗口：
0 1|) 2 3 4 (5 6 7 
******模拟网络环境******：接收方的确认包将在1645.27到达对方, 确认包为-->seqnum = -1, acknum = 4,checksum = 12847,payload = .....................
******模拟网络环境******：接收方的确认包将在1654.57到达对方, 确认包为-->seqnum = -1, acknum = 4,checksum = 12847,payload = .....................
******模拟网络环境******：发送方的数据包将在1657.99到达对方, 数据包为-->seqnum = 5, acknum = -1,checksum = 30836,payload = ZZZZZZZZZZZZZZZZZZZZ
******模拟网络环境******：关闭定时器, 当前时间 = 1655.02, 定时器报文序号 = 0
******模拟网络环境******：启动定时器, 当前时间 = 1655.02, 定时器报文序号 = 0, 定时器Timeout时间 = 1675.02
******模拟网络环境******：向上递交给应用层数据：ZZZZZZZZZZZZZZZZZZZZ
******模拟网络环境******：接收方的确认包将在1665.68到达对方, 确认包为-->seqnum = -1, acknum = 5,checksum = 12846,payload = .....................
接收方：目前返回的ack序号为: 5
发送方：接收到ACK：5
******模拟网络环境******：关闭定时器, 当前时间 = 1665.68, 定时器报文序号 = 0
******模拟网络环境******：启动定时器, 当前时间 = 1665.68, 定时器报文序号 = 0, 定时器Timeout时间 = 1685.68
发送方：接受ACK后的滑动窗口：
0 1| 2) 3 4 5 (6 7 
******模拟网络环境******：发送方的数据包将在1693.98到达对方, 数据包为-->seqnum = 6, acknum = -1,checksum = 29550,payload = AAAAAAAAAAAAAAAAAAAA
******模拟网络环境******：关闭定时器, 当前时间 = 1685.68, 定时器报文序号 = 0
******模拟网络环境******：启动定时器, 当前时间 = 1685.68, 定时器报文序号 = 0, 定时器Timeout时间 = 1705.68
******模拟网络环境******：向上递交给应用层数据：AAAAAAAAAAAAAAAAAAAA
******模拟网络环境******：接收方的确认包将在1696.36到达对方, 确认包为-->seqnum = -1, acknum = 6,checksum = 12845,payload = .....................
接收方：目前返回的ack序号为: 6
发送方：接收到ACK：6
******模拟网络环境******：关闭定时器, 当前时间 = 1696.36, 定时器报文序号 = 0
******模拟网络环境******：启动定时器, 当前时间 = 1696.36, 定时器报文序号 = 0, 定时器Timeout时间 = 1716.36
发送方：接受ACK后的滑动窗口：
0 1| 2 3) 4 5 6 (7 
******模拟网络环境******：发送方的数据包将在1723.55到达对方, 数据包为-->seqnum = 7, acknum = -1,checksum = 26979,payload = BBBBBBBBBBBBBBBBBBBB
******模拟网络环境******：关闭定时器, 当前时间 = 1716.36, 定时器报文序号 = 0
******模拟网络环境******：启动定时器, 当前时间 = 1716.36, 定时器报文序号 = 0, 定时器Timeout时间 = 1736.36
******模拟网络环境******：向上递交给应用层数据：BBBBBBBBBBBBBBBBBBBB
******模拟网络环境******：接收方发送的确认包丢失：seqnum = -1, acknum = 7,checksum = 12844,payload = .....................
接收方：目前返回的ack序号为: 7
******模拟网络环境******：发送方的数据包将在1740.79到达对方, 数据包为-->seqnum = 7, acknum = -1,checksum = 26979,payload = BBBBBBBBBBBBBBBBBBBB
******模拟网络环境******：关闭定时器, 当前时间 = 1736.36, 定时器报文序号 = 0
******模拟网络环境******：启动定时器, 当前时间 = 1736.36, 定时器报文序号 = 0, 定时器Timeout时间 = 1756.36
******模拟网络环境******：网络层数据包损坏,损坏的包为-->seqnum = -1, acknum = 7,checksum = 12844,payload = /....................
******模拟网络环境******：接收方的确认包将在1751.51到达对方, 确认包为-->seqnum = -1, acknum = 7,checksum = 12844,payload = /....................
******模拟网络环境******：发送方的数据包将在1765.82到达对方, 数据包为-->seqnum = 7, acknum = -1,checksum = 26979,payload = BBBBBBBBBBBBBBBBBBBB
******模拟网络环境******：关闭定时器, 当前时间 = 1756.36, 定时器报文序号 = 0
******模拟网络环境******：启动定时器, 当前时间 = 1756.36, 定时器报文序号 = 0, 定时器Timeout时间 = 1776.36
******模拟网络环境******：接收方的确认包将在1774.34到达对方, 确认包为-->seqnum = -1, acknum = 7,checksum = 12844,payload = .....................
发送方：接收到ACK：7
******模拟网络环境******：关闭定时器, 当前时间 = 1774.34, 定时器报文序号 = 0
******模拟网络环境******：启动定时器, 当前时间 = 1774.34, 定时器报文序号 = 0, 定时器Timeout时间 = 1794.34
发送方：接受ACK后的滑动窗口：
(0 1| 2 3 4) 5 6 7 
******模拟网络环境******：发送方的数据包将在1797.05到达对方, 数据包为-->seqnum = 0, acknum = -1,checksum = 24416,payload = CCCCCCCCCCCCCCCCCCCC
******模拟网络环境******：关闭定时器, 当前时间 = 1794.34, 定时器报文序号 = 0
******模拟网络环境******：启动定时器, 当前时间 = 1794.34, 定时器报文序号 = 0, 定时器Timeout时间 = 1814.34
******模拟网络环境******：向上递交给应用层数据：CCCCCCCCCCCCCCCCCCCC
******模拟网络环境******：接收方的确认包将在1802.13到达对方, 确认包为-->seqnum = -1, acknum = 0,checksum = 12851,payload = .....................
接收方：目前返回的ack序号为: 0
发送方：接收到ACK：0
******模拟网络环境******：关闭定时器, 当前时间 = 1802.13, 定时器报文序号 = 0
发送方：接受ACK后的滑动窗口：
0 (1| 2 3 4 5) 6 7 
发送方：发送前的滑动窗口：
0 (1| 2 3 4 5) 6 7 
******模拟网络环境******：启动定时器, 当前时间 = 1802.31, 定时器报文序号 = 0, 定时器Timeout时间 = 1822.31
******模拟网络环境******：发送方发送的数据包丢失：seqnum = 1, acknum = -1,checksum = 21845,payload = DDDDDDDDDDDDDDDDDDDD
发送方：发送后的滑动窗口：
0 (1 2| 3 4 5) 6 7 
发送方：发送前的滑动窗口：
0 (1 2| 3 4 5) 6 7 
******模拟网络环境******：网络层数据包损坏,损坏的包为-->seqnum = -999999, acknum = -1,checksum = 19274,payload = EEEEEEEEEEEEEEEEEEEE
******模拟网络环境******：发送方的数据包将在1810.22到达对方, 数据包为-->seqnum = -999999, acknum = -1,checksum = 19274,payload = EEEEEEEEEEEEEEEEEEEE
发送方：发送后的滑动窗口：
0 (1 2 3| 4 5) 6 7 
发送方：发送前的滑动窗口：
0 (1 2 3| 4 5) 6 7 
******模拟网络环境******：发送方的数据包将在1811.4到达对方, 数据包为-->seqnum = 3, acknum = -1,checksum = 16703,payload = FFFFFFFFFFFFFFFFFFFF
发送方：发送后的滑动窗口：
0 (1 2 3 4| 5) 6 7 
发送方：发送前的滑动窗口：
0 (1 2 3 4| 5) 6 7 
******模拟网络环境******：发送方的数据包将在1818.82到达对方, 数据包为-->seqnum = 4, acknum = -1,checksum = 14132,payload = GGGGGGGGGGGGGGGGGGGG
发送方：发送后的滑动窗口：
0 (1 2 3 4 5|) 6 7 
******模拟网络环境******：接收方的确认包将在1811.3到达对方, 确认包为-->seqnum = -1, acknum = 0,checksum = 12851,payload = .....................
******模拟网络环境******：接收方的确认包将在1812.92到达对方, 确认包为-->seqnum = -1, acknum = 0,checksum = 12851,payload = .....................
******模拟网络环境******：接收方的确认包将在1821.8到达对方, 确认包为-->seqnum = -1, acknum = 0,checksum = 12851,payload = .....................
******模拟网络环境******：发送方发送的数据包丢失：seqnum = 1, acknum = -1,checksum = 21845,payload = DDDDDDDDDDDDDDDDDDDD
******模拟网络环境******：关闭定时器, 当前时间 = 1822.31, 定时器报文序号 = 0
******模拟网络环境******：启动定时器, 当前时间 = 1822.31, 定时器报文序号 = 0, 定时器Timeout时间 = 1842.31
******模拟网络环境******：发送方发送的数据包丢失：seqnum = 1, acknum = -1,checksum = 21845,payload = DDDDDDDDDDDDDDDDDDDD
******模拟网络环境******：关闭定时器, 当前时间 = 1842.31, 定时器报文序号 = 0
******模拟网络环境******：启动定时器, 当前时间 = 1842.31, 定时器报文序号 = 0, 定时器Timeout时间 = 1862.31
******模拟网络环境******：发送方的数据包将在1864到达对方, 数据包为-->seqnum = 1, acknum = -1,checksum = 21845,payload = DDDDDDDDDDDDDDDDDDDD
******模拟网络环境******：关闭定时器, 当前时间 = 1862.31, 定时器报文序号 = 0
******模拟网络环境******：启动定时器, 当前时间 = 1862.31, 定时器报文序号 = 0, 定时器Timeout时间 = 1882.31
******模拟网络环境******：向上递交给应用层数据：DDDDDDDDDDDDDDDDDDDD
******模拟网络环境******：接收方的确认包将在1870.63到达对方, 确认包为-->seqnum = -1, acknum = 1,checksum = 12850,payload = .....................
接收方：目前返回的ack序号为: 1
发送方：接收到ACK：1
******模拟网络环境******：关闭定时器, 当前时间 = 1870.63, 定时器报文序号 = 0
******模拟网络环境******：启动定时器, 当前时间 = 1870.63, 定时器报文序号 = 0, 定时器Timeout时间 = 1890.63
发送方：接受ACK后的滑动窗口：
0 1 (2 3 4 5| 6) 7 
******模拟网络环境******：网络层数据包损坏,损坏的包为-->seqnum = 2, acknum = -1,checksum = 19274,payload = FEEEEEEEEEEEEEEEEEEE
******模拟网络环境******：发送方的数据包将在1893.64到达对方, 数据包为-->seqnum = 2, acknum = -1,checksum = 19274,payload = FEEEEEEEEEEEEEEEEEEE
******模拟网络环境******：关闭定时器, 当前时间 = 1890.63, 定时器报文序号 = 0
******模拟网络环境******：启动定时器, 当前时间 = 1890.63, 定时器报文序号 = 0, 定时器Timeout时间 = 1910.63
******模拟网络环境******：接收方的确认包将在1903.69到达对方, 确认包为-->seqnum = -1, acknum = 1,checksum = 12850,payload = .....................
******模拟网络环境******：发送方的数据包将在1920.13到达对方, 数据包为-->seqnum = 2, acknum = -1,checksum = 19274,payload = EEEEEEEEEEEEEEEEEEEE
******模拟网络环境******：关闭定时器, 当前时间 = 1910.63, 定时器报文序号 = 0
******模拟网络环境******：启动定时器, 当前时间 = 1910.63, 定时器报文序号 = 0, 定时器Timeout时间 = 1930.63
******模拟网络环境******：向上递交给应用层数据：EEEEEEEEEEEEEEEEEEEE
******模拟网络环境******：接收方发送的确认包丢失：seqnum = -1, acknum = 2,checksum = 12849,payload = .....................
接收方：目前返回的ack序号为: 2
******模拟网络环境******：发送方的数据包将在1940.31到达对方, 数据包为-->seqnum = 2, acknum = -1,checksum = 19274,payload = EEEEEEEEEEEEEEEEEEEE
******模拟网络环境******：关闭定时器, 当前时间 = 1930.63, 定时器报文序号 = 0
******模拟网络环境******：启动定时器, 当前时间 = 1930.63, 定时器报文序号 = 0, 定时器Timeout时间 = 1950.63
******模拟网络环境******：网络层数据包损坏,损坏的包为-->seqnum = -1, acknum = 2,checksum = 12849,payload = /....................
******模拟网络环境******：接收方的确认包将在1944.59到达对方, 确认包为-->seqnum = -1, acknum = 2,checksum = 12849,payload = /....................
******模拟网络环境******：发送方的数据包将在1952.04到达对方, 数据包为-->seqnum = 2, acknum = -1,checksum = 19274,payload = EEEEEEEEEEEEEEEEEEEE
******模拟网络环境******：关闭定时器, 当前时间 = 1950.63, 定时器报文序号 = 0
******模拟网络环境******：启动定时器, 当前时间 = 1950.63, 定时器报文序号 = 0, 定时器Timeout时间 = 1970.63
******模拟网络环境******：接收方的确认包将在1956.11到达对方, 确认包为-->seqnum = -1, acknum = 2,checksum = 12849,payload = .....................
发送方：接收到ACK：2
******模拟网络环境******：关闭定时器, 当前时间 = 1956.11, 定时器报文序号 = 0
******模拟网络环境******：启动定时器, 当前时间 = 1956.11, 定时器报文序号 = 0, 定时器Timeout时间 = 1976.11
发送方：接受ACK后的滑动窗口：
0 1 2 (3 4 5| 6 7) 
******模拟网络环境******：发送方的数据包将在1979.63到达对方, 数据包为-->seqnum = 3, acknum = -1,checksum = 16703,payload = FFFFFFFFFFFFFFFFFFFF
******模拟网络环境******：关闭定时器, 当前时间 = 1976.11, 定时器报文序号 = 0
******模拟网络环境******：启动定时器, 当前时间 = 1976.11, 定时器报文序号 = 0, 定时器Timeout时间 = 1996.11
******模拟网络环境******：向上递交给应用层数据：FFFFFFFFFFFFFFFFFFFF
******模拟网络环境******：接收方的确认包将在1990.07到达对方, 确认包为-->seqnum = -1, acknum = 3,checksum = 12848,payload = .....................
接收方：目前返回的ack序号为: 3
发送方：接收到ACK：3
******模拟网络环境******：关闭定时器, 当前时间 = 1990.07, 定时器报文序号 = 0
******模拟网络环境******：启动定时器, 当前时间 = 1990.07, 定时器报文序号 = 0, 定时器Timeout时间 = 2010.07
发送方：接受ACK后的滑动窗口：
0) 1 2 3 (4 5| 6 7 
******模拟网络环境******：发送方的数据包将在2011.16到达对方, 数据包为-->seqnum = 4, acknum = -1,checksum = 14132,payload = GGGGGGGGGGGGGGGGGGGG
******模拟网络环境******：关闭定时器, 当前时间 = 2010.07, 定时器报文序号 = 0
******模拟网络环境******：启动定时器, 当前时间 = 2010.07, 定时器报文序号 = 0, 定时器Timeout时间 = 2030.07
******模拟网络环境******：向上递交给应用层数据：GGGGGGGGGGGGGGGGGGGG
******模拟网络环境******：接收方发送的确认包丢失：seqnum = -1, acknum = 4,checksum = 12847,payload = .....................
接收方：目前返回的ack序号为: 4
******模拟网络环境******：发送方的数据包将在2034.86到达对方, 数据包为-->seqnum = 4, acknum = -1,checksum = 14132,payload = GGGGGGGGGGGGGGGGGGGG
******模拟网络环境******：关闭定时器, 当前时间 = 2030.07, 定时器报文序号 = 0
******模拟网络环境******：启动定时器, 当前时间 = 2030.07, 定时器报文序号 = 0, 定时器Timeout时间 = 2050.07
******模拟网络环境******：接收方的确认包将在2038.08到达对方, 确认包为-->seqnum = -1, acknum = 4,checksum = 12847,payload = .....................
发送方：接收到ACK：4
******模拟网络环境******：关闭定时器, 当前时间 = 2038.08, 定时器报文序号 = 0
发送方：接受ACK后的滑动窗口：
0 1) 2 3 4 (5| 6 7 
发送方：发送前的滑动窗口：
0 1) 2 3 4 (5| 6 7 
******模拟网络环境******：启动定时器, 当前时间 = 2038.96, 定时器报文序号 = 0, 定时器Timeout时间 = 2058.95
******模拟网络环境******：发送方的数据包将在2044.28到达对方, 数据包为-->seqnum = 5, acknum = -1,checksum = 11561,payload = HHHHHHHHHHHHHHHHHHHH
发送方：发送后的滑动窗口：
0 1) 2 3 4 (5 6| 7 
发送方：发送前的滑动窗口：
0 1) 2 3 4 (5 6| 7 
******模拟网络环境******：网络层数据包损坏,损坏的包为-->seqnum = 6, acknum = -1,checksum = 8990,payload = JIIIIIIIIIIIIIIIIIII
******模拟网络环境******：发送方的数据包将在2052.99到达对方, 数据包为-->seqnum = 6, acknum = -1,checksum = 8990,payload = JIIIIIIIIIIIIIIIIIII
发送方：发送后的滑动窗口：
0 1) 2 3 4 (5 6 7| 
发送方：发送前的滑动窗口：
0 1) 2 3 4 (5 6 7| 
******模拟网络环境******：发送方的数据包将在2063.19到达对方, 数据包为-->seqnum = 7, acknum = -1,checksum = 6419,payload = JJJJJJJJJJJJJJJJJJJJ
发送方：发送后的滑动窗口：
0| 1) 2 3 4 (5 6 7 
发送方：发送前的滑动窗口：
0| 1) 2 3 4 (5 6 7 
******模拟网络环境******：发送方的数据包将在2067.74到达对方, 数据包为-->seqnum = 0, acknum = -1,checksum = 3856,payload = KKKKKKKKKKKKKKKKKKKK
发送方：发送后的滑动窗口：
0 1|) 2 3 4 (5 6 7 
******模拟网络环境******：向上递交给应用层数据：HHHHHHHHHHHHHHHHHHHH
******模拟网络环境******：网络层数据包损坏,损坏的包为-->seqnum = -1, acknum = 5,checksum = 12846,payload = /....................
******模拟网络环境******：接收方的确认包将在2045.88到达对方, 确认包为-->seqnum = -1, acknum = 5,checksum = 12846,payload = /....................
接收方：目前返回的ack序号为: 5
******模拟网络环境******：接收方的确认包将在2061.18到达对方, 确认包为-->seqnum = -1, acknum = 5,checksum = 12846,payload = .....................
******模拟网络环境******：发送方的数据包将在2076.64到达对方, 数据包为-->seqnum = 5, acknum = -1,checksum = 11561,payload = HHHHHHHHHHHHHHHHHHHH
******模拟网络环境******：关闭定时器, 当前时间 = 2058.95, 定时器报文序号 = 0
******模拟网络环境******：启动定时器, 当前时间 = 2058.95, 定时器报文序号 = 0, 定时器Timeout时间 = 2078.95
发送方：接收到ACK：5
******模拟网络环境******：关闭定时器, 当前时间 = 2061.18, 定时器报文序号 = 0
******模拟网络环境******：启动定时器, 当前时间 = 2061.18, 定时器报文序号 = 0, 定时器Timeout时间 = 2081.18
发送方：接受ACK后的滑动窗口：
0 1| 2) 3 4 5 (6 7 
******模拟网络环境******：接收方的确认包将在2070.72到达对方, 确认包为-->seqnum = -1, acknum = 5,checksum = 12846,payload = .....................
******模拟网络环境******：网络层数据包损坏,损坏的包为-->seqnum = -1, acknum = 5,checksum = 12846,payload = /....................
******模拟网络环境******：接收方的确认包将在2077.34到达对方, 确认包为-->seqnum = -1, acknum = 5,checksum = 12846,payload = /....................
******模拟网络环境******：接收方发送的确认包丢失：seqnum = -1, acknum = 5,checksum = 12846,payload = .....................
******模拟网络环境******：发送方的数据包将在2086.99到达对方, 数据包为-->seqnum = 6, acknum = -1,checksum = 8990,payload = IIIIIIIIIIIIIIIIIIII
******模拟网络环境******：关闭定时器, 当前时间 = 2081.18, 定时器报文序号 = 0
******模拟网络环境******：启动定时器, 当前时间 = 2081.18, 定时器报文序号 = 0, 定时器Timeout时间 = 2101.18
******模拟网络环境******：向上递交给应用层数据：IIIIIIIIIIIIIIIIIIII
******模拟网络环境******：接收方的确认包将在2094.16到达对方, 确认包为-->seqnum = -1, acknum = 6,checksum = 12845,payload = .....................
接收方：目前返回的ack序号为: 6
发送方：接收到ACK：6
******模拟网络环境******：关闭定时器, 当前时间 = 2094.16, 定时器报文序号 = 0
******模拟网络环境******：启动定时器, 当前时间 = 2094.16, 定时器报文序号 = 0, 定时器Timeout时间 = 2114.16
发送方：接受ACK后的滑动窗口：
0 1| 2 3) 4 5 6 (7 
******模拟网络环境******：网络层数据包损坏,损坏的包为-->seqnum = -999999, acknum = -1,checksum = 6419,payload = JJJJJJJJJJJJJJJJJJJJ
******模拟网络环境******：发送方的数据包将在2119.16到达对方, 数据包为-->seqnum = -999999, acknum = -1,checksum = 6419,payload = JJJJJJJJJJJJJJJJJJJJ
******模拟网络环境******：关闭定时器, 当前时间 = 2114.16, 定时器报文序号 = 0
******模拟网络环境******：启动定时器, 当前时间 = 2114.16, 定时器报文序号 = 0, 定时器Timeout时间 = 2134.16
******模拟网络环境******：接收方发送的确认包丢失：seqnum = -1, acknum = 6,checksum = 12845,payload = .....................
******模拟网络环境******：发送方的数据包将在2136.82到达对方, 数据包为-->seqnum = 7, acknum = -1,checksum = 6419,payload = JJJJJJJJJJJJJJJJJJJJ
******模拟网络环境******：关闭定时器, 当前时间 = 2134.16, 定时器报文序号 = 0
******模拟网络环境******：启动定时器, 当前时间 = 2134.16, 定时器报文序号 = 0, 定时器Timeout时间 = 2154.16
******模拟网络环境******：向上递交给应用层数据：JJJJJJJJJJJJJJJJJJJJ
******模拟网络环境******：网络层数据包损坏,损坏的包为-->seqnum = -999999, acknum = 7,checksum = 12844,payload = .....................
******模拟网络环境******：接收方的确认包将在2140.37到达对方, 确认包为-->seqnum = -999999, acknum = 7,checksum = 12844,payload = .....................
接收方：目前返回的ack序号为: 7
******模拟网络环境******：发送方的数据包将在2165.03到达对方, 数据包为-->seqnum = 7, acknum = -1,checksum = 6419,payload = JJJJJJJJJJJJJJJJJJJJ
******模拟网络环境******：关闭定时器, 当前时间 = 2154.16, 定时器报文序号 = 0
******模拟网络环境******：启动定时器, 当前时间 = 2154.16, 定时器报文序号 = 0, 定时器Timeout时间 = 2174.16
******模拟网络环境******：网络层数据包损坏,损坏的包为-->seqnum = -1, acknum = 7,checksum = 12844,payload = /....................
******模拟网络环境******：接收方的确认包将在2171.29到达对方, 确认包为-->seqnum = -1, acknum = 7,checksum = 12844,payload = /....................
******模拟网络环境******：发送方的数据包将在2180.63到达对方, 数据包为-->seqnum = 7, acknum = -1,checksum = 6419,payload = JJJJJJJJJJJJJJJJJJJJ
******模拟网络环境******：关闭定时器, 当前时间 = 2174.16, 定时器报文序号 = 0
******模拟网络环境******：启动定时器, 当前时间 = 2174.16, 定时器报文序号 = 0, 定时器Timeout时间 = 2194.16
******模拟网络环境******：接收方的确认包将在2185.08到达对方, 确认包为-->seqnum = -1, acknum = 7,checksum = 12844,payload = .....................
发送方：接收到ACK：7
******模拟网络环境******：关闭定时器, 当前时间 = 2185.08, 定时器报文序号 = 0
******模拟网络环境******：启动定时器, 当前时间 = 2185.08, 定时器报文序号 = 0, 定时器Timeout时间 = 2205.08
发送方：接受ACK后的滑动窗口：
(0 1| 2 3 4) 5 6 7 
******模拟网络环境******：发送方的数据包将在2214.64到达对方, 数据包为-->seqnum = 0, acknum = -1,checksum = 3856,payload = KKKKKKKKKKKKKKKKKKKK
******模拟网络环境******：关闭定时器, 当前时间 = 2205.08, 定时器报文序号 = 0
******模拟网络环境******：启动定时器, 当前时间 = 2205.08, 定时器报文序号 = 0, 定时器Timeout时间 = 2225.08
******模拟网络环境******：向上递交给应用层数据：KKKKKKKKKKKKKKKKKKKK
******模拟网络环境******：接收方的确认包将在2221.65到达对方, 确认包为-->seqnum = -1, acknum = 0,checksum = 12851,payload = .....................
接收方：目前返回的ack序号为: 0
发送方：接收到ACK：0
******模拟网络环境******：关闭定时器, 当前时间 = 2221.65, 定时器报文序号 = 0
发送方：接受ACK后的滑动窗口：
0 (1| 2 3 4 5) 6 7 
发送方：发送前的滑动窗口：
0 (1| 2 3 4 5) 6 7 
******模拟网络环境******：启动定时器, 当前时间 = 2222.24, 定时器报文序号 = 0, 定时器Timeout时间 = 2242.24
******模拟网络环境******：发送方的数据包将在2228.94到达对方, 数据包为-->seqnum = 1, acknum = -1,checksum = 1285,payload = LLLLLLLLLLLLLLLLLLLL
发送方：发送后的滑动窗口：
0 (1 2| 3 4 5) 6 7 
发送方：发送前的滑动窗口：
0 (1 2| 3 4 5) 6 7 
******模拟网络环境******：发送方的数据包将在2233.09到达对方, 数据包为-->seqnum = 2, acknum = -1,checksum = 64249,payload = MMMMMMMMMMMMMMMMMMMM
发送方：发送后的滑动窗口：
0 (1 2 3| 4 5) 6 7 
发送方：发送前的滑动窗口：
0 (1 2 3| 4 5) 6 7 
******模拟网络环境******：发送方的数据包将在2234.5到达对方, 数据包为-->seqnum = 3, acknum = -1,checksum = 61678,payload = NNNNNNNNNNNNNNNNNNNN
发送方：发送后的滑动窗口：
0 (1 2 3 4| 5) 6 7 
发送方：发送前的滑动窗口：
0 (1 2 3 4| 5) 6 7 
******模拟网络环境******：发送方的数据包将在2235.77到达对方, 数据包为-->seqnum = 4, acknum = -1,checksum = 59107,payload = OOOOOOOOOOOOOOOOOOOO
发送方：发送后的滑动窗口：
0 (1 2 3 4 5|) 6 7 
******模拟网络环境******：向上递交给应用层数据：LLLLLLLLLLLLLLLLLLLL
******模拟网络环境******：接收方的确认包将在2231.19到达对方, 确认包为-->seqnum = -1, acknum = 1,checksum = 12850,payload = .....................
接收方：目前返回的ack序号为: 1
发送方：接收到ACK：1
******模拟网络环境******：关闭定时器, 当前时间 = 2231.19, 定时器报文序号 = 0
******模拟网络环境******：启动定时器, 当前时间 = 2231.19, 定时器报文序号 = 0, 定时器Timeout时间 = 2251.19
发送方：接受ACK后的滑动窗口：
0 1 (2 3 4 5| 6) 7 
******模拟网络环境******：向上递交给应用层数据：MMMMMMMMMMMMMMMMMMMM
******模拟网络环境******：网络层数据包损坏,损坏的包为-->seqnum = -1, acknum = 2,checksum = 12849,payload = /....................
******模拟网络环境******：接收方的确认包将在2235.66到达对方, 确认包为-->seqnum = -1, acknum = 2,checksum = 12849,payload = /....................
接收方：目前返回的ack序号为: 2
******模拟网络环境******：向上递交给应用层数据：NNNNNNNNNNNNNNNNNNNN
******模拟网络环境******：接收方的确认包将在2239.2到达对方, 确认包为-->seqnum = -1, acknum = 3,checksum = 12848,payload = .....................
接收方：目前返回的ack序号为: 3
******模拟网络环境******：向上递交给应用层数据：OOOOOOOOOOOOOOOOOOOO
******模拟网络环境******：网络层数据包损坏,损坏的包为-->seqnum = -1, acknum = 4,checksum = 12847,payload = /....................
******模拟网络环境******：接收方的确认包将在2242.05到达对方, 确认包为-->seqnum = -1, acknum = 4,checksum = 12847,payload = /....................
接收方：目前返回的ack序号为: 4
发送方：接收到ACK：3
******模拟网络环境******：关闭定时器, 当前时间 = 2239.2, 定时器报文序号 = 0
******模拟网络环境******：启动定时器, 当前时间 = 2239.2, 定时器报文序号 = 0, 定时器Timeout时间 = 2259.2
发送方：接受ACK后的滑动窗口：
0) 1 2 3 (4 5| 6 7 
******模拟网络环境******：发送方的数据包将在2261.52到达对方, 数据包为-->seqnum = 4, acknum = -1,checksum = 59107,payload = OOOOOOOOOOOOOOOOOOOO
******模拟网络环境******：关闭定时器, 当前时间 = 2259.2, 定时器报文序号 = 0
******模拟网络环境******：启动定时器, 当前时间 = 2259.2, 定时器报文序号 = 0, 定时器Timeout时间 = 2279.2
******模拟网络环境******：接收方的确认包将在2270.86到达对方, 确认包为-->seqnum = -1, acknum = 4,checksum = 12847,payload = .....................
发送方：接收到ACK：4
******模拟网络环境******：关闭定时器, 当前时间 = 2270.86, 定时器报文序号 = 0
发送方：接受ACK后的滑动窗口：
0 1) 2 3 4 (5| 6 7 
发送方：发送前的滑动窗口：
0 1) 2 3 4 (5| 6 7 
******模拟网络环境******：启动定时器, 当前时间 = 2271.36, 定时器报文序号 = 0, 定时器Timeout时间 = 2291.36
******模拟网络环境******：发送方的数据包将在2275.8到达对方, 数据包为-->seqnum = 5, acknum = -1,checksum = 56536,payload = PPPPPPPPPPPPPPPPPPPP
发送方：发送后的滑动窗口：
0 1) 2 3 4 (5 6| 7 
发送方：发送前的滑动窗口：
0 1) 2 3 4 (5 6| 7 
******模拟网络环境******：发送方的数据包将在2281.5到达对方, 数据包为-->seqnum = 6, acknum = -1,checksum = 53965,payload = QQQQQQQQQQQQQQQQQQQQ
发送方：发送后的滑动窗口：
0 1) 2 3 4 (5 6 7| 
发送方：发送前的滑动窗口：
0 1) 2 3 4 (5 6 7| 
******模拟网络环境******：网络层数据包损坏,损坏的包为-->seqnum = 7, acknum = -1,checksum = 51394,payload = SRRRRRRRRRRRRRRRRRRR
******模拟网络环境******：发送方的数据包将在2288.46到达对方, 数据包为-->seqnum = 7, acknum = -1,checksum = 51394,payload = SRRRRRRRRRRRRRRRRRRR
发送方：发送后的滑动窗口：
0| 1) 2 3 4 (5 6 7 
发送方：发送前的滑动窗口：
0| 1) 2 3 4 (5 6 7 
******模拟网络环境******：发送方的数据包将在2296.57到达对方, 数据包为-->seqnum = 0, acknum = -1,checksum = 48831,payload = SSSSSSSSSSSSSSSSSSSS
发送方：发送后的滑动窗口：
0 1|) 2 3 4 (5 6 7 
******模拟网络环境******：向上递交给应用层数据：PPPPPPPPPPPPPPPPPPPP
******模拟网络环境******：接收方的确认包将在2282.45到达对方, 确认包为-->seqnum = -1, acknum = 5,checksum = 12846,payload = .....................
接收方：目前返回的ack序号为: 5
******模拟网络环境******：向上递交给应用层数据：QQQQQQQQQQQQQQQQQQQQ
******模拟网络环境******：接收方的确认包将在2285.65到达对方, 确认包为-->seqnum = -1, acknum = 6,checksum = 12845,payload = .....................
接收方：目前返回的ack序号为: 6
发送方：接收到ACK：5
******模拟网络环境******：关闭定时器, 当前时间 = 2282.45, 定时器报文序号 = 0
******模拟网络环境******：启动定时器, 当前时间 = 2282.45, 定时器报文序号 = 0, 定时器Timeout时间 = 2302.45
发送方：接受ACK后的滑动窗口：
0 1| 2) 3 4 5 (6 7 
发送方：接收到ACK：6
******模拟网络环境******：关闭定时器, 当前时间 = 2285.65, 定时器报文序号 = 0
******模拟网络环境******：启动定时器, 当前时间 = 2285.65, 定时器报文序号 = 0, 定时器Timeout时间 = 2305.65
发送方：接受ACK后的滑动窗口：
0 1| 2 3) 4 5 6 (7 
******模拟网络环境******：接收方的确认包将在2290.43到达对方, 确认包为-->seqnum = -1, acknum = 6,checksum = 12845,payload = .....................
******模拟网络环境******：接收方的确认包将在2305.28到达对方, 确认包为-->seqnum = -1, acknum = 6,checksum = 12845,payload = .....................
******模拟网络环境******：发送方的数据包将在2313.64到达对方, 数据包为-->seqnum = 7, acknum = -1,checksum = 51394,payload = RRRRRRRRRRRRRRRRRRRR
******模拟网络环境******：关闭定时器, 当前时间 = 2305.65, 定时器报文序号 = 0
******模拟网络环境******：启动定时器, 当前时间 = 2305.65, 定时器报文序号 = 0, 定时器Timeout时间 = 2325.65
******模拟网络环境******：向上递交给应用层数据：RRRRRRRRRRRRRRRRRRRR
******模拟网络环境******：接收方的确认包将在2319.51到达对方, 确认包为-->seqnum = -1, acknum = 7,checksum = 12844,payload = .....................
接收方：目前返回的ack序号为: 7
发送方：接收到ACK：7
******模拟网络环境******：关闭定时器, 当前时间 = 2319.51, 定时器报文序号 = 0
******模拟网络环境******：启动定时器, 当前时间 = 2319.51, 定时器报文序号 = 0, 定时器Timeout时间 = 2339.51
发送方：接受ACK后的滑动窗口：
(0 1| 2 3 4) 5 6 7 
******模拟网络环境******：发送方的数据包将在2344.07到达对方, 数据包为-->seqnum = 0, acknum = -1,checksum = 48831,payload = SSSSSSSSSSSSSSSSSSSS
******模拟网络环境******：关闭定时器, 当前时间 = 2339.51, 定时器报文序号 = 0
******模拟网络环境******：启动定时器, 当前时间 = 2339.51, 定时器报文序号 = 0, 定时器Timeout时间 = 2359.51
******模拟网络环境******：向上递交给应用层数据：SSSSSSSSSSSSSSSSSSSS
******模拟网络环境******：网络层数据包损坏,损坏的包为-->seqnum = -999999, acknum = 0,checksum = 12851,payload = .....................
******模拟网络环境******：接收方的确认包将在2345.62到达对方, 确认包为-->seqnum = -999999, acknum = 0,checksum = 12851,payload = .....................
接收方：目前返回的ack序号为: 0
******模拟网络环境******：发送方的数据包将在2361.97到达对方, 数据包为-->seqnum = 0, acknum = -1,checksum = 48831,payload = SSSSSSSSSSSSSSSSSSSS
******模拟网络环境******：关闭定时器, 当前时间 = 2359.51, 定时器报文序号 = 0
******模拟网络环境******：启动定时器, 当前时间 = 2359.51, 定时器报文序号 = 0, 定时器Timeout时间 = 2379.51
******模拟网络环境******：接收方的确认包将在2370.32到达对方, 确认包为-->seqnum = -1, acknum = 0,checksum = 12851,payload = .....................
发送方：接收到ACK：0
******模拟网络环境******：关闭定时器, 当前时间 = 2370.32, 定时器报文序号 = 0
发送方：接受ACK后的滑动窗口：
0 (1| 2 3 4 5) 6 7 
发送方：发送前的滑动窗口：
0 (1| 2 3 4 5) 6 7 
******模拟网络环境******：启动定时器, 当前时间 = 2370.36, 定时器报文序号 = 0, 定时器Timeout时间 = 2390.36
******模拟网络环境******：发送方的数据包将在2376.61到达对方, 数据包为-->seqnum = 1, acknum = -1,checksum = 46260,payload = TTTTTTTTTTTTTTTTTTTT
发送方：发送后的滑动窗口：
0 (1 2| 3 4 5) 6 7 
发送方：发送前的滑动窗口：
0 (1 2| 3 4 5) 6 7 
******模拟网络环境******：网络层数据包损坏,损坏的包为-->seqnum = 2, acknum = -1,checksum = 43689,payload = VUUUUUUUUUUUUUUUUUUU
******模拟网络环境******：发送方的数据包将在2378.78到达对方, 数据包为-->seqnum = 2, acknum = -1,checksum = 43689,payload = VUUUUUUUUUUUUUUUUUUU
发送方：发送后的滑动窗口：
0 (1 2 3| 4 5) 6 7 
发送方：发送前的滑动窗口：
0 (1 2 3| 4 5) 6 7 
******模拟网络环境******：发送方的数据包将在2383.01到达对方, 数据包为-->seqnum = 3, acknum = -1,checksum = 41118,payload = VVVVVVVVVVVVVVVVVVVV
发送方：发送后的滑动窗口：
0 (1 2 3 4| 5) 6 7 
发送方：发送前的滑动窗口：
0 (1 2 3 4| 5) 6 7 
******模拟网络环境******：发送方的数据包将在2392.51到达对方, 数据包为-->seqnum = 4, acknum = -1,checksum = 38547,payload = WWWWWWWWWWWWWWWWWWWW
发送方：发送后的滑动窗口：
0 (1 2 3 4 5|) 6 7 
******模拟网络环境******：向上递交给应用层数据：TTTTTTTTTTTTTTTTTTTT
******模拟网络环境******：接收方的确认包将在2385.38到达对方, 确认包为-->seqnum = -1, acknum = 1,checksum = 12850,payload = .....................
接收方：目前返回的ack序号为: 1
******模拟网络环境******：接收方的确认包将在2395.4到达对方, 确认包为-->seqnum = -1, acknum = 1,checksum = 12850,payload = .....................
******模拟网络环境******：接收方的确认包将在2404.49到达对方, 确认包为-->seqnum = -1, acknum = 1,checksum = 12850,payload = .....................
发送方：接收到ACK：1
******模拟网络环境******：关闭定时器, 当前时间 = 2385.38, 定时器报文序号 = 0
******模拟网络环境******：启动定时器, 当前时间 = 2385.38, 定时器报文序号 = 0, 定时器Timeout时间 = 2405.38
发送方：接受ACK后的滑动窗口：
0 1 (2 3 4 5| 6) 7 
******模拟网络环境******：接收方发送的确认包丢失：seqnum = -1, acknum = 1,checksum = 12850,payload = .....................
******模拟网络环境******：发送方的数据包将在2413.75到达对方, 数据包为-->seqnum = 2, acknum = -1,checksum = 43689,payload = UUUUUUUUUUUUUUUUUUUU
******模拟网络环境******：关闭定时器, 当前时间 = 2405.38, 定时器报文序号 = 0
******模拟网络环境******：启动定时器, 当前时间 = 2405.38, 定时器报文序号 = 0, 定时器Timeout时间 = 2425.38
******模拟网络环境******：向上递交给应用层数据：UUUUUUUUUUUUUUUUUUUU
******模拟网络环境******：接收方的确认包将在2420.87到达对方, 确认包为-->seqnum = -1, acknum = 2,checksum = 12849,payload = .....................
接收方：目前返回的ack序号为: 2
发送方：接收到ACK：2
******模拟网络环境******：关闭定时器, 当前时间 = 2420.87, 定时器报文序号 = 0
******模拟网络环境******：启动定时器, 当前时间 = 2420.87, 定时器报文序号 = 0, 定时器Timeout时间 = 2440.87
发送方：接受ACK后的滑动窗口：
0 1 2 (3 4 5| 6 7) 
******模拟网络环境******：发送方发送的数据包丢失：seqnum = 3, acknum = -1,checksum = 41118,payload = VVVVVVVVVVVVVVVVVVVV
******模拟网络环境******：关闭定时器, 当前时间 = 2440.87, 定时器报文序号 = 0
******模拟网络环境******：启动定时器, 当前时间 = 2440.87, 定时器报文序号 = 0, 定时器Timeout时间 = 2460.87
******模拟网络环境******：发送方的数据包将在2463.67到达对方, 数据包为-->seqnum = 3, acknum = -1,checksum = 41118,payload = VVVVVVVVVVVVVVVVVVVV
******模拟网络环境******：关闭定时器, 当前时间 = 2460.87, 定时器报文序号 = 0
******模拟网络环境******：启动定时器, 当前时间 = 2460.87, 定时器报文序号 = 0, 定时器Timeout时间 = 2480.87
******模拟网络环境******：向上递交给应用层数据：VVVVVVVVVVVVVVVVVVVV
******模拟网络环境******：接收方发送的确认包丢失：seqnum = -1, acknum = 3,checksum = 12848,payload = .....................
接收方：目前返回的ack序号为: 3
******模拟网络环境******：发送方的数据包将在2485.39到达对方, 数据包为-->seqnum = 3, acknum = -1,checksum = 41118,payload = VVVVVVVVVVVVVVVVVVVV
******模拟网络环境******：关闭定时器, 当前时间 = 2480.87, 定时器报文序号 = 0
******模拟网络环境******：启动定时器, 当前时间 = 2480.87, 定时器报文序号 = 0, 定时器Timeout时间 = 2500.87
******模拟网络环境******：接收方的确认包将在2487.57到达对方, 确认包为-->seqnum = -1, acknum = 3,checksum = 12848,payload = .....................
发送方：接收到ACK：3
******模拟网络环境******：关闭定时器, 当前时间 = 2487.57, 定时器报文序号 = 0
******模拟网络环境******：启动定时器, 当前时间 = 2487.57, 定时器报文序号 = 0, 定时器Timeout时间 = 2507.57
发送方：接受ACK后的滑动窗口：
0) 1 2 3 (4 5| 6 7 
******模拟网络环境******：发送方的数据包将在2510.91到达对方, 数据包为-->seqnum = 4, acknum = -1,checksum = 38547,payload = WWWWWWWWWWWWWWWWWWWW
******模拟网络环境******：关闭定时器, 当前时间 = 2507.57, 定时器报文序号 = 0
******模拟网络环境******：启动定时器, 当前时间 = 2507.57, 定时器报文序号 = 0, 定时器Timeout时间 = 2527.57
******模拟网络环境******：向上递交给应用层数据：WWWWWWWWWWWWWWWWWWWW
******模拟网络环境******：接收方的确认包将在2519.03到达对方, 确认包为-->seqnum = -1, acknum = 4,checksum = 12847,payload = .....................
接收方：目前返回的ack序号为: 4
发送方：接收到ACK：4
******模拟网络环境******：关闭定时器, 当前时间 = 2519.03, 定时器报文序号 = 0
发送方：接受ACK后的滑动窗口：
0 1) 2 3 4 (5| 6 7 
发送方：发送前的滑动窗口：
0 1) 2 3 4 (5| 6 7 
******模拟网络环境******：启动定时器, 当前时间 = 2519.53, 定时器报文序号 = 0, 定时器Timeout时间 = 2539.53
******模拟网络环境******：发送方的数据包将在2524.67到达对方, 数据包为-->seqnum = 5, acknum = -1,checksum = 35976,payload = XXXXXXXXXXXXXXXXXXXX
发送方：发送后的滑动窗口：
0 1) 2 3 4 (5 6| 7 
发送方：发送前的滑动窗口：
0 1) 2 3 4 (5 6| 7 
******模拟网络环境******：发送方的数据包将在2531.22到达对方, 数据包为-->seqnum = 6, acknum = -1,checksum = 33405,payload = YYYYYYYYYYYYYYYYYYYY
发送方：发送后的滑动窗口：
0 1) 2 3 4 (5 6 7| 
发送方：发送前的滑动窗口：
0 1) 2 3 4 (5 6 7| 
******模拟网络环境******：发送方的数据包将在2533.55到达对方, 数据包为-->seqnum = 7, acknum = -1,checksum = 30834,payload = ZZZZZZZZZZZZZZZZZZZZ
发送方：发送后的滑动窗口：
0| 1) 2 3 4 (5 6 7 
发送方：发送前的滑动窗口：
0| 1) 2 3 4 (5 6 7 
******模拟网络环境******：发送方的数据包将在2537.02到达对方, 数据包为-->seqnum = 0, acknum = -1,checksum = 29873,payload = EOF                  
发送方：发送后的滑动窗口：
0 1|) 2 3 4 (5 6 7 
******模拟网络环境******：向上递交给应用层数据：XXXXXXXXXXXXXXXXXXXX
******模拟网络环境******：接收方的确认包将在2527.21到达对方, 确认包为-->seqnum = -1, acknum = 5,checksum = 12846,payload = .....................
接收方：目前返回的ack序号为: 5
发送方：接收到ACK：5
******模拟网络环境******：关闭定时器, 当前时间 = 2527.21, 定时器报文序号 = 0
******模拟网络环境******：启动定时器, 当前时间 = 2527.21, 定时器报文序号 = 0, 定时器Timeout时间 = 2547.21
发送方：接受ACK后的滑动窗口：
0 1| 2) 3 4 5 (6 7 
******模拟网络环境******：向上递交给应用层数据：YYYYYYYYYYYYYYYYYYYY
******模拟网络环境******：接收方的确认包将在2537.29到达对方, 确认包为-->seqnum = -1, acknum = 6,checksum = 12845,payload = .....................
接收方：目前返回的ack序号为: 6
******模拟网络环境******：向上递交给应用层数据：ZZZZZZZZZZZZZZZZZZZZ
******模拟网络环境******：接收方发送的确认包丢失：seqnum = -1, acknum = 7,checksum = 12844,payload = .....................
接收方：目前返回的ack序号为: 7
******模拟网络环境******：向上递交给应用层数据：EOF                  
******模拟网络环境******：接收方的确认包将在2539.95到达对方, 确认包为-->seqnum = -1, acknum = 0,checksum = 12851,payload = .....................
接收方：目前返回的ack序号为: 0
发送方：接收到ACK：6
******模拟网络环境******：关闭定时器, 当前时间 = 2537.29, 定时器报文序号 = 0
******模拟网络环境******：启动定时器, 当前时间 = 2537.29, 定时器报文序号 = 0, 定时器Timeout时间 = 2557.29
发送方：接受ACK后的滑动窗口：
0 1| 2 3) 4 5 6 (7 
发送方：接收到ACK：0
******模拟网络环境******：关闭定时器, 当前时间 = 2539.95, 定时器报文序号 = 0
发送方：接受ACK后的滑动窗口：
0 (1| 2 3 4 5) 6 7 
******模拟网络环境******：模拟网络环境已发送完应用层数据，关闭模拟网络环境
已发送应用层Message个数: 105
发送到网络层数据Packet个数: 184
网络层丢失的数据Packet个数: 16
网络层损坏的数据pakcet个数:18
发送到网络层确认Packet个数:168
网络层丢失的确认Packet个数: 22
网络层损坏的确认Packet个数: 18

