******模拟网络环境******：模拟网络环境启动...
发送方：发送方发送前的滑动窗口：
(0| 1 2 3 4) 5 6 7 
******模拟网络环境******：启动定时器, 当前时间 = 0.1675, 定时器报文序号 = 0, 定时器Timeout时间 = 20.1675
******模拟网络环境******：发送方的数据包将在2.2875到达对方, 数据包为-->seqnum = 0, acknum = -1,checksum = 29556,payload = AAAAAAAAAAAAAAAAAAAA
发送方：发送方发送后的滑动窗口：
(0 1| 2 3 4) 5 6 7 
******模拟网络环境******：向上递交给应用层数据：AAAAAAAAAAAAAAAAAAAA
******模拟网络环境******：接收方的确认包将在8.7575到达对方, 确认包为-->seqnum = -1, acknum = 0,checksum = 12851,payload = .....................
目前返回的ack序号为: 0

发送方：接收到ACK：0
******模拟网络环境******：关闭定时器, 当前时间 = 8.7575, 定时器报文序号 = 0
发送方：发送方接收ACK后的滑动窗口：
0 (1| 2 3 4 5) 6 7 
发送方：发送方发送前的滑动窗口：
0 (1| 2 3 4 5) 6 7 
******模拟网络环境******：启动定时器, 当前时间 = 8.95, 定时器报文序号 = 0, 定时器Timeout时间 = 28.95
******模拟网络环境******：网络层数据包损坏,损坏的包为-->seqnum = -999999, acknum = -1,checksum = 26985,payload = BBBBBBBBBBBBBBBBBBBB
******模拟网络环境******：发送方的数据包将在16.07到达对方, 数据包为-->seqnum = -999999, acknum = -1,checksum = 26985,payload = BBBBBBBBBBBBBBBBBBBB
发送方：发送方发送后的滑动窗口：
0 (1 2| 3 4 5) 6 7 
发送方：发送方发送前的滑动窗口：
0 (1 2| 3 4 5) 6 7 
******模拟网络环境******：发送方的数据包将在26.53到达对方, 数据包为-->seqnum = 2, acknum = -1,checksum = 24414,payload = CCCCCCCCCCCCCCCCCCCC
发送方：发送方发送后的滑动窗口：
0 (1 2 3| 4 5) 6 7 
发送方：发送方发送前的滑动窗口：
0 (1 2 3| 4 5) 6 7 
******模拟网络环境******：发送方的数据包将在29.95到达对方, 数据包为-->seqnum = 3, acknum = -1,checksum = 21843,payload = DDDDDDDDDDDDDDDDDDDD
发送方：发送方发送后的滑动窗口：
0 (1 2 3 4| 5) 6 7 
发送方：发送方发送前的滑动窗口：
0 (1 2 3 4| 5) 6 7 
******模拟网络环境******：发送方的数据包将在40.15到达对方, 数据包为-->seqnum = 4, acknum = -1,checksum = 19272,payload = EEEEEEEEEEEEEEEEEEEE
发送方：发送方发送后的滑动窗口：
0 (1 2 3 4 5|) 6 7 
******模拟网络环境******：接收方的确认包将在18.3到达对方, 确认包为-->seqnum = -1, acknum = 0,checksum = 12851,payload = .....................
******模拟网络环境******：接收方的确认包将在35.2到达对方, 确认包为-->seqnum = -1, acknum = 0,checksum = 12851,payload = .....................
******模拟网络环境******：发送方的数据包将在42.17到达对方, 数据包为-->seqnum = 1, acknum = -1,checksum = 26985,payload = BBBBBBBBBBBBBBBBBBBB
******模拟网络环境******：关闭定时器, 当前时间 = 28.95, 定时器报文序号 = 0
******模拟网络环境******：启动定时器, 当前时间 = 28.95, 定时器报文序号 = 0, 定时器Timeout时间 = 48.95
******模拟网络环境******：接收方的确认包将在37.05到达对方, 确认包为-->seqnum = -1, acknum = 0,checksum = 12851,payload = .....................
******模拟网络环境******：接收方的确认包将在41.74到达对方, 确认包为-->seqnum = -1, acknum = 0,checksum = 12851,payload = .....................
******模拟网络环境******：发送方的数据包将在46.99到达对方, 数据包为-->seqnum = 1, acknum = -1,checksum = 26985,payload = BBBBBBBBBBBBBBBBBBBB
******模拟网络环境******：向上递交给应用层数据：BBBBBBBBBBBBBBBBBBBB
******模拟网络环境******：接收方的确认包将在53.05到达对方, 确认包为-->seqnum = -1, acknum = 1,checksum = 12850,payload = .....................
目前返回的ack序号为: 1

******模拟网络环境******：接收方的确认包将在61.25到达对方, 确认包为-->seqnum = -1, acknum = 1,checksum = 12850,payload = .....................
******模拟网络环境******：发送方的数据包将在56.95到达对方, 数据包为-->seqnum = 1, acknum = -1,checksum = 26985,payload = BBBBBBBBBBBBBBBBBBBB
******模拟网络环境******：关闭定时器, 当前时间 = 48.95, 定时器报文序号 = 0
******模拟网络环境******：启动定时器, 当前时间 = 48.95, 定时器报文序号 = 0, 定时器Timeout时间 = 68.95
发送方：接收到ACK：1
******模拟网络环境******：关闭定时器, 当前时间 = 53.05, 定时器报文序号 = 0
******模拟网络环境******：启动定时器, 当前时间 = 53.05, 定时器报文序号 = 0, 定时器Timeout时间 = 73.05
发送方：发送方接收ACK后的滑动窗口：
0 1 (2 3 4 5| 6) 7 
******模拟网络环境******：接收方的确认包将在70.85到达对方, 确认包为-->seqnum = -1, acknum = 1,checksum = 12850,payload = .....................
******模拟网络环境******：发送方的数据包将在78.28到达对方, 数据包为-->seqnum = 2, acknum = -1,checksum = 24414,payload = CCCCCCCCCCCCCCCCCCCC
******模拟网络环境******：关闭定时器, 当前时间 = 73.05, 定时器报文序号 = 0
******模拟网络环境******：启动定时器, 当前时间 = 73.05, 定时器报文序号 = 0, 定时器Timeout时间 = 93.05
******模拟网络环境******：向上递交给应用层数据：CCCCCCCCCCCCCCCCCCCC
******模拟网络环境******：接收方的确认包将在83.9到达对方, 确认包为-->seqnum = -1, acknum = 2,checksum = 12849,payload = .....................
目前返回的ack序号为: 2

发送方：接收到ACK：2
******模拟网络环境******：关闭定时器, 当前时间 = 83.9, 定时器报文序号 = 0
******模拟网络环境******：启动定时器, 当前时间 = 83.9, 定时器报文序号 = 0, 定时器Timeout时间 = 103.9
发送方：发送方接收ACK后的滑动窗口：
0 1 2 (3 4 5| 6 7) 
******模拟网络环境******：发送方的数据包将在114.18到达对方, 数据包为-->seqnum = 3, acknum = -1,checksum = 21843,payload = DDDDDDDDDDDDDDDDDDDD
******模拟网络环境******：关闭定时器, 当前时间 = 103.9, 定时器报文序号 = 0
******模拟网络环境******：启动定时器, 当前时间 = 103.9, 定时器报文序号 = 0, 定时器Timeout时间 = 123.9
******模拟网络环境******：向上递交给应用层数据：DDDDDDDDDDDDDDDDDDDD
******模拟网络环境******：接收方的确认包将在124.55到达对方, 确认包为-->seqnum = -1, acknum = 3,checksum = 12848,payload = .....................
目前返回的ack序号为: 3

******模拟网络环境******：发送方的数据包将在133.24到达对方, 数据包为-->seqnum = 3, acknum = -1,checksum = 21843,payload = DDDDDDDDDDDDDDDDDDDD
******模拟网络环境******：关闭定时器, 当前时间 = 123.9, 定时器报文序号 = 0
******模拟网络环境******：启动定时器, 当前时间 = 123.9, 定时器报文序号 = 0, 定时器Timeout时间 = 143.9
发送方：接收到ACK：3
******模拟网络环境******：关闭定时器, 当前时间 = 124.55, 定时器报文序号 = 0
******模拟网络环境******：启动定时器, 当前时间 = 124.55, 定时器报文序号 = 0, 定时器Timeout时间 = 144.55
发送方：发送方接收ACK后的滑动窗口：
0) 1 2 3 (4 5| 6 7 
******模拟网络环境******：接收方的确认包将在138.24到达对方, 确认包为-->seqnum = -1, acknum = 3,checksum = 12848,payload = .....................
******模拟网络环境******：发送方发送的数据包丢失：seqnum = 4, acknum = -1,checksum = 19272,payload = EEEEEEEEEEEEEEEEEEEE
******模拟网络环境******：关闭定时器, 当前时间 = 144.55, 定时器报文序号 = 0
******模拟网络环境******：启动定时器, 当前时间 = 144.55, 定时器报文序号 = 0, 定时器Timeout时间 = 164.55
******模拟网络环境******：发送方的数据包将在173.27到达对方, 数据包为-->seqnum = 4, acknum = -1,checksum = 19272,payload = EEEEEEEEEEEEEEEEEEEE
******模拟网络环境******：关闭定时器, 当前时间 = 164.55, 定时器报文序号 = 0
******模拟网络环境******：启动定时器, 当前时间 = 164.55, 定时器报文序号 = 0, 定时器Timeout时间 = 184.55
******模拟网络环境******：向上递交给应用层数据：EEEEEEEEEEEEEEEEEEEE
******模拟网络环境******：接收方发送的确认包丢失：seqnum = -1, acknum = 4,checksum = 12847,payload = .....................
目前返回的ack序号为: 4

******模拟网络环境******：发送方发送的数据包丢失：seqnum = 4, acknum = -1,checksum = 19272,payload = EEEEEEEEEEEEEEEEEEEE
******模拟网络环境******：关闭定时器, 当前时间 = 184.55, 定时器报文序号 = 0
******模拟网络环境******：启动定时器, 当前时间 = 184.55, 定时器报文序号 = 0, 定时器Timeout时间 = 204.55
******模拟网络环境******：发送方的数据包将在208.51到达对方, 数据包为-->seqnum = 4, acknum = -1,checksum = 19272,payload = EEEEEEEEEEEEEEEEEEEE
******模拟网络环境******：关闭定时器, 当前时间 = 204.55, 定时器报文序号 = 0
******模拟网络环境******：启动定时器, 当前时间 = 204.55, 定时器报文序号 = 0, 定时器Timeout时间 = 224.55
******模拟网络环境******：接收方的确认包将在216.06到达对方, 确认包为-->seqnum = -1, acknum = 4,checksum = 12847,payload = .....................
发送方：接收到ACK：4
******模拟网络环境******：关闭定时器, 当前时间 = 216.06, 定时器报文序号 = 0
发送方：发送方接收ACK后的滑动窗口：
0 1) 2 3 4 (5| 6 7 
发送方：发送方发送前的滑动窗口：
0 1) 2 3 4 (5| 6 7 
******模拟网络环境******：启动定时器, 当前时间 = 216.16, 定时器报文序号 = 0, 定时器Timeout时间 = 236.16
******模拟网络环境******：发送方的数据包将在224.06到达对方, 数据包为-->seqnum = 5, acknum = -1,checksum = 16701,payload = FFFFFFFFFFFFFFFFFFFF
发送方：发送方发送后的滑动窗口：
0 1) 2 3 4 (5 6| 7 
发送方：发送方发送前的滑动窗口：
0 1) 2 3 4 (5 6| 7 
******模拟网络环境******：发送方的数据包将在234.06到达对方, 数据包为-->seqnum = 6, acknum = -1,checksum = 14130,payload = GGGGGGGGGGGGGGGGGGGG
发送方：发送方发送后的滑动窗口：
0 1) 2 3 4 (5 6 7| 
发送方：发送方发送前的滑动窗口：
0 1) 2 3 4 (5 6 7| 
******模拟网络环境******：发送方的数据包将在241.24到达对方, 数据包为-->seqnum = 7, acknum = -1,checksum = 11559,payload = HHHHHHHHHHHHHHHHHHHH
发送方：发送方发送后的滑动窗口：
0| 1) 2 3 4 (5 6 7 
发送方：发送方发送前的滑动窗口：
0| 1) 2 3 4 (5 6 7 
******模拟网络环境******：发送方发送的数据包丢失：seqnum = 0, acknum = -1,checksum = 8996,payload = IIIIIIIIIIIIIIIIIIII
发送方：发送方发送后的滑动窗口：
0 1|) 2 3 4 (5 6 7 
******模拟网络环境******：向上递交给应用层数据：FFFFFFFFFFFFFFFFFFFF
******模拟网络环境******：接收方的确认包将在228.04到达对方, 确认包为-->seqnum = -1, acknum = 5,checksum = 12846,payload = .....................
目前返回的ack序号为: 5

发送方：接收到ACK：5
******模拟网络环境******：关闭定时器, 当前时间 = 228.04, 定时器报文序号 = 0
******模拟网络环境******：启动定时器, 当前时间 = 228.04, 定时器报文序号 = 0, 定时器Timeout时间 = 248.04
发送方：发送方接收ACK后的滑动窗口：
0 1| 2) 3 4 5 (6 7 
******模拟网络环境******：向上递交给应用层数据：GGGGGGGGGGGGGGGGGGGG
******模拟网络环境******：接收方的确认包将在239.84到达对方, 确认包为-->seqnum = -1, acknum = 6,checksum = 12845,payload = .....................
目前返回的ack序号为: 6

发送方：接收到ACK：6
******模拟网络环境******：关闭定时器, 当前时间 = 239.84, 定时器报文序号 = 0
******模拟网络环境******：启动定时器, 当前时间 = 239.84, 定时器报文序号 = 0, 定时器Timeout时间 = 259.84
发送方：发送方接收ACK后的滑动窗口：
0 1| 2 3) 4 5 6 (7 
******模拟网络环境******：向上递交给应用层数据：HHHHHHHHHHHHHHHHHHHH
******模拟网络环境******：接收方的确认包将在244.01到达对方, 确认包为-->seqnum = -1, acknum = 7,checksum = 12844,payload = .....................
目前返回的ack序号为: 7

发送方：接收到ACK：7
******模拟网络环境******：关闭定时器, 当前时间 = 244.01, 定时器报文序号 = 0
******模拟网络环境******：启动定时器, 当前时间 = 244.01, 定时器报文序号 = 0, 定时器Timeout时间 = 264.01
发送方：发送方接收ACK后的滑动窗口：
(0 1| 2 3 4) 5 6 7 
******模拟网络环境******：发送方的数据包将在266.97到达对方, 数据包为-->seqnum = 0, acknum = -1,checksum = 8996,payload = IIIIIIIIIIIIIIIIIIII
******模拟网络环境******：关闭定时器, 当前时间 = 264.01, 定时器报文序号 = 0
******模拟网络环境******：启动定时器, 当前时间 = 264.01, 定时器报文序号 = 0, 定时器Timeout时间 = 284.01
******模拟网络环境******：向上递交给应用层数据：IIIIIIIIIIIIIIIIIIII
******模拟网络环境******：接收方发送的确认包丢失：seqnum = -1, acknum = 0,checksum = 12851,payload = .....................
目前返回的ack序号为: 0

******模拟网络环境******：发送方的数据包将在286.73到达对方, 数据包为-->seqnum = 0, acknum = -1,checksum = 8996,payload = IIIIIIIIIIIIIIIIIIII
******模拟网络环境******：关闭定时器, 当前时间 = 284.01, 定时器报文序号 = 0
******模拟网络环境******：启动定时器, 当前时间 = 284.01, 定时器报文序号 = 0, 定时器Timeout时间 = 304.01
******模拟网络环境******：接收方的确认包将在288.52到达对方, 确认包为-->seqnum = -1, acknum = 0,checksum = 12851,payload = .....................
发送方：接收到ACK：0
******模拟网络环境******：关闭定时器, 当前时间 = 288.52, 定时器报文序号 = 0
发送方：发送方接收ACK后的滑动窗口：
0 (1| 2 3 4 5) 6 7 
发送方：发送方发送前的滑动窗口：
0 (1| 2 3 4 5) 6 7 
******模拟网络环境******：启动定时器, 当前时间 = 289.173, 定时器报文序号 = 0, 定时器Timeout时间 = 309.173
******模拟网络环境******：发送方的数据包将在296.213到达对方, 数据包为-->seqnum = 1, acknum = -1,checksum = 6425,payload = JJJJJJJJJJJJJJJJJJJJ
发送方：发送方发送后的滑动窗口：
0 (1 2| 3 4 5) 6 7 
发送方：发送方发送前的滑动窗口：
0 (1 2| 3 4 5) 6 7 
******模拟网络环境******：发送方的数据包将在302.173到达对方, 数据包为-->seqnum = 2, acknum = -1,checksum = 3854,payload = KKKKKKKKKKKKKKKKKKKK
发送方：发送方发送后的滑动窗口：
0 (1 2 3| 4 5) 6 7 
发送方：发送方发送前的滑动窗口：
0 (1 2 3| 4 5) 6 7 
******模拟网络环境******：网络层数据包损坏,损坏的包为-->seqnum = 3, acknum = -1,checksum = 1283,payload = MLLLLLLLLLLLLLLLLLLL
******模拟网络环境******：发送方的数据包将在303.393到达对方, 数据包为-->seqnum = 3, acknum = -1,checksum = 1283,payload = MLLLLLLLLLLLLLLLLLLL
发送方：发送方发送后的滑动窗口：
0 (1 2 3 4| 5) 6 7 
发送方：发送方发送前的滑动窗口：
0 (1 2 3 4| 5) 6 7 
******模拟网络环境******：发送方的数据包将在305.043到达对方, 数据包为-->seqnum = 4, acknum = -1,checksum = 64247,payload = MMMMMMMMMMMMMMMMMMMM
发送方：发送方发送后的滑动窗口：
0 (1 2 3 4 5|) 6 7 
******模拟网络环境******：向上递交给应用层数据：JJJJJJJJJJJJJJJJJJJJ
******模拟网络环境******：接收方的确认包将在306.673到达对方, 确认包为-->seqnum = -1, acknum = 1,checksum = 12850,payload = .....................
目前返回的ack序号为: 1

******模拟网络环境******：向上递交给应用层数据：KKKKKKKKKKKKKKKKKKKK
******模拟网络环境******：接收方的确认包将在307.883到达对方, 确认包为-->seqnum = -1, acknum = 2,checksum = 12849,payload = .....................
目前返回的ack序号为: 2

******模拟网络环境******：接收方的确认包将在318.153到达对方, 确认包为-->seqnum = -1, acknum = 2,checksum = 12849,payload = .....................
******模拟网络环境******：接收方的确认包将在319.223到达对方, 确认包为-->seqnum = -1, acknum = 2,checksum = 12849,payload = .....................
发送方：接收到ACK：1
******模拟网络环境******：关闭定时器, 当前时间 = 306.673, 定时器报文序号 = 0
******模拟网络环境******：启动定时器, 当前时间 = 306.673, 定时器报文序号 = 0, 定时器Timeout时间 = 326.673
发送方：发送方接收ACK后的滑动窗口：
0 1 (2 3 4 5| 6) 7 
发送方：接收到ACK：2
******模拟网络环境******：关闭定时器, 当前时间 = 307.883, 定时器报文序号 = 0
******模拟网络环境******：启动定时器, 当前时间 = 307.883, 定时器报文序号 = 0, 定时器Timeout时间 = 327.883
发送方：发送方接收ACK后的滑动窗口：
0 1 2 (3 4 5| 6 7) 
******模拟网络环境******：发送方的数据包将在332.523到达对方, 数据包为-->seqnum = 3, acknum = -1,checksum = 1283,payload = LLLLLLLLLLLLLLLLLLLL
******模拟网络环境******：关闭定时器, 当前时间 = 327.883, 定时器报文序号 = 0
******模拟网络环境******：启动定时器, 当前时间 = 327.883, 定时器报文序号 = 0, 定时器Timeout时间 = 347.883
******模拟网络环境******：向上递交给应用层数据：LLLLLLLLLLLLLLLLLLLL
******模拟网络环境******：接收方的确认包将在335.083到达对方, 确认包为-->seqnum = -1, acknum = 3,checksum = 12848,payload = .....................
目前返回的ack序号为: 3

发送方：接收到ACK：3
******模拟网络环境******：关闭定时器, 当前时间 = 335.083, 定时器报文序号 = 0
******模拟网络环境******：启动定时器, 当前时间 = 335.083, 定时器报文序号 = 0, 定时器Timeout时间 = 355.083
发送方：发送方接收ACK后的滑动窗口：
0) 1 2 3 (4 5| 6 7 
******模拟网络环境******：网络层数据包损坏,损坏的包为-->seqnum = 4, acknum = -1,checksum = 64247,payload = NMMMMMMMMMMMMMMMMMMM
******模拟网络环境******：发送方的数据包将在362.913到达对方, 数据包为-->seqnum = 4, acknum = -1,checksum = 64247,payload = NMMMMMMMMMMMMMMMMMMM
******模拟网络环境******：关闭定时器, 当前时间 = 355.083, 定时器报文序号 = 0
******模拟网络环境******：启动定时器, 当前时间 = 355.083, 定时器报文序号 = 0, 定时器Timeout时间 = 375.083
******模拟网络环境******：接收方的确认包将在368.533到达对方, 确认包为-->seqnum = -1, acknum = 3,checksum = 12848,payload = .....................
******模拟网络环境******：发送方的数据包将在385.153到达对方, 数据包为-->seqnum = 4, acknum = -1,checksum = 64247,payload = MMMMMMMMMMMMMMMMMMMM
******模拟网络环境******：关闭定时器, 当前时间 = 375.083, 定时器报文序号 = 0
******模拟网络环境******：启动定时器, 当前时间 = 375.083, 定时器报文序号 = 0, 定时器Timeout时间 = 395.083
******模拟网络环境******：向上递交给应用层数据：MMMMMMMMMMMMMMMMMMMM
******模拟网络环境******：接收方的确认包将在395.063到达对方, 确认包为-->seqnum = -1, acknum = 4,checksum = 12847,payload = .....................
目前返回的ack序号为: 4

发送方：接收到ACK：4
******模拟网络环境******：关闭定时器, 当前时间 = 395.063, 定时器报文序号 = 0
发送方：发送方接收ACK后的滑动窗口：
0 1) 2 3 4 (5| 6 7 
发送方：发送方发送前的滑动窗口：
0 1) 2 3 4 (5| 6 7 
******模拟网络环境******：启动定时器, 当前时间 = 395.403, 定时器报文序号 = 0, 定时器Timeout时间 = 415.403
******模拟网络环境******：发送方的数据包将在399.173到达对方, 数据包为-->seqnum = 5, acknum = -1,checksum = 61676,payload = NNNNNNNNNNNNNNNNNNNN
发送方：发送方发送后的滑动窗口：
0 1) 2 3 4 (5 6| 7 
发送方：发送方发送前的滑动窗口：
0 1) 2 3 4 (5 6| 7 
******模拟网络环境******：发送方的数据包将在402.273到达对方, 数据包为-->seqnum = 6, acknum = -1,checksum = 59105,payload = OOOOOOOOOOOOOOOOOOOO
发送方：发送方发送后的滑动窗口：
0 1) 2 3 4 (5 6 7| 
发送方：发送方发送前的滑动窗口：
0 1) 2 3 4 (5 6 7| 
******模拟网络环境******：发送方的数据包将在409.223到达对方, 数据包为-->seqnum = 7, acknum = -1,checksum = 56534,payload = PPPPPPPPPPPPPPPPPPPP
发送方：发送方发送后的滑动窗口：
0| 1) 2 3 4 (5 6 7 
发送方：发送方发送前的滑动窗口：
0| 1) 2 3 4 (5 6 7 
******模拟网络环境******：发送方的数据包将在414.993到达对方, 数据包为-->seqnum = 0, acknum = -1,checksum = 53971,payload = QQQQQQQQQQQQQQQQQQQQ
发送方：发送方发送后的滑动窗口：
0 1|) 2 3 4 (5 6 7 
******模拟网络环境******：向上递交给应用层数据：NNNNNNNNNNNNNNNNNNNN
******模拟网络环境******：接收方的确认包将在401.262到达对方, 确认包为-->seqnum = -1, acknum = 5,checksum = 12846,payload = .....................
目前返回的ack序号为: 5

发送方：接收到ACK：5
******模拟网络环境******：关闭定时器, 当前时间 = 401.262, 定时器报文序号 = 0
******模拟网络环境******：启动定时器, 当前时间 = 401.262, 定时器报文序号 = 0, 定时器Timeout时间 = 421.262
发送方：发送方接收ACK后的滑动窗口：
0 1| 2) 3 4 5 (6 7 
******模拟网络环境******：向上递交给应用层数据：OOOOOOOOOOOOOOOOOOOO
******模拟网络环境******：接收方的确认包将在410.803到达对方, 确认包为-->seqnum = -1, acknum = 6,checksum = 12845,payload = .....................
目前返回的ack序号为: 6

******模拟网络环境******：向上递交给应用层数据：PPPPPPPPPPPPPPPPPPPP
******模拟网络环境******：接收方的确认包将在416.723到达对方, 确认包为-->seqnum = -1, acknum = 7,checksum = 12844,payload = .....................
目前返回的ack序号为: 7

发送方：接收到ACK：6
******模拟网络环境******：关闭定时器, 当前时间 = 410.803, 定时器报文序号 = 0
******模拟网络环境******：启动定时器, 当前时间 = 410.803, 定时器报文序号 = 0, 定时器Timeout时间 = 430.803
发送方：发送方接收ACK后的滑动窗口：
0 1| 2 3) 4 5 6 (7 
******模拟网络环境******：向上递交给应用层数据：QQQQQQQQQQQQQQQQQQQQ
******模拟网络环境******：接收方的确认包将在425.633到达对方, 确认包为-->seqnum = -1, acknum = 0,checksum = 12851,payload = .....................
目前返回的ack序号为: 0

发送方：接收到ACK：7
******模拟网络环境******：关闭定时器, 当前时间 = 416.723, 定时器报文序号 = 0
******模拟网络环境******：启动定时器, 当前时间 = 416.723, 定时器报文序号 = 0, 定时器Timeout时间 = 436.723
发送方：发送方接收ACK后的滑动窗口：
(0 1| 2 3 4) 5 6 7 
发送方：接收到ACK：0
******模拟网络环境******：关闭定时器, 当前时间 = 425.633, 定时器报文序号 = 0
发送方：发送方接收ACK后的滑动窗口：
0 (1| 2 3 4 5) 6 7 
发送方：发送方发送前的滑动窗口：
0 (1| 2 3 4 5) 6 7 
******模拟网络环境******：启动定时器, 当前时间 = 426.02, 定时器报文序号 = 0, 定时器Timeout时间 = 446.02
******模拟网络环境******：发送方的数据包将在428.64到达对方, 数据包为-->seqnum = 1, acknum = -1,checksum = 51400,payload = RRRRRRRRRRRRRRRRRRRR
发送方：发送方发送后的滑动窗口：
0 (1 2| 3 4 5) 6 7 
发送方：发送方发送前的滑动窗口：
0 (1 2| 3 4 5) 6 7 
******模拟网络环境******：发送方的数据包将在434.12到达对方, 数据包为-->seqnum = 2, acknum = -1,checksum = 48829,payload = SSSSSSSSSSSSSSSSSSSS
发送方：发送方发送后的滑动窗口：
0 (1 2 3| 4 5) 6 7 
发送方：发送方发送前的滑动窗口：
0 (1 2 3| 4 5) 6 7 
******模拟网络环境******：发送方的数据包将在435.85到达对方, 数据包为-->seqnum = 3, acknum = -1,checksum = 46258,payload = TTTTTTTTTTTTTTTTTTTT
发送方：发送方发送后的滑动窗口：
0 (1 2 3 4| 5) 6 7 
发送方：发送方发送前的滑动窗口：
0 (1 2 3 4| 5) 6 7 
******模拟网络环境******：发送方的数据包将在446.4到达对方, 数据包为-->seqnum = 4, acknum = -1,checksum = 43687,payload = UUUUUUUUUUUUUUUUUUUU
发送方：发送方发送后的滑动窗口：
0 (1 2 3 4 5|) 6 7 
******模拟网络环境******：向上递交给应用层数据：RRRRRRRRRRRRRRRRRRRR
******模拟网络环境******：接收方的确认包将在434.74到达对方, 确认包为-->seqnum = -1, acknum = 1,checksum = 12850,payload = .....................
目前返回的ack序号为: 1

******模拟网络环境******：向上递交给应用层数据：SSSSSSSSSSSSSSSSSSSS
******模拟网络环境******：接收方的确认包将在436.33到达对方, 确认包为-->seqnum = -1, acknum = 2,checksum = 12849,payload = .....................
目前返回的ack序号为: 2

发送方：接收到ACK：1
******模拟网络环境******：关闭定时器, 当前时间 = 434.74, 定时器报文序号 = 0
******模拟网络环境******：启动定时器, 当前时间 = 434.74, 定时器报文序号 = 0, 定时器Timeout时间 = 454.74
发送方：发送方接收ACK后的滑动窗口：
0 1 (2 3 4 5| 6) 7 
******模拟网络环境******：向上递交给应用层数据：TTTTTTTTTTTTTTTTTTTT
******模拟网络环境******：接收方的确认包将在442.42到达对方, 确认包为-->seqnum = -1, acknum = 3,checksum = 12848,payload = .....................
目前返回的ack序号为: 3

发送方：接收到ACK：2
******模拟网络环境******：关闭定时器, 当前时间 = 436.33, 定时器报文序号 = 0
******模拟网络环境******：启动定时器, 当前时间 = 436.33, 定时器报文序号 = 0, 定时器Timeout时间 = 456.33
发送方：发送方接收ACK后的滑动窗口：
0 1 2 (3 4 5| 6 7) 
发送方：接收到ACK：3
******模拟网络环境******：关闭定时器, 当前时间 = 442.42, 定时器报文序号 = 0
******模拟网络环境******：启动定时器, 当前时间 = 442.42, 定时器报文序号 = 0, 定时器Timeout时间 = 462.42
发送方：发送方接收ACK后的滑动窗口：
0) 1 2 3 (4 5| 6 7 
******模拟网络环境******：向上递交给应用层数据：UUUUUUUUUUUUUUUUUUUU
******模拟网络环境******：接收方的确认包将在450.23到达对方, 确认包为-->seqnum = -1, acknum = 4,checksum = 12847,payload = .....................
目前返回的ack序号为: 4

发送方：接收到ACK：4
******模拟网络环境******：关闭定时器, 当前时间 = 450.23, 定时器报文序号 = 0
发送方：发送方接收ACK后的滑动窗口：
0 1) 2 3 4 (5| 6 7 
发送方：发送方发送前的滑动窗口：
0 1) 2 3 4 (5| 6 7 
******模拟网络环境******：启动定时器, 当前时间 = 450.573, 定时器报文序号 = 0, 定时器Timeout时间 = 470.573
******模拟网络环境******：网络层数据包损坏,损坏的包为-->seqnum = -999999, acknum = -1,checksum = 41116,payload = VVVVVVVVVVVVVVVVVVVV
******模拟网络环境******：发送方的数据包将在457.283到达对方, 数据包为-->seqnum = -999999, acknum = -1,checksum = 41116,payload = VVVVVVVVVVVVVVVVVVVV
发送方：发送方发送后的滑动窗口：
0 1) 2 3 4 (5 6| 7 
发送方：发送方发送前的滑动窗口：
0 1) 2 3 4 (5 6| 7 
******模拟网络环境******：发送方的数据包将在462.303到达对方, 数据包为-->seqnum = 6, acknum = -1,checksum = 38545,payload = WWWWWWWWWWWWWWWWWWWW
发送方：发送方发送后的滑动窗口：
0 1) 2 3 4 (5 6 7| 
发送方：发送方发送前的滑动窗口：
0 1) 2 3 4 (5 6 7| 
******模拟网络环境******：发送方的数据包将在473.082到达对方, 数据包为-->seqnum = 7, acknum = -1,checksum = 35974,payload = XXXXXXXXXXXXXXXXXXXX
发送方：发送方发送后的滑动窗口：
0| 1) 2 3 4 (5 6 7 
发送方：发送方发送前的滑动窗口：
0| 1) 2 3 4 (5 6 7 
******模拟网络环境******：发送方的数据包将在474.832到达对方, 数据包为-->seqnum = 0, acknum = -1,checksum = 33411,payload = YYYYYYYYYYYYYYYYYYYY
发送方：发送方发送后的滑动窗口：
0 1|) 2 3 4 (5 6 7 
******模拟网络环境******：接收方的确认包将在458.773到达对方, 确认包为-->seqnum = -1, acknum = 4,checksum = 12847,payload = .....................
******模拟网络环境******：接收方发送的确认包丢失：seqnum = -1, acknum = 4,checksum = 12847,payload = .....................
******模拟网络环境******：发送方的数据包将在485.582到达对方, 数据包为-->seqnum = 5, acknum = -1,checksum = 41116,payload = VVVVVVVVVVVVVVVVVVVV
******模拟网络环境******：关闭定时器, 当前时间 = 470.573, 定时器报文序号 = 0
******模拟网络环境******：启动定时器, 当前时间 = 470.573, 定时器报文序号 = 0, 定时器Timeout时间 = 490.573
******模拟网络环境******：接收方的确认包将在477.933到达对方, 确认包为-->seqnum = -1, acknum = 4,checksum = 12847,payload = .....................
******模拟网络环境******：接收方的确认包将在481.022到达对方, 确认包为-->seqnum = -1, acknum = 4,checksum = 12847,payload = .....................
******模拟网络环境******：向上递交给应用层数据：VVVVVVVVVVVVVVVVVVVV
******模拟网络环境******：接收方的确认包将在486.743到达对方, 确认包为-->seqnum = -1, acknum = 5,checksum = 12846,payload = .....................
目前返回的ack序号为: 5

发送方：接收到ACK：5
******模拟网络环境******：关闭定时器, 当前时间 = 486.743, 定时器报文序号 = 0
******模拟网络环境******：启动定时器, 当前时间 = 486.743, 定时器报文序号 = 0, 定时器Timeout时间 = 506.743
发送方：发送方接收ACK后的滑动窗口：
0 1| 2) 3 4 5 (6 7 
******模拟网络环境******：发送方的数据包将在507.942到达对方, 数据包为-->seqnum = 6, acknum = -1,checksum = 38545,payload = WWWWWWWWWWWWWWWWWWWW
******模拟网络环境******：关闭定时器, 当前时间 = 506.743, 定时器报文序号 = 0
******模拟网络环境******：启动定时器, 当前时间 = 506.743, 定时器报文序号 = 0, 定时器Timeout时间 = 526.743
******模拟网络环境******：向上递交给应用层数据：WWWWWWWWWWWWWWWWWWWW
******模拟网络环境******：接收方的确认包将在513.673到达对方, 确认包为-->seqnum = -1, acknum = 6,checksum = 12845,payload = .....................
目前返回的ack序号为: 6

发送方：接收到ACK：6
******模拟网络环境******：关闭定时器, 当前时间 = 513.673, 定时器报文序号 = 0
******模拟网络环境******：启动定时器, 当前时间 = 513.673, 定时器报文序号 = 0, 定时器Timeout时间 = 533.673
发送方：发送方接收ACK后的滑动窗口：
0 1| 2 3) 4 5 6 (7 
******模拟网络环境******：发送方的数据包将在537.403到达对方, 数据包为-->seqnum = 7, acknum = -1,checksum = 35974,payload = XXXXXXXXXXXXXXXXXXXX
******模拟网络环境******：关闭定时器, 当前时间 = 533.673, 定时器报文序号 = 0
******模拟网络环境******：启动定时器, 当前时间 = 533.673, 定时器报文序号 = 0, 定时器Timeout时间 = 553.673
******模拟网络环境******：向上递交给应用层数据：XXXXXXXXXXXXXXXXXXXX
******模拟网络环境******：网络层数据包损坏,损坏的包为-->seqnum = -1, acknum = 7,checksum = 12844,payload = /....................
******模拟网络环境******：接收方的确认包将在545.403到达对方, 确认包为-->seqnum = -1, acknum = 7,checksum = 12844,payload = /....................
目前返回的ack序号为: 7

******模拟网络环境******：发送方的数据包将在557.403到达对方, 数据包为-->seqnum = 7, acknum = -1,checksum = 35974,payload = XXXXXXXXXXXXXXXXXXXX
******模拟网络环境******：关闭定时器, 当前时间 = 553.673, 定时器报文序号 = 0
******模拟网络环境******：启动定时器, 当前时间 = 553.673, 定时器报文序号 = 0, 定时器Timeout时间 = 573.673
******模拟网络环境******：接收方的确认包将在562.623到达对方, 确认包为-->seqnum = -1, acknum = 7,checksum = 12844,payload = .....................
发送方：接收到ACK：7
******模拟网络环境******：关闭定时器, 当前时间 = 562.623, 定时器报文序号 = 0
******模拟网络环境******：启动定时器, 当前时间 = 562.623, 定时器报文序号 = 0, 定时器Timeout时间 = 582.623
发送方：发送方接收ACK后的滑动窗口：
(0 1| 2 3 4) 5 6 7 
******模拟网络环境******：发送方的数据包将在590.213到达对方, 数据包为-->seqnum = 0, acknum = -1,checksum = 33411,payload = YYYYYYYYYYYYYYYYYYYY
******模拟网络环境******：关闭定时器, 当前时间 = 582.623, 定时器报文序号 = 0
******模拟网络环境******：启动定时器, 当前时间 = 582.623, 定时器报文序号 = 0, 定时器Timeout时间 = 602.623
******模拟网络环境******：向上递交给应用层数据：YYYYYYYYYYYYYYYYYYYY
******模拟网络环境******：接收方的确认包将在594.893到达对方, 确认包为-->seqnum = -1, acknum = 0,checksum = 12851,payload = .....................
目前返回的ack序号为: 0

发送方：接收到ACK：0
******模拟网络环境******：关闭定时器, 当前时间 = 594.893, 定时器报文序号 = 0
发送方：发送方接收ACK后的滑动窗口：
0 (1| 2 3 4 5) 6 7 
发送方：发送方发送前的滑动窗口：
0 (1| 2 3 4 5) 6 7 
******模拟网络环境******：启动定时器, 当前时间 = 596.173, 定时器报文序号 = 0, 定时器Timeout时间 = 616.173
******模拟网络环境******：发送方发送的数据包丢失：seqnum = 1, acknum = -1,checksum = 30840,payload = ZZZZZZZZZZZZZZZZZZZZ
发送方：发送方发送后的滑动窗口：
0 (1 2| 3 4 5) 6 7 
发送方：发送方发送前的滑动窗口：
0 (1 2| 3 4 5) 6 7 
******模拟网络环境******：发送方的数据包将在605.71到达对方, 数据包为-->seqnum = 2, acknum = -1,checksum = 29554,payload = AAAAAAAAAAAAAAAAAAAA
发送方：发送方发送后的滑动窗口：
0 (1 2 3| 4 5) 6 7 
发送方：发送方发送前的滑动窗口：
0 (1 2 3| 4 5) 6 7 
******模拟网络环境******：网络层数据包损坏,损坏的包为-->seqnum = -999999, acknum = -1,checksum = 26983,payload = BBBBBBBBBBBBBBBBBBBB
******模拟网络环境******：发送方的数据包将在606.9到达对方, 数据包为-->seqnum = -999999, acknum = -1,checksum = 26983,payload = BBBBBBBBBBBBBBBBBBBB
发送方：发送方发送后的滑动窗口：
0 (1 2 3 4| 5) 6 7 
发送方：发送方发送前的滑动窗口：
0 (1 2 3 4| 5) 6 7 
******模拟网络环境******：发送方的数据包将在608.87到达对方, 数据包为-->seqnum = 4, acknum = -1,checksum = 24412,payload = CCCCCCCCCCCCCCCCCCCC
发送方：发送方发送后的滑动窗口：
0 (1 2 3 4 5|) 6 7 
******模拟网络环境******：接收方的确认包将在608.8到达对方, 确认包为-->seqnum = -1, acknum = 0,checksum = 12851,payload = .....................
******模拟网络环境******：接收方的确认包将在619.65到达对方, 确认包为-->seqnum = -1, acknum = 0,checksum = 12851,payload = .....................
******模拟网络环境******：接收方的确认包将在628.85到达对方, 确认包为-->seqnum = -1, acknum = 0,checksum = 12851,payload = .....................
******模拟网络环境******：发送方发送的数据包丢失：seqnum = 1, acknum = -1,checksum = 30840,payload = ZZZZZZZZZZZZZZZZZZZZ
******模拟网络环境******：关闭定时器, 当前时间 = 616.173, 定时器报文序号 = 0
******模拟网络环境******：启动定时器, 当前时间 = 616.173, 定时器报文序号 = 0, 定时器Timeout时间 = 636.173
******模拟网络环境******：发送方的数据包将在644.813到达对方, 数据包为-->seqnum = 1, acknum = -1,checksum = 30840,payload = ZZZZZZZZZZZZZZZZZZZZ
******模拟网络环境******：关闭定时器, 当前时间 = 636.173, 定时器报文序号 = 0
******模拟网络环境******：启动定时器, 当前时间 = 636.173, 定时器报文序号 = 0, 定时器Timeout时间 = 656.173
******模拟网络环境******：向上递交给应用层数据：ZZZZZZZZZZZZZZZZZZZZ
******模拟网络环境******：接收方的确认包将在654.813到达对方, 确认包为-->seqnum = -1, acknum = 1,checksum = 12850,payload = .....................
目前返回的ack序号为: 1

发送方：接收到ACK：1
******模拟网络环境******：关闭定时器, 当前时间 = 654.813, 定时器报文序号 = 0
******模拟网络环境******：启动定时器, 当前时间 = 654.813, 定时器报文序号 = 0, 定时器Timeout时间 = 674.813
发送方：发送方接收ACK后的滑动窗口：
0 1 (2 3 4 5| 6) 7 
******模拟网络环境******：发送方的数据包将在676.352到达对方, 数据包为-->seqnum = 2, acknum = -1,checksum = 29554,payload = AAAAAAAAAAAAAAAAAAAA
******模拟网络环境******：关闭定时器, 当前时间 = 674.813, 定时器报文序号 = 0
******模拟网络环境******：启动定时器, 当前时间 = 674.813, 定时器报文序号 = 0, 定时器Timeout时间 = 694.813
******模拟网络环境******：向上递交给应用层数据：AAAAAAAAAAAAAAAAAAAA
******模拟网络环境******：接收方的确认包将在677.702到达对方, 确认包为-->seqnum = -1, acknum = 2,checksum = 12849,payload = .....................
目前返回的ack序号为: 2

发送方：接收到ACK：2
******模拟网络环境******：关闭定时器, 当前时间 = 677.702, 定时器报文序号 = 0
******模拟网络环境******：启动定时器, 当前时间 = 677.702, 定时器报文序号 = 0, 定时器Timeout时间 = 697.702
发送方：发送方接收ACK后的滑动窗口：
0 1 2 (3 4 5| 6 7) 
******模拟网络环境******：发送方的数据包将在698.813到达对方, 数据包为-->seqnum = 3, acknum = -1,checksum = 26983,payload = BBBBBBBBBBBBBBBBBBBB
******模拟网络环境******：关闭定时器, 当前时间 = 697.702, 定时器报文序号 = 0
******模拟网络环境******：启动定时器, 当前时间 = 697.702, 定时器报文序号 = 0, 定时器Timeout时间 = 717.702
******模拟网络环境******：向上递交给应用层数据：BBBBBBBBBBBBBBBBBBBB
******模拟网络环境******：接收方的确认包将在700.773到达对方, 确认包为-->seqnum = -1, acknum = 3,checksum = 12848,payload = .....................
目前返回的ack序号为: 3

发送方：接收到ACK：3
******模拟网络环境******：关闭定时器, 当前时间 = 700.773, 定时器报文序号 = 0
******模拟网络环境******：启动定时器, 当前时间 = 700.773, 定时器报文序号 = 0, 定时器Timeout时间 = 720.773
发送方：发送方接收ACK后的滑动窗口：
0) 1 2 3 (4 5| 6 7 
******模拟网络环境******：发送方的数据包将在730.483到达对方, 数据包为-->seqnum = 4, acknum = -1,checksum = 24412,payload = CCCCCCCCCCCCCCCCCCCC
******模拟网络环境******：关闭定时器, 当前时间 = 720.773, 定时器报文序号 = 0
******模拟网络环境******：启动定时器, 当前时间 = 720.773, 定时器报文序号 = 0, 定时器Timeout时间 = 740.773
******模拟网络环境******：向上递交给应用层数据：CCCCCCCCCCCCCCCCCCCC
******模拟网络环境******：网络层数据包损坏,损坏的包为-->seqnum = -999999, acknum = 4,checksum = 12847,payload = .....................
******模拟网络环境******：接收方的确认包将在733.023到达对方, 确认包为-->seqnum = -999999, acknum = 4,checksum = 12847,payload = .....................
目前返回的ack序号为: 4

******模拟网络环境******：发送方的数据包将在746.793到达对方, 数据包为-->seqnum = 4, acknum = -1,checksum = 24412,payload = CCCCCCCCCCCCCCCCCCCC
******模拟网络环境******：关闭定时器, 当前时间 = 740.773, 定时器报文序号 = 0
******模拟网络环境******：启动定时器, 当前时间 = 740.773, 定时器报文序号 = 0, 定时器Timeout时间 = 760.773
******模拟网络环境******：接收方的确认包将在752.403到达对方, 确认包为-->seqnum = -1, acknum = 4,checksum = 12847,payload = .....................
发送方：接收到ACK：4
******模拟网络环境******：关闭定时器, 当前时间 = 752.403, 定时器报文序号 = 0
发送方：发送方接收ACK后的滑动窗口：
0 1) 2 3 4 (5| 6 7 
发送方：发送方发送前的滑动窗口：
0 1) 2 3 4 (5| 6 7 
******模拟网络环境******：启动定时器, 当前时间 = 752.633, 定时器报文序号 = 0, 定时器Timeout时间 = 772.633
******模拟网络环境******：网络层数据包损坏,损坏的包为-->seqnum = 5, acknum = -1,checksum = 21841,payload = EDDDDDDDDDDDDDDDDDDD
******模拟网络环境******：发送方的数据包将在757.033到达对方, 数据包为-->seqnum = 5, acknum = -1,checksum = 21841,payload = EDDDDDDDDDDDDDDDDDDD
发送方：发送方发送后的滑动窗口：
0 1) 2 3 4 (5 6| 7 
发送方：发送方发送前的滑动窗口：
0 1) 2 3 4 (5 6| 7 
******模拟网络环境******：发送方的数据包将在761.373到达对方, 数据包为-->seqnum = 6, acknum = -1,checksum = 19270,payload = EEEEEEEEEEEEEEEEEEEE
发送方：发送方发送后的滑动窗口：
0 1) 2 3 4 (5 6 7| 
发送方：发送方发送前的滑动窗口：
0 1) 2 3 4 (5 6 7| 
******模拟网络环境******：发送方发送的数据包丢失：seqnum = 7, acknum = -1,checksum = 16699,payload = FFFFFFFFFFFFFFFFFFFF
发送方：发送方发送后的滑动窗口：
0| 1) 2 3 4 (5 6 7 
发送方：发送方发送前的滑动窗口：
0| 1) 2 3 4 (5 6 7 
******模拟网络环境******：发送方的数据包将在768.833到达对方, 数据包为-->seqnum = 0, acknum = -1,checksum = 14136,payload = GGGGGGGGGGGGGGGGGGGG
发送方：发送方发送后的滑动窗口：
0 1|) 2 3 4 (5 6 7 
******模拟网络环境******：接收方的确认包将在762.313到达对方, 确认包为-->seqnum = -1, acknum = 4,checksum = 12847,payload = .....................
******模拟网络环境******：接收方的确认包将在769.893到达对方, 确认包为-->seqnum = -1, acknum = 4,checksum = 12847,payload = .....................
******模拟网络环境******：接收方的确认包将在778.653到达对方, 确认包为-->seqnum = -1, acknum = 4,checksum = 12847,payload = .....................
******模拟网络环境******：发送方的数据包将在780.923到达对方, 数据包为-->seqnum = 5, acknum = -1,checksum = 21841,payload = DDDDDDDDDDDDDDDDDDDD
******模拟网络环境******：关闭定时器, 当前时间 = 772.633, 定时器报文序号 = 0
******模拟网络环境******：启动定时器, 当前时间 = 772.633, 定时器报文序号 = 0, 定时器Timeout时间 = 792.633
******模拟网络环境******：向上递交给应用层数据：DDDDDDDDDDDDDDDDDDDD
******模拟网络环境******：接收方的确认包将在783.023到达对方, 确认包为-->seqnum = -1, acknum = 5,checksum = 12846,payload = .....................
目前返回的ack序号为: 5

发送方：接收到ACK：5
******模拟网络环境******：关闭定时器, 当前时间 = 783.023, 定时器报文序号 = 0
******模拟网络环境******：启动定时器, 当前时间 = 783.023, 定时器报文序号 = 0, 定时器Timeout时间 = 803.023
发送方：发送方接收ACK后的滑动窗口：
0 1| 2) 3 4 5 (6 7 
******模拟网络环境******：发送方的数据包将在806.623到达对方, 数据包为-->seqnum = 6, acknum = -1,checksum = 19270,payload = EEEEEEEEEEEEEEEEEEEE
******模拟网络环境******：关闭定时器, 当前时间 = 803.023, 定时器报文序号 = 0
******模拟网络环境******：启动定时器, 当前时间 = 803.023, 定时器报文序号 = 0, 定时器Timeout时间 = 823.023
******模拟网络环境******：向上递交给应用层数据：EEEEEEEEEEEEEEEEEEEE
******模拟网络环境******：接收方的确认包将在815.333到达对方, 确认包为-->seqnum = -1, acknum = 6,checksum = 12845,payload = .....................
目前返回的ack序号为: 6

发送方：接收到ACK：6
******模拟网络环境******：关闭定时器, 当前时间 = 815.333, 定时器报文序号 = 0
******模拟网络环境******：启动定时器, 当前时间 = 815.333, 定时器报文序号 = 0, 定时器Timeout时间 = 835.333
发送方：发送方接收ACK后的滑动窗口：
0 1| 2 3) 4 5 6 (7 
******模拟网络环境******：发送方的数据包将在841.383到达对方, 数据包为-->seqnum = 7, acknum = -1,checksum = 16699,payload = FFFFFFFFFFFFFFFFFFFF
******模拟网络环境******：关闭定时器, 当前时间 = 835.333, 定时器报文序号 = 0
******模拟网络环境******：启动定时器, 当前时间 = 835.333, 定时器报文序号 = 0, 定时器Timeout时间 = 855.333
******模拟网络环境******：向上递交给应用层数据：FFFFFFFFFFFFFFFFFFFF
******模拟网络环境******：接收方的确认包将在844.143到达对方, 确认包为-->seqnum = -1, acknum = 7,checksum = 12844,payload = .....................
目前返回的ack序号为: 7

发送方：接收到ACK：7
******模拟网络环境******：关闭定时器, 当前时间 = 844.143, 定时器报文序号 = 0
******模拟网络环境******：启动定时器, 当前时间 = 844.143, 定时器报文序号 = 0, 定时器Timeout时间 = 864.143
发送方：发送方接收ACK后的滑动窗口：
(0 1| 2 3 4) 5 6 7 
******模拟网络环境******：发送方的数据包将在866.523到达对方, 数据包为-->seqnum = 0, acknum = -1,checksum = 14136,payload = GGGGGGGGGGGGGGGGGGGG
******模拟网络环境******：关闭定时器, 当前时间 = 864.143, 定时器报文序号 = 0
******模拟网络环境******：启动定时器, 当前时间 = 864.143, 定时器报文序号 = 0, 定时器Timeout时间 = 884.143
******模拟网络环境******：向上递交给应用层数据：GGGGGGGGGGGGGGGGGGGG
******模拟网络环境******：接收方的确认包将在873.763到达对方, 确认包为-->seqnum = -1, acknum = 0,checksum = 12851,payload = .....................
目前返回的ack序号为: 0

发送方：接收到ACK：0
******模拟网络环境******：关闭定时器, 当前时间 = 873.763, 定时器报文序号 = 0
发送方：发送方接收ACK后的滑动窗口：
0 (1| 2 3 4 5) 6 7 
发送方：发送方发送前的滑动窗口：
0 (1| 2 3 4 5) 6 7 
******模拟网络环境******：启动定时器, 当前时间 = 874.003, 定时器报文序号 = 0, 定时器Timeout时间 = 894.003
******模拟网络环境******：发送方的数据包将在880.463到达对方, 数据包为-->seqnum = 1, acknum = -1,checksum = 11565,payload = HHHHHHHHHHHHHHHHHHHH
发送方：发送方发送后的滑动窗口：
0 (1 2| 3 4 5) 6 7 
发送方：发送方发送前的滑动窗口：
0 (1 2| 3 4 5) 6 7 
******模拟网络环境******：发送方的数据包将在881.553到达对方, 数据包为-->seqnum = 2, acknum = -1,checksum = 8994,payload = IIIIIIIIIIIIIIIIIIII
发送方：发送方发送后的滑动窗口：
0 (1 2 3| 4 5) 6 7 
发送方：发送方发送前的滑动窗口：
0 (1 2 3| 4 5) 6 7 
******模拟网络环境******：发送方的数据包将在891.763到达对方, 数据包为-->seqnum = 3, acknum = -1,checksum = 6423,payload = JJJJJJJJJJJJJJJJJJJJ
发送方：发送方发送后的滑动窗口：
0 (1 2 3 4| 5) 6 7 
发送方：发送方发送前的滑动窗口：
0 (1 2 3 4| 5) 6 7 
******模拟网络环境******：发送方的数据包将在898.843到达对方, 数据包为-->seqnum = 4, acknum = -1,checksum = 3852,payload = KKKKKKKKKKKKKKKKKKKK
发送方：发送方发送后的滑动窗口：
0 (1 2 3 4 5|) 6 7 
******模拟网络环境******：向上递交给应用层数据：HHHHHHHHHHHHHHHHHHHH
******模拟网络环境******：接收方的确认包将在888.523到达对方, 确认包为-->seqnum = -1, acknum = 1,checksum = 12850,payload = .....................
目前返回的ack序号为: 1

******模拟网络环境******：向上递交给应用层数据：IIIIIIIIIIIIIIIIIIII
******模拟网络环境******：接收方发送的确认包丢失：seqnum = -1, acknum = 2,checksum = 12849,payload = .....................
目前返回的ack序号为: 2

发送方：接收到ACK：1
******模拟网络环境******：关闭定时器, 当前时间 = 888.523, 定时器报文序号 = 0
******模拟网络环境******：启动定时器, 当前时间 = 888.523, 定时器报文序号 = 0, 定时器Timeout时间 = 908.523
发送方：发送方接收ACK后的滑动窗口：
0 1 (2 3 4 5| 6) 7 
******模拟网络环境******：向上递交给应用层数据：JJJJJJJJJJJJJJJJJJJJ
******模拟网络环境******：网络层数据包损坏,损坏的包为-->seqnum = -1, acknum = 3,checksum = 12848,payload = /....................
******模拟网络环境******：接收方的确认包将在894.393到达对方, 确认包为-->seqnum = -1, acknum = 3,checksum = 12848,payload = /....................
目前返回的ack序号为: 3

******模拟网络环境******：向上递交给应用层数据：KKKKKKKKKKKKKKKKKKKK
******模拟网络环境******：接收方的确认包将在905.983到达对方, 确认包为-->seqnum = -1, acknum = 4,checksum = 12847,payload = .....................
目前返回的ack序号为: 4

发送方：接收到ACK：4
******模拟网络环境******：关闭定时器, 当前时间 = 905.983, 定时器报文序号 = 0
发送方：发送方接收ACK后的滑动窗口：
0 1) 2 3 4 (5| 6 7 
发送方：发送方发送前的滑动窗口：
0 1) 2 3 4 (5| 6 7 
******模拟网络环境******：启动定时器, 当前时间 = 906.67, 定时器报文序号 = 0, 定时器Timeout时间 = 926.67
******模拟网络环境******：发送方的数据包将在910.27到达对方, 数据包为-->seqnum = 5, acknum = -1,checksum = 1281,payload = LLLLLLLLLLLLLLLLLLLL
发送方：发送方发送后的滑动窗口：
0 1) 2 3 4 (5 6| 7 
发送方：发送方发送前的滑动窗口：
0 1) 2 3 4 (5 6| 7 
******模拟网络环境******：发送方的数据包将在916.43到达对方, 数据包为-->seqnum = 6, acknum = -1,checksum = 64245,payload = MMMMMMMMMMMMMMMMMMMM
发送方：发送方发送后的滑动窗口：
0 1) 2 3 4 (5 6 7| 
发送方：发送方发送前的滑动窗口：
0 1) 2 3 4 (5 6 7| 
******模拟网络环境******：发送方的数据包将在924.25到达对方, 数据包为-->seqnum = 7, acknum = -1,checksum = 61674,payload = NNNNNNNNNNNNNNNNNNNN
发送方：发送方发送后的滑动窗口：
0| 1) 2 3 4 (5 6 7 
发送方：发送方发送前的滑动窗口：
0| 1) 2 3 4 (5 6 7 
******模拟网络环境******：发送方的数据包将在933.62到达对方, 数据包为-->seqnum = 0, acknum = -1,checksum = 59111,payload = OOOOOOOOOOOOOOOOOOOO
发送方：发送方发送后的滑动窗口：
0 1|) 2 3 4 (5 6 7 
******模拟网络环境******：向上递交给应用层数据：LLLLLLLLLLLLLLLLLLLL
******模拟网络环境******：接收方的确认包将在918.57到达对方, 确认包为-->seqnum = -1, acknum = 5,checksum = 12846,payload = .....................
目前返回的ack序号为: 5

******模拟网络环境******：向上递交给应用层数据：MMMMMMMMMMMMMMMMMMMM
******模拟网络环境******：接收方发送的确认包丢失：seqnum = -1, acknum = 6,checksum = 12845,payload = .....................
目前返回的ack序号为: 6

发送方：接收到ACK：5
******模拟网络环境******：关闭定时器, 当前时间 = 918.57, 定时器报文序号 = 0
******模拟网络环境******：启动定时器, 当前时间 = 918.57, 定时器报文序号 = 0, 定时器Timeout时间 = 938.57
发送方：发送方接收ACK后的滑动窗口：
0 1| 2) 3 4 5 (6 7 
******模拟网络环境******：向上递交给应用层数据：NNNNNNNNNNNNNNNNNNNN
******模拟网络环境******：接收方的确认包将在934.17到达对方, 确认包为-->seqnum = -1, acknum = 7,checksum = 12844,payload = .....................
目前返回的ack序号为: 7

******模拟网络环境******：向上递交给应用层数据：OOOOOOOOOOOOOOOOOOOO
******模拟网络环境******：接收方的确认包将在942.26到达对方, 确认包为-->seqnum = -1, acknum = 0,checksum = 12851,payload = .....................
目前返回的ack序号为: 0

发送方：接收到ACK：7
******模拟网络环境******：关闭定时器, 当前时间 = 934.17, 定时器报文序号 = 0
******模拟网络环境******：启动定时器, 当前时间 = 934.17, 定时器报文序号 = 0, 定时器Timeout时间 = 954.17
发送方：发送方接收ACK后的滑动窗口：
(0 1| 2 3 4) 5 6 7 
发送方：接收到ACK：0
******模拟网络环境******：关闭定时器, 当前时间 = 942.26, 定时器报文序号 = 0
发送方：发送方接收ACK后的滑动窗口：
0 (1| 2 3 4 5) 6 7 
发送方：发送方发送前的滑动窗口：
0 (1| 2 3 4 5) 6 7 
******模拟网络环境******：启动定时器, 当前时间 = 943.71, 定时器报文序号 = 0, 定时器Timeout时间 = 963.71
******模拟网络环境******：发送方的数据包将在947.3到达对方, 数据包为-->seqnum = 1, acknum = -1,checksum = 56540,payload = PPPPPPPPPPPPPPPPPPPP
发送方：发送方发送后的滑动窗口：
0 (1 2| 3 4 5) 6 7 
发送方：发送方发送前的滑动窗口：
0 (1 2| 3 4 5) 6 7 
******模拟网络环境******：发送方的数据包将在953.13到达对方, 数据包为-->seqnum = 2, acknum = -1,checksum = 53969,payload = QQQQQQQQQQQQQQQQQQQQ
发送方：发送方发送后的滑动窗口：
0 (1 2 3| 4 5) 6 7 
发送方：发送方发送前的滑动窗口：
0 (1 2 3| 4 5) 6 7 
******模拟网络环境******：发送方的数据包将在962.39到达对方, 数据包为-->seqnum = 3, acknum = -1,checksum = 51398,payload = RRRRRRRRRRRRRRRRRRRR
发送方：发送方发送后的滑动窗口：
0 (1 2 3 4| 5) 6 7 
发送方：发送方发送前的滑动窗口：
0 (1 2 3 4| 5) 6 7 
******模拟网络环境******：发送方发送的数据包丢失：seqnum = 4, acknum = -1,checksum = 48827,payload = SSSSSSSSSSSSSSSSSSSS
发送方：发送方发送后的滑动窗口：
0 (1 2 3 4 5|) 6 7 
******模拟网络环境******：向上递交给应用层数据：PPPPPPPPPPPPPPPPPPPP
******模拟网络环境******：接收方的确认包将在952.54到达对方, 确认包为-->seqnum = -1, acknum = 1,checksum = 12850,payload = .....................
目前返回的ack序号为: 1

发送方：接收到ACK：1
******模拟网络环境******：关闭定时器, 当前时间 = 952.54, 定时器报文序号 = 0
******模拟网络环境******：启动定时器, 当前时间 = 952.54, 定时器报文序号 = 0, 定时器Timeout时间 = 972.54
发送方：发送方接收ACK后的滑动窗口：
0 1 (2 3 4 5| 6) 7 
******模拟网络环境******：向上递交给应用层数据：QQQQQQQQQQQQQQQQQQQQ
******模拟网络环境******：接收方的确认包将在961.19到达对方, 确认包为-->seqnum = -1, acknum = 2,checksum = 12849,payload = .....................
目前返回的ack序号为: 2

发送方：接收到ACK：2
******模拟网络环境******：关闭定时器, 当前时间 = 961.19, 定时器报文序号 = 0
******模拟网络环境******：启动定时器, 当前时间 = 961.19, 定时器报文序号 = 0, 定时器Timeout时间 = 981.19
发送方：发送方接收ACK后的滑动窗口：
0 1 2 (3 4 5| 6 7) 
******模拟网络环境******：向上递交给应用层数据：RRRRRRRRRRRRRRRRRRRR
******模拟网络环境******：接收方的确认包将在968.59到达对方, 确认包为-->seqnum = -1, acknum = 3,checksum = 12848,payload = .....................
目前返回的ack序号为: 3

发送方：接收到ACK：3
******模拟网络环境******：关闭定时器, 当前时间 = 968.59, 定时器报文序号 = 0
******模拟网络环境******：启动定时器, 当前时间 = 968.59, 定时器报文序号 = 0, 定时器Timeout时间 = 988.59
发送方：发送方接收ACK后的滑动窗口：
0) 1 2 3 (4 5| 6 7 
******模拟网络环境******：发送方发送的数据包丢失：seqnum = 4, acknum = -1,checksum = 48827,payload = SSSSSSSSSSSSSSSSSSSS
******模拟网络环境******：关闭定时器, 当前时间 = 988.59, 定时器报文序号 = 0
******模拟网络环境******：启动定时器, 当前时间 = 988.59, 定时器报文序号 = 0, 定时器Timeout时间 = 1008.59
******模拟网络环境******：发送方的数据包将在1010.74到达对方, 数据包为-->seqnum = 4, acknum = -1,checksum = 48827,payload = SSSSSSSSSSSSSSSSSSSS
******模拟网络环境******：关闭定时器, 当前时间 = 1008.59, 定时器报文序号 = 0
******模拟网络环境******：启动定时器, 当前时间 = 1008.59, 定时器报文序号 = 0, 定时器Timeout时间 = 1028.59
******模拟网络环境******：向上递交给应用层数据：SSSSSSSSSSSSSSSSSSSS
******模拟网络环境******：网络层数据包损坏,损坏的包为-->seqnum = -1, acknum = 4,checksum = 12847,payload = /....................
******模拟网络环境******：接收方的确认包将在1020.77到达对方, 确认包为-->seqnum = -1, acknum = 4,checksum = 12847,payload = /....................
目前返回的ack序号为: 4

******模拟网络环境******：发送方的数据包将在1038.07到达对方, 数据包为-->seqnum = 4, acknum = -1,checksum = 48827,payload = SSSSSSSSSSSSSSSSSSSS
******模拟网络环境******：关闭定时器, 当前时间 = 1028.59, 定时器报文序号 = 0
******模拟网络环境******：启动定时器, 当前时间 = 1028.59, 定时器报文序号 = 0, 定时器Timeout时间 = 1048.59
******模拟网络环境******：接收方的确认包将在1047.13到达对方, 确认包为-->seqnum = -1, acknum = 4,checksum = 12847,payload = .....................
发送方：接收到ACK：4
******模拟网络环境******：关闭定时器, 当前时间 = 1047.13, 定时器报文序号 = 0
发送方：发送方接收ACK后的滑动窗口：
0 1) 2 3 4 (5| 6 7 
发送方：发送方发送前的滑动窗口：
0 1) 2 3 4 (5| 6 7 
******模拟网络环境******：启动定时器, 当前时间 = 1047.64, 定时器报文序号 = 0, 定时器Timeout时间 = 1067.64
******模拟网络环境******：发送方的数据包将在1057.6到达对方, 数据包为-->seqnum = 5, acknum = -1,checksum = 46256,payload = TTTTTTTTTTTTTTTTTTTT
发送方：发送方发送后的滑动窗口：
0 1) 2 3 4 (5 6| 7 
发送方：发送方发送前的滑动窗口：
0 1) 2 3 4 (5 6| 7 
******模拟网络环境******：发送方的数据包将在1061.63到达对方, 数据包为-->seqnum = 6, acknum = -1,checksum = 43685,payload = UUUUUUUUUUUUUUUUUUUU
发送方：发送方发送后的滑动窗口：
0 1) 2 3 4 (5 6 7| 
发送方：发送方发送前的滑动窗口：
0 1) 2 3 4 (5 6 7| 
******模拟网络环境******：发送方的数据包将在1067.95到达对方, 数据包为-->seqnum = 7, acknum = -1,checksum = 41114,payload = VVVVVVVVVVVVVVVVVVVV
发送方：发送方发送后的滑动窗口：
0| 1) 2 3 4 (5 6 7 
发送方：发送方发送前的滑动窗口：
0| 1) 2 3 4 (5 6 7 
******模拟网络环境******：发送方的数据包将在1069.39到达对方, 数据包为-->seqnum = 0, acknum = -1,checksum = 38551,payload = WWWWWWWWWWWWWWWWWWWW
发送方：发送方发送后的滑动窗口：
0 1|) 2 3 4 (5 6 7 
******模拟网络环境******：向上递交给应用层数据：TTTTTTTTTTTTTTTTTTTT
******模拟网络环境******：接收方的确认包将在1068.02到达对方, 确认包为-->seqnum = -1, acknum = 5,checksum = 12846,payload = .....................
目前返回的ack序号为: 5

******模拟网络环境******：向上递交给应用层数据：UUUUUUUUUUUUUUUUUUUU
******模拟网络环境******：接收方的确认包将在1071.03到达对方, 确认包为-->seqnum = -1, acknum = 6,checksum = 12845,payload = .....................
目前返回的ack序号为: 6

******模拟网络环境******：网络层数据包损坏,损坏的包为-->seqnum = 5, acknum = -1,checksum = 46256,payload = UTTTTTTTTTTTTTTTTTTT
******模拟网络环境******：发送方的数据包将在1076.53到达对方, 数据包为-->seqnum = 5, acknum = -1,checksum = 46256,payload = UTTTTTTTTTTTTTTTTTTT
******模拟网络环境******：关闭定时器, 当前时间 = 1067.64, 定时器报文序号 = 0
******模拟网络环境******：启动定时器, 当前时间 = 1067.64, 定时器报文序号 = 0, 定时器Timeout时间 = 1087.64
******模拟网络环境******：向上递交给应用层数据：VVVVVVVVVVVVVVVVVVVV
******模拟网络环境******：接收方的确认包将在1076.38到达对方, 确认包为-->seqnum = -1, acknum = 7,checksum = 12844,payload = .....................
目前返回的ack序号为: 7

发送方：接收到ACK：5
******模拟网络环境******：关闭定时器, 当前时间 = 1068.02, 定时器报文序号 = 0
******模拟网络环境******：启动定时器, 当前时间 = 1068.02, 定时器报文序号 = 0, 定时器Timeout时间 = 1088.02
发送方：发送方接收ACK后的滑动窗口：
0 1| 2) 3 4 5 (6 7 
******模拟网络环境******：向上递交给应用层数据：WWWWWWWWWWWWWWWWWWWW
******模拟网络环境******：接收方的确认包将在1080.87到达对方, 确认包为-->seqnum = -1, acknum = 0,checksum = 12851,payload = .....................
目前返回的ack序号为: 0

发送方：接收到ACK：6
******模拟网络环境******：关闭定时器, 当前时间 = 1071.03, 定时器报文序号 = 0
******模拟网络环境******：启动定时器, 当前时间 = 1071.03, 定时器报文序号 = 0, 定时器Timeout时间 = 1091.03
发送方：发送方接收ACK后的滑动窗口：
0 1| 2 3) 4 5 6 (7 
发送方：接收到ACK：7
******模拟网络环境******：关闭定时器, 当前时间 = 1076.38, 定时器报文序号 = 0
******模拟网络环境******：启动定时器, 当前时间 = 1076.38, 定时器报文序号 = 0, 定时器Timeout时间 = 1096.38
发送方：发送方接收ACK后的滑动窗口：
(0 1| 2 3 4) 5 6 7 
******模拟网络环境******：接收方的确认包将在1082.9到达对方, 确认包为-->seqnum = -1, acknum = 0,checksum = 12851,payload = .....................
发送方：接收到ACK：0
******模拟网络环境******：关闭定时器, 当前时间 = 1080.87, 定时器报文序号 = 0
发送方：发送方接收ACK后的滑动窗口：
0 (1| 2 3 4 5) 6 7 
发送方：发送方发送前的滑动窗口：
0 (1| 2 3 4 5) 6 7 
******模拟网络环境******：启动定时器, 当前时间 = 1083.27, 定时器报文序号 = 0, 定时器Timeout时间 = 1103.27
******模拟网络环境******：发送方的数据包将在1092.17到达对方, 数据包为-->seqnum = 1, acknum = -1,checksum = 35980,payload = XXXXXXXXXXXXXXXXXXXX
发送方：发送方发送后的滑动窗口：
0 (1 2| 3 4 5) 6 7 
发送方：发送方发送前的滑动窗口：
0 (1 2| 3 4 5) 6 7 
******模拟网络环境******：发送方的数据包将在1099.23到达对方, 数据包为-->seqnum = 2, acknum = -1,checksum = 33409,payload = YYYYYYYYYYYYYYYYYYYY
发送方：发送方发送后的滑动窗口：
0 (1 2 3| 4 5) 6 7 
发送方：发送方发送前的滑动窗口：
0 (1 2 3| 4 5) 6 7 
******模拟网络环境******：发送方的数据包将在1109.13到达对方, 数据包为-->seqnum = 3, acknum = -1,checksum = 30838,payload = ZZZZZZZZZZZZZZZZZZZZ
发送方：发送方发送后的滑动窗口：
0 (1 2 3 4| 5) 6 7 
发送方：发送方发送前的滑动窗口：
0 (1 2 3 4| 5) 6 7 
******模拟网络环境******：发送方的数据包将在1118.9到达对方, 数据包为-->seqnum = 4, acknum = -1,checksum = 29552,payload = AAAAAAAAAAAAAAAAAAAA
发送方：发送方发送后的滑动窗口：
0 (1 2 3 4 5|) 6 7 
******模拟网络环境******：向上递交给应用层数据：XXXXXXXXXXXXXXXXXXXX
******模拟网络环境******：接收方的确认包将在1093.36到达对方, 确认包为-->seqnum = -1, acknum = 1,checksum = 12850,payload = .....................
目前返回的ack序号为: 1

发送方：接收到ACK：1
******模拟网络环境******：关闭定时器, 当前时间 = 1093.36, 定时器报文序号 = 0
******模拟网络环境******：启动定时器, 当前时间 = 1093.36, 定时器报文序号 = 0, 定时器Timeout时间 = 1113.36
发送方：发送方接收ACK后的滑动窗口：
0 1 (2 3 4 5| 6) 7 
******模拟网络环境******：向上递交给应用层数据：YYYYYYYYYYYYYYYYYYYY
******模拟网络环境******：接收方的确认包将在1109到达对方, 确认包为-->seqnum = -1, acknum = 2,checksum = 12849,payload = .....................
目前返回的ack序号为: 2

发送方：接收到ACK：2
******模拟网络环境******：关闭定时器, 当前时间 = 1109, 定时器报文序号 = 0
******模拟网络环境******：启动定时器, 当前时间 = 1109, 定时器报文序号 = 0, 定时器Timeout时间 = 1129
发送方：发送方接收ACK后的滑动窗口：
0 1 2 (3 4 5| 6 7) 
******模拟网络环境******：向上递交给应用层数据：ZZZZZZZZZZZZZZZZZZZZ
******模拟网络环境******：接收方发送的确认包丢失：seqnum = -1, acknum = 3,checksum = 12848,payload = .....................
目前返回的ack序号为: 3

******模拟网络环境******：向上递交给应用层数据：AAAAAAAAAAAAAAAAAAAA
******模拟网络环境******：接收方的确认包将在1129.66到达对方, 确认包为-->seqnum = -1, acknum = 4,checksum = 12847,payload = .....................
目前返回的ack序号为: 4

******模拟网络环境******：发送方的数据包将在1131.63到达对方, 数据包为-->seqnum = 3, acknum = -1,checksum = 30838,payload = ZZZZZZZZZZZZZZZZZZZZ
******模拟网络环境******：关闭定时器, 当前时间 = 1129, 定时器报文序号 = 0
******模拟网络环境******：启动定时器, 当前时间 = 1129, 定时器报文序号 = 0, 定时器Timeout时间 = 1149
发送方：接收到ACK：4
******模拟网络环境******：关闭定时器, 当前时间 = 1129.66, 定时器报文序号 = 0
发送方：发送方接收ACK后的滑动窗口：
0 1) 2 3 4 (5| 6 7 
******模拟网络环境******：接收方发送的确认包丢失：seqnum = -1, acknum = 4,checksum = 12847,payload = .....................
发送方：发送方发送前的滑动窗口：
0 1) 2 3 4 (5| 6 7 
******模拟网络环境******：启动定时器, 当前时间 = 1131.88, 定时器报文序号 = 0, 定时器Timeout时间 = 1151.88
******模拟网络环境******：发送方的数据包将在1141.67到达对方, 数据包为-->seqnum = 5, acknum = -1,checksum = 26981,payload = BBBBBBBBBBBBBBBBBBBB
发送方：发送方发送后的滑动窗口：
0 1) 2 3 4 (5 6| 7 
发送方：发送方发送前的滑动窗口：
0 1) 2 3 4 (5 6| 7 
******模拟网络环境******：网络层数据包损坏,损坏的包为-->seqnum = 6, acknum = -1,checksum = 24410,payload = DCCCCCCCCCCCCCCCCCCC
******模拟网络环境******：发送方的数据包将在1148.05到达对方, 数据包为-->seqnum = 6, acknum = -1,checksum = 24410,payload = DCCCCCCCCCCCCCCCCCCC
发送方：发送方发送后的滑动窗口：
0 1) 2 3 4 (5 6 7| 
发送方：发送方发送前的滑动窗口：
0 1) 2 3 4 (5 6 7| 
******模拟网络环境******：发送方的数据包将在1155.93到达对方, 数据包为-->seqnum = 7, acknum = -1,checksum = 21839,payload = DDDDDDDDDDDDDDDDDDDD
发送方：发送方发送后的滑动窗口：
0| 1) 2 3 4 (5 6 7 
发送方：发送方发送前的滑动窗口：
0| 1) 2 3 4 (5 6 7 
******模拟网络环境******：发送方的数据包将在1164.56到达对方, 数据包为-->seqnum = 0, acknum = -1,checksum = 19276,payload = EEEEEEEEEEEEEEEEEEEE
发送方：发送方发送后的滑动窗口：
0 1|) 2 3 4 (5 6 7 
******模拟网络环境******：向上递交给应用层数据：BBBBBBBBBBBBBBBBBBBB
******模拟网络环境******：接收方的确认包将在1148.62到达对方, 确认包为-->seqnum = -1, acknum = 5,checksum = 12846,payload = .....................
目前返回的ack序号为: 5

******模拟网络环境******：接收方的确认包将在1149.66到达对方, 确认包为-->seqnum = -1, acknum = 5,checksum = 12846,payload = .....................
发送方：接收到ACK：5
******模拟网络环境******：关闭定时器, 当前时间 = 1148.62, 定时器报文序号 = 0
******模拟网络环境******：启动定时器, 当前时间 = 1148.62, 定时器报文序号 = 0, 定时器Timeout时间 = 1168.62
发送方：发送方接收ACK后的滑动窗口：
0 1| 2) 3 4 5 (6 7 
******模拟网络环境******：网络层数据包损坏,损坏的包为-->seqnum = -1, acknum = -999999,checksum = 12846,payload = .....................
******模拟网络环境******：接收方的确认包将在1158.3到达对方, 确认包为-->seqnum = -1, acknum = -999999,checksum = 12846,payload = .....................
******模拟网络环境******：接收方的确认包将在1173.56到达对方, 确认包为-->seqnum = -1, acknum = 5,checksum = 12846,payload = .....................
******模拟网络环境******：网络层数据包损坏,损坏的包为-->seqnum = 6, acknum = -1,checksum = 24410,payload = DCCCCCCCCCCCCCCCCCCC
******模拟网络环境******：发送方的数据包将在1175.86到达对方, 数据包为-->seqnum = 6, acknum = -1,checksum = 24410,payload = DCCCCCCCCCCCCCCCCCCC
******模拟网络环境******：关闭定时器, 当前时间 = 1168.62, 定时器报文序号 = 0
******模拟网络环境******：启动定时器, 当前时间 = 1168.62, 定时器报文序号 = 0, 定时器Timeout时间 = 1188.62
******模拟网络环境******：接收方的确认包将在1181.51到达对方, 确认包为-->seqnum = -1, acknum = 5,checksum = 12846,payload = .....................
******模拟网络环境******：发送方的数据包将在1190.86到达对方, 数据包为-->seqnum = 6, acknum = -1,checksum = 24410,payload = CCCCCCCCCCCCCCCCCCCC
******模拟网络环境******：关闭定时器, 当前时间 = 1188.62, 定时器报文序号 = 0
******模拟网络环境******：启动定时器, 当前时间 = 1188.62, 定时器报文序号 = 0, 定时器Timeout时间 = 1208.62
******模拟网络环境******：向上递交给应用层数据：CCCCCCCCCCCCCCCCCCCC
******模拟网络环境******：接收方的确认包将在1192.35到达对方, 确认包为-->seqnum = -1, acknum = 6,checksum = 12845,payload = .....................
目前返回的ack序号为: 6

发送方：接收到ACK：6
******模拟网络环境******：关闭定时器, 当前时间 = 1192.35, 定时器报文序号 = 0
******模拟网络环境******：启动定时器, 当前时间 = 1192.35, 定时器报文序号 = 0, 定时器Timeout时间 = 1212.35
发送方：发送方接收ACK后的滑动窗口：
0 1| 2 3) 4 5 6 (7 
******模拟网络环境******：发送方的数据包将在1216.67到达对方, 数据包为-->seqnum = 7, acknum = -1,checksum = 21839,payload = DDDDDDDDDDDDDDDDDDDD
******模拟网络环境******：关闭定时器, 当前时间 = 1212.35, 定时器报文序号 = 0
******模拟网络环境******：启动定时器, 当前时间 = 1212.35, 定时器报文序号 = 0, 定时器Timeout时间 = 1232.35
******模拟网络环境******：向上递交给应用层数据：DDDDDDDDDDDDDDDDDDDD
******模拟网络环境******：接收方的确认包将在1222.84到达对方, 确认包为-->seqnum = -1, acknum = 7,checksum = 12844,payload = .....................
目前返回的ack序号为: 7

发送方：接收到ACK：7
******模拟网络环境******：关闭定时器, 当前时间 = 1222.84, 定时器报文序号 = 0
******模拟网络环境******：启动定时器, 当前时间 = 1222.84, 定时器报文序号 = 0, 定时器Timeout时间 = 1242.84
发送方：发送方接收ACK后的滑动窗口：
(0 1| 2 3 4) 5 6 7 
******模拟网络环境******：发送方的数据包将在1243.95到达对方, 数据包为-->seqnum = 0, acknum = -1,checksum = 19276,payload = EEEEEEEEEEEEEEEEEEEE
******模拟网络环境******：关闭定时器, 当前时间 = 1242.84, 定时器报文序号 = 0
******模拟网络环境******：启动定时器, 当前时间 = 1242.84, 定时器报文序号 = 0, 定时器Timeout时间 = 1262.84
******模拟网络环境******：向上递交给应用层数据：EEEEEEEEEEEEEEEEEEEE
******模拟网络环境******：接收方的确认包将在1251.57到达对方, 确认包为-->seqnum = -1, acknum = 0,checksum = 12851,payload = .....................
目前返回的ack序号为: 0

发送方：接收到ACK：0
******模拟网络环境******：关闭定时器, 当前时间 = 1251.57, 定时器报文序号 = 0
发送方：发送方接收ACK后的滑动窗口：
0 (1| 2 3 4 5) 6 7 
发送方：发送方发送前的滑动窗口：
0 (1| 2 3 4 5) 6 7 
******模拟网络环境******：启动定时器, 当前时间 = 1251.89, 定时器报文序号 = 0, 定时器Timeout时间 = 1271.89
******模拟网络环境******：网络层数据包损坏,损坏的包为-->seqnum = 1, acknum = -1,checksum = 16705,payload = GFFFFFFFFFFFFFFFFFFF
******模拟网络环境******：发送方的数据包将在1261.48到达对方, 数据包为-->seqnum = 1, acknum = -1,checksum = 16705,payload = GFFFFFFFFFFFFFFFFFFF
发送方：发送方发送后的滑动窗口：
0 (1 2| 3 4 5) 6 7 
发送方：发送方发送前的滑动窗口：
0 (1 2| 3 4 5) 6 7 
******模拟网络环境******：网络层数据包损坏,损坏的包为-->seqnum = 2, acknum = -1,checksum = 14134,payload = HGGGGGGGGGGGGGGGGGGG
******模拟网络环境******：发送方的数据包将在1270.47到达对方, 数据包为-->seqnum = 2, acknum = -1,checksum = 14134,payload = HGGGGGGGGGGGGGGGGGGG
发送方：发送方发送后的滑动窗口：
0 (1 2 3| 4 5) 6 7 
发送方：发送方发送前的滑动窗口：
0 (1 2 3| 4 5) 6 7 
******模拟网络环境******：发送方的数据包将在1278.46到达对方, 数据包为-->seqnum = 3, acknum = -1,checksum = 11563,payload = HHHHHHHHHHHHHHHHHHHH
发送方：发送方发送后的滑动窗口：
0 (1 2 3 4| 5) 6 7 
发送方：发送方发送前的滑动窗口：
0 (1 2 3 4| 5) 6 7 
******模拟网络环境******：发送方的数据包将在1289.42到达对方, 数据包为-->seqnum = 4, acknum = -1,checksum = 8992,payload = IIIIIIIIIIIIIIIIIIII
发送方：发送方发送后的滑动窗口：
0 (1 2 3 4 5|) 6 7 
******模拟网络环境******：接收方的确认包将在1263.25到达对方, 确认包为-->seqnum = -1, acknum = 0,checksum = 12851,payload = .....................
******模拟网络环境******：接收方的确认包将在1272.22到达对方, 确认包为-->seqnum = -1, acknum = 0,checksum = 12851,payload = .....................
******模拟网络环境******：网络层数据包损坏,损坏的包为-->seqnum = 1, acknum = -1,checksum = 16705,payload = GFFFFFFFFFFFFFFFFFFF
******模拟网络环境******：发送方的数据包将在1297.01到达对方, 数据包为-->seqnum = 1, acknum = -1,checksum = 16705,payload = GFFFFFFFFFFFFFFFFFFF
******模拟网络环境******：关闭定时器, 当前时间 = 1271.89, 定时器报文序号 = 0
******模拟网络环境******：启动定时器, 当前时间 = 1271.89, 定时器报文序号 = 0, 定时器Timeout时间 = 1291.89
******模拟网络环境******：网络层数据包损坏,损坏的包为-->seqnum = -1, acknum = 0,checksum = 12851,payload = /....................
******模拟网络环境******：接收方的确认包将在1285.77到达对方, 确认包为-->seqnum = -1, acknum = 0,checksum = 12851,payload = /....................
******模拟网络环境******：接收方的确认包将在1291.43到达对方, 确认包为-->seqnum = -1, acknum = 0,checksum = 12851,payload = .....................
******模拟网络环境******：发送方的数据包将在1301.38到达对方, 数据包为-->seqnum = 1, acknum = -1,checksum = 16705,payload = FFFFFFFFFFFFFFFFFFFF
******模拟网络环境******：关闭定时器, 当前时间 = 1291.89, 定时器报文序号 = 0
******模拟网络环境******：启动定时器, 当前时间 = 1291.89, 定时器报文序号 = 0, 定时器Timeout时间 = 1311.89
******模拟网络环境******：接收方的确认包将在1300.58到达对方, 确认包为-->seqnum = -1, acknum = 0,checksum = 12851,payload = .....................
******模拟网络环境******：发送方的数据包将在1303.62到达对方, 数据包为-->seqnum = 1, acknum = -1,checksum = 16705,payload = FFFFFFFFFFFFFFFFFFFF
******模拟网络环境******：向上递交给应用层数据：FFFFFFFFFFFFFFFFFFFF
******模拟网络环境******：接收方的确认包将在1307.96到达对方, 确认包为-->seqnum = -1, acknum = 1,checksum = 12850,payload = .....................
目前返回的ack序号为: 1

******模拟网络环境******：接收方的确认包将在1314.43到达对方, 确认包为-->seqnum = -1, acknum = 1,checksum = 12850,payload = .....................
发送方：接收到ACK：1
******模拟网络环境******：关闭定时器, 当前时间 = 1307.96, 定时器报文序号 = 0
******模拟网络环境******：启动定时器, 当前时间 = 1307.96, 定时器报文序号 = 0, 定时器Timeout时间 = 1327.96
发送方：发送方接收ACK后的滑动窗口：
0 1 (2 3 4 5| 6) 7 
******模拟网络环境******：发送方的数据包将在1333.41到达对方, 数据包为-->seqnum = 2, acknum = -1,checksum = 14134,payload = GGGGGGGGGGGGGGGGGGGG
******模拟网络环境******：关闭定时器, 当前时间 = 1327.96, 定时器报文序号 = 0
******模拟网络环境******：启动定时器, 当前时间 = 1327.96, 定时器报文序号 = 0, 定时器Timeout时间 = 1347.96
******模拟网络环境******：向上递交给应用层数据：GGGGGGGGGGGGGGGGGGGG
******模拟网络环境******：接收方的确认包将在1343.97到达对方, 确认包为-->seqnum = -1, acknum = 2,checksum = 12849,payload = .....................
目前返回的ack序号为: 2

发送方：接收到ACK：2
******模拟网络环境******：关闭定时器, 当前时间 = 1343.97, 定时器报文序号 = 0
******模拟网络环境******：启动定时器, 当前时间 = 1343.97, 定时器报文序号 = 0, 定时器Timeout时间 = 1363.97
发送方：发送方接收ACK后的滑动窗口：
0 1 2 (3 4 5| 6 7) 
******模拟网络环境******：发送方的数据包将在1367.24到达对方, 数据包为-->seqnum = 3, acknum = -1,checksum = 11563,payload = HHHHHHHHHHHHHHHHHHHH
******模拟网络环境******：关闭定时器, 当前时间 = 1363.97, 定时器报文序号 = 0
******模拟网络环境******：启动定时器, 当前时间 = 1363.97, 定时器报文序号 = 0, 定时器Timeout时间 = 1383.97
******模拟网络环境******：向上递交给应用层数据：HHHHHHHHHHHHHHHHHHHH
******模拟网络环境******：接收方的确认包将在1372.41到达对方, 确认包为-->seqnum = -1, acknum = 3,checksum = 12848,payload = .....................
目前返回的ack序号为: 3

发送方：接收到ACK：3
******模拟网络环境******：关闭定时器, 当前时间 = 1372.41, 定时器报文序号 = 0
******模拟网络环境******：启动定时器, 当前时间 = 1372.41, 定时器报文序号 = 0, 定时器Timeout时间 = 1392.41
发送方：发送方接收ACK后的滑动窗口：
0) 1 2 3 (4 5| 6 7 
******模拟网络环境******：发送方的数据包将在1398.51到达对方, 数据包为-->seqnum = 4, acknum = -1,checksum = 8992,payload = IIIIIIIIIIIIIIIIIIII
******模拟网络环境******：关闭定时器, 当前时间 = 1392.41, 定时器报文序号 = 0
******模拟网络环境******：启动定时器, 当前时间 = 1392.41, 定时器报文序号 = 0, 定时器Timeout时间 = 1412.41
******模拟网络环境******：向上递交给应用层数据：IIIIIIIIIIIIIIIIIIII
******模拟网络环境******：网络层数据包损坏,损坏的包为-->seqnum = -1, acknum = 4,checksum = 12847,payload = /....................
******模拟网络环境******：接收方的确认包将在1405.27到达对方, 确认包为-->seqnum = -1, acknum = 4,checksum = 12847,payload = /....................
目前返回的ack序号为: 4

******模拟网络环境******：发送方的数据包将在1415.1到达对方, 数据包为-->seqnum = 4, acknum = -1,checksum = 8992,payload = IIIIIIIIIIIIIIIIIIII
******模拟网络环境******：关闭定时器, 当前时间 = 1412.41, 定时器报文序号 = 0
******模拟网络环境******：启动定时器, 当前时间 = 1412.41, 定时器报文序号 = 0, 定时器Timeout时间 = 1432.41
******模拟网络环境******：接收方的确认包将在1422.55到达对方, 确认包为-->seqnum = -1, acknum = 4,checksum = 12847,payload = .....................
发送方：接收到ACK：4
******模拟网络环境******：关闭定时器, 当前时间 = 1422.55, 定时器报文序号 = 0
发送方：发送方接收ACK后的滑动窗口：
0 1) 2 3 4 (5| 6 7 
发送方：发送方发送前的滑动窗口：
0 1) 2 3 4 (5| 6 7 
******模拟网络环境******：启动定时器, 当前时间 = 1422.73, 定时器报文序号 = 0, 定时器Timeout时间 = 1442.73
******模拟网络环境******：发送方的数据包将在1428.79到达对方, 数据包为-->seqnum = 5, acknum = -1,checksum = 6421,payload = JJJJJJJJJJJJJJJJJJJJ
发送方：发送方发送后的滑动窗口：
0 1) 2 3 4 (5 6| 7 
发送方：发送方发送前的滑动窗口：
0 1) 2 3 4 (5 6| 7 
******模拟网络环境******：发送方的数据包将在1434.63到达对方, 数据包为-->seqnum = 6, acknum = -1,checksum = 3850,payload = KKKKKKKKKKKKKKKKKKKK
发送方：发送方发送后的滑动窗口：
0 1) 2 3 4 (5 6 7| 
发送方：发送方发送前的滑动窗口：
0 1) 2 3 4 (5 6 7| 
******模拟网络环境******：发送方的数据包将在1442.13到达对方, 数据包为-->seqnum = 7, acknum = -1,checksum = 1279,payload = LLLLLLLLLLLLLLLLLLLL
发送方：发送方发送后的滑动窗口：
0| 1) 2 3 4 (5 6 7 
发送方：发送方发送前的滑动窗口：
0| 1) 2 3 4 (5 6 7 
******模拟网络环境******：发送方的数据包将在1443.76到达对方, 数据包为-->seqnum = 0, acknum = -1,checksum = 64251,payload = MMMMMMMMMMMMMMMMMMMM
发送方：发送方发送后的滑动窗口：
0 1|) 2 3 4 (5 6 7 
******模拟网络环境******：向上递交给应用层数据：JJJJJJJJJJJJJJJJJJJJ
******模拟网络环境******：接收方的确认包将在1432.56到达对方, 确认包为-->seqnum = -1, acknum = 5,checksum = 12846,payload = .....................
目前返回的ack序号为: 5

发送方：接收到ACK：5
******模拟网络环境******：关闭定时器, 当前时间 = 1432.56, 定时器报文序号 = 0
******模拟网络环境******：启动定时器, 当前时间 = 1432.56, 定时器报文序号 = 0, 定时器Timeout时间 = 1452.56
发送方：发送方接收ACK后的滑动窗口：
0 1| 2) 3 4 5 (6 7 
******模拟网络环境******：向上递交给应用层数据：KKKKKKKKKKKKKKKKKKKK
******模拟网络环境******：接收方的确认包将在1438.1到达对方, 确认包为-->seqnum = -1, acknum = 6,checksum = 12845,payload = .....................
目前返回的ack序号为: 6

发送方：接收到ACK：6
******模拟网络环境******：关闭定时器, 当前时间 = 1438.1, 定时器报文序号 = 0
******模拟网络环境******：启动定时器, 当前时间 = 1438.1, 定时器报文序号 = 0, 定时器Timeout时间 = 1458.1
发送方：发送方接收ACK后的滑动窗口：
0 1| 2 3) 4 5 6 (7 
******模拟网络环境******：向上递交给应用层数据：LLLLLLLLLLLLLLLLLLLL
******模拟网络环境******：接收方的确认包将在1446.21到达对方, 确认包为-->seqnum = -1, acknum = 7,checksum = 12844,payload = .....................
目前返回的ack序号为: 7

******模拟网络环境******：向上递交给应用层数据：MMMMMMMMMMMMMMMMMMMM
******模拟网络环境******：接收方的确认包将在1452.72到达对方, 确认包为-->seqnum = -1, acknum = 0,checksum = 12851,payload = .....................
目前返回的ack序号为: 0

发送方：接收到ACK：7
******模拟网络环境******：关闭定时器, 当前时间 = 1446.21, 定时器报文序号 = 0
******模拟网络环境******：启动定时器, 当前时间 = 1446.21, 定时器报文序号 = 0, 定时器Timeout时间 = 1466.21
发送方：发送方接收ACK后的滑动窗口：
(0 1| 2 3 4) 5 6 7 
发送方：接收到ACK：0
******模拟网络环境******：关闭定时器, 当前时间 = 1452.72, 定时器报文序号 = 0
发送方：发送方接收ACK后的滑动窗口：
0 (1| 2 3 4 5) 6 7 
发送方：发送方发送前的滑动窗口：
0 (1| 2 3 4 5) 6 7 
******模拟网络环境******：启动定时器, 当前时间 = 1453.06, 定时器报文序号 = 0, 定时器Timeout时间 = 1473.06
******模拟网络环境******：发送方的数据包将在1454.2到达对方, 数据包为-->seqnum = 1, acknum = -1,checksum = 61680,payload = NNNNNNNNNNNNNNNNNNNN
发送方：发送方发送后的滑动窗口：
0 (1 2| 3 4 5) 6 7 
发送方：发送方发送前的滑动窗口：
0 (1 2| 3 4 5) 6 7 
******模拟网络环境******：发送方的数据包将在1464.58到达对方, 数据包为-->seqnum = 2, acknum = -1,checksum = 59109,payload = OOOOOOOOOOOOOOOOOOOO
发送方：发送方发送后的滑动窗口：
0 (1 2 3| 4 5) 6 7 
发送方：发送方发送前的滑动窗口：
0 (1 2 3| 4 5) 6 7 
******模拟网络环境******：网络层数据包损坏,损坏的包为-->seqnum = 3, acknum = -1,checksum = 56538,payload = QPPPPPPPPPPPPPPPPPPP
******模拟网络环境******：发送方的数据包将在1468.67到达对方, 数据包为-->seqnum = 3, acknum = -1,checksum = 56538,payload = QPPPPPPPPPPPPPPPPPPP
发送方：发送方发送后的滑动窗口：
0 (1 2 3 4| 5) 6 7 
发送方：发送方发送前的滑动窗口：
0 (1 2 3 4| 5) 6 7 
******模拟网络环境******：发送方的数据包将在1475.19到达对方, 数据包为-->seqnum = 4, acknum = -1,checksum = 53967,payload = QQQQQQQQQQQQQQQQQQQQ
发送方：发送方发送后的滑动窗口：
0 (1 2 3 4 5|) 6 7 
******模拟网络环境******：向上递交给应用层数据：NNNNNNNNNNNNNNNNNNNN
******模拟网络环境******：接收方的确认包将在1458.05到达对方, 确认包为-->seqnum = -1, acknum = 1,checksum = 12850,payload = .....................
目前返回的ack序号为: 1

发送方：接收到ACK：1
******模拟网络环境******：关闭定时器, 当前时间 = 1458.05, 定时器报文序号 = 0
******模拟网络环境******：启动定时器, 当前时间 = 1458.05, 定时器报文序号 = 0, 定时器Timeout时间 = 1478.05
发送方：发送方接收ACK后的滑动窗口：
0 1 (2 3 4 5| 6) 7 
******模拟网络环境******：向上递交给应用层数据：OOOOOOOOOOOOOOOOOOOO
******模拟网络环境******：接收方发送的确认包丢失：seqnum = -1, acknum = 2,checksum = 12849,payload = .....................
目前返回的ack序号为: 2

******模拟网络环境******：接收方的确认包将在1479.48到达对方, 确认包为-->seqnum = -1, acknum = 2,checksum = 12849,payload = .....................
******模拟网络环境******：接收方的确认包将在1480.77到达对方, 确认包为-->seqnum = -1, acknum = 2,checksum = 12849,payload = .....................
******模拟网络环境******：发送方的数据包将在1479.69到达对方, 数据包为-->seqnum = 2, acknum = -1,checksum = 59109,payload = OOOOOOOOOOOOOOOOOOOO
******模拟网络环境******：关闭定时器, 当前时间 = 1478.05, 定时器报文序号 = 0
******模拟网络环境******：启动定时器, 当前时间 = 1478.05, 定时器报文序号 = 0, 定时器Timeout时间 = 1498.05
发送方：接收到ACK：2
******模拟网络环境******：关闭定时器, 当前时间 = 1479.48, 定时器报文序号 = 0
******模拟网络环境******：启动定时器, 当前时间 = 1479.48, 定时器报文序号 = 0, 定时器Timeout时间 = 1499.48
发送方：发送方接收ACK后的滑动窗口：
0 1 2 (3 4 5| 6 7) 
******模拟网络环境******：接收方的确认包将在1488.53到达对方, 确认包为-->seqnum = -1, acknum = 2,checksum = 12849,payload = .....................
******模拟网络环境******：发送方的数据包将在1509.74到达对方, 数据包为-->seqnum = 3, acknum = -1,checksum = 56538,payload = PPPPPPPPPPPPPPPPPPPP
******模拟网络环境******：关闭定时器, 当前时间 = 1499.48, 定时器报文序号 = 0
******模拟网络环境******：启动定时器, 当前时间 = 1499.48, 定时器报文序号 = 0, 定时器Timeout时间 = 1519.48
******模拟网络环境******：向上递交给应用层数据：PPPPPPPPPPPPPPPPPPPP
******模拟网络环境******：接收方的确认包将在1520.66到达对方, 确认包为-->seqnum = -1, acknum = 3,checksum = 12848,payload = .....................
目前返回的ack序号为: 3

******模拟网络环境******：发送方的数据包将在1528.78到达对方, 数据包为-->seqnum = 3, acknum = -1,checksum = 56538,payload = PPPPPPPPPPPPPPPPPPPP
******模拟网络环境******：关闭定时器, 当前时间 = 1519.48, 定时器报文序号 = 0
******模拟网络环境******：启动定时器, 当前时间 = 1519.48, 定时器报文序号 = 0, 定时器Timeout时间 = 1539.48
发送方：接收到ACK：3
******模拟网络环境******：关闭定时器, 当前时间 = 1520.66, 定时器报文序号 = 0
******模拟网络环境******：启动定时器, 当前时间 = 1520.66, 定时器报文序号 = 0, 定时器Timeout时间 = 1540.66
发送方：发送方接收ACK后的滑动窗口：
0) 1 2 3 (4 5| 6 7 
******模拟网络环境******：接收方的确认包将在1534.47到达对方, 确认包为-->seqnum = -1, acknum = 3,checksum = 12848,payload = .....................
******模拟网络环境******：发送方的数据包将在1548.73到达对方, 数据包为-->seqnum = 4, acknum = -1,checksum = 53967,payload = QQQQQQQQQQQQQQQQQQQQ
******模拟网络环境******：关闭定时器, 当前时间 = 1540.66, 定时器报文序号 = 0
******模拟网络环境******：启动定时器, 当前时间 = 1540.66, 定时器报文序号 = 0, 定时器Timeout时间 = 1560.66
******模拟网络环境******：向上递交给应用层数据：QQQQQQQQQQQQQQQQQQQQ
******模拟网络环境******：接收方的确认包将在1552.79到达对方, 确认包为-->seqnum = -1, acknum = 4,checksum = 12847,payload = .....................
目前返回的ack序号为: 4

发送方：接收到ACK：4
******模拟网络环境******：关闭定时器, 当前时间 = 1552.79, 定时器报文序号 = 0
发送方：发送方接收ACK后的滑动窗口：
0 1) 2 3 4 (5| 6 7 
发送方：发送方发送前的滑动窗口：
0 1) 2 3 4 (5| 6 7 
******模拟网络环境******：启动定时器, 当前时间 = 1552.89, 定时器报文序号 = 0, 定时器Timeout时间 = 1572.89
******模拟网络环境******：发送方的数据包将在1562.46到达对方, 数据包为-->seqnum = 5, acknum = -1,checksum = 51396,payload = RRRRRRRRRRRRRRRRRRRR
发送方：发送方发送后的滑动窗口：
0 1) 2 3 4 (5 6| 7 
发送方：发送方发送前的滑动窗口：
0 1) 2 3 4 (5 6| 7 
******模拟网络环境******：发送方的数据包将在1569.56到达对方, 数据包为-->seqnum = 6, acknum = -1,checksum = 48825,payload = SSSSSSSSSSSSSSSSSSSS
发送方：发送方发送后的滑动窗口：
0 1) 2 3 4 (5 6 7| 
发送方：发送方发送前的滑动窗口：
0 1) 2 3 4 (5 6 7| 
******模拟网络环境******：发送方的数据包将在1571.81到达对方, 数据包为-->seqnum = 7, acknum = -1,checksum = 46254,payload = TTTTTTTTTTTTTTTTTTTT
发送方：发送方发送后的滑动窗口：
0| 1) 2 3 4 (5 6 7 
发送方：发送方发送前的滑动窗口：
0| 1) 2 3 4 (5 6 7 
******模拟网络环境******：发送方的数据包将在1581.78到达对方, 数据包为-->seqnum = 0, acknum = -1,checksum = 43691,payload = UUUUUUUUUUUUUUUUUUUU
发送方：发送方发送后的滑动窗口：
0 1|) 2 3 4 (5 6 7 
******模拟网络环境******：向上递交给应用层数据：RRRRRRRRRRRRRRRRRRRR
******模拟网络环境******：网络层数据包损坏,损坏的包为-->seqnum = -1, acknum = 5,checksum = 12846,payload = /....................
******模拟网络环境******：接收方的确认包将在1564.15到达对方, 确认包为-->seqnum = -1, acknum = 5,checksum = 12846,payload = /....................
目前返回的ack序号为: 5

******模拟网络环境******：向上递交给应用层数据：SSSSSSSSSSSSSSSSSSSS
******模拟网络环境******：接收方的确认包将在1577.28到达对方, 确认包为-->seqnum = -1, acknum = 6,checksum = 12845,payload = .....................
目前返回的ack序号为: 6

******模拟网络环境******：向上递交给应用层数据：TTTTTTTTTTTTTTTTTTTT
******模拟网络环境******：网络层数据包损坏,损坏的包为-->seqnum = -1, acknum = 7,checksum = 12844,payload = /....................
******模拟网络环境******：接收方的确认包将在1582.16到达对方, 确认包为-->seqnum = -1, acknum = 7,checksum = 12844,payload = /....................
目前返回的ack序号为: 7

******模拟网络环境******：发送方发送的数据包丢失：seqnum = 5, acknum = -1,checksum = 51396,payload = RRRRRRRRRRRRRRRRRRRR
******模拟网络环境******：关闭定时器, 当前时间 = 1572.89, 定时器报文序号 = 0
******模拟网络环境******：启动定时器, 当前时间 = 1572.89, 定时器报文序号 = 0, 定时器Timeout时间 = 1592.89
发送方：接收到ACK：6
******模拟网络环境******：关闭定时器, 当前时间 = 1577.28, 定时器报文序号 = 0
******模拟网络环境******：启动定时器, 当前时间 = 1577.28, 定时器报文序号 = 0, 定时器Timeout时间 = 1597.28
发送方：发送方接收ACK后的滑动窗口：
0 1| 2 3) 4 5 6 (7 
******模拟网络环境******：向上递交给应用层数据：UUUUUUUUUUUUUUUUUUUU
******模拟网络环境******：接收方的确认包将在1592.16到达对方, 确认包为-->seqnum = -1, acknum = 0,checksum = 12851,payload = .....................
目前返回的ack序号为: 0

发送方：接收到ACK：0
******模拟网络环境******：关闭定时器, 当前时间 = 1592.16, 定时器报文序号 = 0
发送方：发送方接收ACK后的滑动窗口：
0 (1| 2 3 4 5) 6 7 
发送方：发送方发送前的滑动窗口：
0 (1| 2 3 4 5) 6 7 
******模拟网络环境******：启动定时器, 当前时间 = 1592.97, 定时器报文序号 = 0, 定时器Timeout时间 = 1612.97
******模拟网络环境******：发送方的数据包将在1597.76到达对方, 数据包为-->seqnum = 1, acknum = -1,checksum = 41120,payload = VVVVVVVVVVVVVVVVVVVV
发送方：发送方发送后的滑动窗口：
0 (1 2| 3 4 5) 6 7 
发送方：发送方发送前的滑动窗口：
0 (1 2| 3 4 5) 6 7 
******模拟网络环境******：发送方的数据包将在1603.69到达对方, 数据包为-->seqnum = 2, acknum = -1,checksum = 38549,payload = WWWWWWWWWWWWWWWWWWWW
发送方：发送方发送后的滑动窗口：
0 (1 2 3| 4 5) 6 7 
发送方：发送方发送前的滑动窗口：
0 (1 2 3| 4 5) 6 7 
******模拟网络环境******：发送方的数据包将在1611.22到达对方, 数据包为-->seqnum = 3, acknum = -1,checksum = 35978,payload = XXXXXXXXXXXXXXXXXXXX
发送方：发送方发送后的滑动窗口：
0 (1 2 3 4| 5) 6 7 
发送方：发送方发送前的滑动窗口：
0 (1 2 3 4| 5) 6 7 
******模拟网络环境******：发送方的数据包将在1617.08到达对方, 数据包为-->seqnum = 4, acknum = -1,checksum = 33407,payload = YYYYYYYYYYYYYYYYYYYY
发送方：发送方发送后的滑动窗口：
0 (1 2 3 4 5|) 6 7 
******模拟网络环境******：向上递交给应用层数据：VVVVVVVVVVVVVVVVVVVV
******模拟网络环境******：网络层数据包损坏,损坏的包为-->seqnum = -999999, acknum = 1,checksum = 12850,payload = .....................
******模拟网络环境******：接收方的确认包将在1599.3到达对方, 确认包为-->seqnum = -999999, acknum = 1,checksum = 12850,payload = .....................
目前返回的ack序号为: 1

******模拟网络环境******：向上递交给应用层数据：WWWWWWWWWWWWWWWWWWWW
******模拟网络环境******：接收方的确认包将在1604.82到达对方, 确认包为-->seqnum = -1, acknum = 2,checksum = 12849,payload = .....................
目前返回的ack序号为: 2

发送方：接收到ACK：2
******模拟网络环境******：关闭定时器, 当前时间 = 1604.82, 定时器报文序号 = 0
******模拟网络环境******：启动定时器, 当前时间 = 1604.82, 定时器报文序号 = 0, 定时器Timeout时间 = 1624.82
发送方：发送方接收ACK后的滑动窗口：
0 1 2 (3 4 5| 6 7) 
******模拟网络环境******：向上递交给应用层数据：XXXXXXXXXXXXXXXXXXXX
******模拟网络环境******：接收方发送的确认包丢失：seqnum = -1, acknum = 3,checksum = 12848,payload = .....................
目前返回的ack序号为: 3

******模拟网络环境******：向上递交给应用层数据：YYYYYYYYYYYYYYYYYYYY
******模拟网络环境******：接收方的确认包将在1621.81到达对方, 确认包为-->seqnum = -1, acknum = 4,checksum = 12847,payload = .....................
目前返回的ack序号为: 4

发送方：接收到ACK：4
******模拟网络环境******：关闭定时器, 当前时间 = 1621.81, 定时器报文序号 = 0
发送方：发送方接收ACK后的滑动窗口：
0 1) 2 3 4 (5| 6 7 
发送方：发送方发送前的滑动窗口：
0 1) 2 3 4 (5| 6 7 
******模拟网络环境******：启动定时器, 当前时间 = 1622.1, 定时器报文序号 = 0, 定时器Timeout时间 = 1642.1
******模拟网络环境******：发送方的数据包将在1624.45到达对方, 数据包为-->seqnum = 5, acknum = -1,checksum = 30836,payload = ZZZZZZZZZZZZZZZZZZZZ
发送方：发送方发送后的滑动窗口：
0 1) 2 3 4 (5 6| 7 
发送方：发送方发送前的滑动窗口：
0 1) 2 3 4 (5 6| 7 
******模拟网络环境******：发送方的数据包将在1630.51到达对方, 数据包为-->seqnum = 6, acknum = -1,checksum = 29550,payload = AAAAAAAAAAAAAAAAAAAA
发送方：发送方发送后的滑动窗口：
0 1) 2 3 4 (5 6 7| 
发送方：发送方发送前的滑动窗口：
0 1) 2 3 4 (5 6 7| 
******模拟网络环境******：发送方的数据包将在1638.17到达对方, 数据包为-->seqnum = 7, acknum = -1,checksum = 26979,payload = BBBBBBBBBBBBBBBBBBBB
发送方：发送方发送后的滑动窗口：
0| 1) 2 3 4 (5 6 7 
发送方：发送方发送前的滑动窗口：
0| 1) 2 3 4 (5 6 7 
******模拟网络环境******：发送方的数据包将在1639.45到达对方, 数据包为-->seqnum = 0, acknum = -1,checksum = 24416,payload = CCCCCCCCCCCCCCCCCCCC
发送方：发送方发送后的滑动窗口：
0 1|) 2 3 4 (5 6 7 
******模拟网络环境******：向上递交给应用层数据：ZZZZZZZZZZZZZZZZZZZZ
******模拟网络环境******：接收方的确认包将在1625.97到达对方, 确认包为-->seqnum = -1, acknum = 5,checksum = 12846,payload = .....................
目前返回的ack序号为: 5

发送方：接收到ACK：5
******模拟网络环境******：关闭定时器, 当前时间 = 1625.97, 定时器报文序号 = 0
******模拟网络环境******：启动定时器, 当前时间 = 1625.97, 定时器报文序号 = 0, 定时器Timeout时间 = 1645.97
发送方：发送方接收ACK后的滑动窗口：
0 1| 2) 3 4 5 (6 7 
******模拟网络环境******：向上递交给应用层数据：AAAAAAAAAAAAAAAAAAAA
******模拟网络环境******：接收方的确认包将在1635.6到达对方, 确认包为-->seqnum = -1, acknum = 6,checksum = 12845,payload = .....................
目前返回的ack序号为: 6

发送方：接收到ACK：6
******模拟网络环境******：关闭定时器, 当前时间 = 1635.6, 定时器报文序号 = 0
******模拟网络环境******：启动定时器, 当前时间 = 1635.6, 定时器报文序号 = 0, 定时器Timeout时间 = 1655.6
发送方：发送方接收ACK后的滑动窗口：
0 1| 2 3) 4 5 6 (7 
******模拟网络环境******：向上递交给应用层数据：BBBBBBBBBBBBBBBBBBBB
******模拟网络环境******：接收方的确认包将在1639.64到达对方, 确认包为-->seqnum = -1, acknum = 7,checksum = 12844,payload = .....................
目前返回的ack序号为: 7

******模拟网络环境******：向上递交给应用层数据：CCCCCCCCCCCCCCCCCCCC
******模拟网络环境******：接收方的确认包将在1645.37到达对方, 确认包为-->seqnum = -1, acknum = 0,checksum = 12851,payload = .....................
目前返回的ack序号为: 0

发送方：接收到ACK：7
******模拟网络环境******：关闭定时器, 当前时间 = 1639.64, 定时器报文序号 = 0
******模拟网络环境******：启动定时器, 当前时间 = 1639.64, 定时器报文序号 = 0, 定时器Timeout时间 = 1659.64
发送方：发送方接收ACK后的滑动窗口：
(0 1| 2 3 4) 5 6 7 
发送方：接收到ACK：0
******模拟网络环境******：关闭定时器, 当前时间 = 1645.37, 定时器报文序号 = 0
发送方：发送方接收ACK后的滑动窗口：
0 (1| 2 3 4 5) 6 7 
发送方：发送方发送前的滑动窗口：
0 (1| 2 3 4 5) 6 7 
******模拟网络环境******：启动定时器, 当前时间 = 1645.99, 定时器报文序号 = 0, 定时器Timeout时间 = 1665.99
******模拟网络环境******：发送方的数据包将在1655.13到达对方, 数据包为-->seqnum = 1, acknum = -1,checksum = 21845,payload = DDDDDDDDDDDDDDDDDDDD
发送方：发送方发送后的滑动窗口：
0 (1 2| 3 4 5) 6 7 
发送方：发送方发送前的滑动窗口：
0 (1 2| 3 4 5) 6 7 
******模拟网络环境******：发送方的数据包将在1666.11到达对方, 数据包为-->seqnum = 2, acknum = -1,checksum = 19274,payload = EEEEEEEEEEEEEEEEEEEE
发送方：发送方发送后的滑动窗口：
0 (1 2 3| 4 5) 6 7 
发送方：发送方发送前的滑动窗口：
0 (1 2 3| 4 5) 6 7 
******模拟网络环境******：发送方的数据包将在1671.18到达对方, 数据包为-->seqnum = 3, acknum = -1,checksum = 16703,payload = FFFFFFFFFFFFFFFFFFFF
发送方：发送方发送后的滑动窗口：
0 (1 2 3 4| 5) 6 7 
发送方：发送方发送前的滑动窗口：
0 (1 2 3 4| 5) 6 7 
******模拟网络环境******：发送方的数据包将在1678.83到达对方, 数据包为-->seqnum = 4, acknum = -1,checksum = 14132,payload = GGGGGGGGGGGGGGGGGGGG
发送方：发送方发送后的滑动窗口：
0 (1 2 3 4 5|) 6 7 
******模拟网络环境******：向上递交给应用层数据：DDDDDDDDDDDDDDDDDDDD
******模拟网络环境******：接收方的确认包将在1656.96到达对方, 确认包为-->seqnum = -1, acknum = 1,checksum = 12850,payload = .....................
目前返回的ack序号为: 1

发送方：接收到ACK：1
******模拟网络环境******：关闭定时器, 当前时间 = 1656.96, 定时器报文序号 = 0
******模拟网络环境******：启动定时器, 当前时间 = 1656.96, 定时器报文序号 = 0, 定时器Timeout时间 = 1676.96
发送方：发送方接收ACK后的滑动窗口：
0 1 (2 3 4 5| 6) 7 
******模拟网络环境******：向上递交给应用层数据：EEEEEEEEEEEEEEEEEEEE
******模拟网络环境******：接收方的确认包将在1670.58到达对方, 确认包为-->seqnum = -1, acknum = 2,checksum = 12849,payload = .....................
目前返回的ack序号为: 2

发送方：接收到ACK：2
******模拟网络环境******：关闭定时器, 当前时间 = 1670.58, 定时器报文序号 = 0
******模拟网络环境******：启动定时器, 当前时间 = 1670.58, 定时器报文序号 = 0, 定时器Timeout时间 = 1690.58
发送方：发送方接收ACK后的滑动窗口：
0 1 2 (3 4 5| 6 7) 
******模拟网络环境******：向上递交给应用层数据：FFFFFFFFFFFFFFFFFFFF
******模拟网络环境******：网络层数据包损坏,损坏的包为-->seqnum = -1, acknum = 3,checksum = 12848,payload = /....................
******模拟网络环境******：接收方的确认包将在1678.78到达对方, 确认包为-->seqnum = -1, acknum = 3,checksum = 12848,payload = /....................
目前返回的ack序号为: 3

******模拟网络环境******：向上递交给应用层数据：GGGGGGGGGGGGGGGGGGGG
******模拟网络环境******：接收方的确认包将在1681.94到达对方, 确认包为-->seqnum = -1, acknum = 4,checksum = 12847,payload = .....................
目前返回的ack序号为: 4

发送方：接收到ACK：4
******模拟网络环境******：关闭定时器, 当前时间 = 1681.94, 定时器报文序号 = 0
发送方：发送方接收ACK后的滑动窗口：
0 1) 2 3 4 (5| 6 7 
发送方：发送方发送前的滑动窗口：
0 1) 2 3 4 (5| 6 7 
******模拟网络环境******：启动定时器, 当前时间 = 1681.96, 定时器报文序号 = 0, 定时器Timeout时间 = 1701.96
******模拟网络环境******：发送方的数据包将在1685.93到达对方, 数据包为-->seqnum = 5, acknum = -1,checksum = 11561,payload = HHHHHHHHHHHHHHHHHHHH
发送方：发送方发送后的滑动窗口：
0 1) 2 3 4 (5 6| 7 
发送方：发送方发送前的滑动窗口：
0 1) 2 3 4 (5 6| 7 
******模拟网络环境******：发送方发送的数据包丢失：seqnum = 6, acknum = -1,checksum = 8990,payload = IIIIIIIIIIIIIIIIIIII
发送方：发送方发送后的滑动窗口：
0 1) 2 3 4 (5 6 7| 
发送方：发送方发送前的滑动窗口：
0 1) 2 3 4 (5 6 7| 
******模拟网络环境******：发送方的数据包将在1693.2到达对方, 数据包为-->seqnum = 7, acknum = -1,checksum = 6419,payload = JJJJJJJJJJJJJJJJJJJJ
发送方：发送方发送后的滑动窗口：
0| 1) 2 3 4 (5 6 7 
发送方：发送方发送前的滑动窗口：
0| 1) 2 3 4 (5 6 7 
******模拟网络环境******：发送方发送的数据包丢失：seqnum = 0, acknum = -1,checksum = 3856,payload = KKKKKKKKKKKKKKKKKKKK
发送方：发送方发送后的滑动窗口：
0 1|) 2 3 4 (5 6 7 
******模拟网络环境******：向上递交给应用层数据：HHHHHHHHHHHHHHHHHHHH
******模拟网络环境******：接收方的确认包将在1687.34到达对方, 确认包为-->seqnum = -1, acknum = 5,checksum = 12846,payload = .....................
目前返回的ack序号为: 5

发送方：接收到ACK：5
******模拟网络环境******：关闭定时器, 当前时间 = 1687.34, 定时器报文序号 = 0
******模拟网络环境******：启动定时器, 当前时间 = 1687.34, 定时器报文序号 = 0, 定时器Timeout时间 = 1707.34
发送方：发送方接收ACK后的滑动窗口：
0 1| 2) 3 4 5 (6 7 
******模拟网络环境******：接收方的确认包将在1701.02到达对方, 确认包为-->seqnum = -1, acknum = 5,checksum = 12846,payload = .....................
******模拟网络环境******：发送方的数据包将在1710.82到达对方, 数据包为-->seqnum = 6, acknum = -1,checksum = 8990,payload = IIIIIIIIIIIIIIIIIIII
******模拟网络环境******：关闭定时器, 当前时间 = 1707.34, 定时器报文序号 = 0
******模拟网络环境******：启动定时器, 当前时间 = 1707.34, 定时器报文序号 = 0, 定时器Timeout时间 = 1727.34
******模拟网络环境******：向上递交给应用层数据：IIIIIIIIIIIIIIIIIIII
******模拟网络环境******：接收方的确认包将在1720.02到达对方, 确认包为-->seqnum = -1, acknum = 6,checksum = 12845,payload = .....................
目前返回的ack序号为: 6

发送方：接收到ACK：6
******模拟网络环境******：关闭定时器, 当前时间 = 1720.02, 定时器报文序号 = 0
******模拟网络环境******：启动定时器, 当前时间 = 1720.02, 定时器报文序号 = 0, 定时器Timeout时间 = 1740.02
发送方：发送方接收ACK后的滑动窗口：
0 1| 2 3) 4 5 6 (7 
******模拟网络环境******：发送方发送的数据包丢失：seqnum = 7, acknum = -1,checksum = 6419,payload = JJJJJJJJJJJJJJJJJJJJ
******模拟网络环境******：关闭定时器, 当前时间 = 1740.02, 定时器报文序号 = 0
******模拟网络环境******：启动定时器, 当前时间 = 1740.02, 定时器报文序号 = 0, 定时器Timeout时间 = 1760.02
******模拟网络环境******：发送方的数据包将在1762.87到达对方, 数据包为-->seqnum = 7, acknum = -1,checksum = 6419,payload = JJJJJJJJJJJJJJJJJJJJ
******模拟网络环境******：关闭定时器, 当前时间 = 1760.02, 定时器报文序号 = 0
******模拟网络环境******：启动定时器, 当前时间 = 1760.02, 定时器报文序号 = 0, 定时器Timeout时间 = 1780.02
******模拟网络环境******：向上递交给应用层数据：JJJJJJJJJJJJJJJJJJJJ
******模拟网络环境******：接收方的确认包将在1764.66到达对方, 确认包为-->seqnum = -1, acknum = 7,checksum = 12844,payload = .....................
目前返回的ack序号为: 7

发送方：接收到ACK：7
******模拟网络环境******：关闭定时器, 当前时间 = 1764.66, 定时器报文序号 = 0
******模拟网络环境******：启动定时器, 当前时间 = 1764.66, 定时器报文序号 = 0, 定时器Timeout时间 = 1784.66
发送方：发送方接收ACK后的滑动窗口：
(0 1| 2 3 4) 5 6 7 
******模拟网络环境******：发送方的数据包将在1789.53到达对方, 数据包为-->seqnum = 0, acknum = -1,checksum = 3856,payload = KKKKKKKKKKKKKKKKKKKK
******模拟网络环境******：关闭定时器, 当前时间 = 1784.66, 定时器报文序号 = 0
******模拟网络环境******：启动定时器, 当前时间 = 1784.66, 定时器报文序号 = 0, 定时器Timeout时间 = 1804.66
******模拟网络环境******：向上递交给应用层数据：KKKKKKKKKKKKKKKKKKKK
******模拟网络环境******：接收方的确认包将在1791.99到达对方, 确认包为-->seqnum = -1, acknum = 0,checksum = 12851,payload = .....................
目前返回的ack序号为: 0

发送方：接收到ACK：0
******模拟网络环境******：关闭定时器, 当前时间 = 1791.99, 定时器报文序号 = 0
发送方：发送方接收ACK后的滑动窗口：
0 (1| 2 3 4 5) 6 7 
发送方：发送方发送前的滑动窗口：
0 (1| 2 3 4 5) 6 7 
******模拟网络环境******：启动定时器, 当前时间 = 1793.04, 定时器报文序号 = 0, 定时器Timeout时间 = 1813.04
******模拟网络环境******：发送方的数据包将在1799.22到达对方, 数据包为-->seqnum = 1, acknum = -1,checksum = 1285,payload = LLLLLLLLLLLLLLLLLLLL
发送方：发送方发送后的滑动窗口：
0 (1 2| 3 4 5) 6 7 
发送方：发送方发送前的滑动窗口：
0 (1 2| 3 4 5) 6 7 
******模拟网络环境******：发送方的数据包将在1807.36到达对方, 数据包为-->seqnum = 2, acknum = -1,checksum = 64249,payload = MMMMMMMMMMMMMMMMMMMM
发送方：发送方发送后的滑动窗口：
0 (1 2 3| 4 5) 6 7 
发送方：发送方发送前的滑动窗口：
0 (1 2 3| 4 5) 6 7 
******模拟网络环境******：发送方的数据包将在1816.87到达对方, 数据包为-->seqnum = 3, acknum = -1,checksum = 61678,payload = NNNNNNNNNNNNNNNNNNNN
发送方：发送方发送后的滑动窗口：
0 (1 2 3 4| 5) 6 7 
发送方：发送方发送前的滑动窗口：
0 (1 2 3 4| 5) 6 7 
******模拟网络环境******：发送方的数据包将在1826.17到达对方, 数据包为-->seqnum = 4, acknum = -1,checksum = 59107,payload = OOOOOOOOOOOOOOOOOOOO
发送方：发送方发送后的滑动窗口：
0 (1 2 3 4 5|) 6 7 
******模拟网络环境******：向上递交给应用层数据：LLLLLLLLLLLLLLLLLLLL
******模拟网络环境******：接收方的确认包将在1808.97到达对方, 确认包为-->seqnum = -1, acknum = 1,checksum = 12850,payload = .....................
目前返回的ack序号为: 1

******模拟网络环境******：向上递交给应用层数据：MMMMMMMMMMMMMMMMMMMM
******模拟网络环境******：接收方的确认包将在1812.36到达对方, 确认包为-->seqnum = -1, acknum = 2,checksum = 12849,payload = .....................
目前返回的ack序号为: 2

发送方：接收到ACK：1
******模拟网络环境******：关闭定时器, 当前时间 = 1808.97, 定时器报文序号 = 0
******模拟网络环境******：启动定时器, 当前时间 = 1808.97, 定时器报文序号 = 0, 定时器Timeout时间 = 1828.97
发送方：发送方接收ACK后的滑动窗口：
0 1 (2 3 4 5| 6) 7 
发送方：接收到ACK：2
******模拟网络环境******：关闭定时器, 当前时间 = 1812.36, 定时器报文序号 = 0
******模拟网络环境******：启动定时器, 当前时间 = 1812.36, 定时器报文序号 = 0, 定时器Timeout时间 = 1832.36
发送方：发送方接收ACK后的滑动窗口：
0 1 2 (3 4 5| 6 7) 
******模拟网络环境******：向上递交给应用层数据：NNNNNNNNNNNNNNNNNNNN
******模拟网络环境******：接收方的确认包将在1824.24到达对方, 确认包为-->seqnum = -1, acknum = 3,checksum = 12848,payload = .....................
目前返回的ack序号为: 3

发送方：接收到ACK：3
******模拟网络环境******：关闭定时器, 当前时间 = 1824.24, 定时器报文序号 = 0
******模拟网络环境******：启动定时器, 当前时间 = 1824.24, 定时器报文序号 = 0, 定时器Timeout时间 = 1844.24
发送方：发送方接收ACK后的滑动窗口：
0) 1 2 3 (4 5| 6 7 
******模拟网络环境******：向上递交给应用层数据：OOOOOOOOOOOOOOOOOOOO
******模拟网络环境******：接收方的确认包将在1829.67到达对方, 确认包为-->seqnum = -1, acknum = 4,checksum = 12847,payload = .....................
目前返回的ack序号为: 4

发送方：接收到ACK：4
******模拟网络环境******：关闭定时器, 当前时间 = 1829.67, 定时器报文序号 = 0
发送方：发送方接收ACK后的滑动窗口：
0 1) 2 3 4 (5| 6 7 
发送方：发送方发送前的滑动窗口：
0 1) 2 3 4 (5| 6 7 
******模拟网络环境******：启动定时器, 当前时间 = 1829.9, 定时器报文序号 = 0, 定时器Timeout时间 = 1849.9
******模拟网络环境******：发送方的数据包将在1839.19到达对方, 数据包为-->seqnum = 5, acknum = -1,checksum = 56536,payload = PPPPPPPPPPPPPPPPPPPP
发送方：发送方发送后的滑动窗口：
0 1) 2 3 4 (5 6| 7 
发送方：发送方发送前的滑动窗口：
0 1) 2 3 4 (5 6| 7 
******模拟网络环境******：发送方的数据包将在1846.69到达对方, 数据包为-->seqnum = 6, acknum = -1,checksum = 53965,payload = QQQQQQQQQQQQQQQQQQQQ
发送方：发送方发送后的滑动窗口：
0 1) 2 3 4 (5 6 7| 
发送方：发送方发送前的滑动窗口：
0 1) 2 3 4 (5 6 7| 
******模拟网络环境******：网络层数据包损坏,损坏的包为-->seqnum = -999999, acknum = -1,checksum = 51394,payload = RRRRRRRRRRRRRRRRRRRR
******模拟网络环境******：发送方的数据包将在1857.62到达对方, 数据包为-->seqnum = -999999, acknum = -1,checksum = 51394,payload = RRRRRRRRRRRRRRRRRRRR
发送方：发送方发送后的滑动窗口：
0| 1) 2 3 4 (5 6 7 
发送方：发送方发送前的滑动窗口：
0| 1) 2 3 4 (5 6 7 
******模拟网络环境******：发送方发送的数据包丢失：seqnum = 0, acknum = -1,checksum = 48831,payload = SSSSSSSSSSSSSSSSSSSS
发送方：发送方发送后的滑动窗口：
0 1|) 2 3 4 (5 6 7 
******模拟网络环境******：向上递交给应用层数据：PPPPPPPPPPPPPPPPPPPP
******模拟网络环境******：接收方的确认包将在1846.09到达对方, 确认包为-->seqnum = -1, acknum = 5,checksum = 12846,payload = .....................
目前返回的ack序号为: 5

发送方：接收到ACK：5
******模拟网络环境******：关闭定时器, 当前时间 = 1846.09, 定时器报文序号 = 0
******模拟网络环境******：启动定时器, 当前时间 = 1846.09, 定时器报文序号 = 0, 定时器Timeout时间 = 1866.09
发送方：发送方接收ACK后的滑动窗口：
0 1| 2) 3 4 5 (6 7 
******模拟网络环境******：向上递交给应用层数据：QQQQQQQQQQQQQQQQQQQQ
******模拟网络环境******：接收方的确认包将在1849.27到达对方, 确认包为-->seqnum = -1, acknum = 6,checksum = 12845,payload = .....................
目前返回的ack序号为: 6

发送方：接收到ACK：6
******模拟网络环境******：关闭定时器, 当前时间 = 1849.27, 定时器报文序号 = 0
******模拟网络环境******：启动定时器, 当前时间 = 1849.27, 定时器报文序号 = 0, 定时器Timeout时间 = 1869.27
发送方：发送方接收ACK后的滑动窗口：
0 1| 2 3) 4 5 6 (7 
******模拟网络环境******：接收方的确认包将在1866.7到达对方, 确认包为-->seqnum = -1, acknum = 6,checksum = 12845,payload = .....................
******模拟网络环境******：发送方的数据包将在1874.31到达对方, 数据包为-->seqnum = 7, acknum = -1,checksum = 51394,payload = RRRRRRRRRRRRRRRRRRRR
******模拟网络环境******：关闭定时器, 当前时间 = 1869.27, 定时器报文序号 = 0
******模拟网络环境******：启动定时器, 当前时间 = 1869.27, 定时器报文序号 = 0, 定时器Timeout时间 = 1889.27
******模拟网络环境******：向上递交给应用层数据：RRRRRRRRRRRRRRRRRRRR
******模拟网络环境******：接收方的确认包将在1877.77到达对方, 确认包为-->seqnum = -1, acknum = 7,checksum = 12844,payload = .....................
目前返回的ack序号为: 7

发送方：接收到ACK：7
******模拟网络环境******：关闭定时器, 当前时间 = 1877.77, 定时器报文序号 = 0
******模拟网络环境******：启动定时器, 当前时间 = 1877.77, 定时器报文序号 = 0, 定时器Timeout时间 = 1897.77
发送方：发送方接收ACK后的滑动窗口：
(0 1| 2 3 4) 5 6 7 
******模拟网络环境******：发送方的数据包将在1902.08到达对方, 数据包为-->seqnum = 0, acknum = -1,checksum = 48831,payload = SSSSSSSSSSSSSSSSSSSS
******模拟网络环境******：关闭定时器, 当前时间 = 1897.77, 定时器报文序号 = 0
******模拟网络环境******：启动定时器, 当前时间 = 1897.77, 定时器报文序号 = 0, 定时器Timeout时间 = 1917.77
******模拟网络环境******：向上递交给应用层数据：SSSSSSSSSSSSSSSSSSSS
******模拟网络环境******：接收方的确认包将在1907.08到达对方, 确认包为-->seqnum = -1, acknum = 0,checksum = 12851,payload = .....................
目前返回的ack序号为: 0

发送方：接收到ACK：0
******模拟网络环境******：关闭定时器, 当前时间 = 1907.08, 定时器报文序号 = 0
发送方：发送方接收ACK后的滑动窗口：
0 (1| 2 3 4 5) 6 7 
发送方：发送方发送前的滑动窗口：
0 (1| 2 3 4 5) 6 7 
******模拟网络环境******：启动定时器, 当前时间 = 1907.62, 定时器报文序号 = 0, 定时器Timeout时间 = 1927.62
******模拟网络环境******：发送方的数据包将在1918.52到达对方, 数据包为-->seqnum = 1, acknum = -1,checksum = 46260,payload = TTTTTTTTTTTTTTTTTTTT
发送方：发送方发送后的滑动窗口：
0 (1 2| 3 4 5) 6 7 
发送方：发送方发送前的滑动窗口：
0 (1 2| 3 4 5) 6 7 
******模拟网络环境******：发送方的数据包将在1923.4到达对方, 数据包为-->seqnum = 2, acknum = -1,checksum = 43689,payload = UUUUUUUUUUUUUUUUUUUU
发送方：发送方发送后的滑动窗口：
0 (1 2 3| 4 5) 6 7 
发送方：发送方发送前的滑动窗口：
0 (1 2 3| 4 5) 6 7 
******模拟网络环境******：发送方的数据包将在1932.56到达对方, 数据包为-->seqnum = 3, acknum = -1,checksum = 41118,payload = VVVVVVVVVVVVVVVVVVVV
发送方：发送方发送后的滑动窗口：
0 (1 2 3 4| 5) 6 7 
发送方：发送方发送前的滑动窗口：
0 (1 2 3 4| 5) 6 7 
******模拟网络环境******：网络层数据包损坏,损坏的包为-->seqnum = 4, acknum = -1,checksum = 38547,payload = XWWWWWWWWWWWWWWWWWWW
******模拟网络环境******：发送方的数据包将在1936.68到达对方, 数据包为-->seqnum = 4, acknum = -1,checksum = 38547,payload = XWWWWWWWWWWWWWWWWWWW
发送方：发送方发送后的滑动窗口：
0 (1 2 3 4 5|) 6 7 
******模拟网络环境******：向上递交给应用层数据：TTTTTTTTTTTTTTTTTTTT
******模拟网络环境******：接收方的确认包将在1921.02到达对方, 确认包为-->seqnum = -1, acknum = 1,checksum = 12850,payload = .....................
目前返回的ack序号为: 1

发送方：接收到ACK：1
******模拟网络环境******：关闭定时器, 当前时间 = 1921.02, 定时器报文序号 = 0
******模拟网络环境******：启动定时器, 当前时间 = 1921.02, 定时器报文序号 = 0, 定时器Timeout时间 = 1941.02
发送方：发送方接收ACK后的滑动窗口：
0 1 (2 3 4 5| 6) 7 
******模拟网络环境******：向上递交给应用层数据：UUUUUUUUUUUUUUUUUUUU
******模拟网络环境******：接收方的确认包将在1930.92到达对方, 确认包为-->seqnum = -1, acknum = 2,checksum = 12849,payload = .....................
目前返回的ack序号为: 2

发送方：接收到ACK：2
******模拟网络环境******：关闭定时器, 当前时间 = 1930.92, 定时器报文序号 = 0
******模拟网络环境******：启动定时器, 当前时间 = 1930.92, 定时器报文序号 = 0, 定时器Timeout时间 = 1950.92
发送方：发送方接收ACK后的滑动窗口：
0 1 2 (3 4 5| 6 7) 
******模拟网络环境******：向上递交给应用层数据：VVVVVVVVVVVVVVVVVVVV
******模拟网络环境******：接收方发送的确认包丢失：seqnum = -1, acknum = 3,checksum = 12848,payload = .....................
目前返回的ack序号为: 3

******模拟网络环境******：接收方的确认包将在1942.67到达对方, 确认包为-->seqnum = -1, acknum = 3,checksum = 12848,payload = .....................
发送方：接收到ACK：3
******模拟网络环境******：关闭定时器, 当前时间 = 1942.67, 定时器报文序号 = 0
******模拟网络环境******：启动定时器, 当前时间 = 1942.67, 定时器报文序号 = 0, 定时器Timeout时间 = 1962.67
发送方：发送方接收ACK后的滑动窗口：
0) 1 2 3 (4 5| 6 7 
******模拟网络环境******：发送方的数据包将在1964.48到达对方, 数据包为-->seqnum = 4, acknum = -1,checksum = 38547,payload = WWWWWWWWWWWWWWWWWWWW
******模拟网络环境******：关闭定时器, 当前时间 = 1962.67, 定时器报文序号 = 0
******模拟网络环境******：启动定时器, 当前时间 = 1962.67, 定时器报文序号 = 0, 定时器Timeout时间 = 1982.67
******模拟网络环境******：向上递交给应用层数据：WWWWWWWWWWWWWWWWWWWW
******模拟网络环境******：接收方的确认包将在1965.99到达对方, 确认包为-->seqnum = -1, acknum = 4,checksum = 12847,payload = .....................
目前返回的ack序号为: 4

发送方：接收到ACK：4
******模拟网络环境******：关闭定时器, 当前时间 = 1965.99, 定时器报文序号 = 0
发送方：发送方接收ACK后的滑动窗口：
0 1) 2 3 4 (5| 6 7 
发送方：发送方发送前的滑动窗口：
0 1) 2 3 4 (5| 6 7 
******模拟网络环境******：启动定时器, 当前时间 = 1966.25, 定时器报文序号 = 0, 定时器Timeout时间 = 1986.25
******模拟网络环境******：发送方的数据包将在1968.13到达对方, 数据包为-->seqnum = 5, acknum = -1,checksum = 35976,payload = XXXXXXXXXXXXXXXXXXXX
发送方：发送方发送后的滑动窗口：
0 1) 2 3 4 (5 6| 7 
发送方：发送方发送前的滑动窗口：
0 1) 2 3 4 (5 6| 7 
******模拟网络环境******：发送方的数据包将在1978.37到达对方, 数据包为-->seqnum = 6, acknum = -1,checksum = 33405,payload = YYYYYYYYYYYYYYYYYYYY
发送方：发送方发送后的滑动窗口：
0 1) 2 3 4 (5 6 7| 
发送方：发送方发送前的滑动窗口：
0 1) 2 3 4 (5 6 7| 
******模拟网络环境******：发送方的数据包将在1988.44到达对方, 数据包为-->seqnum = 7, acknum = -1,checksum = 30834,payload = ZZZZZZZZZZZZZZZZZZZZ
发送方：发送方发送后的滑动窗口：
0| 1) 2 3 4 (5 6 7 
发送方：发送方发送前的滑动窗口：
0| 1) 2 3 4 (5 6 7 
******模拟网络环境******：发送方的数据包将在1996.78到达对方, 数据包为-->seqnum = 0, acknum = -1,checksum = 29873,payload = EOF                  
发送方：发送方发送后的滑动窗口：
0 1|) 2 3 4 (5 6 7 
******模拟网络环境******：向上递交给应用层数据：XXXXXXXXXXXXXXXXXXXX
******模拟网络环境******：接收方发送的确认包丢失：seqnum = -1, acknum = 5,checksum = 12846,payload = .....................
目前返回的ack序号为: 5

******模拟网络环境******：向上递交给应用层数据：YYYYYYYYYYYYYYYYYYYY
******模拟网络环境******：接收方的确认包将在1987.04到达对方, 确认包为-->seqnum = -1, acknum = 6,checksum = 12845,payload = .....................
目前返回的ack序号为: 6

******模拟网络环境******：发送方的数据包将在2003.78到达对方, 数据包为-->seqnum = 5, acknum = -1,checksum = 35976,payload = XXXXXXXXXXXXXXXXXXXX
******模拟网络环境******：关闭定时器, 当前时间 = 1986.25, 定时器报文序号 = 0
******模拟网络环境******：启动定时器, 当前时间 = 1986.25, 定时器报文序号 = 0, 定时器Timeout时间 = 2006.25
发送方：接收到ACK：6
******模拟网络环境******：关闭定时器, 当前时间 = 1987.04, 定时器报文序号 = 0
******模拟网络环境******：启动定时器, 当前时间 = 1987.04, 定时器报文序号 = 0, 定时器Timeout时间 = 2007.04
发送方：发送方接收ACK后的滑动窗口：
0 1| 2 3) 4 5 6 (7 
******模拟网络环境******：向上递交给应用层数据：ZZZZZZZZZZZZZZZZZZZZ
******模拟网络环境******：接收方的确认包将在1993.68到达对方, 确认包为-->seqnum = -1, acknum = 7,checksum = 12844,payload = .....................
目前返回的ack序号为: 7

发送方：接收到ACK：7
******模拟网络环境******：关闭定时器, 当前时间 = 1993.68, 定时器报文序号 = 0
******模拟网络环境******：启动定时器, 当前时间 = 1993.68, 定时器报文序号 = 0, 定时器Timeout时间 = 2013.68
发送方：发送方接收ACK后的滑动窗口：
(0 1| 2 3 4) 5 6 7 
******模拟网络环境******：向上递交给应用层数据：EOF                  
******模拟网络环境******：接收方的确认包将在2001.19到达对方, 确认包为-->seqnum = -1, acknum = 0,checksum = 12851,payload = .....................
目前返回的ack序号为: 0

发送方：接收到ACK：0
******模拟网络环境******：关闭定时器, 当前时间 = 2001.19, 定时器报文序号 = 0
发送方：发送方接收ACK后的滑动窗口：
0 (1| 2 3 4 5) 6 7 
******模拟网络环境******：接收方发送的确认包丢失：seqnum = -1, acknum = 0,checksum = 12851,payload = .....................
******模拟网络环境******：模拟网络环境已发送完应用层数据，关闭模拟网络环境
已发送应用层Message个数: 105
发送到网络层数据Packet个数: 164
网络层丢失的数据Packet个数: 13
网络层损坏的数据pakcet个数:15
发送到网络层确认Packet个数:151
网络层丢失的确认Packet个数: 12
网络层损坏的确认Packet个数: 11

